#
# A fatal error has been detected by the Java Runtime Environment:
#
#  Internal Error (safepoint.cpp:317), pid=10864, tid=140036291503872
#  guarantee(PageArmed == 0) failed: invariant
#
# JRE version: 7.0_25-b30
# Java VM: OpenJDK 64-Bit Server VM (23.7-b01 mixed mode linux-amd64 compressed oops)
# Failed to write core dump. Core dumps have been disabled. To enable core dumping, try "ulimit -c unlimited" before starting Java again
#
# If you would like to submit a bug report, please include
# instructions on how to reproduce the bug and visit:
#   https://bugs.launchpad.net/ubuntu/+source/openjdk-7/
#

---------------  T H R E A D  ---------------

Current thread (0x00007f5cd80b0000):  VMThread [stack: 0x00007f5cbd592000,0x00007f5cbd693000] [id=10878]

Stack: [0x00007f5cbd592000,0x00007f5cbd693000],  sp=0x00007f5cbd691ba0,  free space=1022k
Native frames: (J=compiled Java code, j=interpreted, Vv=VM code, C=native code)
V  [libjvm.so+0x83a829]  VMError::report_and_die()+0x169
V  [libjvm.so+0x3e5b96]  report_vm_error(char const*, int, char const*, char const*)+0x56
V  [libjvm.so+0x760937]  SafepointSynchronize::begin()+0x5c7
V  [libjvm.so+0x83f077]  VMThread::loop()+0x1b7
V  [libjvm.so+0x83f4f2]  VMThread::run()+0x72
V  [libjvm.so+0x6ddde2]  java_start(Thread*)+0x132

VM_Operation (0x00007f5ca09b17d0): Exit, mode: safepoint, requested by thread 0x00007f5c8c001000


---------------  P R O C E S S  ---------------

Java Threads: ( => current thread )
  0x00007f5c8c001000 JavaThread "SIGTERM handler" daemon [_thread_blocked, id=10905, stack(0x00007f5ca08b2000,0x00007f5ca09b3000)]
  0x00007f5cd8009800 JavaThread "DestroyJavaVM" [_thread_blocked, id=10869, stack(0x00007f5cdf72e000,0x00007f5cdf82f000)]
  0x00007f5cd83da800 JavaThread "pool-1-thread-1" [_thread_blocked, id=10893, stack(0x00007f5ca0cee000,0x00007f5ca0def000)]
  0x00007f5cd83d8000 JavaThread "Thread-3" [_thread_blocked, id=10892, stack(0x00007f5ca0def000,0x00007f5ca0ef0000)]
  0x00007f5cd8359000 JavaThread "AWT-EventQueue-0" [_thread_blocked, id=10891, stack(0x00007f5ca1568000,0x00007f5ca1669000)]
  0x00007f5cd8355000 JavaThread "AWT-Shutdown" [_thread_blocked, id=10890, stack(0x00007f5ca1669000,0x00007f5ca176a000)]
  0x00007f5cd82de000 JavaThread "AWT-XAWT" daemon [_thread_blocked, id=10889, stack(0x00007f5ca176a000,0x00007f5ca186b000)]
  0x00007f5cd82a6000 JavaThread "Java2D Disposer" daemon [_thread_blocked, id=10888, stack(0x00007f5cb4020000,0x00007f5cb4121000)]
  0x00007f5cd81bd000 JavaThread "Thread-2" [_thread_in_Java, id=10887, stack(0x00007f5cbc7bc000,0x00007f5cbc8bd000)]
  0x00007f5cd81a6000 JavaThread "Thread-1" [_thread_blocked, id=10886, stack(0x00007f5cbc8bd000,0x00007f5cbc9be000)]
  0x00007f5cd811c000 JavaThread "Service Thread" daemon [_thread_blocked, id=10884, stack(0x00007f5cbccc3000,0x00007f5cbcdc4000)]
  0x00007f5cd8119800 JavaThread "C2 CompilerThread1" daemon [_thread_blocked, id=10883, stack(0x00007f5cbcdc4000,0x00007f5cbcec5000)]
  0x00007f5cd8116800 JavaThread "C2 CompilerThread0" daemon [_thread_blocked, id=10882, stack(0x00007f5cbcec5000,0x00007f5cbcfc6000)]
  0x00007f5cd8114800 JavaThread "Signal Dispatcher" daemon [_thread_in_vm, id=10881, stack(0x00007f5cbcfc6000,0x00007f5cbd0c7000)]
  0x00007f5cd80bb000 JavaThread "Finalizer" daemon [_thread_blocked, id=10880, stack(0x00007f5cbd390000,0x00007f5cbd491000)]
  0x00007f5cd80b8800 JavaThread "Reference Handler" daemon [_thread_blocked, id=10879, stack(0x00007f5cbd491000,0x00007f5cbd592000)]

Other Threads:
=>0x00007f5cd80b0000 VMThread [stack: 0x00007f5cbd592000,0x00007f5cbd693000] [id=10878]

VM state:synchronizing (normal execution)

VM Mutex/Monitor currently owned by a thread:  ([mutex/lock_event])
[0x00007f5cd80059e0] Safepoint_lock - owner thread: 0x00007f5cd80b0000
[0x00007f5cd8005a60] Threads_lock - owner thread: 0x00007f5cd80b0000

Heap
 PSYoungGen      total 36736K, used 22070K [0x00000007d6f60000, 0x00000007d9860000, 0x0000000800000000)
  eden space 31488K, 70% used [0x00000007d6f60000,0x00000007d84ed838,0x00000007d8e20000)
  from space 5248K, 0% used [0x00000007d9340000,0x00000007d9340000,0x00000007d9860000)
  to   space 5248K, 0% used [0x00000007d8e20000,0x00000007d8e20000,0x00000007d9340000)
 ParOldGen       total 84096K, used 0K [0x0000000784e00000, 0x000000078a020000, 0x00000007d6f60000)
  object space 84096K, 0% used [0x0000000784e00000,0x0000000784e00000,0x000000078a020000)
 PSPermGen       total 21248K, used 11173K [0x000000077a800000, 0x000000077bcc0000, 0x0000000784e00000)
  object space 21248K, 52% used [0x000000077a800000,0x000000077b2e95d8,0x000000077bcc0000)

Card table byte_map: [0x00007f5cdc0c4000,0x00007f5cdc4f1000] byte_map_base: 0x00007f5cd84f0000

Polling page: 0x00007f5cdf84e000

Code Cache  [0x00007f5cd5000000, 0x00007f5cd5270000, 0x00007f5cd8000000)
 total_blobs=677 nmethods=68 adapters=562 free_code_cache=48396Kb largest_free_block=49532480

Compilation events (10 events):
Event: 9.562 Thread 0x00007f5cd8116800   61             java.lang.ref.Finalizer::register (10 bytes)
Event: 9.562 Thread 0x00007f5cd8119800   62             java.lang.ref.Finalizer::<init> (23 bytes)
Event: 9.563 Thread 0x00007f5cd8119800 nmethod 62 0x00007f5cd50a71d0 code [0x00007f5cd50a7320, 0x00007f5cd50a7678]
Event: 9.563 Thread 0x00007f5cd8119800   63             java.lang.ref.FinalReference::<init> (7 bytes)
Event: 9.564 Thread 0x00007f5cd8116800 nmethod 61 0x00007f5cd50ba710 code [0x00007f5cd50ba880, 0x00007f5cd50bac18]
Event: 9.564 Thread 0x00007f5cd8116800   64   !         java.lang.ref.Finalizer::add (41 bytes)
Event: 9.564 Thread 0x00007f5cd8119800 nmethod 63 0x00007f5cd50bad50 code [0x00007f5cd50bae80, 0x00007f5cd50baf38]
Event: 9.564 Thread 0x00007f5cd8116800 nmethod 64 0x00007f5cd50ba210 code [0x00007f5cd50ba360, 0x00007f5cd50ba638]
Event: 9.593 Thread 0x00007f5cd8119800    4 % !         robot.sensors.BallSorter::run @ 6 (201 bytes)
Event: 9.637 Thread 0x00007f5cd8119800 nmethod 4% 0x00007f5cd50be190 code [0x00007f5cd50be5e0, 0x00007f5cd50c0e10]

GC Heap History (0 events):
No events

Deoptimization events (6 events):
Event: 0.365 Thread 0x00007f5cd8009800 Uncommon trap -34 fr.pc 0x00007f5cd508c2d4
Event: 0.367 Thread 0x00007f5cd8009800 Uncommon trap -34 fr.pc 0x00007f5cd508c2d4
Event: 0.369 Thread 0x00007f5cd8009800 Uncommon trap -34 fr.pc 0x00007f5cd508c2d4
Event: 0.370 Thread 0x00007f5cd8009800 Uncommon trap -34 fr.pc 0x00007f5cd508c2d4
Event: 8.151 Thread 0x00007f5cd81bd000 Uncommon trap -83 fr.pc 0x00007f5cd5071288
Event: 8.193 Thread 0x00007f5cd81bd000 Uncommon trap 64 fr.pc 0x00007f5cd50b920c

Internal exceptions (10 events):
Event: 1.580 Thread 0x00007f5cd83d8000 Threw 0x00000007d781fcc0 at /build/buildd/openjdk-7-7u25-2.3.10/build/openjdk/hotspot/src/share/vm/prims/jvm.cpp:1235
Event: 1.582 Thread 0x00007f5cd83d8000 Threw 0x00000007d7821f70 at /build/buildd/openjdk-7-7u25-2.3.10/build/openjdk/hotspot/src/share/vm/prims/jvm.cpp:1235
Event: 1.582 Thread 0x00007f5cd83d8000 Threw 0x00000007d7828050 at /build/buildd/openjdk-7-7u25-2.3.10/build/openjdk/hotspot/src/share/vm/prims/jvm.cpp:1235
Event: 1.583 Thread 0x00007f5cd83d8000 Threw 0x00000007d782a830 at /build/buildd/openjdk-7-7u25-2.3.10/build/openjdk/hotspot/src/share/vm/prims/jvm.cpp:1235
Event: 1.583 Thread 0x00007f5cd83d8000 Threw 0x00000007d782cd00 at /build/buildd/openjdk-7-7u25-2.3.10/build/openjdk/hotspot/src/share/vm/prims/jvm.cpp:1235
Event: 1.584 Thread 0x00007f5cd83d8000 Threw 0x00000007d7837358 at /build/buildd/openjdk-7-7u25-2.3.10/build/openjdk/hotspot/src/share/vm/prims/jvm.cpp:1235
Event: 1.584 Thread 0x00007f5cd83d8000 Threw 0x00000007d783a950 at /build/buildd/openjdk-7-7u25-2.3.10/build/openjdk/hotspot/src/share/vm/prims/jvm.cpp:1235
Event: 1.585 Thread 0x00007f5cd83d8000 Threw 0x00000007d783dbd8 at /build/buildd/openjdk-7-7u25-2.3.10/build/openjdk/hotspot/src/share/vm/prims/jvm.cpp:1235
Event: 1.586 Thread 0x00007f5cd83d8000 Threw 0x00000007d78492f8 at /build/buildd/openjdk-7-7u25-2.3.10/build/openjdk/hotspot/src/share/vm/prims/jvm.cpp:1235
Event: 1.605 Thread 0x00007f5cd83d8000 Threw 0x00000007d784e418 at /build/buildd/openjdk-7-7u25-2.3.10/build/openjdk/hotspot/src/share/vm/prims/jvm.cpp:1235

Events (10 events):
Event: 11.056 Thread 0x00007f5c8c001000 Thread added: 0x00007f5c8c001000
Event: 11.056 Thread 0x00007f5c60001000 Thread added: 0x00007f5c60001000
Event: 11.056 Thread 0x00007f5c60002800 Thread added: 0x00007f5c60002800
Event: 11.056 loading class 0x00007f5cd82bebb0
Event: 11.056 Thread 0x00007f5c60002800 Thread exited: 0x00007f5c60002800
Event: 11.057 loading class 0x00007f5c54001110
Event: 11.057 loading class 0x00007f5c54001110 done
Event: 11.057 loading class 0x00007f5cd82bebb0 done
Event: 11.057 Thread 0x00007f5c60001000 Thread exited: 0x00007f5c60001000
Event: 11.057 Executing VM operation: Exit


Dynamic libraries:
00400000-00401000 r-xp 00000000 07:00 317449                             /usr/lib/jvm/java-7-openjdk-amd64/jre/bin/java
00600000-00601000 r--p 00000000 07:00 317449                             /usr/lib/jvm/java-7-openjdk-amd64/jre/bin/java
00601000-00602000 rw-p 00001000 07:00 317449                             /usr/lib/jvm/java-7-openjdk-amd64/jre/bin/java
02068000-02089000 rw-p 00000000 00:00 0                                  [heap]
77a800000-77bcc0000 rw-p 00000000 00:00 0 
77bcc0000-784e00000 rw-p 00000000 00:00 0 
784e00000-78a020000 rw-p 00000000 00:00 0 
78a020000-7d6f60000 rw-p 00000000 00:00 0 
7d6f60000-7d9860000 rw-p 00000000 00:00 0 
7d9860000-800000000 rw-p 00000000 00:00 0 
7f5c54000000-7f5c54021000 rw-p 00000000 00:00 0 
7f5c54021000-7f5c58000000 ---p 00000000 00:00 0 
7f5c58000000-7f5c58021000 rw-p 00000000 00:00 0 
7f5c58021000-7f5c5c000000 ---p 00000000 00:00 0 
7f5c5c000000-7f5c5c025000 rw-p 00000000 00:00 0 
7f5c5c025000-7f5c60000000 ---p 00000000 00:00 0 
7f5c60000000-7f5c60021000 rw-p 00000000 00:00 0 
7f5c60021000-7f5c64000000 ---p 00000000 00:00 0 
7f5c64000000-7f5c64031000 rw-p 00000000 00:00 0 
7f5c64031000-7f5c68000000 ---p 00000000 00:00 0 
7f5c68000000-7f5c68626000 rw-p 00000000 00:00 0 
7f5c68626000-7f5c6c000000 ---p 00000000 00:00 0 
7f5c6c000000-7f5c6c021000 rw-p 00000000 00:00 0 
7f5c6c021000-7f5c70000000 ---p 00000000 00:00 0 
7f5c70000000-7f5c70021000 rw-p 00000000 00:00 0 
7f5c70021000-7f5c74000000 ---p 00000000 00:00 0 
7f5c74000000-7f5c7403e000 rw-p 00000000 00:00 0 
7f5c7403e000-7f5c78000000 ---p 00000000 00:00 0 
7f5c78000000-7f5c78021000 rw-p 00000000 00:00 0 
7f5c78021000-7f5c7c000000 ---p 00000000 00:00 0 
7f5c7c000000-7f5c7c021000 rw-p 00000000 00:00 0 
7f5c7c021000-7f5c80000000 ---p 00000000 00:00 0 
7f5c80000000-7f5c80021000 rw-p 00000000 00:00 0 
7f5c80021000-7f5c84000000 ---p 00000000 00:00 0 
7f5c84000000-7f5c844f2000 rw-p 00000000 00:00 0 
7f5c844f2000-7f5c88000000 ---p 00000000 00:00 0 
7f5c88000000-7f5c88021000 rw-p 00000000 00:00 0 
7f5c88021000-7f5c8c000000 ---p 00000000 00:00 0 
7f5c8c000000-7f5c8c021000 rw-p 00000000 00:00 0 
7f5c8c021000-7f5c90000000 ---p 00000000 00:00 0 
7f5c90000000-7f5c90268000 rw-p 00000000 00:00 0 
7f5c90268000-7f5c94000000 ---p 00000000 00:00 0 
7f5c94000000-7f5c94021000 rw-p 00000000 00:00 0 
7f5c94021000-7f5c98000000 ---p 00000000 00:00 0 
7f5c98000000-7f5c98021000 rw-p 00000000 00:00 0 
7f5c98021000-7f5c9c000000 ---p 00000000 00:00 0 
7f5c9c000000-7f5c9c0c8000 rw-p 00000000 00:00 0 
7f5c9c0c8000-7f5ca0000000 ---p 00000000 00:00 0 
7f5ca0575000-7f5ca06b0000 rw-p 00000000 00:00 0 
7f5ca06b0000-7f5ca06b3000 ---p 00000000 00:00 0 
7f5ca06b3000-7f5ca07b1000 rw-p 00000000 00:00 0 
7f5ca07b1000-7f5ca07b4000 ---p 00000000 00:00 0 
7f5ca07b4000-7f5ca08b2000 rw-p 00000000 00:00 0 
7f5ca08b2000-7f5ca08b5000 ---p 00000000 00:00 0 
7f5ca08b5000-7f5ca0a95000 rw-p 00000000 00:00 0                          [stack:10905]
7f5ca0a95000-7f5ca0b2b000 rw-s 001c2000 00:05 203491                     /dev/video1 (deleted)
7f5ca0b2b000-7f5ca0bc1000 rw-s 0012c000 00:05 203491                     /dev/video1 (deleted)
7f5ca0bc1000-7f5ca0c57000 rw-s 00096000 00:05 203491                     /dev/video1 (deleted)
7f5ca0c57000-7f5ca0cee000 rw-p 00000000 00:00 0 
7f5ca0cee000-7f5ca0cf1000 ---p 00000000 00:00 0 
7f5ca0cf1000-7f5ca0def000 rw-p 00000000 00:00 0                          [stack:10893]
7f5ca0def000-7f5ca0df2000 ---p 00000000 00:00 0 
7f5ca0df2000-7f5ca0ef0000 rw-p 00000000 00:00 0                          [stack:10892]
7f5ca0ef0000-7f5ca0f00000 r-xp 00000000 07:00 331787                     /usr/lib/jvm/java-7-openjdk-amd64/jre/lib/amd64/libnio.so
7f5ca0f00000-7f5ca10ff000 ---p 00010000 07:00 331787                     /usr/lib/jvm/java-7-openjdk-amd64/jre/lib/amd64/libnio.so
7f5ca10ff000-7f5ca1100000 r--p 0000f000 07:00 331787                     /usr/lib/jvm/java-7-openjdk-amd64/jre/lib/amd64/libnio.so
7f5ca1100000-7f5ca1101000 rw-p 00010000 07:00 331787                     /usr/lib/jvm/java-7-openjdk-amd64/jre/lib/amd64/libnio.so
7f5ca1101000-7f5ca1117000 r-xp 00000000 07:00 331807                     /usr/lib/jvm/java-7-openjdk-amd64/jre/lib/amd64/libnet.so
7f5ca1117000-7f5ca1316000 ---p 00016000 07:00 331807                     /usr/lib/jvm/java-7-openjdk-amd64/jre/lib/amd64/libnet.so
7f5ca1316000-7f5ca1317000 r--p 00015000 07:00 331807                     /usr/lib/jvm/java-7-openjdk-amd64/jre/lib/amd64/libnet.so
7f5ca1317000-7f5ca1318000 rw-p 00016000 07:00 331807                     /usr/lib/jvm/java-7-openjdk-amd64/jre/lib/amd64/libnet.so
7f5ca1318000-7f5ca1365000 r-xp 00000000 07:00 331810                     /usr/lib/jvm/java-7-openjdk-amd64/jre/lib/amd64/libfontmanager.so
7f5ca1365000-7f5ca1564000 ---p 0004d000 07:00 331810                     /usr/lib/jvm/java-7-openjdk-amd64/jre/lib/amd64/libfontmanager.so
7f5ca1564000-7f5ca1567000 r--p 0004c000 07:00 331810                     /usr/lib/jvm/java-7-openjdk-amd64/jre/lib/amd64/libfontmanager.so
7f5ca1567000-7f5ca1568000 rw-p 0004f000 07:00 331810                     /usr/lib/jvm/java-7-openjdk-amd64/jre/lib/amd64/libfontmanager.so
7f5ca1568000-7f5ca156b000 ---p 00000000 00:00 0 
7f5ca156b000-7f5ca1669000 rw-p 00000000 00:00 0                          [stack:10891]
7f5ca1669000-7f5ca166c000 ---p 00000000 00:00 0 
7f5ca166c000-7f5ca176a000 rw-p 00000000 00:00 0                          [stack:10890]
7f5ca176a000-7f5ca176d000 ---p 00000000 00:00 0 
7f5ca176d000-7f5ca186b000 rw-p 00000000 00:00 0                          [stack:10889]
7f5ca186b000-7f5ca186e000 r-xp 00000000 07:00 234535                     /lib/x86_64-linux-gnu/libgpg-error.so.0.8.0
7f5ca186e000-7f5ca1a6d000 ---p 00003000 07:00 234535                     /lib/x86_64-linux-gnu/libgpg-error.so.0.8.0
7f5ca1a6d000-7f5ca1a6e000 r--p 00002000 07:00 234535                     /lib/x86_64-linux-gnu/libgpg-error.so.0.8.0
7f5ca1a6e000-7f5ca1a6f000 rw-p 00003000 07:00 234535                     /lib/x86_64-linux-gnu/libgpg-error.so.0.8.0
7f5ca1a6f000-7f5ca1a72000 r-xp 00000000 07:00 234587                     /lib/x86_64-linux-gnu/libkeyutils.so.1.4
7f5ca1a72000-7f5ca1c71000 ---p 00003000 07:00 234587                     /lib/x86_64-linux-gnu/libkeyutils.so.1.4
7f5ca1c71000-7f5ca1c72000 r--p 00002000 07:00 234587                     /lib/x86_64-linux-gnu/libkeyutils.so.1.4
7f5ca1c72000-7f5ca1c73000 rw-p 00003000 07:00 234587                     /lib/x86_64-linux-gnu/libkeyutils.so.1.4
7f5ca1c73000-7f5ca1cb5000 r-xp 00000000 07:00 234531                     /lib/x86_64-linux-gnu/libdbus-1.so.3.5.8
7f5ca1cb5000-7f5ca1eb5000 ---p 00042000 07:00 234531                     /lib/x86_64-linux-gnu/libdbus-1.so.3.5.8
7f5ca1eb5000-7f5ca1eb6000 r--p 00042000 07:00 234531                     /lib/x86_64-linux-gnu/libdbus-1.so.3.5.8
7f5ca1eb6000-7f5ca1eb7000 rw-p 00043000 07:00 234531                     /lib/x86_64-linux-gnu/libdbus-1.so.3.5.8
7f5ca1eb7000-7f5ca1ec8000 r-xp 00000000 07:00 93612                      /usr/lib/x86_64-linux-gnu/libp11-kit.so.0.0.0
7f5ca1ec8000-7f5ca20c7000 ---p 00011000 07:00 93612                      /usr/lib/x86_64-linux-gnu/libp11-kit.so.0.0.0
7f5ca20c7000-7f5ca20c8000 r--p 00010000 07:00 93612                      /usr/lib/x86_64-linux-gnu/libp11-kit.so.0.0.0
7f5ca20c8000-7f5ca20c9000 rw-p 00011000 07:00 93612                      /usr/lib/x86_64-linux-gnu/libp11-kit.so.0.0.0
7f5ca20c9000-7f5ca2143000 r-xp 00000000 07:00 234507                     /lib/x86_64-linux-gnu/libgcrypt.so.11.7.0
7f5ca2143000-7f5ca2343000 ---p 0007a000 07:00 234507                     /lib/x86_64-linux-gnu/libgcrypt.so.11.7.0
7f5ca2343000-7f5ca2344000 r--p 0007a000 07:00 234507                     /lib/x86_64-linux-gnu/libgcrypt.so.11.7.0
7f5ca2344000-7f5ca2347000 rw-p 0007b000 07:00 234507                     /lib/x86_64-linux-gnu/libgcrypt.so.11.7.0
7f5ca2347000-7f5ca2357000 r-xp 00000000 07:00 113457                     /usr/lib/x86_64-linux-gnu/libtasn1.so.3.1.12
7f5ca2357000-7f5ca2556000 ---p 00010000 07:00 113457                     /usr/lib/x86_64-linux-gnu/libtasn1.so.3.1.12
7f5ca2556000-7f5ca2557000 r--p 0000f000 07:00 113457                     /usr/lib/x86_64-linux-gnu/libtasn1.so.3.1.12
7f5ca2557000-7f5ca2558000 rw-p 00010000 07:00 113457                     /usr/lib/x86_64-linux-gnu/libtasn1.so.3.1.12
7f5ca2558000-7f5ca255f000 r-xp 00000000 07:00 113515                     /usr/lib/x86_64-linux-gnu/libkrb5support.so.0.1
7f5ca255f000-7f5ca275e000 ---p 00007000 07:00 113515                     /usr/lib/x86_64-linux-gnu/libkrb5support.so.0.1
7f5ca275e000-7f5ca275f000 r--p 00006000 07:00 113515                     /usr/lib/x86_64-linux-gnu/libkrb5support.so.0.1
7f5ca275f000-7f5ca2760000 rw-p 00007000 07:00 113515                     /usr/lib/x86_64-linux-gnu/libkrb5support.so.0.1
7f5ca2760000-7f5ca2763000 r-xp 00000000 07:00 234510                     /lib/x86_64-linux-gnu/libcom_err.so.2.1
7f5ca2763000-7f5ca2962000 ---p 00003000 07:00 234510                     /lib/x86_64-linux-gnu/libcom_err.so.2.1
7f5ca2962000-7f5ca2963000 r--p 00002000 07:00 234510                     /lib/x86_64-linux-gnu/libcom_err.so.2.1
7f5ca2963000-7f5ca2964000 rw-p 00003000 07:00 234510                     /lib/x86_64-linux-gnu/libcom_err.so.2.1
7f5ca2964000-7f5ca2989000 r-xp 00000000 07:00 93453                      /usr/lib/x86_64-linux-gnu/libk5crypto.so.3.1
7f5ca2989000-7f5ca2b89000 ---p 00025000 07:00 93453                      /usr/lib/x86_64-linux-gnu/libk5crypto.so.3.1
7f5ca2b89000-7f5ca2b8a000 r--p 00025000 07:00 93453                      /usr/lib/x86_64-linux-gnu/libk5crypto.so.3.1
7f5ca2b8a000-7f5ca2b8b000 rw-p 00026000 07:00 93453                      /usr/lib/x86_64-linux-gnu/libk5crypto.so.3.1
7f5ca2b8b000-7f5ca2b8c000 rw-p 00000000 00:00 0 
7f5ca2b8c000-7f5ca2c50000 r-xp 00000000 07:00 93534                      /usr/lib/x86_64-linux-gnu/libkrb5.so.3.3
7f5ca2c50000-7f5ca2e4f000 ---p 000c4000 07:00 93534                      /usr/lib/x86_64-linux-gnu/libkrb5.so.3.3
7f5ca2e4f000-7f5ca2e59000 r--p 000c3000 07:00 93534                      /usr/lib/x86_64-linux-gnu/libkrb5.so.3.3
7f5ca2e59000-7f5ca2e5a000 rw-p 000cd000 07:00 93534                      /usr/lib/x86_64-linux-gnu/libkrb5.so.3.3
7f5ca2e5a000-7f5ca2e62000 r-xp 00000000 07:00 113561                     /usr/lib/x86_64-linux-gnu/libxcb-render.so.0.0.0
7f5ca2e62000-7f5ca3062000 ---p 00008000 07:00 113561                     /usr/lib/x86_64-linux-gnu/libxcb-render.so.0.0.0
7f5ca3062000-7f5ca3063000 r--p 00008000 07:00 113561                     /usr/lib/x86_64-linux-gnu/libxcb-render.so.0.0.0
7f5ca3063000-7f5ca3064000 rw-p 00009000 07:00 113561                     /usr/lib/x86_64-linux-gnu/libxcb-render.so.0.0.0
7f5ca3064000-7f5ca3066000 r-xp 00000000 07:00 93429                      /usr/lib/x86_64-linux-gnu/libxcb-shm.so.0.0.0
7f5ca3066000-7f5ca3265000 ---p 00002000 07:00 93429                      /usr/lib/x86_64-linux-gnu/libxcb-shm.so.0.0.0
7f5ca3265000-7f5ca3266000 r--p 00001000 07:00 93429                      /usr/lib/x86_64-linux-gnu/libxcb-shm.so.0.0.0
7f5ca3266000-7f5ca3267000 rw-p 00002000 07:00 93429                      /usr/lib/x86_64-linux-gnu/libxcb-shm.so.0.0.0
7f5ca3267000-7f5ca328d000 r-xp 00000000 07:00 234543                     /lib/x86_64-linux-gnu/libpng12.so.0.46.0
7f5ca328d000-7f5ca348d000 ---p 00026000 07:00 234543                     /lib/x86_64-linux-gnu/libpng12.so.0.46.0
7f5ca348d000-7f5ca348e000 r--p 00026000 07:00 234543                     /lib/x86_64-linux-gnu/libpng12.so.0.46.0
7f5ca348e000-7f5ca348f000 rw-p 00027000 07:00 234543                     /lib/x86_64-linux-gnu/libpng12.so.0.46.0
7f5ca348f000-7f5ca351f000 r-xp 00000000 07:00 1479762                    /usr/lib/x86_64-linux-gnu/libpixman-1.so.0.30.2
7f5ca351f000-7f5ca371e000 ---p 00090000 07:00 1479762                    /usr/lib/x86_64-linux-gnu/libpixman-1.so.0.30.2
7f5ca371e000-7f5ca3725000 r--p 0008f000 07:00 1479762                    /usr/lib/x86_64-linux-gnu/libpixman-1.so.0.30.2
7f5ca3725000-7f5ca3726000 rw-p 00096000 07:00 1479762                    /usr/lib/x86_64-linux-gnu/libpixman-1.so.0.30.2
7f5ca3726000-7f5ca372b000 r-xp 00000000 07:00 113447                     /usr/lib/x86_64-linux-gnu/libXdmcp.so.6.0.0
7f5ca372b000-7f5ca392a000 ---p 00005000 07:00 113447                     /usr/lib/x86_64-linux-gnu/libXdmcp.so.6.0.0
7f5ca392a000-7f5ca392b000 r--p 00004000 07:00 113447                     /usr/lib/x86_64-linux-gnu/libXdmcp.so.6.0.0
7f5ca392b000-7f5ca392c000 rw-p 00005000 07:00 113447                     /usr/lib/x86_64-linux-gnu/libXdmcp.so.6.0.0
7f5ca392c000-7f5ca392e000 r-xp 00000000 07:00 113586                     /usr/lib/x86_64-linux-gnu/libXau.so.6.0.0
7f5ca392e000-7f5ca3b2d000 ---p 00002000 07:00 113586                     /usr/lib/x86_64-linux-gnu/libXau.so.6.0.0
7f5ca3b2d000-7f5ca3b2e000 r--p 00001000 07:00 113586                     /usr/lib/x86_64-linux-gnu/libXau.so.6.0.0
7f5ca3b2e000-7f5ca3b2f000 rw-p 00002000 07:00 113586                     /usr/lib/x86_64-linux-gnu/libXau.so.6.0.0
7f5ca3b2f000-7f5ca3b3f000 r-xp 00000000 07:00 1479774                    /usr/lib/x86_64-linux-gnu/libavahi-client.so.3.2.9
7f5ca3b3f000-7f5ca3d3e000 ---p 00010000 07:00 1479774                    /usr/lib/x86_64-linux-gnu/libavahi-client.so.3.2.9
7f5ca3d3e000-7f5ca3d3f000 r--p 0000f000 07:00 1479774                    /usr/lib/x86_64-linux-gnu/libavahi-client.so.3.2.9
7f5ca3d3f000-7f5ca3d40000 rw-p 00010000 07:00 1479774                    /usr/lib/x86_64-linux-gnu/libavahi-client.so.3.2.9
7f5ca3d40000-7f5ca8000000 rw-p 00000000 00:00 0 
7f5ca8000000-7f5ca8021000 rw-p 00000000 00:00 0 
7f5ca8021000-7f5cac000000 ---p 00000000 00:00 0 
7f5cac05d000-7f5cac0f3000 rw-s 00000000 00:05 203491                     /dev/video1 (deleted)
7f5cac0f3000-7f5cac0fe000 r-xp 00000000 07:00 1479772                    /usr/lib/x86_64-linux-gnu/libavahi-common.so.3.5.3
7f5cac0fe000-7f5cac2fd000 ---p 0000b000 07:00 1479772                    /usr/lib/x86_64-linux-gnu/libavahi-common.so.3.5.3
7f5cac2fd000-7f5cac2fe000 r--p 0000a000 07:00 1479772                    /usr/lib/x86_64-linux-gnu/libavahi-common.so.3.5.3
7f5cac2fe000-7f5cac2ff000 rw-p 0000b000 07:00 1479772                    /usr/lib/x86_64-linux-gnu/libavahi-common.so.3.5.3
7f5cac2ff000-7f5cac3b3000 r-xp 00000000 07:00 1479742                    /usr/lib/x86_64-linux-gnu/libgnutls.so.26.21.8
7f5cac3b3000-7f5cac5b3000 ---p 000b4000 07:00 1479742                    /usr/lib/x86_64-linux-gnu/libgnutls.so.26.21.8
7f5cac5b3000-7f5cac5b9000 r--p 000b4000 07:00 1479742                    /usr/lib/x86_64-linux-gnu/libgnutls.so.26.21.8
7f5cac5b9000-7f5cac5ba000 rw-p 000ba000 07:00 1479742                    /usr/lib/x86_64-linux-gnu/libgnutls.so.26.21.8
7f5cac5ba000-7f5cac5bb000 rw-p 00000000 00:00 0 
7f5cac5bb000-7f5cac5f6000 r-xp 00000000 07:00 113467                     /usr/lib/x86_64-linux-gnu/libgssapi_krb5.so.2.2
7f5cac5f6000-7f5cac7f6000 ---p 0003b000 07:00 113467                     /usr/lib/x86_64-linux-gnu/libgssapi_krb5.so.2.2
7f5cac7f6000-7f5cac7f7000 r--p 0003b000 07:00 113467                     /usr/lib/x86_64-linux-gnu/libgssapi_krb5.so.2.2
7f5cac7f7000-7f5cac7f9000 rw-p 0003c000 07:00 113467                     /usr/lib/x86_64-linux-gnu/libgssapi_krb5.so.2.2
7f5cac7f9000-7f5cac835000 r-xp 00000000 07:00 234583                     /lib/x86_64-linux-gnu/libpcre.so.3.12.1
7f5cac835000-7f5caca34000 ---p 0003c000 07:00 234583                     /lib/x86_64-linux-gnu/libpcre.so.3.12.1
7f5caca34000-7f5caca35000 r--p 0003b000 07:00 234583                     /lib/x86_64-linux-gnu/libpcre.so.3.12.1
7f5caca35000-7f5caca36000 rw-p 0003c000 07:00 234583                     /lib/x86_64-linux-gnu/libpcre.so.3.12.1
7f5caca36000-7f5caca3d000 r-xp 00000000 07:00 93515                      /usr/lib/x86_64-linux-gnu/libffi.so.6.0.0
7f5caca3d000-7f5cacc3c000 ---p 00007000 07:00 93515                      /usr/lib/x86_64-linux-gnu/libffi.so.6.0.0
7f5cacc3c000-7f5cacc3d000 r--p 00006000 07:00 93515                      /usr/lib/x86_64-linux-gnu/libffi.so.6.0.0
7f5cacc3d000-7f5cacc3e000 rw-p 00007000 07:00 93515                      /usr/lib/x86_64-linux-gnu/libffi.so.6.0.0
7f5cacc3e000-7f5cacc65000 r-xp 00000000 07:00 234562                     /lib/x86_64-linux-gnu/libexpat.so.1.5.2
7f5cacc65000-7f5cace65000 ---p 00027000 07:00 234562                     /lib/x86_64-linux-gnu/libexpat.so.1.5.2
7f5cace65000-7f5cace67000 r--p 00027000 07:00 234562                     /lib/x86_64-linux-gnu/libexpat.so.1.5.2
7f5cace67000-7f5cace68000 rw-p 00029000 07:00 234562                     /lib/x86_64-linux-gnu/libexpat.so.1.5.2
7f5cace68000-7f5cacefe000 r-xp 00000000 07:00 113532                     /usr/lib/x86_64-linux-gnu/libfreetype.so.6.8.0
7f5cacefe000-7f5cad0fd000 ---p 00096000 07:00 113532                     /usr/lib/x86_64-linux-gnu/libfreetype.so.6.8.0
7f5cad0fd000-7f5cad103000 r--p 00095000 07:00 113532                     /usr/lib/x86_64-linux-gnu/libfreetype.so.6.8.0
7f5cad103000-7f5cad104000 rw-p 0009b000 07:00 113532                     /usr/lib/x86_64-linux-gnu/libfreetype.so.6.8.0
7f5cad104000-7f5cad11c000 r-xp 00000000 07:00 1355784                    /lib/x86_64-linux-gnu/libresolv-2.15.so
7f5cad11c000-7f5cad31c000 ---p 00018000 07:00 1355784                    /lib/x86_64-linux-gnu/libresolv-2.15.so
7f5cad31c000-7f5cad31d000 r--p 00018000 07:00 1355784                    /lib/x86_64-linux-gnu/libresolv-2.15.so
7f5cad31d000-7f5cad31e000 rw-p 00019000 07:00 1355784                    /lib/x86_64-linux-gnu/libresolv-2.15.so
7f5cad31e000-7f5cad320000 rw-p 00000000 00:00 0 
7f5cad320000-7f5cad33d000 r-xp 00000000 07:00 234525                     /lib/x86_64-linux-gnu/libselinux.so.1
7f5cad33d000-7f5cad53c000 ---p 0001d000 07:00 234525                     /lib/x86_64-linux-gnu/libselinux.so.1
7f5cad53c000-7f5cad53d000 r--p 0001c000 07:00 234525                     /lib/x86_64-linux-gnu/libselinux.so.1
7f5cad53d000-7f5cad53e000 rw-p 0001d000 07:00 234525                     /lib/x86_64-linux-gnu/libselinux.so.1
7f5cad53e000-7f5cad53f000 rw-p 00000000 00:00 0 
7f5cad53f000-7f5cad542000 r-xp 00000000 07:00 1479720                    /usr/lib/x86_64-linux-gnu/libgmodule-2.0.so.0.3200.4
7f5cad542000-7f5cad741000 ---p 00003000 07:00 1479720                    /usr/lib/x86_64-linux-gnu/libgmodule-2.0.so.0.3200.4
7f5cad741000-7f5cad742000 r--p 00002000 07:00 1479720                    /usr/lib/x86_64-linux-gnu/libgmodule-2.0.so.0.3200.4
7f5cad742000-7f5cad743000 rw-p 00003000 07:00 1479720                    /usr/lib/x86_64-linux-gnu/libgmodule-2.0.so.0.3200.4
7f5cad743000-7f5cad745000 r-xp 00000000 07:00 113493                     /usr/lib/x86_64-linux-gnu/libXdamage.so.1.1.0
7f5cad745000-7f5cad944000 ---p 00002000 07:00 113493                     /usr/lib/x86_64-linux-gnu/libXdamage.so.1.1.0
7f5cad944000-7f5cad945000 r--p 00001000 07:00 113493                     /usr/lib/x86_64-linux-gnu/libXdamage.so.1.1.0
7f5cad945000-7f5cad946000 rw-p 00002000 07:00 113493                     /usr/lib/x86_64-linux-gnu/libXdamage.so.1.1.0
7f5cad946000-7f5cad948000 r-xp 00000000 07:00 93510                      /usr/lib/x86_64-linux-gnu/libXcomposite.so.1.0.0
7f5cad948000-7f5cadb47000 ---p 00002000 07:00 93510                      /usr/lib/x86_64-linux-gnu/libXcomposite.so.1.0.0
7f5cadb47000-7f5cadb48000 r--p 00001000 07:00 93510                      /usr/lib/x86_64-linux-gnu/libXcomposite.so.1.0.0
7f5cadb48000-7f5cadb49000 rw-p 00002000 07:00 93510                      /usr/lib/x86_64-linux-gnu/libXcomposite.so.1.0.0
7f5cadb49000-7f5cadb52000 r-xp 00000000 07:00 93479                      /usr/lib/x86_64-linux-gnu/libXcursor.so.1.0.2
7f5cadb52000-7f5cadd51000 ---p 00009000 07:00 93479                      /usr/lib/x86_64-linux-gnu/libXcursor.so.1.0.2
7f5cadd51000-7f5cadd52000 r--p 00008000 07:00 93479                      /usr/lib/x86_64-linux-gnu/libXcursor.so.1.0.2
7f5cadd52000-7f5cadd53000 rw-p 00009000 07:00 93479                      /usr/lib/x86_64-linux-gnu/libXcursor.so.1.0.2
7f5cadd53000-7f5cadd5a000 r-xp 00000000 07:00 93528                      /usr/lib/x86_64-linux-gnu/libXrandr.so.2.2.0
7f5cadd5a000-7f5cadf59000 ---p 00007000 07:00 93528                      /usr/lib/x86_64-linux-gnu/libXrandr.so.2.2.0
7f5cadf59000-7f5cadf5a000 r--p 00006000 07:00 93528                      /usr/lib/x86_64-linux-gnu/libXrandr.so.2.2.0
7f5cadf5a000-7f5cadf5b000 rw-p 00007000 07:00 93528                      /usr/lib/x86_64-linux-gnu/libXrandr.so.2.2.0
7f5cadf5b000-7f5cadf5d000 r-xp 00000000 07:00 113624                     /usr/lib/x86_64-linux-gnu/libXinerama.so.1.0.0
7f5cadf5d000-7f5cae15c000 ---p 00002000 07:00 113624                     /usr/lib/x86_64-linux-gnu/libXinerama.so.1.0.0
7f5cae15c000-7f5cae15d000 r--p 00001000 07:00 113624                     /usr/lib/x86_64-linux-gnu/libXinerama.so.1.0.0
7f5cae15d000-7f5cae15e000 rw-p 00002000 07:00 113624                     /usr/lib/x86_64-linux-gnu/libXinerama.so.1.0.0
7f5cae15e000-7f5cae187000 r-xp 00000000 07:00 93391                      /usr/lib/x86_64-linux-gnu/libpangoft2-1.0.so.0.3000.0
7f5cae187000-7f5cae386000 ---p 00029000 07:00 93391                      /usr/lib/x86_64-linux-gnu/libpangoft2-1.0.so.0.3000.0
7f5cae386000-7f5cae387000 r--p 00028000 07:00 93391                      /usr/lib/x86_64-linux-gnu/libpangoft2-1.0.so.0.3000.0
7f5cae387000-7f5cae388000 rw-p 00029000 07:00 93391                      /usr/lib/x86_64-linux-gnu/libpangoft2-1.0.so.0.3000.0
7f5cae388000-7f5cae441000 r-xp 00000000 07:00 93452                      /usr/lib/x86_64-linux-gnu/libcairo.so.2.11000.2
7f5cae441000-7f5cae640000 ---p 000b9000 07:00 93452                      /usr/lib/x86_64-linux-gnu/libcairo.so.2.11000.2
7f5cae640000-7f5cae642000 r--p 000b8000 07:00 93452                      /usr/lib/x86_64-linux-gnu/libcairo.so.2.11000.2
7f5cae642000-7f5cae643000 rw-p 000ba000 07:00 93452                      /usr/lib/x86_64-linux-gnu/libcairo.so.2.11000.2
7f5cae643000-7f5cae646000 rw-p 00000000 00:00 0 
7f5cae646000-7f5cae665000 r-xp 00000000 07:00 113625                     /usr/lib/x86_64-linux-gnu/libatk-1.0.so.0.20409.1
7f5cae665000-7f5cae865000 ---p 0001f000 07:00 113625                     /usr/lib/x86_64-linux-gnu/libatk-1.0.so.0.20409.1
7f5cae865000-7f5cae867000 r--p 0001f000 07:00 113625                     /usr/lib/x86_64-linux-gnu/libatk-1.0.so.0.20409.1
7f5cae867000-7f5cae868000 rw-p 00021000 07:00 113625                     /usr/lib/x86_64-linux-gnu/libatk-1.0.so.0.20409.1
7f5cae868000-7f5cae86d000 r-xp 00000000 07:00 1479768                    /usr/lib/x86_64-linux-gnu/libXfixes.so.3.1.0
7f5cae86d000-7f5caea6c000 ---p 00005000 07:00 1479768                    /usr/lib/x86_64-linux-gnu/libXfixes.so.3.1.0
7f5caea6c000-7f5caea6d000 r--p 00004000 07:00 1479768                    /usr/lib/x86_64-linux-gnu/libXfixes.so.3.1.0
7f5caea6d000-7f5caea6e000 rw-p 00005000 07:00 1479768                    /usr/lib/x86_64-linux-gnu/libXfixes.so.3.1.0
7f5caea6e000-7f5caea79000 r-xp 00000000 07:00 113531                     /usr/lib/x86_64-linux-gnu/libpangocairo-1.0.so.0.3000.0
7f5caea79000-7f5caec78000 ---p 0000b000 07:00 113531                     /usr/lib/x86_64-linux-gnu/libpangocairo-1.0.so.0.3000.0
7f5caec78000-7f5caec79000 r--p 0000a000 07:00 113531                     /usr/lib/x86_64-linux-gnu/libpangocairo-1.0.so.0.3000.0
7f5caec79000-7f5caec7a000 rw-p 0000b000 07:00 113531                     /usr/lib/x86_64-linux-gnu/libpangocairo-1.0.so.0.3000.0
7f5caec7a000-7f5caec97000 r-xp 00000000 07:00 93302                      /usr/lib/x86_64-linux-gnu/libxcb.so.1.1.0
7f5caec97000-7f5caee96000 ---p 0001d000 07:00 93302                      /usr/lib/x86_64-linux-gnu/libxcb.so.1.1.0
7f5caee96000-7f5caee97000 r--p 0001c000 07:00 93302                      /usr/lib/x86_64-linux-gnu/libxcb.so.1.1.0
7f5caee97000-7f5caee98000 rw-p 0001d000 07:00 93302                      /usr/lib/x86_64-linux-gnu/libxcb.so.1.1.0
7f5caee98000-7f5caeee8000 r-xp 00000000 07:00 93603                      /usr/lib/x86_64-linux-gnu/libcups.so.2
7f5caeee8000-7f5caf0e7000 ---p 00050000 07:00 93603                      /usr/lib/x86_64-linux-gnu/libcups.so.2
7f5caf0e7000-7f5caf0eb000 r--p 0004f000 07:00 93603                      /usr/lib/x86_64-linux-gnu/libcups.so.2
7f5caf0eb000-7f5caf0ec000 rw-p 00053000 07:00 93603                      /usr/lib/x86_64-linux-gnu/libcups.so.2
7f5caf0ec000-7f5caf1de000 r-xp 00000000 07:00 234522                     /lib/x86_64-linux-gnu/libglib-2.0.so.0.3200.4
7f5caf1de000-7f5caf3de000 ---p 000f2000 07:00 234522                     /lib/x86_64-linux-gnu/libglib-2.0.so.0.3200.4
7f5caf3de000-7f5caf3df000 r--p 000f2000 07:00 234522                     /lib/x86_64-linux-gnu/libglib-2.0.so.0.3200.4
7f5caf3df000-7f5caf3e0000 rw-p 000f3000 07:00 234522                     /lib/x86_64-linux-gnu/libglib-2.0.so.0.3200.4
7f5caf3e0000-7f5caf3e1000 rw-p 00000000 00:00 0 
7f5caf3e1000-7f5caf3e2000 r-xp 00000000 07:00 1479722                    /usr/lib/x86_64-linux-gnu/libgthread-2.0.so.0.3200.4
7f5caf3e2000-7f5caf5e1000 ---p 00001000 07:00 1479722                    /usr/lib/x86_64-linux-gnu/libgthread-2.0.so.0.3200.4
7f5caf5e1000-7f5caf5e2000 r--p 00000000 07:00 1479722                    /usr/lib/x86_64-linux-gnu/libgthread-2.0.so.0.3200.4
7f5caf5e2000-7f5caf5e3000 rw-p 00001000 07:00 1479722                    /usr/lib/x86_64-linux-gnu/libgthread-2.0.so.0.3200.4
7f5caf5e3000-7f5caf630000 r-xp 00000000 07:00 1479726                    /usr/lib/x86_64-linux-gnu/libgobject-2.0.so.0.3200.4
7f5caf630000-7f5caf830000 ---p 0004d000 07:00 1479726                    /usr/lib/x86_64-linux-gnu/libgobject-2.0.so.0.3200.4
7f5caf830000-7f5caf831000 r--p 0004d000 07:00 1479726                    /usr/lib/x86_64-linux-gnu/libgobject-2.0.so.0.3200.4
7f5caf831000-7f5caf832000 rw-p 0004e000 07:00 1479726                    /usr/lib/x86_64-linux-gnu/libgobject-2.0.so.0.3200.4
7f5caf832000-7f5caf866000 r-xp 00000000 07:00 93287                      /usr/lib/x86_64-linux-gnu/libfontconfig.so.1.4.4
7f5caf866000-7f5cafa66000 ---p 00034000 07:00 93287                      /usr/lib/x86_64-linux-gnu/libfontconfig.so.1.4.4
7f5cafa66000-7f5cafa67000 r--p 00034000 07:00 93287                      /usr/lib/x86_64-linux-gnu/libfontconfig.so.1.4.4
7f5cafa67000-7f5cafa68000 rw-p 00035000 07:00 93287                      /usr/lib/x86_64-linux-gnu/libfontconfig.so.1.4.4
7f5cafa68000-7f5cafaae000 r-xp 00000000 07:00 113642                     /usr/lib/x86_64-linux-gnu/libpango-1.0.so.0.3000.0
7f5cafaae000-7f5cafcae000 ---p 00046000 07:00 113642                     /usr/lib/x86_64-linux-gnu/libpango-1.0.so.0.3000.0
7f5cafcae000-7f5cafcb0000 r--p 00046000 07:00 113642                     /usr/lib/x86_64-linux-gnu/libpango-1.0.so.0.3000.0
7f5cafcb0000-7f5cafcb1000 rw-p 00048000 07:00 113642                     /usr/lib/x86_64-linux-gnu/libpango-1.0.so.0.3000.0
7f5cafcb1000-7f5cafdf9000 r-xp 00000000 07:00 1479724                    /usr/lib/x86_64-linux-gnu/libgio-2.0.so.0.3200.4
7f5cafdf9000-7f5cafff8000 ---p 00148000 07:00 1479724                    /usr/lib/x86_64-linux-gnu/libgio-2.0.so.0.3200.4
7f5cafff8000-7f5cafffc000 r--p 00147000 07:00 1479724                    /usr/lib/x86_64-linux-gnu/libgio-2.0.so.0.3200.4
7f5cafffc000-7f5cafffe000 rw-p 0014b000 07:00 1479724                    /usr/lib/x86_64-linux-gnu/libgio-2.0.so.0.3200.4
7f5cafffe000-7f5cb0000000 rw-p 00000000 00:00 0 
7f5cb0000000-7f5cb0021000 rw-p 00000000 00:00 0 
7f5cb0021000-7f5cb4000000 ---p 00000000 00:00 0 
7f5cb4020000-7f5cb4023000 ---p 00000000 00:00 0 
7f5cb4023000-7f5cb4121000 rw-p 00000000 00:00 0                          [stack:10888]
7f5cb4121000-7f5cb413f000 r-xp 00000000 07:00 93419                      /usr/lib/x86_64-linux-gnu/libgdk_pixbuf-2.0.so.0.2600.1
7f5cb413f000-7f5cb433f000 ---p 0001e000 07:00 93419                      /usr/lib/x86_64-linux-gnu/libgdk_pixbuf-2.0.so.0.2600.1
7f5cb433f000-7f5cb4340000 r--p 0001e000 07:00 93419                      /usr/lib/x86_64-linux-gnu/libgdk_pixbuf-2.0.so.0.2600.1
7f5cb4340000-7f5cb4341000 rw-p 0001f000 07:00 93419                      /usr/lib/x86_64-linux-gnu/libgdk_pixbuf-2.0.so.0.2600.1
7f5cb4341000-7f5cb43ee000 r-xp 00000000 07:00 93263                      /usr/lib/x86_64-linux-gnu/libgdk-x11-2.0.so.0.2400.10
7f5cb43ee000-7f5cb45ed000 ---p 000ad000 07:00 93263                      /usr/lib/x86_64-linux-gnu/libgdk-x11-2.0.so.0.2400.10
7f5cb45ed000-7f5cb45f1000 r--p 000ac000 07:00 93263                      /usr/lib/x86_64-linux-gnu/libgdk-x11-2.0.so.0.2400.10
7f5cb45f1000-7f5cb45f3000 rw-p 000b0000 07:00 93263                      /usr/lib/x86_64-linux-gnu/libgdk-x11-2.0.so.0.2400.10
7f5cb45f3000-7f5cb4a20000 r-xp 00000000 07:00 113497                     /usr/lib/x86_64-linux-gnu/libgtk-x11-2.0.so.0.2400.10
7f5cb4a20000-7f5cb4c20000 ---p 0042d000 07:00 113497                     /usr/lib/x86_64-linux-gnu/libgtk-x11-2.0.so.0.2400.10
7f5cb4c20000-7f5cb4c27000 r--p 0042d000 07:00 113497                     /usr/lib/x86_64-linux-gnu/libgtk-x11-2.0.so.0.2400.10
7f5cb4c27000-7f5cb4c2b000 rw-p 00434000 07:00 113497                     /usr/lib/x86_64-linux-gnu/libgtk-x11-2.0.so.0.2400.10
7f5cb4c2b000-7f5cb4c2d000 rw-p 00000000 00:00 0 
7f5cb4c2d000-7f5cb4c3c000 r-xp 00000000 07:00 1479776                    /usr/lib/x86_64-linux-gnu/libXi.so.6.1.0
7f5cb4c3c000-7f5cb4e3b000 ---p 0000f000 07:00 1479776                    /usr/lib/x86_64-linux-gnu/libXi.so.6.1.0
7f5cb4e3b000-7f5cb4e3c000 r--p 0000e000 07:00 1479776                    /usr/lib/x86_64-linux-gnu/libXi.so.6.1.0
7f5cb4e3c000-7f5cb4e3d000 rw-p 0000f000 07:00 1479776                    /usr/lib/x86_64-linux-gnu/libXi.so.6.1.0
7f5cb4e3d000-7f5cb4e42000 r-xp 00000000 07:00 93540                      /usr/lib/x86_64-linux-gnu/libXtst.so.6.1.0
7f5cb4e42000-7f5cb5041000 ---p 00005000 07:00 93540                      /usr/lib/x86_64-linux-gnu/libXtst.so.6.1.0
7f5cb5041000-7f5cb5042000 r--p 00004000 07:00 93540                      /usr/lib/x86_64-linux-gnu/libXtst.so.6.1.0
7f5cb5042000-7f5cb5043000 rw-p 00005000 07:00 93540                      /usr/lib/x86_64-linux-gnu/libXtst.so.6.1.0
7f5cb5043000-7f5cb504c000 r-xp 00000000 07:00 93266                      /usr/lib/x86_64-linux-gnu/libXrender.so.1.3.0
7f5cb504c000-7f5cb524b000 ---p 00009000 07:00 93266                      /usr/lib/x86_64-linux-gnu/libXrender.so.1.3.0
7f5cb524b000-7f5cb524c000 r--p 00008000 07:00 93266                      /usr/lib/x86_64-linux-gnu/libXrender.so.1.3.0
7f5cb524c000-7f5cb524d000 rw-p 00009000 07:00 93266                      /usr/lib/x86_64-linux-gnu/libXrender.so.1.3.0
7f5cb524d000-7f5cb537d000 r-xp 00000000 07:00 433153                     /usr/lib/x86_64-linux-gnu/libX11.so.6.3.0
7f5cb537d000-7f5cb557d000 ---p 00130000 07:00 433153                     /usr/lib/x86_64-linux-gnu/libX11.so.6.3.0
7f5cb557d000-7f5cb557e000 r--p 00130000 07:00 433153                     /usr/lib/x86_64-linux-gnu/libX11.so.6.3.0
7f5cb557e000-7f5cb5582000 rw-p 00131000 07:00 433153                     /usr/lib/x86_64-linux-gnu/libX11.so.6.3.0
7f5cb5582000-7f5cb5592000 r-xp 00000000 07:00 93461                      /usr/lib/x86_64-linux-gnu/libXext.so.6.4.0
7f5cb5592000-7f5cb5791000 ---p 00010000 07:00 93461                      /usr/lib/x86_64-linux-gnu/libXext.so.6.4.0
7f5cb5791000-7f5cb5792000 r--p 0000f000 07:00 93461                      /usr/lib/x86_64-linux-gnu/libXext.so.6.4.0
7f5cb5792000-7f5cb5793000 rw-p 00010000 07:00 93461                      /usr/lib/x86_64-linux-gnu/libXext.so.6.4.0
7f5cb5793000-7f5cb57e5000 r-xp 00000000 07:00 334917                     /usr/lib/jvm/java-7-openjdk-amd64/jre/lib/amd64/xawt/libmawt.so
7f5cb57e5000-7f5cb59e5000 ---p 00052000 07:00 334917                     /usr/lib/jvm/java-7-openjdk-amd64/jre/lib/amd64/xawt/libmawt.so
7f5cb59e5000-7f5cb59e6000 r--p 00052000 07:00 334917                     /usr/lib/jvm/java-7-openjdk-amd64/jre/lib/amd64/xawt/libmawt.so
7f5cb59e6000-7f5cb59e9000 rw-p 00053000 07:00 334917                     /usr/lib/jvm/java-7-openjdk-amd64/jre/lib/amd64/xawt/libmawt.so
7f5cb59e9000-7f5cb59ea000 rw-p 00000000 00:00 0 
7f5cb59ea000-7f5cb5a8d000 r-xp 00000000 07:00 331786                     /usr/lib/jvm/java-7-openjdk-amd64/jre/lib/amd64/libawt.so
7f5cb5a8d000-7f5cb5c8c000 ---p 000a3000 07:00 331786                     /usr/lib/jvm/java-7-openjdk-amd64/jre/lib/amd64/libawt.so
7f5cb5c8c000-7f5cb5c8d000 r--p 000a2000 07:00 331786                     /usr/lib/jvm/java-7-openjdk-amd64/jre/lib/amd64/libawt.so
7f5cb5c8d000-7f5cb5c98000 rw-p 000a3000 07:00 331786                     /usr/lib/jvm/java-7-openjdk-amd64/jre/lib/amd64/libawt.so
7f5cb5c98000-7f5cb5cbd000 rw-p 00000000 00:00 0 
7f5cb5cbd000-7f5cb5ea2000 r-xp 00000000 07:00 459092                     /home/aivanov/Downloads/opencv-2.4.8/build3/lib/libopencv_ocl.so.2.4.8
7f5cb5ea2000-7f5cb60a1000 ---p 001e5000 07:00 459092                     /home/aivanov/Downloads/opencv-2.4.8/build3/lib/libopencv_ocl.so.2.4.8
7f5cb60a1000-7f5cb60a4000 r--p 001e4000 07:00 459092                     /home/aivanov/Downloads/opencv-2.4.8/build3/lib/libopencv_ocl.so.2.4.8
7f5cb60a4000-7f5cb60a6000 rw-p 001e7000 07:00 459092                     /home/aivanov/Downloads/opencv-2.4.8/build3/lib/libopencv_ocl.so.2.4.8
7f5cb60a6000-7f5cb60a7000 rw-p 00000000 00:00 0 
7f5cb60a7000-7f5cb6113000 r-xp 00000000 07:00 458639                     /home/aivanov/Downloads/opencv-2.4.8/build3/lib/libopencv_flann.so.2.4.8
7f5cb6113000-7f5cb6312000 ---p 0006c000 07:00 458639                     /home/aivanov/Downloads/opencv-2.4.8/build3/lib/libopencv_flann.so.2.4.8
7f5cb6312000-7f5cb6315000 r--p 0006b000 07:00 458639                     /home/aivanov/Downloads/opencv-2.4.8/build3/lib/libopencv_flann.so.2.4.8
7f5cb6315000-7f5cb6316000 rw-p 0006e000 07:00 458639                     /home/aivanov/Downloads/opencv-2.4.8/build3/lib/libopencv_flann.so.2.4.8
7f5cb6316000-7f5cb63fc000 r-xp 00000000 07:00 459135                     /home/aivanov/Downloads/opencv-2.4.8/build3/lib/libopencv_contrib.so.2.4.8
7f5cb63fc000-7f5cb65fc000 ---p 000e6000 07:00 459135                     /home/aivanov/Downloads/opencv-2.4.8/build3/lib/libopencv_contrib.so.2.4.8
7f5cb65fc000-7f5cb65fe000 r--p 000e6000 07:00 459135                     /home/aivanov/Downloads/opencv-2.4.8/build3/lib/libopencv_contrib.so.2.4.8
7f5cb65fe000-7f5cb6600000 rw-p 000e8000 07:00 459135                     /home/aivanov/Downloads/opencv-2.4.8/build3/lib/libopencv_contrib.so.2.4.8
7f5cb6600000-7f5cb6634000 r-xp 00000000 07:00 459117                     /home/aivanov/Downloads/opencv-2.4.8/build3/lib/libopencv_nonfree.so.2.4.8
7f5cb6634000-7f5cb6834000 ---p 00034000 07:00 459117                     /home/aivanov/Downloads/opencv-2.4.8/build3/lib/libopencv_nonfree.so.2.4.8
7f5cb6834000-7f5cb6835000 r--p 00034000 07:00 459117                     /home/aivanov/Downloads/opencv-2.4.8/build3/lib/libopencv_nonfree.so.2.4.8
7f5cb6835000-7f5cb6836000 rw-p 00035000 07:00 459117                     /home/aivanov/Downloads/opencv-2.4.8/build3/lib/libopencv_nonfree.so.2.4.8
7f5cb6836000-7f5cb6854000 r-xp 00000000 07:00 458645                     /home/aivanov/Downloads/opencv-2.4.8/build3/lib/libopencv_photo.so.2.4.8
7f5cb6854000-7f5cb6a53000 ---p 0001e000 07:00 458645                     /home/aivanov/Downloads/opencv-2.4.8/build3/lib/libopencv_photo.so.2.4.8
7f5cb6a53000-7f5cb6a54000 r--p 0001d000 07:00 458645                     /home/aivanov/Downloads/opencv-2.4.8/build3/lib/libopencv_photo.so.2.4.8
7f5cb6a54000-7f5cb6a55000 rw-p 0001e000 07:00 458645                     /home/aivanov/Downloads/opencv-2.4.8/build3/lib/libopencv_photo.so.2.4.8
7f5cb6a55000-7f5cb6ad3000 r-xp 00000000 07:00 458657                     /home/aivanov/Downloads/opencv-2.4.8/build3/lib/libopencv_objdetect.so.2.4.8
7f5cb6ad3000-7f5cb6cd3000 ---p 0007e000 07:00 458657                     /home/aivanov/Downloads/opencv-2.4.8/build3/lib/libopencv_objdetect.so.2.4.8
7f5cb6cd3000-7f5cb6cd4000 r--p 0007e000 07:00 458657                     /home/aivanov/Downloads/opencv-2.4.8/build3/lib/libopencv_objdetect.so.2.4.8
7f5cb6cd4000-7f5cb6cd5000 rw-p 0007f000 07:00 458657                     /home/aivanov/Downloads/opencv-2.4.8/build3/lib/libopencv_objdetect.so.2.4.8
7f5cb6cd5000-7f5cb6d2c000 r-xp 00000000 07:00 458649                     /home/aivanov/Downloads/opencv-2.4.8/build3/lib/libopencv_video.so.2.4.8
7f5cb6d2c000-7f5cb6f2c000 ---p 00057000 07:00 458649                     /home/aivanov/Downloads/opencv-2.4.8/build3/lib/libopencv_video.so.2.4.8
7f5cb6f2c000-7f5cb6f2d000 r--p 00057000 07:00 458649                     /home/aivanov/Downloads/opencv-2.4.8/build3/lib/libopencv_video.so.2.4.8
7f5cb6f2d000-7f5cb6f2e000 rw-p 00058000 07:00 458649                     /home/aivanov/Downloads/opencv-2.4.8/build3/lib/libopencv_video.so.2.4.8
7f5cb6f2e000-7f5cb6faa000 r-xp 00000000 07:00 458340                     /home/aivanov/Downloads/opencv-2.4.8/build3/lib/libopencv_ml.so.2.4.8
7f5cb6faa000-7f5cb71a9000 ---p 0007c000 07:00 458340                     /home/aivanov/Downloads/opencv-2.4.8/build3/lib/libopencv_ml.so.2.4.8
7f5cb71a9000-7f5cb71ab000 r--p 0007b000 07:00 458340                     /home/aivanov/Downloads/opencv-2.4.8/build3/lib/libopencv_ml.so.2.4.8
7f5cb71ab000-7f5cb71ad000 rw-p 0007d000 07:00 458340                     /home/aivanov/Downloads/opencv-2.4.8/build3/lib/libopencv_ml.so.2.4.8
7f5cb71ad000-7f5cb724b000 r-xp 00000000 07:00 458660                     /home/aivanov/Downloads/opencv-2.4.8/build3/lib/libopencv_calib3d.so.2.4.8
7f5cb724b000-7f5cb744a000 ---p 0009e000 07:00 458660                     /home/aivanov/Downloads/opencv-2.4.8/build3/lib/libopencv_calib3d.so.2.4.8
7f5cb744a000-7f5cb744b000 r--p 0009d000 07:00 458660                     /home/aivanov/Downloads/opencv-2.4.8/build3/lib/libopencv_calib3d.so.2.4.8
7f5cb744b000-7f5cb744c000 rw-p 0009e000 07:00 458660                     /home/aivanov/Downloads/opencv-2.4.8/build3/lib/libopencv_calib3d.so.2.4.8
7f5cb744c000-7f5cb74f1000 r-xp 00000000 07:00 458654                     /home/aivanov/Downloads/opencv-2.4.8/build3/lib/libopencv_features2d.so.2.4.8
7f5cb74f1000-7f5cb76f0000 ---p 000a5000 07:00 458654                     /home/aivanov/Downloads/opencv-2.4.8/build3/lib/libopencv_features2d.so.2.4.8
7f5cb76f0000-7f5cb76f4000 r--p 000a4000 07:00 458654                     /home/aivanov/Downloads/opencv-2.4.8/build3/lib/libopencv_features2d.so.2.4.8
7f5cb76f4000-7f5cb76f6000 rw-p 000a8000 07:00 458654                     /home/aivanov/Downloads/opencv-2.4.8/build3/lib/libopencv_features2d.so.2.4.8
7f5cb76f6000-7f5cb76f7000 rw-p 00000000 00:00 0 
7f5cb76f7000-7f5cb7927000 r-xp 00000000 07:00 458648                     /home/aivanov/Downloads/opencv-2.4.8/build3/lib/libopencv_highgui.so.2.4.8
7f5cb7927000-7f5cb7b26000 ---p 00230000 07:00 458648                     /home/aivanov/Downloads/opencv-2.4.8/build3/lib/libopencv_highgui.so.2.4.8
7f5cb7b26000-7f5cb7b2e000 r--p 0022f000 07:00 458648                     /home/aivanov/Downloads/opencv-2.4.8/build3/lib/libopencv_highgui.so.2.4.8
7f5cb7b2e000-7f5cb7b37000 rw-p 00237000 07:00 458648                     /home/aivanov/Downloads/opencv-2.4.8/build3/lib/libopencv_highgui.so.2.4.8
7f5cb7b37000-7f5cb7b3f000 rw-p 00000000 00:00 0 
7f5cb7b3f000-7f5cb7d62000 r-xp 00000000 07:00 458642                     /home/aivanov/Downloads/opencv-2.4.8/build3/lib/libopencv_imgproc.so.2.4.8
7f5cb7d62000-7f5cb7f62000 ---p 00223000 07:00 458642                     /home/aivanov/Downloads/opencv-2.4.8/build3/lib/libopencv_imgproc.so.2.4.8
7f5cb7f62000-7f5cb7f69000 r--p 00223000 07:00 458642                     /home/aivanov/Downloads/opencv-2.4.8/build3/lib/libopencv_imgproc.so.2.4.8
7f5cb7f69000-7f5cb7f6b000 rw-p 0022a000 07:00 458642                     /home/aivanov/Downloads/opencv-2.4.8/build3/lib/libopencv_imgproc.so.2.4.8
7f5cb7f6b000-7f5cb8000000 rw-p 00000000 00:00 0 
7f5cb8000000-7f5cb8021000 rw-p 00000000 00:00 0 
7f5cb8021000-7f5cbc000000 ---p 00000000 00:00 0 
7f5cbc045000-7f5cbc0c2000 rw-p 00000000 00:00 0 
7f5cbc0c2000-7f5cbc0cb000 r--s 000bc000 07:00 299034                     /usr/lib/jvm/java-7-openjdk-common/jre/lib/resources.jar
7f5cbc0cb000-7f5cbc312000 r-xp 00000000 07:00 458631                     /home/aivanov/Downloads/opencv-2.4.8/build3/lib/libopencv_core.so.2.4.8
7f5cbc312000-7f5cbc511000 ---p 00247000 07:00 458631                     /home/aivanov/Downloads/opencv-2.4.8/build3/lib/libopencv_core.so.2.4.8
7f5cbc511000-7f5cbc515000 r--p 00246000 07:00 458631                     /home/aivanov/Downloads/opencv-2.4.8/build3/lib/libopencv_core.so.2.4.8
7f5cbc515000-7f5cbc51e000 rw-p 0024a000 07:00 458631                     /home/aivanov/Downloads/opencv-2.4.8/build3/lib/libopencv_core.so.2.4.8
7f5cbc51e000-7f5cbc521000 rw-p 00000000 00:00 0 
7f5cbc521000-7f5cbc5ba000 r-xp 00000000 07:00 459142                     /home/aivanov/Downloads/opencv-2.4.8/build3/lib/libopencv_java248.so
7f5cbc5ba000-7f5cbc7b9000 ---p 00099000 07:00 459142                     /home/aivanov/Downloads/opencv-2.4.8/build3/lib/libopencv_java248.so
7f5cbc7b9000-7f5cbc7ba000 r--p 00098000 07:00 459142                     /home/aivanov/Downloads/opencv-2.4.8/build3/lib/libopencv_java248.so
7f5cbc7ba000-7f5cbc7bc000 rw-p 00099000 07:00 459142                     /home/aivanov/Downloads/opencv-2.4.8/build3/lib/libopencv_java248.so
7f5cbc7bc000-7f5cbc7bf000 ---p 00000000 00:00 0 
7f5cbc7bf000-7f5cbc8bd000 rw-p 00000000 00:00 0                          [stack:10887]
7f5cbc8bd000-7f5cbc8c0000 ---p 00000000 00:00 0 
7f5cbc8c0000-7f5cbc9be000 rw-p 00000000 00:00 0                          [stack:10886]
7f5cbc9be000-7f5cbc9c1000 r-xp 00000000 07:00 318615                     /home/aivanov/.jssc/linux/libjSSC-2.6_x86_64.so
7f5cbc9c1000-7f5cbcbc0000 ---p 00003000 07:00 318615                     /home/aivanov/.jssc/linux/libjSSC-2.6_x86_64.so
7f5cbcbc0000-7f5cbcbc1000 r--p 00002000 07:00 318615                     /home/aivanov/.jssc/linux/libjSSC-2.6_x86_64.so
7f5cbcbc1000-7f5cbcbc2000 rw-p 00003000 07:00 318615                     /home/aivanov/.jssc/linux/libjSSC-2.6_x86_64.so
7f5cbcbc2000-7f5cbcbc3000 ---p 00000000 00:00 0 
7f5cbcbc3000-7f5cbccc3000 rw-p 00000000 00:00 0 
7f5cbccc3000-7f5cbccc6000 ---p 00000000 00:00 0 
7f5cbccc6000-7f5cbcdc4000 rw-p 00000000 00:00 0                          [stack:10884]
7f5cbcdc4000-7f5cbcdc7000 ---p 00000000 00:00 0 
7f5cbcdc7000-7f5cbcec5000 rw-p 00000000 00:00 0                          [stack:10883]
7f5cbcec5000-7f5cbcec8000 ---p 00000000 00:00 0 
7f5cbcec8000-7f5cbcfc6000 rw-p 00000000 00:00 0                          [stack:10882]
7f5cbcfc6000-7f5cbcfc9000 ---p 00000000 00:00 0 
7f5cbcfc9000-7f5cbd0c7000 rw-p 00000000 00:00 0                          [stack:10881]
7f5cbd0c7000-7f5cbd390000 r--p 00000000 07:00 541697                     /usr/lib/locale/locale-archive
7f5cbd390000-7f5cbd393000 ---p 00000000 00:00 0 
7f5cbd393000-7f5cbd491000 rw-p 00000000 00:00 0                          [stack:10880]
7f5cbd491000-7f5cbd494000 ---p 00000000 00:00 0 
7f5cbd494000-7f5cbd592000 rw-p 00000000 00:00 0                          [stack:10879]
7f5cbd592000-7f5cbd593000 ---p 00000000 00:00 0 
7f5cbd593000-7f5cc0000000 rw-p 00000000 00:00 0                          [stack:10878]
7f5cc0000000-7f5cc0021000 rw-p 00000000 00:00 0 
7f5cc0021000-7f5cc4000000 ---p 00000000 00:00 0 
7f5cc4000000-7f5cc4021000 rw-p 00000000 00:00 0 
7f5cc4021000-7f5cc8000000 ---p 00000000 00:00 0 
7f5cc8000000-7f5cc8021000 rw-p 00000000 00:00 0 
7f5cc8021000-7f5ccc000000 ---p 00000000 00:00 0 
7f5ccc000000-7f5ccc021000 rw-p 00000000 00:00 0 
7f5ccc021000-7f5cd0000000 ---p 00000000 00:00 0 
7f5cd0000000-7f5cd0021000 rw-p 00000000 00:00 0 
7f5cd0021000-7f5cd4000000 ---p 00000000 00:00 0 
7f5cd4005000-7f5cd4009000 r--s 00069000 07:00 459140                     /home/aivanov/Downloads/opencv-2.4.8/build3/bin/opencv-248.jar
7f5cd4009000-7f5cd43ba000 rw-p 00000000 00:00 0 
7f5cd43ba000-7f5cd4567000 r--s 01cec000 07:00 317483                     /usr/lib/jvm/java-7-openjdk-amd64/jre/lib/rt.jar
7f5cd4567000-7f5cd4568000 ---p 00000000 00:00 0 
7f5cd4568000-7f5cd4668000 rw-p 00000000 00:00 0                          [stack:10877]
7f5cd4668000-7f5cd4669000 ---p 00000000 00:00 0 
7f5cd4669000-7f5cd4769000 rw-p 00000000 00:00 0                          [stack:10876]
7f5cd4769000-7f5cd476a000 ---p 00000000 00:00 0 
7f5cd476a000-7f5cd486a000 rw-p 00000000 00:00 0                          [stack:10875]
7f5cd486a000-7f5cd486b000 ---p 00000000 00:00 0 
7f5cd486b000-7f5cd496b000 rw-p 00000000 00:00 0                          [stack:10874]
7f5cd496b000-7f5cd496c000 ---p 00000000 00:00 0 
7f5cd496c000-7f5cd4a6c000 rw-p 00000000 00:00 0                          [stack:10873]
7f5cd4a6c000-7f5cd4a6d000 ---p 00000000 00:00 0 
7f5cd4a6d000-7f5cd4b6d000 rw-p 00000000 00:00 0                          [stack:10872]
7f5cd4b6d000-7f5cd4b6e000 ---p 00000000 00:00 0 
7f5cd4b6e000-7f5cd4c6e000 rw-p 00000000 00:00 0                          [stack:10871]
7f5cd4c6e000-7f5cd4c6f000 ---p 00000000 00:00 0 
7f5cd4c6f000-7f5cd4d99000 rw-p 00000000 00:00 0                          [stack:10870]
7f5cd4d99000-7f5cd5000000 rw-p 00000000 00:00 0 
7f5cd5000000-7f5cd5270000 rwxp 00000000 00:00 0 
7f5cd5270000-7f5cd83dc000 rw-p 00000000 00:00 0 
7f5cd83dc000-7f5cdc000000 ---p 00000000 00:00 0 
7f5cdc000000-7f5cdc007000 r--s 00030000 07:00 10015                      /usr/share/java/junit4-4.8.2.jar
7f5cdc007000-7f5cdc07c000 rw-p 00000000 00:00 0 
7f5cdc07c000-7f5cdc0c4000 rw-p 00000000 00:00 0 
7f5cdc0c4000-7f5cdc0cf000 rw-p 00000000 00:00 0 
7f5cdc0cf000-7f5cdc117000 rw-p 00000000 00:00 0 
7f5cdc117000-7f5cdc141000 rw-p 00000000 00:00 0 
7f5cdc141000-7f5cdc3a7000 rw-p 00000000 00:00 0 
7f5cdc3a7000-7f5cdc3bd000 rw-p 00000000 00:00 0 
7f5cdc3bd000-7f5cdc4f0000 rw-p 00000000 00:00 0 
7f5cdc4f0000-7f5cdc4f1000 rw-p 00000000 00:00 0 
7f5cdc4f1000-7f5cdc4f9000 r-xp 00000000 07:00 331788                     /usr/lib/jvm/java-7-openjdk-amd64/jre/lib/amd64/libzip.so
7f5cdc4f9000-7f5cdc6f8000 ---p 00008000 07:00 331788                     /usr/lib/jvm/java-7-openjdk-amd64/jre/lib/amd64/libzip.so
7f5cdc6f8000-7f5cdc6f9000 r--p 00007000 07:00 331788                     /usr/lib/jvm/java-7-openjdk-amd64/jre/lib/amd64/libzip.so
7f5cdc6f9000-7f5cdc6fa000 rw-p 00008000 07:00 331788                     /usr/lib/jvm/java-7-openjdk-amd64/jre/lib/amd64/libzip.so
7f5cdc6fa000-7f5cdc706000 r-xp 00000000 07:00 1355783                    /lib/x86_64-linux-gnu/libnss_files-2.15.so
7f5cdc706000-7f5cdc905000 ---p 0000c000 07:00 1355783                    /lib/x86_64-linux-gnu/libnss_files-2.15.so
7f5cdc905000-7f5cdc906000 r--p 0000b000 07:00 1355783                    /lib/x86_64-linux-gnu/libnss_files-2.15.so
7f5cdc906000-7f5cdc907000 rw-p 0000c000 07:00 1355783                    /lib/x86_64-linux-gnu/libnss_files-2.15.so
7f5cdc907000-7f5cdc911000 r-xp 00000000 07:00 1355787                    /lib/x86_64-linux-gnu/libnss_nis-2.15.so
7f5cdc911000-7f5cdcb11000 ---p 0000a000 07:00 1355787                    /lib/x86_64-linux-gnu/libnss_nis-2.15.so
7f5cdcb11000-7f5cdcb12000 r--p 0000a000 07:00 1355787                    /lib/x86_64-linux-gnu/libnss_nis-2.15.so
7f5cdcb12000-7f5cdcb13000 rw-p 0000b000 07:00 1355787                    /lib/x86_64-linux-gnu/libnss_nis-2.15.so
7f5cdcb13000-7f5cdcb2a000 r-xp 00000000 07:00 1355799                    /lib/x86_64-linux-gnu/libnsl-2.15.so
7f5cdcb2a000-7f5cdcd29000 ---p 00017000 07:00 1355799                    /lib/x86_64-linux-gnu/libnsl-2.15.so
7f5cdcd29000-7f5cdcd2a000 r--p 00016000 07:00 1355799                    /lib/x86_64-linux-gnu/libnsl-2.15.so
7f5cdcd2a000-7f5cdcd2b000 rw-p 00017000 07:00 1355799                    /lib/x86_64-linux-gnu/libnsl-2.15.so
7f5cdcd2b000-7f5cdcd2d000 rw-p 00000000 00:00 0 
7f5cdcd2d000-7f5cdcd35000 r-xp 00000000 07:00 1355781                    /lib/x86_64-linux-gnu/libnss_compat-2.15.so
7f5cdcd35000-7f5cdcf34000 ---p 00008000 07:00 1355781                    /lib/x86_64-linux-gnu/libnss_compat-2.15.so
7f5cdcf34000-7f5cdcf35000 r--p 00007000 07:00 1355781                    /lib/x86_64-linux-gnu/libnss_compat-2.15.so
7f5cdcf35000-7f5cdcf36000 rw-p 00008000 07:00 1355781                    /lib/x86_64-linux-gnu/libnss_compat-2.15.so
7f5cdcf36000-7f5cdcf5f000 r-xp 00000000 07:00 331783                     /usr/lib/jvm/java-7-openjdk-amd64/jre/lib/amd64/libjava.so
7f5cdcf5f000-7f5cdd15e000 ---p 00029000 07:00 331783                     /usr/lib/jvm/java-7-openjdk-amd64/jre/lib/amd64/libjava.so
7f5cdd15e000-7f5cdd15f000 r--p 00028000 07:00 331783                     /usr/lib/jvm/java-7-openjdk-amd64/jre/lib/amd64/libjava.so
7f5cdd15f000-7f5cdd161000 rw-p 00029000 07:00 331783                     /usr/lib/jvm/java-7-openjdk-amd64/jre/lib/amd64/libjava.so
7f5cdd161000-7f5cdd16f000 r-xp 00000000 07:00 331798                     /usr/lib/jvm/java-7-openjdk-amd64/jre/lib/amd64/libverify.so
7f5cdd16f000-7f5cdd36e000 ---p 0000e000 07:00 331798                     /usr/lib/jvm/java-7-openjdk-amd64/jre/lib/amd64/libverify.so
7f5cdd36e000-7f5cdd370000 r--p 0000d000 07:00 331798                     /usr/lib/jvm/java-7-openjdk-amd64/jre/lib/amd64/libverify.so
7f5cdd370000-7f5cdd371000 rw-p 0000f000 07:00 331798                     /usr/lib/jvm/java-7-openjdk-amd64/jre/lib/amd64/libverify.so
7f5cdd371000-7f5cdd378000 r-xp 00000000 07:00 1355786                    /lib/x86_64-linux-gnu/librt-2.15.so
7f5cdd378000-7f5cdd577000 ---p 00007000 07:00 1355786                    /lib/x86_64-linux-gnu/librt-2.15.so
7f5cdd577000-7f5cdd578000 r--p 00006000 07:00 1355786                    /lib/x86_64-linux-gnu/librt-2.15.so
7f5cdd578000-7f5cdd579000 rw-p 00007000 07:00 1355786                    /lib/x86_64-linux-gnu/librt-2.15.so
7f5cdd579000-7f5cdd58e000 r-xp 00000000 07:00 234552                     /lib/x86_64-linux-gnu/libgcc_s.so.1
7f5cdd58e000-7f5cdd78d000 ---p 00015000 07:00 234552                     /lib/x86_64-linux-gnu/libgcc_s.so.1
7f5cdd78d000-7f5cdd78e000 r--p 00014000 07:00 234552                     /lib/x86_64-linux-gnu/libgcc_s.so.1
7f5cdd78e000-7f5cdd78f000 rw-p 00015000 07:00 234552                     /lib/x86_64-linux-gnu/libgcc_s.so.1
7f5cdd78f000-7f5cdd88a000 r-xp 00000000 07:00 1355790                    /lib/x86_64-linux-gnu/libm-2.15.so
7f5cdd88a000-7f5cdda89000 ---p 000fb000 07:00 1355790                    /lib/x86_64-linux-gnu/libm-2.15.so
7f5cdda89000-7f5cdda8a000 r--p 000fa000 07:00 1355790                    /lib/x86_64-linux-gnu/libm-2.15.so
7f5cdda8a000-7f5cdda8b000 rw-p 000fb000 07:00 1355790                    /lib/x86_64-linux-gnu/libm-2.15.so
7f5cdda8b000-7f5cddb6d000 r-xp 00000000 07:00 113565                     /usr/lib/x86_64-linux-gnu/libstdc++.so.6.0.16
7f5cddb6d000-7f5cddd6c000 ---p 000e2000 07:00 113565                     /usr/lib/x86_64-linux-gnu/libstdc++.so.6.0.16
7f5cddd6c000-7f5cddd74000 r--p 000e1000 07:00 113565                     /usr/lib/x86_64-linux-gnu/libstdc++.so.6.0.16
7f5cddd74000-7f5cddd76000 rw-p 000e9000 07:00 113565                     /usr/lib/x86_64-linux-gnu/libstdc++.so.6.0.16
7f5cddd76000-7f5cddd8b000 rw-p 00000000 00:00 0 
7f5cddd8b000-7f5cde75e000 r-xp 00000000 07:00 332807                     /usr/lib/jvm/java-7-openjdk-amd64/jre/lib/amd64/server/libjvm.so
7f5cde75e000-7f5cde95d000 ---p 009d3000 07:00 332807                     /usr/lib/jvm/java-7-openjdk-amd64/jre/lib/amd64/server/libjvm.so
7f5cde95d000-7f5cde9dc000 r--p 009d2000 07:00 332807                     /usr/lib/jvm/java-7-openjdk-amd64/jre/lib/amd64/server/libjvm.so
7f5cde9dc000-7f5cde9ff000 rw-p 00a51000 07:00 332807                     /usr/lib/jvm/java-7-openjdk-amd64/jre/lib/amd64/server/libjvm.so
7f5cde9ff000-7f5cdea29000 rw-p 00000000 00:00 0 
7f5cdea29000-7f5cdea3f000 r-xp 00000000 07:00 234620                     /lib/x86_64-linux-gnu/libz.so.1.2.3.4
7f5cdea3f000-7f5cdec3e000 ---p 00016000 07:00 234620                     /lib/x86_64-linux-gnu/libz.so.1.2.3.4
7f5cdec3e000-7f5cdec3f000 r--p 00015000 07:00 234620                     /lib/x86_64-linux-gnu/libz.so.1.2.3.4
7f5cdec3f000-7f5cdec40000 rw-p 00016000 07:00 234620                     /lib/x86_64-linux-gnu/libz.so.1.2.3.4
7f5cdec40000-7f5cdec58000 r-xp 00000000 07:00 1355788                    /lib/x86_64-linux-gnu/libpthread-2.15.so
7f5cdec58000-7f5cdee57000 ---p 00018000 07:00 1355788                    /lib/x86_64-linux-gnu/libpthread-2.15.so
7f5cdee57000-7f5cdee58000 r--p 00017000 07:00 1355788                    /lib/x86_64-linux-gnu/libpthread-2.15.so
7f5cdee58000-7f5cdee59000 rw-p 00018000 07:00 1355788                    /lib/x86_64-linux-gnu/libpthread-2.15.so
7f5cdee59000-7f5cdee5d000 rw-p 00000000 00:00 0 
7f5cdee5d000-7f5cdee5f000 r-xp 00000000 07:00 1355794                    /lib/x86_64-linux-gnu/libdl-2.15.so
7f5cdee5f000-7f5cdf05f000 ---p 00002000 07:00 1355794                    /lib/x86_64-linux-gnu/libdl-2.15.so
7f5cdf05f000-7f5cdf060000 r--p 00002000 07:00 1355794                    /lib/x86_64-linux-gnu/libdl-2.15.so
7f5cdf060000-7f5cdf061000 rw-p 00003000 07:00 1355794                    /lib/x86_64-linux-gnu/libdl-2.15.so
7f5cdf061000-7f5cdf216000 r-xp 00000000 07:00 1355779                    /lib/x86_64-linux-gnu/libc-2.15.so
7f5cdf216000-7f5cdf416000 ---p 001b5000 07:00 1355779                    /lib/x86_64-linux-gnu/libc-2.15.so
7f5cdf416000-7f5cdf41a000 r--p 001b5000 07:00 1355779                    /lib/x86_64-linux-gnu/libc-2.15.so
7f5cdf41a000-7f5cdf41c000 rw-p 001b9000 07:00 1355779                    /lib/x86_64-linux-gnu/libc-2.15.so
7f5cdf41c000-7f5cdf421000 rw-p 00000000 00:00 0 
7f5cdf421000-7f5cdf42e000 r-xp 00000000 07:00 332802                     /usr/lib/jvm/java-7-openjdk-amd64/jre/lib/amd64/jli/libjli.so
7f5cdf42e000-7f5cdf62d000 ---p 0000d000 07:00 332802                     /usr/lib/jvm/java-7-openjdk-amd64/jre/lib/amd64/jli/libjli.so
7f5cdf62d000-7f5cdf62e000 r--p 0000c000 07:00 332802                     /usr/lib/jvm/java-7-openjdk-amd64/jre/lib/amd64/jli/libjli.so
7f5cdf62e000-7f5cdf62f000 rw-p 0000d000 07:00 332802                     /usr/lib/jvm/java-7-openjdk-amd64/jre/lib/amd64/jli/libjli.so
7f5cdf62f000-7f5cdf651000 r-xp 00000000 07:00 1355791                    /lib/x86_64-linux-gnu/ld-2.15.so
7f5cdf652000-7f5cdf653000 rw-p 00000000 00:00 0 
7f5cdf653000-7f5cdf655000 r--s 00007000 07:00 10007                      /usr/share/java/hamcrest-core-1.1.jar
7f5cdf655000-7f5cdf657000 r--s 00007000 07:00 10007                      /usr/share/java/hamcrest-core-1.1.jar
7f5cdf657000-7f5cdf659000 r--s 00024000 07:00 561277                     /home/aivanov/workspace/MaslabDemo/resources/jSSC-2.6.0-Release/jssc.jar
7f5cdf659000-7f5cdf669000 r--s 000a6000 07:00 561294                     /home/aivanov/workspace/MaslabDemo/resources/jts-1.12.jar
7f5cdf669000-7f5cdf66e000 r--s 00054000 07:00 561261                     /home/aivanov/workspace/MaslabDemo/resources/javaGeom-0.11.1.jar
7f5cdf66e000-7f5cdf678000 rw-p 00000000 00:00 0 
7f5cdf678000-7f5cdf72e000 rw-p 00000000 00:00 0 
7f5cdf72e000-7f5cdf731000 ---p 00000000 00:00 0 
7f5cdf731000-7f5cdf834000 rw-p 00000000 00:00 0                          [stack:10869]
7f5cdf834000-7f5cdf837000 r--s 0000f000 07:00 300036                     /usr/lib/jvm/java-7-openjdk-common/jre/lib/ext/pulse-java.jar
7f5cdf837000-7f5cdf83a000 r--s 0003c000 07:00 300037                     /usr/lib/jvm/java-7-openjdk-common/jre/lib/ext/sunpkcs11.jar
7f5cdf83a000-7f5cdf83b000 r--s 00002000 07:00 300034                     /usr/lib/jvm/java-7-openjdk-common/jre/lib/ext/dnsns.jar
7f5cdf83b000-7f5cdf83d000 r--s 00012000 07:00 300039                     /usr/lib/jvm/java-7-openjdk-common/jre/lib/ext/zipfs.jar
7f5cdf83d000-7f5cdf83e000 r--s 00007000 07:00 9787                       /usr/share/java/java-atk-wrapper.jar
7f5cdf83e000-7f5cdf842000 r--s 00085000 07:00 300038                     /usr/lib/jvm/java-7-openjdk-common/jre/lib/ext/localedata.jar
7f5cdf842000-7f5cdf845000 r--s 00032000 07:00 300035                     /usr/lib/jvm/java-7-openjdk-common/jre/lib/ext/sunjce_provider.jar
7f5cdf845000-7f5cdf84d000 rw-s 00000000 07:00 491525                     /tmp/hsperfdata_aivanov/10864
7f5cdf84d000-7f5cdf84e000 rw-p 00000000 00:00 0 
7f5cdf84e000-7f5cdf84f000 ---p 00000000 00:00 0 
7f5cdf84f000-7f5cdf851000 rw-p 00000000 00:00 0 
7f5cdf851000-7f5cdf852000 r--p 00022000 07:00 1355791                    /lib/x86_64-linux-gnu/ld-2.15.so
7f5cdf852000-7f5cdf854000 rw-p 00023000 07:00 1355791                    /lib/x86_64-linux-gnu/ld-2.15.so
7fffa0f63000-7fffa0f84000 rw-p 00000000 00:00 0                          [stack]
7fffa0ffe000-7fffa1000000 r-xp 00000000 00:00 0                          [vdso]
ffffffffff600000-ffffffffff601000 r-xp 00000000 00:00 0                  [vsyscall]

VM Arguments:
jvm_args: -Djava.library.path=/home/aivanov/Downloads/opencv-2.4.8/build3/lib -Dfile.encoding=ANSI_X3.4-1968 
java_command: game.StateMachine
Launcher Type: SUN_STANDARD

Environment Variables:
PATH=/usr/lib/lightdm/lightdm:/usr/local/sbin:/usr/local/bin:/usr/sbin:/usr/bin:/sbin:/bin:/usr/games:/usr/local/llvm/bin
LD_LIBRARY_PATH=/usr/lib/jvm/java-7-openjdk-amd64/jre/lib/amd64/server:/usr/lib/jvm/java-7-openjdk-amd64/jre/lib/amd64:/usr/lib/jvm/java-7-openjdk-amd64/jre/../lib/amd64:/usr/lib/jvm/java-6-openjdk-amd64/jre/lib/amd64/server:/usr/lib/jvm/java-6-openjdk-amd64/jre/lib/amd64:/usr/lib/jvm/java-6-openjdk-amd64/jre/../lib/amd64
SHELL=/bin/bash
DISPLAY=:0.0

Signal Handlers:
SIGSEGV: [libjvm.so+0x83b2a0], sa_mask[0]=0x7ffbfeff, sa_flags=0x10000004
SIGBUS: [libjvm.so+0x83b2a0], sa_mask[0]=0x7ffbfeff, sa_flags=0x10000004
SIGFPE: [libjvm.so+0x6dc040], sa_mask[0]=0x7ffbfeff, sa_flags=0x10000004
SIGPIPE: [libjvm.so+0x6dc040], sa_mask[0]=0x7ffbfeff, sa_flags=0x10000004
SIGXFSZ: [libjvm.so+0x6dc040], sa_mask[0]=0x7ffbfeff, sa_flags=0x10000004
SIGILL: [libjvm.so+0x6dc040], sa_mask[0]=0x7ffbfeff, sa_flags=0x10000004
SIGUSR1: SIG_DFL, sa_mask[0]=0x00000000, sa_flags=0x00000000
SIGUSR2: [libjvm.so+0x6dc480], sa_mask[0]=0x00000004, sa_flags=0x10000004
SIGHUP: [libjvm.so+0x6dc5c0], sa_mask[0]=0x7ffbfeff, sa_flags=0x10000004
SIGINT: [libjvm.so+0x6dc5c0], sa_mask[0]=0x7ffbfeff, sa_flags=0x10000004
SIGTERM: [libjvm.so+0x6dc5c0], sa_mask[0]=0x7ffbfeff, sa_flags=0x10000004
SIGQUIT: [libjvm.so+0x6dc5c0], sa_mask[0]=0x7ffbfeff, sa_flags=0x10000004


---------------  S Y S T E M  ---------------

OS:Ubuntu 12.04 (precise)
uname:Linux 3.8.0-29-generic #42~precise1-Ubuntu SMP Wed Aug 14 16:19:23 UTC 2013 x86_64
libc:glibc 2.15 NPTL 2.15 
rlimit: STACK 8192k, CORE 0k, NPROC 62891, NOFILE 4096, AS infinity
load average:2.67 2.69 2.25

/proc/meminfo:
MemTotal:        8068788 kB
MemFree:          224600 kB
Buffers:         1732048 kB
Cached:          3153140 kB
SwapCached:            0 kB
Active:          3931964 kB
Inactive:        3526468 kB
Active(anon):    2310972 kB
Inactive(anon):   813608 kB
Active(file):    1620992 kB
Inactive(file):  2712860 kB
Unevictable:        1504 kB
Mlocked:               0 kB
SwapTotal:        262140 kB
SwapFree:         262140 kB
Dirty:               116 kB
Writeback:             0 kB
AnonPages:       2574952 kB
Mapped:           279244 kB
Shmem:            549948 kB
Slab:             241628 kB
SReclaimable:     202652 kB
SUnreclaim:        38976 kB
KernelStack:        4776 kB
PageTables:        36760 kB
NFS_Unstable:          0 kB
Bounce:                0 kB
WritebackTmp:          0 kB
CommitLimit:     4296532 kB
Committed_AS:    5612804 kB
VmallocTotal:   34359738367 kB
VmallocUsed:      414292 kB
VmallocChunk:   34359256036 kB
HardwareCorrupted:     0 kB
AnonHugePages:         0 kB
HugePages_Total:       0
HugePages_Free:        0
HugePages_Rsvd:        0
HugePages_Surp:        0
Hugepagesize:       2048 kB
DirectMap4k:      208892 kB
DirectMap2M:     8075264 kB


CPU:total 8 (4 cores per cpu, 2 threads per core) family 6 model 42 stepping 7, cmov, cx8, fxsr, mmx, sse, sse2, sse3, ssse3, sse4.1, sse4.2, popcnt, avx, ht, tsc, tscinvbit

/proc/cpuinfo:
processor	: 0
vendor_id	: GenuineIntel
cpu family	: 6
model		: 42
model name	: Intel(R) Core(TM) i7-2670QM CPU @ 2.20GHz
stepping	: 7
microcode	: 0x23
cpu MHz		: 800.000
cache size	: 6144 KB
physical id	: 0
siblings	: 8
core id		: 0
cpu cores	: 4
apicid		: 0
initial apicid	: 0
fpu		: yes
fpu_exception	: yes
cpuid level	: 13
wp		: yes
flags		: fpu vme de pse tsc msr pae mce cx8 apic sep mtrr pge mca cmov pat pse36 clflush dts acpi mmx fxsr sse sse2 ss ht tm pbe syscall nx rdtscp lm constant_tsc arch_perfmon pebs bts nopl xtopology nonstop_tsc aperfmperf eagerfpu pni pclmulqdq dtes64 monitor ds_cpl vmx est tm2 ssse3 cx16 xtpr pdcm pcid sse4_1 sse4_2 x2apic popcnt tsc_deadline_timer aes xsave avx lahf_lm ida arat epb xsaveopt pln pts dtherm tpr_shadow vnmi flexpriority ept vpid
bogomips	: 4389.69
clflush size	: 64
cache_alignment	: 64
address sizes	: 36 bits physical, 48 bits virtual
power management:

processor	: 1
vendor_id	: GenuineIntel
cpu family	: 6
model		: 42
model name	: Intel(R) Core(TM) i7-2670QM CPU @ 2.20GHz
stepping	: 7
microcode	: 0x23
cpu MHz		: 2200.000
cache size	: 6144 KB
physical id	: 0
siblings	: 8
core id		: 0
cpu cores	: 4
apicid		: 1
initial apicid	: 1
fpu		: yes
fpu_exception	: yes
cpuid level	: 13
wp		: yes
flags		: fpu vme de pse tsc msr pae mce cx8 apic sep mtrr pge mca cmov pat pse36 clflush dts acpi mmx fxsr sse sse2 ss ht tm pbe syscall nx rdtscp lm constant_tsc arch_perfmon pebs bts nopl xtopology nonstop_tsc aperfmperf eagerfpu pni pclmulqdq dtes64 monitor ds_cpl vmx est tm2 ssse3 cx16 xtpr pdcm pcid sse4_1 sse4_2 x2apic popcnt tsc_deadline_timer aes xsave avx lahf_lm ida arat epb xsaveopt pln pts dtherm tpr_shadow vnmi flexpriority ept vpid
bogomips	: 4389.69
clflush size	: 64
cache_alignment	: 64
address sizes	: 36 bits physical, 48 bits virtual
power management:

processor	: 2
vendor_id	: GenuineIntel
cpu family	: 6
model		: 42
model name	: Intel(R) Core(TM) i7-2670QM CPU @ 2.20GHz
stepping	: 7
microcode	: 0x23
cpu MHz		: 800.000
cache size	: 6144 KB
physical id	: 0
siblings	: 8
core id		: 1
cpu cores	: 4
apicid		: 2
initial apicid	: 2
fpu		: yes
fpu_exception	: yes
cpuid level	: 13
wp		: yes
flags		: fpu vme de pse tsc msr pae mce cx8 apic sep mtrr pge mca cmov pat pse36 clflush dts acpi mmx fxsr sse sse2 ss ht tm pbe syscall nx rdtscp lm constant_tsc arch_perfmon pebs bts nopl xtopology nonstop_tsc aperfmperf eagerfpu pni pclmulqdq dtes64 monitor ds_cpl vmx est tm2 ssse3 cx16 xtpr pdcm pcid sse4_1 sse4_2 x2apic popcnt tsc_deadline_timer aes xsave avx lahf_lm ida arat epb xsaveopt pln pts dtherm tpr_shadow vnmi flexpriority ept vpid
bogomips	: 4389.69
clflush size	: 64
cache_alignment	: 64
address sizes	: 36 bits physical, 48 bits virtual
power management:

processor	: 3
vendor_id	: GenuineIntel
cpu family	: 6
model		: 42
model name	: Intel(R) Core(TM) i7-2670QM CPU @ 2.20GHz
stepping	: 7
microcode	: 0x23
cpu MHz		: 800.000
cache size	: 6144 KB
physical id	: 0
siblings	: 8
core id		: 1
cpu cores	: 4
apicid		: 3
initial apicid	: 3
fpu		: yes
fpu_exception	: yes
cpuid level	: 13
wp		: yes
flags		: fpu vme de pse tsc msr pae mce cx8 apic sep mtrr pge mca cmov pat pse36 clflush dts acpi mmx fxsr sse sse2 ss ht tm pbe syscall nx rdtscp lm constant_tsc arch_perfmon pebs bts nopl xtopology nonstop_tsc aperfmperf eagerfpu pni pclmulqdq dtes64 monitor ds_cpl vmx est tm2 ssse3 cx16 xtpr pdcm pcid sse4_1 sse4_2 x2apic popcnt tsc_deadline_timer aes xsave avx lahf_lm ida arat epb xsaveopt pln pts dtherm tpr_shadow vnmi flexpriority ept vpid
bogomips	: 4389.69
clflush size	: 64
cache_alignment	: 64
address sizes	: 36 bits physical, 48 bits virtual
power management:

processor	: 4
vendor_id	: GenuineIntel
cpu family	: 6
model		: 42
model name	: Intel(R) Core(TM) i7-2670QM CPU @ 2.20GHz
stepping	: 7
microcode	: 0x23
cpu MHz		: 800.000
cache size	: 6144 KB
physical id	: 0
siblings	: 8
core id		: 2
cpu cores	: 4
apicid		: 4
initial apicid	: 4
fpu		: yes
fpu_exception	: yes
cpuid level	: 13
wp		: yes
flags		: fpu vme de pse tsc msr pae mce cx8 apic sep mtrr pge mca cmov pat pse36 clflush dts acpi mmx fxsr sse sse2 ss ht tm pbe syscall nx rdtscp lm constant_tsc arch_perfmon pebs bts nopl xtopology nonstop_tsc aperfmperf eagerfpu pni pclmulqdq dtes64 monitor ds_cpl vmx est tm2 ssse3 cx16 xtpr pdcm pcid sse4_1 sse4_2 x2apic popcnt tsc_deadline_timer aes xsave avx lahf_lm ida arat epb xsaveopt pln pts dtherm tpr_shadow vnmi flexpriority ept vpid
bogomips	: 4389.69
clflush size	: 64
cache_alignment	: 64
address sizes	: 36 bits physical, 48 bits virtual
power management:

processor	: 5
vendor_id	: GenuineIntel
cpu family	: 6
model		: 42
model name	: Intel(R) Core(TM) i7-2670QM CPU @ 2.20GHz
stepping	: 7
microcode	: 0x23
cpu MHz		: 800.000
cache size	: 6144 KB
physical id	: 0
siblings	: 8
core id		: 2
cpu cores	: 4
apicid		: 5
initial apicid	: 5
fpu		: yes
fpu_exception	: yes
cpuid level	: 13
wp		: yes
flags		: fpu vme de pse tsc msr pae mce cx8 apic sep mtrr pge mca cmov pat pse36 clflush dts acpi mmx fxsr sse sse2 ss ht tm pbe syscall nx rdtscp lm constant_tsc arch_perfmon pebs bts nopl xtopology nonstop_tsc aperfmperf eagerfpu pni pclmulqdq dtes64 monitor ds_cpl vmx est tm2 ssse3 cx16 xtpr pdcm pcid sse4_1 sse4_2 x2apic popcnt tsc_deadline_timer aes xsave avx lahf_lm ida arat epb xsaveopt pln pts dtherm tpr_shadow vnmi flexpriority ept vpid
bogomips	: 4389.69
clflush size	: 64
cache_alignment	: 64
address sizes	: 36 bits physical, 48 bits virtual
power management:

processor	: 6
vendor_id	: GenuineIntel
cpu family	: 6
model		: 42
model name	: Intel(R) Core(TM) i7-2670QM CPU @ 2.20GHz
stepping	: 7
microcode	: 0x23
cpu MHz		: 800.000
cache size	: 6144 KB
physical id	: 0
siblings	: 8
core id		: 3
cpu cores	: 4
apicid		: 6
initial apicid	: 6
fpu		: yes
fpu_exception	: yes
cpuid level	: 13
wp		: yes
flags		: fpu vme de pse tsc msr pae mce cx8 apic sep mtrr pge mca cmov pat pse36 clflush dts acpi mmx fxsr sse sse2 ss ht tm pbe syscall nx rdtscp lm constant_tsc arch_perfmon pebs bts nopl xtopology nonstop_tsc aperfmperf eagerfpu pni pclmulqdq dtes64 monitor ds_cpl vmx est tm2 ssse3 cx16 xtpr pdcm pcid sse4_1 sse4_2 x2apic popcnt tsc_deadline_timer aes xsave avx lahf_lm ida arat epb xsaveopt pln pts dtherm tpr_shadow vnmi flexpriority ept vpid
bogomips	: 4389.69
clflush size	: 64
cache_alignment	: 64
address sizes	: 36 bits physical, 48 bits virtual
power management:

processor	: 7
vendor_id	: GenuineIntel
cpu family	: 6
model		: 42
model name	: Intel(R) Core(TM) i7-2670QM CPU @ 2.20GHz
stepping	: 7
microcode	: 0x23
cpu MHz		: 2200.000
cache size	: 6144 KB
physical id	: 0
siblings	: 8
core id		: 3
cpu cores	: 4
apicid		: 7
initial apicid	: 7
fpu		: yes
fpu_exception	: yes
cpuid level	: 13
wp		: yes
flags		: fpu vme de pse tsc msr pae mce cx8 apic sep mtrr pge mca cmov pat pse36 clflush dts acpi mmx fxsr sse sse2 ss ht tm pbe syscall nx rdtscp lm constant_tsc arch_perfmon pebs bts nopl xtopology nonstop_tsc aperfmperf eagerfpu pni pclmulqdq dtes64 monitor ds_cpl vmx est tm2 ssse3 cx16 xtpr pdcm pcid sse4_1 sse4_2 x2apic popcnt tsc_deadline_timer aes xsave avx lahf_lm ida arat epb xsaveopt pln pts dtherm tpr_shadow vnmi flexpriority ept vpid
bogomips	: 4389.69
clflush size	: 64
cache_alignment	: 64
address sizes	: 36 bits physical, 48 bits virtual
power management:



Memory: 4k page, physical 8068788k(224600k free), swap 262140k(262140k free)

vm_info: OpenJDK 64-Bit Server VM (23.7-b01) for linux-amd64 JRE (1.7.0_25-b30), built on Jul 15 2013 20:38:06 by "buildd" with gcc 4.6.3

time: Wed Jan 29 13:07:00 2014
elapsed time: 1758 seconds

