#
# A fatal error has been detected by the Java Runtime Environment:
#
#  SIGSEGV (0xb) at pc=0x00007ff1a54dc998, pid=3836, tid=140675848292096
#
# JRE version: 6.0_27-b27
# Java VM: OpenJDK 64-Bit Server VM (20.0-b12 mixed mode linux-amd64 compressed oops)
# Derivative: IcedTea6 1.12.6
# Distribution: Ubuntu 12.04 LTS, package 6b27-1.12.6-1ubuntu0.12.04.4
# Problematic frame:
# C  [libc.so.6+0x14a998]  __nss_hosts_lookup+0x18918
#
# If you would like to submit a bug report, please include
# instructions how to reproduce the bug and visit:
#   https://bugs.launchpad.net/ubuntu/+source/openjdk-6/
# The crash happened outside the Java Virtual Machine in native code.
# See problematic frame for where to report the bug.
#

---------------  T H R E A D  ---------------

Current thread (0x00007ff19c008000):  JavaThread "main" [_thread_in_native, id=3841, stack(0x00007ff1a5e74000,0x00007ff1a5f75000)]

siginfo:si_signo=SIGSEGV: si_errno=0, si_code=1 (SEGV_MAPERR), si_addr=0x00007ff127fff13a

Registers:
RAX=0x00007ff127fff13a, RBX=0x00007ff133f2e5c0, RCX=0x0000000000000000, RDX=0x00007ff1a54d00ff
RSP=0x00007ff1a5f736e8, RBP=0x0000000000000000, RSI=0x00000007d7311b73, RDI=0x00007ff127fff13d
R8 =0x00000000fffffffe, R9 =0x0000000000000003, R10=0x00007ff199010d3b, R11=0x00007ff1a5515e50
R12=0x00000000fffffffe, R13=0xfffffffffffff100, R14=0x0000000000000003, R15=0x00007ff19c0081d0
RIP=0x00007ff1a54dc998, EFLAGS=0x0000000000010202, CSGSFS=0x0000000000000033, ERR=0x0000000000000006
  TRAPNO=0x000000000000000e

Top of Stack: (sp=0x00007ff1a5f736e8)
0x00007ff1a5f736e8:   00007ff156fa2953 00007ff1a5f737e8
0x00007ff1a5f736f8:   00007ff19900585a 000000037ab7a798
0x00007ff1a5f73708:   00000007d7311b70 0000000000000001
0x00007ff1a5f73718:   000000077ab874e0 00007ff1a5f737c8
0x00007ff1a5f73728:   0000000000000000 000000077ab874e0
0x00007ff1a5f73738:   00007ff1a5f73810 00007ff19c008000
0x00007ff1a5f73748:   00007ff199010d68 00007ff1a5f737e8
0x00007ff1a5f73758:   4072900000000000 0000000000000000
0x00007ff1a5f73768:   4074b00000000000 00000007d7311a40
0x00007ff1a5f73778:   4072900000000000 00000007d73119c0
0x00007ff1a5f73788:   00007ff1a5f73788 0000000000000000
0x00007ff1a5f73798:   00007ff1a5f73810 000000077aba5170
0x00007ff1a5f737a8:   0000000000000000 000000077ab874e0
0x00007ff1a5f737b8:   0000000000000000 00007ff1a5f73820
0x00007ff1a5f737c8:   00000000fffffffe 00007ff199093728
0x00007ff1a5f737d8:   000000077ab88090 00007ff19900df56
0x00007ff1a5f737e8:   00000007d7311b60 00007ff100000003
0x00007ff1a5f737f8:   00000000fffffffe 00000007fffffffe
0x00007ff1a5f73808:   00007ff133f2e5c0 00000000fffffffe
0x00007ff1a5f73818:   00007ff199093728 00000007d730f748
0x00007ff1a5f73828:   00000007d7310b18 fffffffe00000002
0x00007ff1a5f73838:   00000007d730f9d8 00000003fffffffe
0x00007ff1a5f73848:   00000007d703abc8 00000007d730f778
0x00007ff1a5f73858:   00000007d7311b60 00000007fffffffe
0x00007ff1a5f73868:   0000000c00000001 00000007d73118f0
0x00007ff1a5f73878:   0000000700000000 3feae147ae147ae1
0x00007ff1a5f73888:   0000000000000078 00000007d73114a0
0x00007ff1a5f73898:   00007ff1a5f738f8 00007ff1a5f73950
0x00007ff1a5f738a8:   3feae147ae147ae1 0000000000000007
0x00007ff1a5f738b8:   0000000100000000 0000000000000001
0x00007ff1a5f738c8:   0000000000000000 00007ff1a5f73950
0x00007ff1a5f738d8:   00007ff19900585a 00007ff19900585a 

Instructions: (pc=0x00007ff1a54dc998)
0x00007ff1a54dc978:   7f 47 ed f3 0f 7f 4f f0 c3 66 66 66 66 66 66 2e
0x00007ff1a54dc988:   0f 1f 84 00 00 00 00 00 66 8b 56 fd 66 8b 4e fe
0x00007ff1a54dc998:   66 89 57 fd 66 89 4f fe c3 66 66 66 66 66 66 2e
0x00007ff1a54dc9a8:   0f 1f 84 00 00 00 00 00 f2 0f f0 86 7e ff ff ff 

Register to memory mapping:

RAX=0x00007ff127fff13a is an unknown value
RBX=0x00007ff133f2e5c0 is an unknown value
RCX=0x0000000000000000 is an unknown value
RDX=0x00007ff1a54d00ff: <offset 0x13e0ff> in /lib/x86_64-linux-gnu/libc.so.6 at 0x00007ff1a5392000
RSP=0x00007ff1a5f736e8 is pointing into the stack for thread: 0x00007ff19c008000
RBP=0x0000000000000000 is an unknown value
RSI=0x00000007d7311b73 is an unknown value
RDI=0x00007ff127fff13d is an unknown value
R8 =0x00000000fffffffe is an unknown value
R9 =0x0000000000000003 is an unknown value
R10=0x00007ff199010d3b is an Interpreter codelet
method entry point (kind = native)  [0x00007ff199010ae0, 0x00007ff199011320]  2112 bytes
R11=0x00007ff1a5515e50: <offset 0x183e50> in /lib/x86_64-linux-gnu/libc.so.6 at 0x00007ff1a5392000
R12=0x00000000fffffffe is an unknown value
R13=0xfffffffffffff100 is an unknown value
R14=0x0000000000000003 is an unknown value
R15=0x00007ff19c0081d0 is an unknown value


Stack: [0x00007ff1a5e74000,0x00007ff1a5f75000],  sp=0x00007ff1a5f736e8,  free space=1021k
Native frames: (J=compiled Java code, j=interpreted, Vv=VM code, C=native code)
C  [libc.so.6+0x14a998]  __nss_hosts_lookup+0x18918

[error occurred during error reporting (printing native stack), id 0xb]

Java frames: (J=compiled Java code, j=interpreted, Vv=VM code)
j  org.opencv.core.Mat.nPutB(JIII[B)I+0
J  vision.ImageProcessor.analyzeContours([Lvision/Contour;Ljava/awt/Color;Lvision/VisionDetector;Lorg/opencv/core/Mat;)V
j  vision.ImageProcessor.process(Lorg/opencv/core/Mat;)Lvision/VisionDetector;+192
j  vision.Main.main([Ljava/lang/String;)V+83
v  ~StubRoutines::call_stub

---------------  P R O C E S S  ---------------

Java Threads: ( => current thread )
  0x00007ff19c0a8000 JavaThread "Low Memory Detector" daemon [_thread_blocked, id=3856, stack(0x00007ff1a0938000,0x00007ff1a0a39000)]
  0x00007ff19c0a5800 JavaThread "C2 CompilerThread1" daemon [_thread_blocked, id=3855, stack(0x00007ff1a0a39000,0x00007ff1a0b3a000)]
  0x00007ff19c0a2800 JavaThread "C2 CompilerThread0" daemon [_thread_blocked, id=3854, stack(0x00007ff1a0b3a000,0x00007ff1a0c3b000)]
  0x00007ff19c0a1800 JavaThread "Signal Dispatcher" daemon [_thread_blocked, id=3853, stack(0x00007ff1a0c3b000,0x00007ff1a0d3c000)]
  0x00007ff19c080000 JavaThread "Finalizer" daemon [_thread_blocked, id=3852, stack(0x00007ff1a1005000,0x00007ff1a1106000)]
  0x00007ff19c07e000 JavaThread "Reference Handler" daemon [_thread_blocked, id=3851, stack(0x00007ff1a1106000,0x00007ff1a1207000)]
=>0x00007ff19c008000 JavaThread "main" [_thread_in_native, id=3841, stack(0x00007ff1a5e74000,0x00007ff1a5f75000)]

Other Threads:
  0x00007ff19c079000 VMThread [stack: 0x00007ff1a1207000,0x00007ff1a1308000] [id=3850]
  0x00007ff19c0b2800 WatcherThread [stack: 0x00007ff1a0837000,0x00007ff1a0938000] [id=3857]

VM state:not at safepoint (normal execution)

VM Mutex/Monitor currently owned by a thread: None

Heap
 PSYoungGen      total 36736K, used 3801K [0x00000007d6f60000, 0x00000007d9860000, 0x0000000800000000)
  eden space 31488K, 12% used [0x00000007d6f60000,0x00000007d73164a0,0x00000007d8e20000)
  from space 5248K, 0% used [0x00000007d9340000,0x00000007d9340000,0x00000007d9860000)
  to   space 5248K, 0% used [0x00000007d8e20000,0x00000007d8e20000,0x00000007d9340000)
 PSOldGen        total 84096K, used 0K [0x0000000784e00000, 0x000000078a020000, 0x00000007d6f60000)
  object space 84096K, 0% used [0x0000000784e00000,0x0000000784e00000,0x000000078a020000)
 PSPermGen       total 21248K, used 4355K [0x000000077a800000, 0x000000077bcc0000, 0x0000000784e00000)
  object space 21248K, 20% used [0x000000077a800000,0x000000077ac40fa0,0x000000077bcc0000)

Code Cache  [0x00007ff199000000, 0x00007ff199270000, 0x00007ff19c000000)
 total_blobs=401 nmethods=11 adapters=345 free_code_cache=49739648 largest_free_block=22592

Dynamic libraries:
00400000-00409000 r-xp 00000000 07:00 533511                             /usr/lib/jvm/java-6-openjdk-amd64/jre/bin/java
00608000-00609000 r--p 00008000 07:00 533511                             /usr/lib/jvm/java-6-openjdk-amd64/jre/bin/java
00609000-0060a000 rw-p 00009000 07:00 533511                             /usr/lib/jvm/java-6-openjdk-amd64/jre/bin/java
0231f000-02340000 rw-p 00000000 00:00 0                                  [heap]
77a800000-77bcc0000 rw-p 00000000 00:00 0 
77bcc0000-784e00000 rw-p 00000000 00:00 0 
784e00000-78a020000 rw-p 00000000 00:00 0 
78a020000-7d6f60000 rw-p 00000000 00:00 0 
7d6f60000-7d9860000 rw-p 00000000 00:00 0 
7d9860000-800000000 rw-p 00000000 00:00 0 
7ff128000000-7ff128221000 rw-p 00000000 00:00 0 
7ff128221000-7ff12c000000 ---p 00000000 00:00 0 
7ff130000000-7ff133fca000 rw-p 00000000 00:00 0 
7ff133fca000-7ff134000000 ---p 00000000 00:00 0 
7ff138000000-7ff13bfc7000 rw-p 00000000 00:00 0 
7ff13bfc7000-7ff13c000000 ---p 00000000 00:00 0 
7ff140000000-7ff143fcc000 rw-p 00000000 00:00 0 
7ff143fcc000-7ff144000000 ---p 00000000 00:00 0 
7ff148000000-7ff14bfce000 rw-p 00000000 00:00 0 
7ff14bfce000-7ff14c000000 ---p 00000000 00:00 0 
7ff150000000-7ff153fd2000 rw-p 00000000 00:00 0 
7ff153fd2000-7ff154000000 ---p 00000000 00:00 0 
7ff156569000-7ff15656e000 r-xp 00000000 07:00 113447                     /usr/lib/x86_64-linux-gnu/libXdmcp.so.6.0.0
7ff15656e000-7ff15676d000 ---p 00005000 07:00 113447                     /usr/lib/x86_64-linux-gnu/libXdmcp.so.6.0.0
7ff15676d000-7ff15676e000 r--p 00004000 07:00 113447                     /usr/lib/x86_64-linux-gnu/libXdmcp.so.6.0.0
7ff15676e000-7ff15676f000 rw-p 00005000 07:00 113447                     /usr/lib/x86_64-linux-gnu/libXdmcp.so.6.0.0
7ff15676f000-7ff156771000 r-xp 00000000 07:00 113586                     /usr/lib/x86_64-linux-gnu/libXau.so.6.0.0
7ff156771000-7ff156970000 ---p 00002000 07:00 113586                     /usr/lib/x86_64-linux-gnu/libXau.so.6.0.0
7ff156970000-7ff156971000 r--p 00001000 07:00 113586                     /usr/lib/x86_64-linux-gnu/libXau.so.6.0.0
7ff156971000-7ff156972000 rw-p 00002000 07:00 113586                     /usr/lib/x86_64-linux-gnu/libXau.so.6.0.0
7ff156972000-7ff15698f000 r-xp 00000000 07:00 93302                      /usr/lib/x86_64-linux-gnu/libxcb.so.1.1.0
7ff15698f000-7ff156b8e000 ---p 0001d000 07:00 93302                      /usr/lib/x86_64-linux-gnu/libxcb.so.1.1.0
7ff156b8e000-7ff156b8f000 r--p 0001c000 07:00 93302                      /usr/lib/x86_64-linux-gnu/libxcb.so.1.1.0
7ff156b8f000-7ff156b90000 rw-p 0001d000 07:00 93302                      /usr/lib/x86_64-linux-gnu/libxcb.so.1.1.0
7ff156b90000-7ff156b9f000 r-xp 00000000 07:00 1411175                    /usr/lib/x86_64-linux-gnu/libXi.so.6.1.0
7ff156b9f000-7ff156d9e000 ---p 0000f000 07:00 1411175                    /usr/lib/x86_64-linux-gnu/libXi.so.6.1.0
7ff156d9e000-7ff156d9f000 r--p 0000e000 07:00 1411175                    /usr/lib/x86_64-linux-gnu/libXi.so.6.1.0
7ff156d9f000-7ff156da0000 rw-p 0000f000 07:00 1411175                    /usr/lib/x86_64-linux-gnu/libXi.so.6.1.0
7ff156da0000-7ff157d1d000 r-xp 00000000 07:00 34398                      /home/aivanov/Downloads/opencv-2.4.8/build/lib/libopencv_java248.so
7ff157d1d000-7ff157f1d000 ---p 00f7d000 07:00 34398                      /home/aivanov/Downloads/opencv-2.4.8/build/lib/libopencv_java248.so
7ff157f1d000-7ff157f41000 r--p 00f7d000 07:00 34398                      /home/aivanov/Downloads/opencv-2.4.8/build/lib/libopencv_java248.so
7ff157f41000-7ff157f5c000 rw-p 00fa1000 07:00 34398                      /home/aivanov/Downloads/opencv-2.4.8/build/lib/libopencv_java248.so
7ff157f5c000-7ff158000000 rw-p 00000000 00:00 0 
7ff158000000-7ff158021000 rw-p 00000000 00:00 0 
7ff158021000-7ff15c000000 ---p 00000000 00:00 0 
7ff15c000000-7ff15c021000 rw-p 00000000 00:00 0 
7ff15c021000-7ff160000000 ---p 00000000 00:00 0 
7ff160000000-7ff161490000 rw-p 00000000 00:00 0 
7ff161490000-7ff164000000 ---p 00000000 00:00 0 
7ff164000000-7ff1646e0000 rw-p 00000000 00:00 0 
7ff1646e0000-7ff168000000 ---p 00000000 00:00 0 
7ff168000000-7ff168021000 rw-p 00000000 00:00 0 
7ff168021000-7ff16c000000 ---p 00000000 00:00 0 
7ff16c000000-7ff16c021000 rw-p 00000000 00:00 0 
7ff16c021000-7ff170000000 ---p 00000000 00:00 0 
7ff170000000-7ff170021000 rw-p 00000000 00:00 0 
7ff170021000-7ff174000000 ---p 00000000 00:00 0 
7ff174000000-7ff174021000 rw-p 00000000 00:00 0 
7ff174021000-7ff178000000 ---p 00000000 00:00 0 
7ff178000000-7ff178021000 rw-p 00000000 00:00 0 
7ff178021000-7ff17c000000 ---p 00000000 00:00 0 
7ff17c000000-7ff17c021000 rw-p 00000000 00:00 0 
7ff17c021000-7ff180000000 ---p 00000000 00:00 0 
7ff180000000-7ff180021000 rw-p 00000000 00:00 0 
7ff180021000-7ff184000000 ---p 00000000 00:00 0 
7ff184000000-7ff184021000 rw-p 00000000 00:00 0 
7ff184021000-7ff188000000 ---p 00000000 00:00 0 
7ff188000000-7ff188021000 rw-p 00000000 00:00 0 
7ff188021000-7ff18c000000 ---p 00000000 00:00 0 
7ff18c000000-7ff18c021000 rw-p 00000000 00:00 0 
7ff18c021000-7ff190000000 ---p 00000000 00:00 0 
7ff190000000-7ff190021000 rw-p 00000000 00:00 0 
7ff190021000-7ff194000000 ---p 00000000 00:00 0 
7ff194000000-7ff194021000 rw-p 00000000 00:00 0 
7ff194021000-7ff198000000 ---p 00000000 00:00 0 
7ff19817d000-7ff198182000 r-xp 00000000 07:00 93540                      /usr/lib/x86_64-linux-gnu/libXtst.so.6.1.0
7ff198182000-7ff198381000 ---p 00005000 07:00 93540                      /usr/lib/x86_64-linux-gnu/libXtst.so.6.1.0
7ff198381000-7ff198382000 r--p 00004000 07:00 93540                      /usr/lib/x86_64-linux-gnu/libXtst.so.6.1.0
7ff198382000-7ff198383000 rw-p 00005000 07:00 93540                      /usr/lib/x86_64-linux-gnu/libXtst.so.6.1.0
7ff198383000-7ff19838c000 r-xp 00000000 07:00 93266                      /usr/lib/x86_64-linux-gnu/libXrender.so.1.3.0
7ff19838c000-7ff19858b000 ---p 00009000 07:00 93266                      /usr/lib/x86_64-linux-gnu/libXrender.so.1.3.0
7ff19858b000-7ff19858c000 r--p 00008000 07:00 93266                      /usr/lib/x86_64-linux-gnu/libXrender.so.1.3.0
7ff19858c000-7ff19858d000 rw-p 00009000 07:00 93266                      /usr/lib/x86_64-linux-gnu/libXrender.so.1.3.0
7ff19858d000-7ff1986bd000 r-xp 00000000 07:00 370690                     /usr/lib/x86_64-linux-gnu/libX11.so.6.3.0
7ff1986bd000-7ff1988bd000 ---p 00130000 07:00 370690                     /usr/lib/x86_64-linux-gnu/libX11.so.6.3.0
7ff1988bd000-7ff1988be000 r--p 00130000 07:00 370690                     /usr/lib/x86_64-linux-gnu/libX11.so.6.3.0
7ff1988be000-7ff1988c2000 rw-p 00131000 07:00 370690                     /usr/lib/x86_64-linux-gnu/libX11.so.6.3.0
7ff1988c2000-7ff1988d2000 r-xp 00000000 07:00 93461                      /usr/lib/x86_64-linux-gnu/libXext.so.6.4.0
7ff1988d2000-7ff198ad1000 ---p 00010000 07:00 93461                      /usr/lib/x86_64-linux-gnu/libXext.so.6.4.0
7ff198ad1000-7ff198ad2000 r--p 0000f000 07:00 93461                      /usr/lib/x86_64-linux-gnu/libXext.so.6.4.0
7ff198ad2000-7ff198ad3000 rw-p 00010000 07:00 93461                      /usr/lib/x86_64-linux-gnu/libXext.so.6.4.0
7ff198ad3000-7ff198b1e000 r-xp 00000000 07:00 533619                     /usr/lib/jvm/java-6-openjdk-amd64/jre/lib/amd64/xawt/libmawt.so
7ff198b1e000-7ff198d1e000 ---p 0004b000 07:00 533619                     /usr/lib/jvm/java-6-openjdk-amd64/jre/lib/amd64/xawt/libmawt.so
7ff198d1e000-7ff198d1f000 r--p 0004b000 07:00 533619                     /usr/lib/jvm/java-6-openjdk-amd64/jre/lib/amd64/xawt/libmawt.so
7ff198d1f000-7ff198d22000 rw-p 0004c000 07:00 533619                     /usr/lib/jvm/java-6-openjdk-amd64/jre/lib/amd64/xawt/libmawt.so
7ff198d22000-7ff198d23000 rw-p 00000000 00:00 0 
7ff198d23000-7ff198dcf000 r-xp 00000000 07:00 523484                     /usr/lib/jvm/java-6-openjdk-amd64/jre/lib/amd64/libawt.so
7ff198dcf000-7ff198fcf000 ---p 000ac000 07:00 523484                     /usr/lib/jvm/java-6-openjdk-amd64/jre/lib/amd64/libawt.so
7ff198fcf000-7ff198fd0000 r--p 000ac000 07:00 523484                     /usr/lib/jvm/java-6-openjdk-amd64/jre/lib/amd64/libawt.so
7ff198fd0000-7ff198fdb000 rw-p 000ad000 07:00 523484                     /usr/lib/jvm/java-6-openjdk-amd64/jre/lib/amd64/libawt.so
7ff198fdb000-7ff199000000 rw-p 00000000 00:00 0 
7ff199000000-7ff199270000 rwxp 00000000 00:00 0 
7ff199270000-7ff19ffd8000 rw-p 00000000 00:00 0 
7ff19ffd8000-7ff1a0000000 ---p 00000000 00:00 0 
7ff1a001c000-7ff1a001f000 r-xp 00000000 07:00 1481781                    /home/aivanov/.jssc/linux/libjSSC-2.6_x86_64.so
7ff1a001f000-7ff1a021e000 ---p 00003000 07:00 1481781                    /home/aivanov/.jssc/linux/libjSSC-2.6_x86_64.so
7ff1a021e000-7ff1a021f000 r--p 00002000 07:00 1481781                    /home/aivanov/.jssc/linux/libjSSC-2.6_x86_64.so
7ff1a021f000-7ff1a0220000 rw-p 00003000 07:00 1481781                    /home/aivanov/.jssc/linux/libjSSC-2.6_x86_64.so
7ff1a0220000-7ff1a0302000 rw-p 00000000 00:00 0 
7ff1a0302000-7ff1a0398000 rw-s 001c2000 00:05 12093                      /dev/video1
7ff1a0398000-7ff1a042e000 rw-s 0012c000 00:05 12093                      /dev/video1
7ff1a042e000-7ff1a04c4000 rw-s 00096000 00:05 12093                      /dev/video1
7ff1a04c4000-7ff1a055b000 rw-p 00000000 00:00 0 
7ff1a055b000-7ff1a05f1000 rw-s 00000000 00:05 12093                      /dev/video1
7ff1a05f1000-7ff1a0617000 r-xp 00000000 07:00 234543                     /lib/x86_64-linux-gnu/libpng12.so.0.46.0
7ff1a0617000-7ff1a0817000 ---p 00026000 07:00 234543                     /lib/x86_64-linux-gnu/libpng12.so.0.46.0
7ff1a0817000-7ff1a0818000 r--p 00026000 07:00 234543                     /lib/x86_64-linux-gnu/libpng12.so.0.46.0
7ff1a0818000-7ff1a0819000 rw-p 00027000 07:00 234543                     /lib/x86_64-linux-gnu/libpng12.so.0.46.0
7ff1a0837000-7ff1a0838000 ---p 00000000 00:00 0 
7ff1a0838000-7ff1a0938000 rw-p 00000000 00:00 0                          [stack:3857]
7ff1a0938000-7ff1a093b000 ---p 00000000 00:00 0 
7ff1a093b000-7ff1a0a39000 rw-p 00000000 00:00 0                          [stack:3856]
7ff1a0a39000-7ff1a0a3c000 ---p 00000000 00:00 0 
7ff1a0a3c000-7ff1a0b3a000 rw-p 00000000 00:00 0                          [stack:3855]
7ff1a0b3a000-7ff1a0b3d000 ---p 00000000 00:00 0 
7ff1a0b3d000-7ff1a0c3b000 rw-p 00000000 00:00 0                          [stack:3854]
7ff1a0c3b000-7ff1a0c3e000 ---p 00000000 00:00 0 
7ff1a0c3e000-7ff1a0d3c000 rw-p 00000000 00:00 0                          [stack:3853]
7ff1a0d3c000-7ff1a1005000 r--p 00000000 07:00 1017857                    /usr/lib/locale/locale-archive
7ff1a1005000-7ff1a1008000 ---p 00000000 00:00 0 
7ff1a1008000-7ff1a1106000 rw-p 00000000 00:00 0                          [stack:3852]
7ff1a1106000-7ff1a1109000 ---p 00000000 00:00 0 
7ff1a1109000-7ff1a1207000 rw-p 00000000 00:00 0                          [stack:3851]
7ff1a1207000-7ff1a1208000 ---p 00000000 00:00 0 
7ff1a1208000-7ff1a1c44000 rw-p 00000000 00:00 0                          [stack:3850]
7ff1a1c44000-7ff1a1dd8000 r--s 03822000 07:00 523488                     /usr/lib/jvm/java-6-openjdk-amd64/jre/lib/rt.jar
7ff1a1dd8000-7ff1a1e00000 rw-p 00000000 00:00 0 
7ff1a1e00000-7ff1a1e01000 ---p 00000000 00:00 0 
7ff1a1e01000-7ff1a1f01000 rw-p 00000000 00:00 0                          [stack:3849]
7ff1a1f01000-7ff1a1f02000 ---p 00000000 00:00 0 
7ff1a1f02000-7ff1a2002000 rw-p 00000000 00:00 0                          [stack:3848]
7ff1a2002000-7ff1a2003000 ---p 00000000 00:00 0 
7ff1a2003000-7ff1a2103000 rw-p 00000000 00:00 0                          [stack:3847]
7ff1a2103000-7ff1a2104000 ---p 00000000 00:00 0 
7ff1a2104000-7ff1a2204000 rw-p 00000000 00:00 0                          [stack:3846]
7ff1a2204000-7ff1a2205000 ---p 00000000 00:00 0 
7ff1a2205000-7ff1a2305000 rw-p 00000000 00:00 0                          [stack:3845]
7ff1a2305000-7ff1a2306000 ---p 00000000 00:00 0 
7ff1a2306000-7ff1a2406000 rw-p 00000000 00:00 0                          [stack:3844]
7ff1a2406000-7ff1a2407000 ---p 00000000 00:00 0 
7ff1a2407000-7ff1a2507000 rw-p 00000000 00:00 0                          [stack:3843]
7ff1a2507000-7ff1a2508000 ---p 00000000 00:00 0 
7ff1a2508000-7ff1a2613000 rw-p 00000000 00:00 0                          [stack:3842]
7ff1a2613000-7ff1a265b000 rw-p 00000000 00:00 0 
7ff1a265b000-7ff1a2685000 rw-p 00000000 00:00 0 
7ff1a2685000-7ff1a28ec000 rw-p 00000000 00:00 0 
7ff1a28ec000-7ff1a28f7000 rw-p 00000000 00:00 0 
7ff1a28f7000-7ff1a293f000 rw-p 00000000 00:00 0 
7ff1a293f000-7ff1a2969000 rw-p 00000000 00:00 0 
7ff1a2969000-7ff1a2bcf000 rw-p 00000000 00:00 0 
7ff1a2bcf000-7ff1a2be5000 rw-p 00000000 00:00 0 
7ff1a2be5000-7ff1a2d18000 rw-p 00000000 00:00 0 
7ff1a2d18000-7ff1a2d19000 rw-p 00000000 00:00 0 
7ff1a2d19000-7ff1a2d20000 r-xp 00000000 07:00 523460                     /usr/lib/jvm/java-6-openjdk-amd64/jre/lib/amd64/libzip.so
7ff1a2d20000-7ff1a2f1f000 ---p 00007000 07:00 523460                     /usr/lib/jvm/java-6-openjdk-amd64/jre/lib/amd64/libzip.so
7ff1a2f1f000-7ff1a2f20000 r--p 00006000 07:00 523460                     /usr/lib/jvm/java-6-openjdk-amd64/jre/lib/amd64/libzip.so
7ff1a2f20000-7ff1a2f21000 rw-p 00007000 07:00 523460                     /usr/lib/jvm/java-6-openjdk-amd64/jre/lib/amd64/libzip.so
7ff1a2f21000-7ff1a2f2d000 r-xp 00000000 07:00 642321                     /lib/x86_64-linux-gnu/libnss_files-2.15.so
7ff1a2f2d000-7ff1a312c000 ---p 0000c000 07:00 642321                     /lib/x86_64-linux-gnu/libnss_files-2.15.so
7ff1a312c000-7ff1a312d000 r--p 0000b000 07:00 642321                     /lib/x86_64-linux-gnu/libnss_files-2.15.so
7ff1a312d000-7ff1a312e000 rw-p 0000c000 07:00 642321                     /lib/x86_64-linux-gnu/libnss_files-2.15.so
7ff1a312e000-7ff1a3138000 r-xp 00000000 07:00 642325                     /lib/x86_64-linux-gnu/libnss_nis-2.15.so
7ff1a3138000-7ff1a3338000 ---p 0000a000 07:00 642325                     /lib/x86_64-linux-gnu/libnss_nis-2.15.so
7ff1a3338000-7ff1a3339000 r--p 0000a000 07:00 642325                     /lib/x86_64-linux-gnu/libnss_nis-2.15.so
7ff1a3339000-7ff1a333a000 rw-p 0000b000 07:00 642325                     /lib/x86_64-linux-gnu/libnss_nis-2.15.so
7ff1a333a000-7ff1a3351000 r-xp 00000000 07:00 642337                     /lib/x86_64-linux-gnu/libnsl-2.15.so
7ff1a3351000-7ff1a3550000 ---p 00017000 07:00 642337                     /lib/x86_64-linux-gnu/libnsl-2.15.so
7ff1a3550000-7ff1a3551000 r--p 00016000 07:00 642337                     /lib/x86_64-linux-gnu/libnsl-2.15.so
7ff1a3551000-7ff1a3552000 rw-p 00017000 07:00 642337                     /lib/x86_64-linux-gnu/libnsl-2.15.so
7ff1a3552000-7ff1a3554000 rw-p 00000000 00:00 0 
7ff1a3554000-7ff1a355c000 r-xp 00000000 07:00 642319                     /lib/x86_64-linux-gnu/libnss_compat-2.15.so
7ff1a355c000-7ff1a375b000 ---p 00008000 07:00 642319                     /lib/x86_64-linux-gnu/libnss_compat-2.15.so
7ff1a375b000-7ff1a375c000 r--p 00007000 07:00 642319                     /lib/x86_64-linux-gnu/libnss_compat-2.15.so
7ff1a375c000-7ff1a375d000 rw-p 00008000 07:00 642319                     /lib/x86_64-linux-gnu/libnss_compat-2.15.so
7ff1a375d000-7ff1a3789000 r-xp 00000000 07:00 523456                     /usr/lib/jvm/java-6-openjdk-amd64/jre/lib/amd64/libjava.so
7ff1a3789000-7ff1a3988000 ---p 0002c000 07:00 523456                     /usr/lib/jvm/java-6-openjdk-amd64/jre/lib/amd64/libjava.so
7ff1a3988000-7ff1a3989000 r--p 0002b000 07:00 523456                     /usr/lib/jvm/java-6-openjdk-amd64/jre/lib/amd64/libjava.so
7ff1a3989000-7ff1a398c000 rw-p 0002c000 07:00 523456                     /usr/lib/jvm/java-6-openjdk-amd64/jre/lib/amd64/libjava.so
7ff1a398c000-7ff1a399a000 r-xp 00000000 07:00 523469                     /usr/lib/jvm/java-6-openjdk-amd64/jre/lib/amd64/libverify.so
7ff1a399a000-7ff1a3b99000 ---p 0000e000 07:00 523469                     /usr/lib/jvm/java-6-openjdk-amd64/jre/lib/amd64/libverify.so
7ff1a3b99000-7ff1a3b9b000 r--p 0000d000 07:00 523469                     /usr/lib/jvm/java-6-openjdk-amd64/jre/lib/amd64/libverify.so
7ff1a3b9b000-7ff1a3b9c000 rw-p 0000f000 07:00 523469                     /usr/lib/jvm/java-6-openjdk-amd64/jre/lib/amd64/libverify.so
7ff1a3b9c000-7ff1a3ba3000 r-xp 00000000 07:00 642324                     /lib/x86_64-linux-gnu/librt-2.15.so
7ff1a3ba3000-7ff1a3da2000 ---p 00007000 07:00 642324                     /lib/x86_64-linux-gnu/librt-2.15.so
7ff1a3da2000-7ff1a3da3000 r--p 00006000 07:00 642324                     /lib/x86_64-linux-gnu/librt-2.15.so
7ff1a3da3000-7ff1a3da4000 rw-p 00007000 07:00 642324                     /lib/x86_64-linux-gnu/librt-2.15.so
7ff1a3da4000-7ff1a3db9000 r-xp 00000000 07:00 234552                     /lib/x86_64-linux-gnu/libgcc_s.so.1
7ff1a3db9000-7ff1a3fb8000 ---p 00015000 07:00 234552                     /lib/x86_64-linux-gnu/libgcc_s.so.1
7ff1a3fb8000-7ff1a3fb9000 r--p 00014000 07:00 234552                     /lib/x86_64-linux-gnu/libgcc_s.so.1
7ff1a3fb9000-7ff1a3fba000 rw-p 00015000 07:00 234552                     /lib/x86_64-linux-gnu/libgcc_s.so.1
7ff1a3fba000-7ff1a40b5000 r-xp 00000000 07:00 642328                     /lib/x86_64-linux-gnu/libm-2.15.so
7ff1a40b5000-7ff1a42b4000 ---p 000fb000 07:00 642328                     /lib/x86_64-linux-gnu/libm-2.15.so
7ff1a42b4000-7ff1a42b5000 r--p 000fa000 07:00 642328                     /lib/x86_64-linux-gnu/libm-2.15.so
7ff1a42b5000-7ff1a42b6000 rw-p 000fb000 07:00 642328                     /lib/x86_64-linux-gnu/libm-2.15.so
7ff1a42b6000-7ff1a4398000 r-xp 00000000 07:00 113565                     /usr/lib/x86_64-linux-gnu/libstdc++.so.6.0.16
7ff1a4398000-7ff1a4597000 ---p 000e2000 07:00 113565                     /usr/lib/x86_64-linux-gnu/libstdc++.so.6.0.16
7ff1a4597000-7ff1a459f000 r--p 000e1000 07:00 113565                     /usr/lib/x86_64-linux-gnu/libstdc++.so.6.0.16
7ff1a459f000-7ff1a45a1000 rw-p 000e9000 07:00 113565                     /usr/lib/x86_64-linux-gnu/libstdc++.so.6.0.16
7ff1a45a1000-7ff1a45b6000 rw-p 00000000 00:00 0 
7ff1a45b6000-7ff1a4eb6000 r-xp 00000000 07:00 524296                     /usr/lib/jvm/java-6-openjdk-amd64/jre/lib/amd64/server/libjvm.so
7ff1a4eb6000-7ff1a50b6000 ---p 00900000 07:00 524296                     /usr/lib/jvm/java-6-openjdk-amd64/jre/lib/amd64/server/libjvm.so
7ff1a50b6000-7ff1a5137000 r--p 00900000 07:00 524296                     /usr/lib/jvm/java-6-openjdk-amd64/jre/lib/amd64/server/libjvm.so
7ff1a5137000-7ff1a5152000 rw-p 00981000 07:00 524296                     /usr/lib/jvm/java-6-openjdk-amd64/jre/lib/amd64/server/libjvm.so
7ff1a5152000-7ff1a517b000 rw-p 00000000 00:00 0 
7ff1a517b000-7ff1a5191000 r-xp 00000000 07:00 234620                     /lib/x86_64-linux-gnu/libz.so.1.2.3.4
7ff1a5191000-7ff1a5390000 ---p 00016000 07:00 234620                     /lib/x86_64-linux-gnu/libz.so.1.2.3.4
7ff1a5390000-7ff1a5391000 r--p 00015000 07:00 234620                     /lib/x86_64-linux-gnu/libz.so.1.2.3.4
7ff1a5391000-7ff1a5392000 rw-p 00016000 07:00 234620                     /lib/x86_64-linux-gnu/libz.so.1.2.3.4
7ff1a5392000-7ff1a5547000 r-xp 00000000 07:00 592916                     /lib/x86_64-linux-gnu/libc-2.15.so
7ff1a5547000-7ff1a5747000 ---p 001b5000 07:00 592916                     /lib/x86_64-linux-gnu/libc-2.15.so
7ff1a5747000-7ff1a574b000 r--p 001b5000 07:00 592916                     /lib/x86_64-linux-gnu/libc-2.15.so
7ff1a574b000-7ff1a574d000 rw-p 001b9000 07:00 592916                     /lib/x86_64-linux-gnu/libc-2.15.so
7ff1a574d000-7ff1a5752000 rw-p 00000000 00:00 0 
7ff1a5752000-7ff1a5754000 r-xp 00000000 07:00 642332                     /lib/x86_64-linux-gnu/libdl-2.15.so
7ff1a5754000-7ff1a5954000 ---p 00002000 07:00 642332                     /lib/x86_64-linux-gnu/libdl-2.15.so
7ff1a5954000-7ff1a5955000 r--p 00002000 07:00 642332                     /lib/x86_64-linux-gnu/libdl-2.15.so
7ff1a5955000-7ff1a5956000 rw-p 00003000 07:00 642332                     /lib/x86_64-linux-gnu/libdl-2.15.so
7ff1a5956000-7ff1a595a000 r-xp 00000000 07:00 526342                     /usr/lib/jvm/java-6-openjdk-amd64/jre/lib/amd64/jli/libjli.so
7ff1a595a000-7ff1a5b59000 ---p 00004000 07:00 526342                     /usr/lib/jvm/java-6-openjdk-amd64/jre/lib/amd64/jli/libjli.so
7ff1a5b59000-7ff1a5b5a000 r--p 00003000 07:00 526342                     /usr/lib/jvm/java-6-openjdk-amd64/jre/lib/amd64/jli/libjli.so
7ff1a5b5a000-7ff1a5b5b000 rw-p 00004000 07:00 526342                     /usr/lib/jvm/java-6-openjdk-amd64/jre/lib/amd64/jli/libjli.so
7ff1a5b5b000-7ff1a5b73000 r-xp 00000000 07:00 642326                     /lib/x86_64-linux-gnu/libpthread-2.15.so
7ff1a5b73000-7ff1a5d72000 ---p 00018000 07:00 642326                     /lib/x86_64-linux-gnu/libpthread-2.15.so
7ff1a5d72000-7ff1a5d73000 r--p 00017000 07:00 642326                     /lib/x86_64-linux-gnu/libpthread-2.15.so
7ff1a5d73000-7ff1a5d74000 rw-p 00018000 07:00 642326                     /lib/x86_64-linux-gnu/libpthread-2.15.so
7ff1a5d74000-7ff1a5d78000 rw-p 00000000 00:00 0 
7ff1a5d78000-7ff1a5d9a000 r-xp 00000000 07:00 642329                     /lib/x86_64-linux-gnu/ld-2.15.so
7ff1a5daf000-7ff1a5db0000 rw-p 00000000 00:00 0 
7ff1a5db0000-7ff1a5db4000 r--s 00069000 07:00 1196040                    /home/aivanov/Downloads/opencv-2.4.8/build/bin/opencv-248.jar
7ff1a5db4000-7ff1a5dbe000 rw-p 00000000 00:00 0 
7ff1a5dbe000-7ff1a5e74000 rw-p 00000000 00:00 0 
7ff1a5e74000-7ff1a5e77000 ---p 00000000 00:00 0 
7ff1a5e77000-7ff1a5f7a000 rw-p 00000000 00:00 0                          [stack:3841]
7ff1a5f7a000-7ff1a5f7d000 r--s 0007f000 07:00 522267                     /usr/lib/jvm/java-6-openjdk-common/jre/lib/jsse.jar
7ff1a5f7d000-7ff1a5f7f000 r--s 00024000 07:00 480551                     /home/aivanov/Documents/bot/maslab-2014/kitbot-demo/lib/jSSC-2.6.0-Release/jssc.jar
7ff1a5f7f000-7ff1a5f81000 r--s 0000f000 07:00 522256                     /usr/lib/jvm/java-6-openjdk-common/jre/lib/ext/pulse-java.jar
7ff1a5f81000-7ff1a5f85000 r--s 00039000 07:00 522255                     /usr/lib/jvm/java-6-openjdk-common/jre/lib/ext/sunpkcs11.jar
7ff1a5f85000-7ff1a5f87000 r--s 00001000 07:00 522258                     /usr/lib/jvm/java-6-openjdk-common/jre/lib/ext/dnsns.jar
7ff1a5f87000-7ff1a5f88000 r--s 00007000 07:00 9754                       /usr/share/java/java-atk-wrapper.jar
7ff1a5f88000-7ff1a5f8b000 r--s 00077000 07:00 522257                     /usr/lib/jvm/java-6-openjdk-common/jre/lib/ext/localedata.jar
7ff1a5f8b000-7ff1a5f8e000 r--s 00031000 07:00 522259                     /usr/lib/jvm/java-6-openjdk-common/jre/lib/ext/sunjce_provider.jar
7ff1a5f8e000-7ff1a5f96000 rw-s 00000000 07:00 1494286                    /tmp/hsperfdata_aivanov/3836
7ff1a5f96000-7ff1a5f97000 rw-p 00000000 00:00 0 
7ff1a5f97000-7ff1a5f98000 r--p 00000000 00:00 0 
7ff1a5f98000-7ff1a5f9a000 rw-p 00000000 00:00 0 
7ff1a5f9a000-7ff1a5f9b000 r--p 00022000 07:00 642329                     /lib/x86_64-linux-gnu/ld-2.15.so
7ff1a5f9b000-7ff1a5f9d000 rw-p 00023000 07:00 642329                     /lib/x86_64-linux-gnu/ld-2.15.so
7fffdf3d1000-7fffdf3f2000 rw-p 00000000 00:00 0                          [stack]
7fffdf3fe000-7fffdf400000 r-xp 00000000 00:00 0                          [vdso]
ffffffffff600000-ffffffffff601000 r-xp 00000000 00:00 0                  [vsyscall]

VM Arguments:
jvm_args: -Djava.library.path=/home/aivanov/Downloads/opencv-2.4.8/build/lib -Dfile.encoding=UTF-8 
java_command: vision.Main
Launcher Type: SUN_STANDARD

Environment Variables:
PATH=/usr/lib/lightdm/lightdm:/usr/local/sbin:/usr/local/bin:/usr/sbin:/usr/bin:/sbin:/bin:/usr/games:/usr/local/llvm/3.3/clang+llvm-3.3-amd64-Ubuntu-12.04.2/bin:/home/aivanov/usr/local/llvm/3.3/clang+llvm-3.3-amd64-Ubuntu-12.04.2/bin:/home/aivanov/usr/local/llvm/3.3/clang+llvm-3.3-amd64-Ubuntu-12.04.2/bin
LD_LIBRARY_PATH=/usr/lib/jvm/java-6-openjdk-amd64/jre/lib/amd64/server:/usr/lib/jvm/java-6-openjdk-amd64/jre/lib/amd64:/usr/lib/jvm/java-6-openjdk-amd64/jre/../lib/amd64
SHELL=/bin/bash
DISPLAY=:0

Signal Handlers:
SIGSEGV: [libjvm.so+0x7837c0], sa_mask[0]=0x7ffbfeff, sa_flags=0x10000004
SIGBUS: [libjvm.so+0x7837c0], sa_mask[0]=0x7ffbfeff, sa_flags=0x10000004
SIGFPE: [libjvm.so+0x647740], sa_mask[0]=0x7ffbfeff, sa_flags=0x10000004
SIGPIPE: [libjvm.so+0x647740], sa_mask[0]=0x7ffbfeff, sa_flags=0x10000004
SIGXFSZ: [libjvm.so+0x647740], sa_mask[0]=0x7ffbfeff, sa_flags=0x10000004
SIGILL: [libjvm.so+0x647740], sa_mask[0]=0x7ffbfeff, sa_flags=0x10000004
SIGUSR1: SIG_DFL, sa_mask[0]=0x00000000, sa_flags=0x00000000
SIGUSR2: [libjvm.so+0x647920], sa_mask[0]=0x00000004, sa_flags=0x10000004
SIGHUP: [libjvm.so+0x64a2f0], sa_mask[0]=0x7ffbfeff, sa_flags=0x10000004
SIGINT: [libjvm.so+0x64a2f0], sa_mask[0]=0x7ffbfeff, sa_flags=0x10000004
SIGTERM: [libjvm.so+0x64a2f0], sa_mask[0]=0x7ffbfeff, sa_flags=0x10000004
SIGQUIT: [libjvm.so+0x64a2f0], sa_mask[0]=0x7ffbfeff, sa_flags=0x10000004


---------------  S Y S T E M  ---------------

OS:Ubuntu 12.04 (precise)
uname:Linux 3.8.0-35-generic #50~precise1-Ubuntu SMP Wed Dec 4 17:25:51 UTC 2013 x86_64
libc:glibc 2.15 NPTL 2.15 
rlimit: STACK 8192k, CORE 0k, NPROC 62889, NOFILE 4096, AS infinity
load average:2.05 1.30 0.59

/proc/meminfo:
MemTotal:        8068724 kB
MemFree:         2617112 kB
Buffers:         1751052 kB
Cached:          2212036 kB
SwapCached:            0 kB
Active:          1617968 kB
Inactive:        3554152 kB
Active(anon):    1211836 kB
Inactive(anon):   151404 kB
Active(file):     406132 kB
Inactive(file):  3402748 kB
Unevictable:           0 kB
Mlocked:               0 kB
SwapTotal:        262140 kB
SwapFree:         262140 kB
Dirty:                24 kB
Writeback:             0 kB
AnonPages:       1209284 kB
Mapped:           180644 kB
Shmem:            154160 kB
Slab:             145032 kB
SReclaimable:     116752 kB
SUnreclaim:        28280 kB
KernelStack:        3784 kB
PageTables:        27676 kB
NFS_Unstable:          0 kB
Bounce:                0 kB
WritebackTmp:          0 kB
CommitLimit:     4296500 kB
Committed_AS:    2972496 kB
VmallocTotal:   34359738367 kB
VmallocUsed:      362352 kB
VmallocChunk:   34359336176 kB
HardwareCorrupted:     0 kB
AnonHugePages:         0 kB
HugePages_Total:       0
HugePages_Free:        0
HugePages_Rsvd:        0
HugePages_Surp:        0
Hugepagesize:       2048 kB
DirectMap4k:      161788 kB
DirectMap2M:     8122368 kB


CPU:total 8 (4 cores per cpu, 2 threads per core) family 6 model 42 stepping 7, cmov, cx8, fxsr, mmx, sse, sse2, sse3, ssse3, sse4.1, sse4.2, popcnt, ht

Memory: 4k page, physical 8068724k(2617112k free), swap 262140k(262140k free)

vm_info: OpenJDK 64-Bit Server VM (20.0-b12) for linux-amd64 JRE (1.6.0_27-b27), built on Nov 16 2013 15:13:05 by "buildd" with gcc 4.6.3

time: Fri Jan 10 17:24:46 2014
elapsed time: 8 seconds

