#
# A fatal error has been detected by the Java Runtime Environment:
#
#  SIGBUS (0x7) at pc=0x00007fdc31344943, pid=10987, tid=140583697078016
#
# JRE version: 7.0_25-b30
# Java VM: OpenJDK 64-Bit Server VM (23.7-b01 mixed mode linux-amd64 compressed oops)
# Problematic frame:
# C  [ld-linux-x86-64.so.2+0x19943]  realloc+0x2e53
#
# Failed to write core dump. Core dumps have been disabled. To enable core dumping, try "ulimit -c unlimited" before starting Java again
#
# If you would like to submit a bug report, please include
# instructions on how to reproduce the bug and visit:
#   https://bugs.launchpad.net/ubuntu/+source/openjdk-7/
# The crash happened outside the Java Virtual Machine in native code.
# See problematic frame for where to report the bug.
#

---------------  T H R E A D  ---------------

Current thread (0x00007fdc28009800):  JavaThread "main" [_thread_in_native, id=10992, stack(0x00007fdc31435000,0x00007fdc31536000)]

siginfo:si_signo=SIGBUS: si_errno=0, si_code=2 (BUS_ADRERR), si_addr=0x00007fdc0d2ef650

Registers:
RAX=0x00007fdc0d2ef650, RBX=0x00007fdc28235db0, RCX=0x0000000000000012, RDX=0x0000000000000000
RSP=0x00007fdc315322a8, RBP=0x00007fdc31532580, RSI=0x0000000000000000, RDI=0x00007fdc0d2ef650
R8 =0x00000000000009b0, R9 =0x0000000000000000, R10=0x0000000000000000, R11=0x00007fdc3134491a
R12=0x00007fdc31532638, R13=0x0000000000000002, R14=0x00007fdc31532320, R15=0x00007fdc315322f0
RIP=0x00007fdc31344943, EFLAGS=0x0000000000010206, CSGSFS=0x0000000000000033, ERR=0x0000000000000006
  TRAPNO=0x000000000000000e

Top of Stack: (sp=0x00007fdc315322a8)
0x00007fdc315322a8:   00007fdc31331c3d 00000000000004cc
0x00007fdc315322b8:   00007fdc282483e0 00007fdc31116720
0x00007fdc315322c8:   00007fdc30dde446 00007fdc31532600
0x00007fdc315322d8:   00007fdc00000043 00007fdc2800a3c8
0x00007fdc315322e8:   00007fdc28009800 0000000000000000
0x00007fdc315322f8:   0000000000f7d000 0000000000f7c71c
0x00007fdc31532308:   0000000000f7c71c 0000000000000000
0x00007fdc31532318:   0000000000000005 000000000117d000
0x00007fdc31532328:   00000000011bc000 00000000011bb650
0x00007fdc31532338:   000000000125f0d0 0000000000f7d000
0x00007fdc31532348:   00007fdc00000003 000000000000002f
0x00007fdc31532358:   0000000000000044 00007fdc28235db0
0x00007fdc31532368:   00007fdc28236218 0000000000000000
0x00007fdc31532378:   00007fdc30de0fc5 00007fdc2821f8c0
0x00007fdc31532388:   00007fdc28235d60 000000000000002f
0x00007fdc31532398:   00007fdc28235db0 00007fdc28235db0
0x00007fdc315323a8:   00007fdc3133680d 00007fdc2800a360
0x00007fdc315323b8:   0000000000000043 0000000000000044
0x00007fdc315323c8:   9000000100000002 00000010ffffffff
0x00007fdc315323d8:   0000000000000000 00007fdc31532580
0x00007fdc315323e8:   0000000000000000 0000000000000002
0x00007fdc315323f8:   00007fdc3154e040 0000000000000000
0x00007fdc31532408:   00007fdc31331806 00007fdc2800a3c8
0x00007fdc31532418:   00007fdc2ffc1740 00007fdc00000000
0x00007fdc31532428:   00007fdc2ffadfb7 00007fdc25005410
0x00007fdc31532438:   00007fdc00000000 00007fdc31532470
0x00007fdc31532448:   00007fdc280099d8 00007fdc0d2f0000
0x00007fdc31532458:   00007fdc0d3930d0 00007fdc0d2ef650
0x00007fdc31532468:   01007fdc28009f70 00007fdc31532410
0x00007fdc31532478:   00007fdc28235d60 00007fdc2821f8c0
0x00007fdc31532488:   00007fdc3154f2a0 0000001400000003
0x00007fdc31532498:   00007fdc315325f0 000000000125f0d0 

Instructions: (pc=0x00007fdc31344943)
0x00007fdc31344923:   00 20 00 00 0f 83 83 00 00 00 0f 1f 00 4c 89 c1
0x00007fdc31344933:   48 c1 e9 07 74 52 0f 1f 80 00 00 00 00 48 ff c9
0x00007fdc31344943:   48 89 17 48 89 57 08 48 89 57 10 48 89 57 18 48
0x00007fdc31344953:   89 57 20 48 89 57 28 48 89 57 30 48 89 57 38 48 

Register to memory mapping:

RAX=0x00007fdc0d2ef650 is an unknown value
RBX=0x00007fdc28235db0 is an unknown value
RCX=0x0000000000000012 is an unknown value
RDX=0x0000000000000000 is an unknown value
RSP=0x00007fdc315322a8 is pointing into the stack for thread: 0x00007fdc28009800
RBP=0x00007fdc31532580 is pointing into the stack for thread: 0x00007fdc28009800
RSI=0x0000000000000000 is an unknown value
RDI=0x00007fdc0d2ef650 is an unknown value
R8 =0x00000000000009b0 is an unknown value
R9 =0x0000000000000000 is an unknown value
R10=0x0000000000000000 is an unknown value
R11=0x00007fdc3134491a: <offset 0x1991a> in /lib64/ld-linux-x86-64.so.2 at 0x00007fdc3132b000
R12=0x00007fdc31532638 is pointing into the stack for thread: 0x00007fdc28009800
R13=0x0000000000000002 is an unknown value
R14=0x00007fdc31532320 is pointing into the stack for thread: 0x00007fdc28009800
R15=0x00007fdc315322f0 is pointing into the stack for thread: 0x00007fdc28009800


Stack: [0x00007fdc31435000,0x00007fdc31536000],  sp=0x00007fdc315322a8,  free space=1012k
Native frames: (J=compiled Java code, j=interpreted, Vv=VM code, C=native code)
C  [ld-linux-x86-64.so.2+0x19943]  realloc+0x2e53

Java frames: (J=compiled Java code, j=interpreted, Vv=VM code)
j  java.lang.ClassLoader$NativeLibrary.load(Ljava/lang/String;)V+0
j  java.lang.ClassLoader.loadLibrary1(Ljava/lang/Class;Ljava/io/File;)Z+302
j  java.lang.ClassLoader.loadLibrary0(Ljava/lang/Class;Ljava/io/File;)Z+2
j  java.lang.ClassLoader.loadLibrary(Ljava/lang/Class;Ljava/lang/String;Z)V+268
j  java.lang.Runtime.loadLibrary0(Ljava/lang/Class;Ljava/lang/String;)V+54
j  java.lang.System.loadLibrary(Ljava/lang/String;)V+7
j  vision.VisionTest.<clinit>()V+7
v  ~StubRoutines::call_stub
j  sun.reflect.NativeConstructorAccessorImpl.newInstance0(Ljava/lang/reflect/Constructor;[Ljava/lang/Object;)Ljava/lang/Object;+0
j  sun.reflect.NativeConstructorAccessorImpl.newInstance([Ljava/lang/Object;)Ljava/lang/Object;+72
j  sun.reflect.DelegatingConstructorAccessorImpl.newInstance([Ljava/lang/Object;)Ljava/lang/Object;+5
j  java.lang.reflect.Constructor.newInstance([Ljava/lang/Object;)Ljava/lang/Object;+79
j  org.junit.runners.BlockJUnit4ClassRunner.createTest()Ljava/lang/Object;+11
j  org.junit.runners.BlockJUnit4ClassRunner$1.runReflectiveCall()Ljava/lang/Object;+4
j  org.junit.internal.runners.model.ReflectiveCallable.run()Ljava/lang/Object;+1
j  org.junit.runners.BlockJUnit4ClassRunner.methodBlock(Lorg/junit/runners/model/FrameworkMethod;)Lorg/junit/runners/model/Statement;+8
j  org.junit.runners.BlockJUnit4ClassRunner.runNotIgnored(Lorg/junit/runners/model/FrameworkMethod;Lorg/junit/internal/runners/model/EachTestNotifier;)V+6
j  org.junit.runners.BlockJUnit4ClassRunner.runChild(Lorg/junit/runners/model/FrameworkMethod;Lorg/junit/runner/notification/RunNotifier;)V+28
j  org.junit.runners.BlockJUnit4ClassRunner.runChild(Ljava/lang/Object;Lorg/junit/runner/notification/RunNotifier;)V+6
j  org.junit.runners.ParentRunner$3.run()V+12
j  org.junit.runners.ParentRunner$1.schedule(Ljava/lang/Runnable;)V+1
j  org.junit.runners.ParentRunner.runChildren(Lorg/junit/runner/notification/RunNotifier;)V+40
j  org.junit.runners.ParentRunner.access$000(Lorg/junit/runners/ParentRunner;Lorg/junit/runner/notification/RunNotifier;)V+2
j  org.junit.runners.ParentRunner$2.evaluate()V+8
j  org.junit.runners.ParentRunner.run(Lorg/junit/runner/notification/RunNotifier;)V+20
j  org.eclipse.jdt.internal.junit4.runner.JUnit4TestReference.run(Lorg/eclipse/jdt/internal/junit/runner/TestExecution;)V+72
j  org.eclipse.jdt.internal.junit.runner.TestExecution.run([Lorg/eclipse/jdt/internal/junit/runner/ITestReference;)V+17
j  org.eclipse.jdt.internal.junit.runner.RemoteTestRunner.runTests([Ljava/lang/String;Ljava/lang/String;Lorg/eclipse/jdt/internal/junit/runner/TestExecution;)V+61
j  org.eclipse.jdt.internal.junit.runner.RemoteTestRunner.runTests(Lorg/eclipse/jdt/internal/junit/runner/TestExecution;)V+10
j  org.eclipse.jdt.internal.junit.runner.RemoteTestRunner.run()V+70
j  org.eclipse.jdt.internal.junit.runner.RemoteTestRunner.main([Ljava/lang/String;)V+14
v  ~StubRoutines::call_stub

---------------  P R O C E S S  ---------------

Java Threads: ( => current thread )
  0x00007fdc281c3000 JavaThread "ReaderThread" [_thread_in_native, id=11010, stack(0x00007fdc0d394000,0x00007fdc0d495000)]
  0x00007fdc2811c000 JavaThread "Service Thread" daemon [_thread_blocked, id=11008, stack(0x00007fdc0eb22000,0x00007fdc0ec23000)]
  0x00007fdc28119800 JavaThread "C2 CompilerThread1" daemon [_thread_blocked, id=11007, stack(0x00007fdc0ec23000,0x00007fdc0ed24000)]
  0x00007fdc28117000 JavaThread "C2 CompilerThread0" daemon [_thread_blocked, id=11006, stack(0x00007fdc0ed24000,0x00007fdc0ee25000)]
  0x00007fdc28114800 JavaThread "Signal Dispatcher" daemon [_thread_blocked, id=11005, stack(0x00007fdc0ee25000,0x00007fdc0ef26000)]
  0x00007fdc280bb000 JavaThread "Finalizer" daemon [_thread_blocked, id=11004, stack(0x00007fdc0f0af000,0x00007fdc0f1b0000)]
  0x00007fdc280b8800 JavaThread "Reference Handler" daemon [_thread_blocked, id=11003, stack(0x00007fdc0f1b0000,0x00007fdc0f2b1000)]
=>0x00007fdc28009800 JavaThread "main" [_thread_in_native, id=10992, stack(0x00007fdc31435000,0x00007fdc31536000)]

Other Threads:
  0x00007fdc280b0800 VMThread [stack: 0x00007fdc0f2b1000,0x00007fdc0f3b2000] [id=11002]
  0x00007fdc28126800 WatcherThread [stack: 0x00007fdc0ea21000,0x00007fdc0eb22000] [id=11009]

VM state:not at safepoint (normal execution)

VM Mutex/Monitor currently owned by a thread: None

Heap
 PSYoungGen      total 36736K, used 4442K [0x00000007d6f60000, 0x00000007d9860000, 0x0000000800000000)
  eden space 31488K, 14% used [0x00000007d6f60000,0x00000007d73b6980,0x00000007d8e20000)
  from space 5248K, 0% used [0x00000007d9340000,0x00000007d9340000,0x00000007d9860000)
  to   space 5248K, 0% used [0x00000007d8e20000,0x00000007d8e20000,0x00000007d9340000)
 ParOldGen       total 84096K, used 0K [0x0000000784e00000, 0x000000078a020000, 0x00000007d6f60000)
  object space 84096K, 0% used [0x0000000784e00000,0x0000000784e00000,0x000000078a020000)
 PSPermGen       total 21248K, used 4322K [0x000000077a800000, 0x000000077bcc0000, 0x0000000784e00000)
  object space 21248K, 20% used [0x000000077a800000,0x000000077ac38940,0x000000077bcc0000)

Card table byte_map: [0x00007fdc2ddc1000,0x00007fdc2e1ee000] byte_map_base: 0x00007fdc2a1ed000

Polling page: 0x00007fdc3154a000

Code Cache  [0x00007fdc25000000, 0x00007fdc25270000, 0x00007fdc28000000)
 total_blobs=314 nmethods=13 adapters=254 free_code_cache=48685Kb largest_free_block=49851776

Compilation events (10 events):
Event: 0.126 Thread 0x00007fdc28117000    8             java.lang.String::startsWith (72 bytes)
Event: 0.128 Thread 0x00007fdc28117000 nmethod 8 0x00007fdc250649d0 code [0x00007fdc25064b20, 0x00007fdc25064d18]
Event: 0.134 Thread 0x00007fdc28119800    9             sun.net.www.ParseUtil::encodePath (336 bytes)
Event: 0.136 Thread 0x00007fdc28117000   10             java.lang.String::replace (127 bytes)
Event: 0.143 Thread 0x00007fdc28117000 nmethod 10 0x00007fdc25063c10 code [0x00007fdc25063d60, 0x00007fdc250641f8]
Event: 0.148 Thread 0x00007fdc28119800 nmethod 9 0x00007fdc2506a390 code [0x00007fdc2506a5e0, 0x00007fdc2506b638]
Event: 0.152 Thread 0x00007fdc28117000   11             java.lang.Object::<init> (1 bytes)
Event: 0.152 Thread 0x00007fdc28117000 nmethod 11 0x00007fdc250639d0 code [0x00007fdc25063b00, 0x00007fdc25063b98]
Event: 0.153 Thread 0x00007fdc28119800   12             java.lang.String::equals (81 bytes)
Event: 0.156 Thread 0x00007fdc28119800 nmethod 12 0x00007fdc25068490 code [0x00007fdc250685e0, 0x00007fdc25068878]

GC Heap History (0 events):
No events

Deoptimization events (0 events):
No events

Internal exceptions (10 events):
Event: 0.164 Thread 0x00007fdc28009800 Threw 0x00000007d72cada0 at /build/buildd/openjdk-7-7u25-2.3.10/build/openjdk/hotspot/src/share/vm/prims/jvm.cpp:1235
Event: 0.165 Thread 0x00007fdc28009800 Threw 0x00000007d72d45e8 at /build/buildd/openjdk-7-7u25-2.3.10/build/openjdk/hotspot/src/share/vm/prims/jvm.cpp:1235
Event: 0.165 Thread 0x00007fdc28009800 Threw 0x00000007d72d8790 at /build/buildd/openjdk-7-7u25-2.3.10/build/openjdk/hotspot/src/share/vm/prims/jvm.cpp:1235
Event: 0.166 Thread 0x00007fdc28009800 Threw 0x00000007d72dcc48 at /build/buildd/openjdk-7-7u25-2.3.10/build/openjdk/hotspot/src/share/vm/prims/jvm.cpp:1235
Event: 0.166 Thread 0x00007fdc28009800 Threw 0x00000007d72e0928 at /build/buildd/openjdk-7-7u25-2.3.10/build/openjdk/hotspot/src/share/vm/prims/jvm.cpp:1235
Event: 0.167 Thread 0x00007fdc28009800 Threw 0x00000007d72e4798 at /build/buildd/openjdk-7-7u25-2.3.10/build/openjdk/hotspot/src/share/vm/prims/jvm.cpp:1235
Event: 0.169 Thread 0x00007fdc28009800 Threw 0x00000007d730ec88 at /build/buildd/openjdk-7-7u25-2.3.10/build/openjdk/hotspot/src/share/vm/prims/jvm.cpp:1235
Event: 0.170 Thread 0x00007fdc28009800 Threw 0x00000007d7321e38 at /build/buildd/openjdk-7-7u25-2.3.10/build/openjdk/hotspot/src/share/vm/prims/jvm.cpp:1235
Event: 0.170 Thread 0x00007fdc28009800 Threw 0x00000007d73264c8 at /build/buildd/openjdk-7-7u25-2.3.10/build/openjdk/hotspot/src/share/vm/prims/jvm.cpp:1235
Event: 0.170 Thread 0x00007fdc28009800 Threw 0x00000007d732ba38 at /build/buildd/openjdk-7-7u25-2.3.10/build/openjdk/hotspot/src/share/vm/prims/jvm.cpp:1235

Events (10 events):
Event: 0.169 loading class 0x00007fdc281dd2e0
Event: 0.169 loading class 0x00007fdc281dd2e0 done
Event: 0.170 loading class 0x00007fdc282337d0
Event: 0.170 loading class 0x00007fdc282337d0 done
Event: 0.170 loading class 0x00007fdc28233900
Event: 0.170 loading class 0x00007fdc28233900 done
Event: 0.170 loading class 0x00007fdc28233b30
Event: 0.170 loading class 0x00007fdc28233b30 done
Event: 0.172 loading class 0x00007fdc280672a0
Event: 0.172 loading class 0x00007fdc280672a0 done


Dynamic libraries:
00400000-00401000 r-xp 00000000 07:00 317449                             /usr/lib/jvm/java-7-openjdk-amd64/jre/bin/java
00600000-00601000 r--p 00000000 07:00 317449                             /usr/lib/jvm/java-7-openjdk-amd64/jre/bin/java
00601000-00602000 rw-p 00001000 07:00 317449                             /usr/lib/jvm/java-7-openjdk-amd64/jre/bin/java
02316000-02337000 rw-p 00000000 00:00 0                                  [heap]
77a800000-77bcc0000 rw-p 00000000 00:00 0 
77bcc0000-784e00000 rw-p 00000000 00:00 0 
784e00000-78a020000 rw-p 00000000 00:00 0 
78a020000-7d6f60000 rw-p 00000000 00:00 0 
7d6f60000-7d9860000 rw-p 00000000 00:00 0 
7d9860000-800000000 rw-p 00000000 00:00 0 
7fdbd4000000-7fdbd4021000 rw-p 00000000 00:00 0 
7fdbd4021000-7fdbd8000000 ---p 00000000 00:00 0 
7fdbd8000000-7fdbd8021000 rw-p 00000000 00:00 0 
7fdbd8021000-7fdbdc000000 ---p 00000000 00:00 0 
7fdbdc000000-7fdbdc183000 rw-p 00000000 00:00 0 
7fdbdc183000-7fdbe0000000 ---p 00000000 00:00 0 
7fdbe0000000-7fdbe0021000 rw-p 00000000 00:00 0 
7fdbe0021000-7fdbe4000000 ---p 00000000 00:00 0 
7fdbe4000000-7fdbe4021000 rw-p 00000000 00:00 0 
7fdbe4021000-7fdbe8000000 ---p 00000000 00:00 0 
7fdbe8000000-7fdbe8105000 rw-p 00000000 00:00 0 
7fdbe8105000-7fdbec000000 ---p 00000000 00:00 0 
7fdbec000000-7fdbec021000 rw-p 00000000 00:00 0 
7fdbec021000-7fdbf0000000 ---p 00000000 00:00 0 
7fdbf0000000-7fdbf0021000 rw-p 00000000 00:00 0 
7fdbf0021000-7fdbf4000000 ---p 00000000 00:00 0 
7fdbf4000000-7fdbf4021000 rw-p 00000000 00:00 0 
7fdbf4021000-7fdbf8000000 ---p 00000000 00:00 0 
7fdbfbd40000-7fdc00000000 rw-p 00000000 00:00 0 
7fdc00000000-7fdc00021000 rw-p 00000000 00:00 0 
7fdc00021000-7fdc04000000 ---p 00000000 00:00 0 
7fdc04000000-7fdc04021000 rw-p 00000000 00:00 0 
7fdc04021000-7fdc08000000 ---p 00000000 00:00 0 
7fdc08000000-7fdc08021000 rw-p 00000000 00:00 0 
7fdc08021000-7fdc0c000000 ---p 00000000 00:00 0 
7fdc0c134000-7fdc0d0b1000 r-xp 00000000 07:00 519362                     /home/aivanov/Downloads/opencv-2.4.8/build/lib/libopencv_java248.so
7fdc0d0b1000-7fdc0d2b1000 ---p 00f7d000 07:00 519362                     /home/aivanov/Downloads/opencv-2.4.8/build/lib/libopencv_java248.so
7fdc0d2b1000-7fdc0d2f0000 rw-p 00f7d000 07:00 519362                     /home/aivanov/Downloads/opencv-2.4.8/build/lib/libopencv_java248.so
7fdc0d2f0000-7fdc0d394000 r-xp 011bc000 07:00 519362                     /home/aivanov/Downloads/opencv-2.4.8/build/lib/libopencv_java248.so
7fdc0d394000-7fdc0d397000 ---p 00000000 00:00 0 
7fdc0d397000-7fdc0d4c6000 rw-p 00000000 00:00 0                          [stack:11010]
7fdc0d4c6000-7fdc0d502000 r-xp 00000000 07:00 234583                     /lib/x86_64-linux-gnu/libpcre.so.3.12.1
7fdc0d502000-7fdc0d701000 ---p 0003c000 07:00 234583                     /lib/x86_64-linux-gnu/libpcre.so.3.12.1
7fdc0d701000-7fdc0d702000 r--p 0003b000 07:00 234583                     /lib/x86_64-linux-gnu/libpcre.so.3.12.1
7fdc0d702000-7fdc0d703000 rw-p 0003c000 07:00 234583                     /lib/x86_64-linux-gnu/libpcre.so.3.12.1
7fdc0d703000-7fdc0d70a000 r-xp 00000000 07:00 93515                      /usr/lib/x86_64-linux-gnu/libffi.so.6.0.0
7fdc0d70a000-7fdc0d909000 ---p 00007000 07:00 93515                      /usr/lib/x86_64-linux-gnu/libffi.so.6.0.0
7fdc0d909000-7fdc0d90a000 r--p 00006000 07:00 93515                      /usr/lib/x86_64-linux-gnu/libffi.so.6.0.0
7fdc0d90a000-7fdc0d90b000 rw-p 00007000 07:00 93515                      /usr/lib/x86_64-linux-gnu/libffi.so.6.0.0
7fdc0d90b000-7fdc0d923000 r-xp 00000000 07:00 234550                     /lib/x86_64-linux-gnu/libresolv-2.15.so
7fdc0d923000-7fdc0db23000 ---p 00018000 07:00 234550                     /lib/x86_64-linux-gnu/libresolv-2.15.so
7fdc0db23000-7fdc0db24000 r--p 00018000 07:00 234550                     /lib/x86_64-linux-gnu/libresolv-2.15.so
7fdc0db24000-7fdc0db25000 rw-p 00019000 07:00 234550                     /lib/x86_64-linux-gnu/libresolv-2.15.so
7fdc0db25000-7fdc0db27000 rw-p 00000000 00:00 0 
7fdc0db27000-7fdc0db44000 r-xp 00000000 07:00 234525                     /lib/x86_64-linux-gnu/libselinux.so.1
7fdc0db44000-7fdc0dd43000 ---p 0001d000 07:00 234525                     /lib/x86_64-linux-gnu/libselinux.so.1
7fdc0dd43000-7fdc0dd44000 r--p 0001c000 07:00 234525                     /lib/x86_64-linux-gnu/libselinux.so.1
7fdc0dd44000-7fdc0dd45000 rw-p 0001d000 07:00 234525                     /lib/x86_64-linux-gnu/libselinux.so.1
7fdc0dd45000-7fdc0dd46000 rw-p 00000000 00:00 0 
7fdc0dd46000-7fdc0dd49000 r-xp 00000000 07:00 93480                      /usr/lib/x86_64-linux-gnu/libgmodule-2.0.so.0.3200.3
7fdc0dd49000-7fdc0df48000 ---p 00003000 07:00 93480                      /usr/lib/x86_64-linux-gnu/libgmodule-2.0.so.0.3200.3
7fdc0df48000-7fdc0df49000 r--p 00002000 07:00 93480                      /usr/lib/x86_64-linux-gnu/libgmodule-2.0.so.0.3200.3
7fdc0df49000-7fdc0df4a000 rw-p 00003000 07:00 93480                      /usr/lib/x86_64-linux-gnu/libgmodule-2.0.so.0.3200.3
7fdc0df4a000-7fdc0e03c000 r-xp 00000000 07:00 234580                     /lib/x86_64-linux-gnu/libglib-2.0.so.0.3200.3
7fdc0e03c000-7fdc0e23c000 ---p 000f2000 07:00 234580                     /lib/x86_64-linux-gnu/libglib-2.0.so.0.3200.3
7fdc0e23c000-7fdc0e23d000 r--p 000f2000 07:00 234580                     /lib/x86_64-linux-gnu/libglib-2.0.so.0.3200.3
7fdc0e23d000-7fdc0e23e000 rw-p 000f3000 07:00 234580                     /lib/x86_64-linux-gnu/libglib-2.0.so.0.3200.3
7fdc0e23e000-7fdc0e23f000 rw-p 00000000 00:00 0 
7fdc0e23f000-7fdc0e28c000 r-xp 00000000 07:00 93589                      /usr/lib/x86_64-linux-gnu/libgobject-2.0.so.0.3200.3
7fdc0e28c000-7fdc0e48c000 ---p 0004d000 07:00 93589                      /usr/lib/x86_64-linux-gnu/libgobject-2.0.so.0.3200.3
7fdc0e48c000-7fdc0e48d000 r--p 0004d000 07:00 93589                      /usr/lib/x86_64-linux-gnu/libgobject-2.0.so.0.3200.3
7fdc0e48d000-7fdc0e48e000 rw-p 0004e000 07:00 93589                      /usr/lib/x86_64-linux-gnu/libgobject-2.0.so.0.3200.3
7fdc0e48e000-7fdc0e5d6000 r-xp 00000000 07:00 93271                      /usr/lib/x86_64-linux-gnu/libgio-2.0.so.0.3200.3
7fdc0e5d6000-7fdc0e7d5000 ---p 00148000 07:00 93271                      /usr/lib/x86_64-linux-gnu/libgio-2.0.so.0.3200.3
7fdc0e7d5000-7fdc0e7d9000 r--p 00147000 07:00 93271                      /usr/lib/x86_64-linux-gnu/libgio-2.0.so.0.3200.3
7fdc0e7d9000-7fdc0e7db000 rw-p 0014b000 07:00 93271                      /usr/lib/x86_64-linux-gnu/libgio-2.0.so.0.3200.3
7fdc0e7db000-7fdc0e7dd000 rw-p 00000000 00:00 0 
7fdc0e7ed000-7fdc0e803000 r-xp 00000000 07:00 331807                     /usr/lib/jvm/java-7-openjdk-amd64/jre/lib/amd64/libnet.so
7fdc0e803000-7fdc0ea02000 ---p 00016000 07:00 331807                     /usr/lib/jvm/java-7-openjdk-amd64/jre/lib/amd64/libnet.so
7fdc0ea02000-7fdc0ea03000 r--p 00015000 07:00 331807                     /usr/lib/jvm/java-7-openjdk-amd64/jre/lib/amd64/libnet.so
7fdc0ea03000-7fdc0ea04000 rw-p 00016000 07:00 331807                     /usr/lib/jvm/java-7-openjdk-amd64/jre/lib/amd64/libnet.so
7fdc0ea04000-7fdc0ea06000 r--s 00007000 07:00 10007                      /usr/share/java/hamcrest-core-1.1.jar
7fdc0ea06000-7fdc0ea0d000 r--s 00030000 07:00 10015                      /usr/share/java/junit4-4.8.2.jar
7fdc0ea0d000-7fdc0ea11000 r--s 00069000 07:00 525335                     /home/aivanov/Downloads/opencv-2.4.8/build/bin/opencv-248.jar
7fdc0ea11000-7fdc0ea21000 r--s 000a6000 07:00 561294                     /home/aivanov/workspace/MaslabDemo/resources/jts-1.12.jar
7fdc0ea21000-7fdc0ea22000 ---p 00000000 00:00 0 
7fdc0ea22000-7fdc0eb22000 rw-p 00000000 00:00 0                          [stack:11009]
7fdc0eb22000-7fdc0eb25000 ---p 00000000 00:00 0 
7fdc0eb25000-7fdc0ec23000 rw-p 00000000 00:00 0                          [stack:11008]
7fdc0ec23000-7fdc0ec26000 ---p 00000000 00:00 0 
7fdc0ec26000-7fdc0ed24000 rw-p 00000000 00:00 0                          [stack:11007]
7fdc0ed24000-7fdc0ed27000 ---p 00000000 00:00 0 
7fdc0ed27000-7fdc0ee25000 rw-p 00000000 00:00 0                          [stack:11006]
7fdc0ee25000-7fdc0ee28000 ---p 00000000 00:00 0 
7fdc0ee28000-7fdc0ef26000 rw-p 00000000 00:00 0                          [stack:11005]
7fdc0ef26000-7fdc0f0af000 r--p 00000000 07:00 541697                     /usr/lib/locale/locale-archive
7fdc0f0af000-7fdc0f0b2000 ---p 00000000 00:00 0 
7fdc0f0b2000-7fdc0f1b0000 rw-p 00000000 00:00 0                          [stack:11004]
7fdc0f1b0000-7fdc0f1b3000 ---p 00000000 00:00 0 
7fdc0f1b3000-7fdc0f2b1000 rw-p 00000000 00:00 0                          [stack:11003]
7fdc0f2b1000-7fdc0f2b2000 ---p 00000000 00:00 0 
7fdc0f2b2000-7fdc10000000 rw-p 00000000 00:00 0                          [stack:11002]
7fdc10000000-7fdc10021000 rw-p 00000000 00:00 0 
7fdc10021000-7fdc14000000 ---p 00000000 00:00 0 
7fdc14000000-7fdc14021000 rw-p 00000000 00:00 0 
7fdc14021000-7fdc18000000 ---p 00000000 00:00 0 
7fdc18000000-7fdc18021000 rw-p 00000000 00:00 0 
7fdc18021000-7fdc1c000000 ---p 00000000 00:00 0 
7fdc1c000000-7fdc1c021000 rw-p 00000000 00:00 0 
7fdc1c021000-7fdc20000000 ---p 00000000 00:00 0 
7fdc20000000-7fdc20021000 rw-p 00000000 00:00 0 
7fdc20021000-7fdc24000000 ---p 00000000 00:00 0 
7fdc24001000-7fdc24003000 r--s 00007000 07:00 10007                      /usr/share/java/hamcrest-core-1.1.jar
7fdc24003000-7fdc24005000 r--s 00024000 07:00 561277                     /home/aivanov/workspace/MaslabDemo/resources/jSSC-2.6.0-Release/jssc.jar
7fdc24005000-7fdc2400a000 r--s 00054000 07:00 561261                     /home/aivanov/workspace/MaslabDemo/resources/javaGeom-0.11.1.jar
7fdc2400a000-7fdc25000000 rw-p 00000000 00:00 0 
7fdc25000000-7fdc25270000 rwxp 00000000 00:00 0 
7fdc25270000-7fdc28249000 rw-p 00000000 00:00 0 
7fdc28249000-7fdc2c000000 ---p 00000000 00:00 0 
7fdc2c000000-7fdc2c001000 rw-p 00000000 00:00 0 
7fdc2c001000-7fdc2c004000 r--s 0000f000 07:00 300036                     /usr/lib/jvm/java-7-openjdk-common/jre/lib/ext/pulse-java.jar
7fdc2c004000-7fdc2c007000 r--s 0003c000 07:00 300037                     /usr/lib/jvm/java-7-openjdk-common/jre/lib/ext/sunpkcs11.jar
7fdc2c007000-7fdc2c008000 r--s 00002000 07:00 300034                     /usr/lib/jvm/java-7-openjdk-common/jre/lib/ext/dnsns.jar
7fdc2c008000-7fdc2c00c000 r--s 00085000 07:00 300038                     /usr/lib/jvm/java-7-openjdk-common/jre/lib/ext/localedata.jar
7fdc2c00c000-7fdc2c078000 rw-p 00000000 00:00 0 
7fdc2c078000-7fdc2c225000 r--s 01cec000 07:00 317483                     /usr/lib/jvm/java-7-openjdk-amd64/jre/lib/rt.jar
7fdc2c225000-7fdc2d2d5000 rw-p 00000000 00:00 0 
7fdc2d2d5000-7fdc2d2d6000 ---p 00000000 00:00 0 
7fdc2d2d6000-7fdc2d3d6000 rw-p 00000000 00:00 0                          [stack:11000]
7fdc2d3d6000-7fdc2d3d7000 ---p 00000000 00:00 0 
7fdc2d3d7000-7fdc2d4d7000 rw-p 00000000 00:00 0                          [stack:10999]
7fdc2d4d7000-7fdc2d4d8000 ---p 00000000 00:00 0 
7fdc2d4d8000-7fdc2d5d8000 rw-p 00000000 00:00 0                          [stack:10998]
7fdc2d5d8000-7fdc2d5d9000 ---p 00000000 00:00 0 
7fdc2d5d9000-7fdc2d6d9000 rw-p 00000000 00:00 0                          [stack:10997]
7fdc2d6d9000-7fdc2d6da000 ---p 00000000 00:00 0 
7fdc2d6da000-7fdc2d7da000 rw-p 00000000 00:00 0                          [stack:10996]
7fdc2d7da000-7fdc2d7db000 ---p 00000000 00:00 0 
7fdc2d7db000-7fdc2d8db000 rw-p 00000000 00:00 0                          [stack:10995]
7fdc2d8db000-7fdc2d8dc000 ---p 00000000 00:00 0 
7fdc2d8dc000-7fdc2d9dc000 rw-p 00000000 00:00 0                          [stack:10994]
7fdc2d9dc000-7fdc2d9dd000 ---p 00000000 00:00 0 
7fdc2d9dd000-7fdc2dae8000 rw-p 00000000 00:00 0                          [stack:10993]
7fdc2dae8000-7fdc2db30000 rw-p 00000000 00:00 0 
7fdc2db30000-7fdc2db5a000 rw-p 00000000 00:00 0 
7fdc2db5a000-7fdc2ddc1000 rw-p 00000000 00:00 0 
7fdc2ddc1000-7fdc2ddcc000 rw-p 00000000 00:00 0 
7fdc2ddcc000-7fdc2de14000 rw-p 00000000 00:00 0 
7fdc2de14000-7fdc2de3e000 rw-p 00000000 00:00 0 
7fdc2de3e000-7fdc2e0a4000 rw-p 00000000 00:00 0 
7fdc2e0a4000-7fdc2e0ba000 rw-p 00000000 00:00 0 
7fdc2e0ba000-7fdc2e1ed000 rw-p 00000000 00:00 0 
7fdc2e1ed000-7fdc2e1ee000 rw-p 00000000 00:00 0 
7fdc2e1ee000-7fdc2e1f6000 r-xp 00000000 07:00 331788                     /usr/lib/jvm/java-7-openjdk-amd64/jre/lib/amd64/libzip.so
7fdc2e1f6000-7fdc2e3f5000 ---p 00008000 07:00 331788                     /usr/lib/jvm/java-7-openjdk-amd64/jre/lib/amd64/libzip.so
7fdc2e3f5000-7fdc2e3f6000 r--p 00007000 07:00 331788                     /usr/lib/jvm/java-7-openjdk-amd64/jre/lib/amd64/libzip.so
7fdc2e3f6000-7fdc2e3f7000 rw-p 00008000 07:00 331788                     /usr/lib/jvm/java-7-openjdk-amd64/jre/lib/amd64/libzip.so
7fdc2e3f7000-7fdc2e403000 r-xp 00000000 07:00 234599                     /lib/x86_64-linux-gnu/libnss_files-2.15.so
7fdc2e403000-7fdc2e602000 ---p 0000c000 07:00 234599                     /lib/x86_64-linux-gnu/libnss_files-2.15.so
7fdc2e602000-7fdc2e603000 r--p 0000b000 07:00 234599                     /lib/x86_64-linux-gnu/libnss_files-2.15.so
7fdc2e603000-7fdc2e604000 rw-p 0000c000 07:00 234599                     /lib/x86_64-linux-gnu/libnss_files-2.15.so
7fdc2e604000-7fdc2e60e000 r-xp 00000000 07:00 234508                     /lib/x86_64-linux-gnu/libnss_nis-2.15.so
7fdc2e60e000-7fdc2e80e000 ---p 0000a000 07:00 234508                     /lib/x86_64-linux-gnu/libnss_nis-2.15.so
7fdc2e80e000-7fdc2e80f000 r--p 0000a000 07:00 234508                     /lib/x86_64-linux-gnu/libnss_nis-2.15.so
7fdc2e80f000-7fdc2e810000 rw-p 0000b000 07:00 234508                     /lib/x86_64-linux-gnu/libnss_nis-2.15.so
7fdc2e810000-7fdc2e827000 r-xp 00000000 07:00 234517                     /lib/x86_64-linux-gnu/libnsl-2.15.so
7fdc2e827000-7fdc2ea26000 ---p 00017000 07:00 234517                     /lib/x86_64-linux-gnu/libnsl-2.15.so
7fdc2ea26000-7fdc2ea27000 r--p 00016000 07:00 234517                     /lib/x86_64-linux-gnu/libnsl-2.15.so
7fdc2ea27000-7fdc2ea28000 rw-p 00017000 07:00 234517                     /lib/x86_64-linux-gnu/libnsl-2.15.so
7fdc2ea28000-7fdc2ea2a000 rw-p 00000000 00:00 0 
7fdc2ea2a000-7fdc2ea32000 r-xp 00000000 07:00 234598                     /lib/x86_64-linux-gnu/libnss_compat-2.15.so
7fdc2ea32000-7fdc2ec31000 ---p 00008000 07:00 234598                     /lib/x86_64-linux-gnu/libnss_compat-2.15.so
7fdc2ec31000-7fdc2ec32000 r--p 00007000 07:00 234598                     /lib/x86_64-linux-gnu/libnss_compat-2.15.so
7fdc2ec32000-7fdc2ec33000 rw-p 00008000 07:00 234598                     /lib/x86_64-linux-gnu/libnss_compat-2.15.so
7fdc2ec33000-7fdc2ec5c000 r-xp 00000000 07:00 331783                     /usr/lib/jvm/java-7-openjdk-amd64/jre/lib/amd64/libjava.so
7fdc2ec5c000-7fdc2ee5b000 ---p 00029000 07:00 331783                     /usr/lib/jvm/java-7-openjdk-amd64/jre/lib/amd64/libjava.so
7fdc2ee5b000-7fdc2ee5c000 r--p 00028000 07:00 331783                     /usr/lib/jvm/java-7-openjdk-amd64/jre/lib/amd64/libjava.so
7fdc2ee5c000-7fdc2ee5e000 rw-p 00029000 07:00 331783                     /usr/lib/jvm/java-7-openjdk-amd64/jre/lib/amd64/libjava.so
7fdc2ee5e000-7fdc2ee6c000 r-xp 00000000 07:00 331798                     /usr/lib/jvm/java-7-openjdk-amd64/jre/lib/amd64/libverify.so
7fdc2ee6c000-7fdc2f06b000 ---p 0000e000 07:00 331798                     /usr/lib/jvm/java-7-openjdk-amd64/jre/lib/amd64/libverify.so
7fdc2f06b000-7fdc2f06d000 r--p 0000d000 07:00 331798                     /usr/lib/jvm/java-7-openjdk-amd64/jre/lib/amd64/libverify.so
7fdc2f06d000-7fdc2f06e000 rw-p 0000f000 07:00 331798                     /usr/lib/jvm/java-7-openjdk-amd64/jre/lib/amd64/libverify.so
7fdc2f06e000-7fdc2f075000 r-xp 00000000 07:00 234568                     /lib/x86_64-linux-gnu/librt-2.15.so
7fdc2f075000-7fdc2f274000 ---p 00007000 07:00 234568                     /lib/x86_64-linux-gnu/librt-2.15.so
7fdc2f274000-7fdc2f275000 r--p 00006000 07:00 234568                     /lib/x86_64-linux-gnu/librt-2.15.so
7fdc2f275000-7fdc2f276000 rw-p 00007000 07:00 234568                     /lib/x86_64-linux-gnu/librt-2.15.so
7fdc2f276000-7fdc2f28b000 r-xp 00000000 07:00 234552                     /lib/x86_64-linux-gnu/libgcc_s.so.1
7fdc2f28b000-7fdc2f48a000 ---p 00015000 07:00 234552                     /lib/x86_64-linux-gnu/libgcc_s.so.1
7fdc2f48a000-7fdc2f48b000 r--p 00014000 07:00 234552                     /lib/x86_64-linux-gnu/libgcc_s.so.1
7fdc2f48b000-7fdc2f48c000 rw-p 00015000 07:00 234552                     /lib/x86_64-linux-gnu/libgcc_s.so.1
7fdc2f48c000-7fdc2f587000 r-xp 00000000 07:00 234565                     /lib/x86_64-linux-gnu/libm-2.15.so
7fdc2f587000-7fdc2f786000 ---p 000fb000 07:00 234565                     /lib/x86_64-linux-gnu/libm-2.15.so
7fdc2f786000-7fdc2f787000 r--p 000fa000 07:00 234565                     /lib/x86_64-linux-gnu/libm-2.15.so
7fdc2f787000-7fdc2f788000 rw-p 000fb000 07:00 234565                     /lib/x86_64-linux-gnu/libm-2.15.so
7fdc2f788000-7fdc2f86a000 r-xp 00000000 07:00 113565                     /usr/lib/x86_64-linux-gnu/libstdc++.so.6.0.16
7fdc2f86a000-7fdc2fa69000 ---p 000e2000 07:00 113565                     /usr/lib/x86_64-linux-gnu/libstdc++.so.6.0.16
7fdc2fa69000-7fdc2fa71000 r--p 000e1000 07:00 113565                     /usr/lib/x86_64-linux-gnu/libstdc++.so.6.0.16
7fdc2fa71000-7fdc2fa73000 rw-p 000e9000 07:00 113565                     /usr/lib/x86_64-linux-gnu/libstdc++.so.6.0.16
7fdc2fa73000-7fdc2fa88000 rw-p 00000000 00:00 0 
7fdc2fa88000-7fdc3045b000 r-xp 00000000 07:00 332807                     /usr/lib/jvm/java-7-openjdk-amd64/jre/lib/amd64/server/libjvm.so
7fdc3045b000-7fdc3065a000 ---p 009d3000 07:00 332807                     /usr/lib/jvm/java-7-openjdk-amd64/jre/lib/amd64/server/libjvm.so
7fdc3065a000-7fdc306d9000 r--p 009d2000 07:00 332807                     /usr/lib/jvm/java-7-openjdk-amd64/jre/lib/amd64/server/libjvm.so
7fdc306d9000-7fdc306fc000 rw-p 00a51000 07:00 332807                     /usr/lib/jvm/java-7-openjdk-amd64/jre/lib/amd64/server/libjvm.so
7fdc306fc000-7fdc30726000 rw-p 00000000 00:00 0 
7fdc30726000-7fdc3073c000 r-xp 00000000 07:00 234620                     /lib/x86_64-linux-gnu/libz.so.1.2.3.4
7fdc3073c000-7fdc3093b000 ---p 00016000 07:00 234620                     /lib/x86_64-linux-gnu/libz.so.1.2.3.4
7fdc3093b000-7fdc3093c000 r--p 00015000 07:00 234620                     /lib/x86_64-linux-gnu/libz.so.1.2.3.4
7fdc3093c000-7fdc3093d000 rw-p 00016000 07:00 234620                     /lib/x86_64-linux-gnu/libz.so.1.2.3.4
7fdc3093d000-7fdc30955000 r-xp 00000000 07:00 234612                     /lib/x86_64-linux-gnu/libpthread-2.15.so
7fdc30955000-7fdc30b54000 ---p 00018000 07:00 234612                     /lib/x86_64-linux-gnu/libpthread-2.15.so
7fdc30b54000-7fdc30b55000 r--p 00017000 07:00 234612                     /lib/x86_64-linux-gnu/libpthread-2.15.so
7fdc30b55000-7fdc30b56000 rw-p 00018000 07:00 234612                     /lib/x86_64-linux-gnu/libpthread-2.15.so
7fdc30b56000-7fdc30b5a000 rw-p 00000000 00:00 0 
7fdc30b5a000-7fdc30b5c000 r-xp 00000000 07:00 234515                     /lib/x86_64-linux-gnu/libdl-2.15.so
7fdc30b5c000-7fdc30d5c000 ---p 00002000 07:00 234515                     /lib/x86_64-linux-gnu/libdl-2.15.so
7fdc30d5c000-7fdc30d5d000 r--p 00002000 07:00 234515                     /lib/x86_64-linux-gnu/libdl-2.15.so
7fdc30d5d000-7fdc30d5e000 rw-p 00003000 07:00 234515                     /lib/x86_64-linux-gnu/libdl-2.15.so
7fdc30d5e000-7fdc30f13000 r-xp 00000000 07:00 234509                     /lib/x86_64-linux-gnu/libc-2.15.so
7fdc30f13000-7fdc31112000 ---p 001b5000 07:00 234509                     /lib/x86_64-linux-gnu/libc-2.15.so
7fdc31112000-7fdc31116000 r--p 001b4000 07:00 234509                     /lib/x86_64-linux-gnu/libc-2.15.so
7fdc31116000-7fdc31118000 rw-p 001b8000 07:00 234509                     /lib/x86_64-linux-gnu/libc-2.15.so
7fdc31118000-7fdc3111d000 rw-p 00000000 00:00 0 
7fdc3111d000-7fdc3112a000 r-xp 00000000 07:00 332802                     /usr/lib/jvm/java-7-openjdk-amd64/jre/lib/amd64/jli/libjli.so
7fdc3112a000-7fdc31329000 ---p 0000d000 07:00 332802                     /usr/lib/jvm/java-7-openjdk-amd64/jre/lib/amd64/jli/libjli.so
7fdc31329000-7fdc3132a000 r--p 0000c000 07:00 332802                     /usr/lib/jvm/java-7-openjdk-amd64/jre/lib/amd64/jli/libjli.so
7fdc3132a000-7fdc3132b000 rw-p 0000d000 07:00 332802                     /usr/lib/jvm/java-7-openjdk-amd64/jre/lib/amd64/jli/libjli.so
7fdc3132b000-7fdc3134d000 r-xp 00000000 07:00 234577                     /lib/x86_64-linux-gnu/ld-2.15.so
7fdc3134d000-7fdc3137f000 rw-p 00000000 00:00 0 
7fdc3137f000-7fdc31435000 rw-p 00000000 00:00 0 
7fdc31435000-7fdc31438000 ---p 00000000 00:00 0 
7fdc31438000-7fdc3153b000 rw-p 00000000 00:00 0                          [stack:10992]
7fdc3153b000-7fdc3153d000 r--s 00012000 07:00 300039                     /usr/lib/jvm/java-7-openjdk-common/jre/lib/ext/zipfs.jar
7fdc3153d000-7fdc3153e000 r--s 00007000 07:00 9787                       /usr/share/java/java-atk-wrapper.jar
7fdc3153e000-7fdc31541000 r--s 00032000 07:00 300035                     /usr/lib/jvm/java-7-openjdk-common/jre/lib/ext/sunjce_provider.jar
7fdc31541000-7fdc31549000 rw-s 00000000 07:00 587958                     /tmp/hsperfdata_aivanov/10987
7fdc31549000-7fdc3154a000 rw-p 00000000 00:00 0 
7fdc3154a000-7fdc3154b000 r--p 00000000 00:00 0 
7fdc3154b000-7fdc3154d000 rw-p 00000000 00:00 0 
7fdc3154d000-7fdc3154e000 r--p 00022000 07:00 234577                     /lib/x86_64-linux-gnu/ld-2.15.so
7fdc3154e000-7fdc31550000 rw-p 00023000 07:00 234577                     /lib/x86_64-linux-gnu/ld-2.15.so
7fff2324e000-7fff2326f000 rw-p 00000000 00:00 0                          [stack]
7fff232d5000-7fff232d7000 r-xp 00000000 00:00 0                          [vdso]
ffffffffff600000-ffffffffff601000 r-xp 00000000 00:00 0                  [vsyscall]

VM Arguments:
jvm_args: -Djava.library.path=/home/aivanov/Downloads/opencv-2.4.8/build/lib -Dfile.encoding=UTF-8 
java_command: org.eclipse.jdt.internal.junit.runner.RemoteTestRunner -version 3 -port 48484 -testLoaderClass org.eclipse.jdt.internal.junit4.runner.JUnit4TestLoader -loaderpluginname org.eclipse.jdt.junit4.runtime -test vision.VisionTest:twoBallsSilo
Launcher Type: SUN_STANDARD

Environment Variables:
PATH=/usr/lib/lightdm/lightdm:/usr/local/sbin:/usr/local/bin:/usr/sbin:/usr/bin:/sbin:/bin:/usr/games
SHELL=/bin/bash
DISPLAY=:0

Signal Handlers:
SIGSEGV: [libjvm.so+0x83b2a0], sa_mask[0]=0x7ffbfeff, sa_flags=0x10000004
SIGBUS: [libjvm.so+0x83b2a0], sa_mask[0]=0x7ffbfeff, sa_flags=0x10000004
SIGFPE: [libjvm.so+0x6dc040], sa_mask[0]=0x7ffbfeff, sa_flags=0x10000004
SIGPIPE: [libjvm.so+0x6dc040], sa_mask[0]=0x7ffbfeff, sa_flags=0x10000004
SIGXFSZ: [libjvm.so+0x6dc040], sa_mask[0]=0x7ffbfeff, sa_flags=0x10000004
SIGILL: [libjvm.so+0x6dc040], sa_mask[0]=0x7ffbfeff, sa_flags=0x10000004
SIGUSR1: SIG_DFL, sa_mask[0]=0x00000000, sa_flags=0x00000000
SIGUSR2: [libjvm.so+0x6dc480], sa_mask[0]=0x00000004, sa_flags=0x10000004
SIGHUP: [libjvm.so+0x6dc5c0], sa_mask[0]=0x7ffbfeff, sa_flags=0x10000004
SIGINT: [libjvm.so+0x6dc5c0], sa_mask[0]=0x7ffbfeff, sa_flags=0x10000004
SIGTERM: [libjvm.so+0x6dc5c0], sa_mask[0]=0x7ffbfeff, sa_flags=0x10000004
SIGQUIT: [libjvm.so+0x6dc5c0], sa_mask[0]=0x7ffbfeff, sa_flags=0x10000004


---------------  S Y S T E M  ---------------

OS:Ubuntu 12.04 (precise)
uname:Linux 3.8.0-29-generic #42~precise1-Ubuntu SMP Wed Aug 14 16:19:23 UTC 2013 x86_64
libc:glibc 2.15 NPTL 2.15 
rlimit: STACK 8192k, CORE 0k, NPROC 62891, NOFILE 4096, AS infinity
load average:1.26 3.87 3.83

/proc/meminfo:
MemTotal:        8068788 kB
MemFree:          228288 kB
Buffers:         2571184 kB
Cached:          3678772 kB
SwapCached:            0 kB
Active:          2333496 kB
Inactive:        5045328 kB
Active(anon):     829816 kB
Inactive(anon):   720560 kB
Active(file):    1503680 kB
Inactive(file):  4324768 kB
Unevictable:        1504 kB
Mlocked:               0 kB
SwapTotal:        262140 kB
SwapFree:         262140 kB
Dirty:             31052 kB
Writeback:             0 kB
AnonPages:       1131680 kB
Mapped:           244852 kB
Shmem:            419224 kB
Slab:             334444 kB
SReclaimable:     299196 kB
SUnreclaim:        35248 kB
KernelStack:        3928 kB
PageTables:        28048 kB
NFS_Unstable:          0 kB
Bounce:                0 kB
WritebackTmp:          0 kB
CommitLimit:     4296532 kB
Committed_AS:    3973836 kB
VmallocTotal:   34359738367 kB
VmallocUsed:      411860 kB
VmallocChunk:   34359320060 kB
HardwareCorrupted:     0 kB
AnonHugePages:         0 kB
HugePages_Total:       0
HugePages_Free:        0
HugePages_Rsvd:        0
HugePages_Surp:        0
Hugepagesize:       2048 kB
DirectMap4k:      153596 kB
DirectMap2M:     8130560 kB


CPU:total 8 (4 cores per cpu, 2 threads per core) family 6 model 42 stepping 7, cmov, cx8, fxsr, mmx, sse, sse2, sse3, ssse3, sse4.1, sse4.2, popcnt, avx, ht, tsc, tscinvbit

/proc/cpuinfo:
processor	: 0
vendor_id	: GenuineIntel
cpu family	: 6
model		: 42
model name	: Intel(R) Core(TM) i7-2670QM CPU @ 2.20GHz
stepping	: 7
microcode	: 0x23
cpu MHz		: 800.000
cache size	: 6144 KB
physical id	: 0
siblings	: 8
core id		: 0
cpu cores	: 4
apicid		: 0
initial apicid	: 0
fpu		: yes
fpu_exception	: yes
cpuid level	: 13
wp		: yes
flags		: fpu vme de pse tsc msr pae mce cx8 apic sep mtrr pge mca cmov pat pse36 clflush dts acpi mmx fxsr sse sse2 ss ht tm pbe syscall nx rdtscp lm constant_tsc arch_perfmon pebs bts nopl xtopology nonstop_tsc aperfmperf eagerfpu pni pclmulqdq dtes64 monitor ds_cpl vmx est tm2 ssse3 cx16 xtpr pdcm pcid sse4_1 sse4_2 x2apic popcnt tsc_deadline_timer aes xsave avx lahf_lm ida arat epb xsaveopt pln pts dtherm tpr_shadow vnmi flexpriority ept vpid
bogomips	: 4390.40
clflush size	: 64
cache_alignment	: 64
address sizes	: 36 bits physical, 48 bits virtual
power management:

processor	: 1
vendor_id	: GenuineIntel
cpu family	: 6
model		: 42
model name	: Intel(R) Core(TM) i7-2670QM CPU @ 2.20GHz
stepping	: 7
microcode	: 0x23
cpu MHz		: 2201.000
cache size	: 6144 KB
physical id	: 0
siblings	: 8
core id		: 0
cpu cores	: 4
apicid		: 1
initial apicid	: 1
fpu		: yes
fpu_exception	: yes
cpuid level	: 13
wp		: yes
flags		: fpu vme de pse tsc msr pae mce cx8 apic sep mtrr pge mca cmov pat pse36 clflush dts acpi mmx fxsr sse sse2 ss ht tm pbe syscall nx rdtscp lm constant_tsc arch_perfmon pebs bts nopl xtopology nonstop_tsc aperfmperf eagerfpu pni pclmulqdq dtes64 monitor ds_cpl vmx est tm2 ssse3 cx16 xtpr pdcm pcid sse4_1 sse4_2 x2apic popcnt tsc_deadline_timer aes xsave avx lahf_lm ida arat epb xsaveopt pln pts dtherm tpr_shadow vnmi flexpriority ept vpid
bogomips	: 4390.40
clflush size	: 64
cache_alignment	: 64
address sizes	: 36 bits physical, 48 bits virtual
power management:

processor	: 2
vendor_id	: GenuineIntel
cpu family	: 6
model		: 42
model name	: Intel(R) Core(TM) i7-2670QM CPU @ 2.20GHz
stepping	: 7
microcode	: 0x23
cpu MHz		: 2201.000
cache size	: 6144 KB
physical id	: 0
siblings	: 8
core id		: 1
cpu cores	: 4
apicid		: 2
initial apicid	: 2
fpu		: yes
fpu_exception	: yes
cpuid level	: 13
wp		: yes
flags		: fpu vme de pse tsc msr pae mce cx8 apic sep mtrr pge mca cmov pat pse36 clflush dts acpi mmx fxsr sse sse2 ss ht tm pbe syscall nx rdtscp lm constant_tsc arch_perfmon pebs bts nopl xtopology nonstop_tsc aperfmperf eagerfpu pni pclmulqdq dtes64 monitor ds_cpl vmx est tm2 ssse3 cx16 xtpr pdcm pcid sse4_1 sse4_2 x2apic popcnt tsc_deadline_timer aes xsave avx lahf_lm ida arat epb xsaveopt pln pts dtherm tpr_shadow vnmi flexpriority ept vpid
bogomips	: 4390.40
clflush size	: 64
cache_alignment	: 64
address sizes	: 36 bits physical, 48 bits virtual
power management:

processor	: 3
vendor_id	: GenuineIntel
cpu family	: 6
model		: 42
model name	: Intel(R) Core(TM) i7-2670QM CPU @ 2.20GHz
stepping	: 7
microcode	: 0x23
cpu MHz		: 1000.000
cache size	: 6144 KB
physical id	: 0
siblings	: 8
core id		: 1
cpu cores	: 4
apicid		: 3
initial apicid	: 3
fpu		: yes
fpu_exception	: yes
cpuid level	: 13
wp		: yes
flags		: fpu vme de pse tsc msr pae mce cx8 apic sep mtrr pge mca cmov pat pse36 clflush dts acpi mmx fxsr sse sse2 ss ht tm pbe syscall nx rdtscp lm constant_tsc arch_perfmon pebs bts nopl xtopology nonstop_tsc aperfmperf eagerfpu pni pclmulqdq dtes64 monitor ds_cpl vmx est tm2 ssse3 cx16 xtpr pdcm pcid sse4_1 sse4_2 x2apic popcnt tsc_deadline_timer aes xsave avx lahf_lm ida arat epb xsaveopt pln pts dtherm tpr_shadow vnmi flexpriority ept vpid
bogomips	: 4390.40
clflush size	: 64
cache_alignment	: 64
address sizes	: 36 bits physical, 48 bits virtual
power management:

processor	: 4
vendor_id	: GenuineIntel
cpu family	: 6
model		: 42
model name	: Intel(R) Core(TM) i7-2670QM CPU @ 2.20GHz
stepping	: 7
microcode	: 0x23
cpu MHz		: 2201.000
cache size	: 6144 KB
physical id	: 0
siblings	: 8
core id		: 2
cpu cores	: 4
apicid		: 4
initial apicid	: 4
fpu		: yes
fpu_exception	: yes
cpuid level	: 13
wp		: yes
flags		: fpu vme de pse tsc msr pae mce cx8 apic sep mtrr pge mca cmov pat pse36 clflush dts acpi mmx fxsr sse sse2 ss ht tm pbe syscall nx rdtscp lm constant_tsc arch_perfmon pebs bts nopl xtopology nonstop_tsc aperfmperf eagerfpu pni pclmulqdq dtes64 monitor ds_cpl vmx est tm2 ssse3 cx16 xtpr pdcm pcid sse4_1 sse4_2 x2apic popcnt tsc_deadline_timer aes xsave avx lahf_lm ida arat epb xsaveopt pln pts dtherm tpr_shadow vnmi flexpriority ept vpid
bogomips	: 4390.40
clflush size	: 64
cache_alignment	: 64
address sizes	: 36 bits physical, 48 bits virtual
power management:

processor	: 5
vendor_id	: GenuineIntel
cpu family	: 6
model		: 42
model name	: Intel(R) Core(TM) i7-2670QM CPU @ 2.20GHz
stepping	: 7
microcode	: 0x23
cpu MHz		: 800.000
cache size	: 6144 KB
physical id	: 0
siblings	: 8
core id		: 2
cpu cores	: 4
apicid		: 5
initial apicid	: 5
fpu		: yes
fpu_exception	: yes
cpuid level	: 13
wp		: yes
flags		: fpu vme de pse tsc msr pae mce cx8 apic sep mtrr pge mca cmov pat pse36 clflush dts acpi mmx fxsr sse sse2 ss ht tm pbe syscall nx rdtscp lm constant_tsc arch_perfmon pebs bts nopl xtopology nonstop_tsc aperfmperf eagerfpu pni pclmulqdq dtes64 monitor ds_cpl vmx est tm2 ssse3 cx16 xtpr pdcm pcid sse4_1 sse4_2 x2apic popcnt tsc_deadline_timer aes xsave avx lahf_lm ida arat epb xsaveopt pln pts dtherm tpr_shadow vnmi flexpriority ept vpid
bogomips	: 4390.40
clflush size	: 64
cache_alignment	: 64
address sizes	: 36 bits physical, 48 bits virtual
power management:

processor	: 6
vendor_id	: GenuineIntel
cpu family	: 6
model		: 42
model name	: Intel(R) Core(TM) i7-2670QM CPU @ 2.20GHz
stepping	: 7
microcode	: 0x23
cpu MHz		: 800.000
cache size	: 6144 KB
physical id	: 0
siblings	: 8
core id		: 3
cpu cores	: 4
apicid		: 6
initial apicid	: 6
fpu		: yes
fpu_exception	: yes
cpuid level	: 13
wp		: yes
flags		: fpu vme de pse tsc msr pae mce cx8 apic sep mtrr pge mca cmov pat pse36 clflush dts acpi mmx fxsr sse sse2 ss ht tm pbe syscall nx rdtscp lm constant_tsc arch_perfmon pebs bts nopl xtopology nonstop_tsc aperfmperf eagerfpu pni pclmulqdq dtes64 monitor ds_cpl vmx est tm2 ssse3 cx16 xtpr pdcm pcid sse4_1 sse4_2 x2apic popcnt tsc_deadline_timer aes xsave avx lahf_lm ida arat epb xsaveopt pln pts dtherm tpr_shadow vnmi flexpriority ept vpid
bogomips	: 4390.40
clflush size	: 64
cache_alignment	: 64
address sizes	: 36 bits physical, 48 bits virtual
power management:

processor	: 7
vendor_id	: GenuineIntel
cpu family	: 6
model		: 42
model name	: Intel(R) Core(TM) i7-2670QM CPU @ 2.20GHz
stepping	: 7
microcode	: 0x23
cpu MHz		: 800.000
cache size	: 6144 KB
physical id	: 0
siblings	: 8
core id		: 3
cpu cores	: 4
apicid		: 7
initial apicid	: 7
fpu		: yes
fpu_exception	: yes
cpuid level	: 13
wp		: yes
flags		: fpu vme de pse tsc msr pae mce cx8 apic sep mtrr pge mca cmov pat pse36 clflush dts acpi mmx fxsr sse sse2 ss ht tm pbe syscall nx rdtscp lm constant_tsc arch_perfmon pebs bts nopl xtopology nonstop_tsc aperfmperf eagerfpu pni pclmulqdq dtes64 monitor ds_cpl vmx est tm2 ssse3 cx16 xtpr pdcm pcid sse4_1 sse4_2 x2apic popcnt tsc_deadline_timer aes xsave avx lahf_lm ida arat epb xsaveopt pln pts dtherm tpr_shadow vnmi flexpriority ept vpid
bogomips	: 4390.40
clflush size	: 64
cache_alignment	: 64
address sizes	: 36 bits physical, 48 bits virtual
power management:



Memory: 4k page, physical 8068788k(228288k free), swap 262140k(262140k free)

vm_info: OpenJDK 64-Bit Server VM (23.7-b01) for linux-amd64 JRE (1.7.0_25-b30), built on Jul 15 2013 20:38:06 by "buildd" with gcc 4.6.3

time: Wed Jan 22 01:30:14 2014
elapsed time: 0 seconds

