#
# A fatal error has been detected by the Java Runtime Environment:
#
#  SIGSEGV (0xb) at pc=0x00007f59cb32f6a4, pid=17210, tid=140024216151808
#
# JRE version: 7.0_25-b30
# Java VM: OpenJDK 64-Bit Server VM (23.7-b01 mixed mode linux-amd64 compressed oops)
# Problematic frame:
# C  [libpng12.so.0+0x146a4]  png_destroy_write_struct+0x34
#
# Failed to write core dump. Core dumps have been disabled. To enable core dumping, try "ulimit -c unlimited" before starting Java again
#
# If you would like to submit a bug report, please include
# instructions on how to reproduce the bug and visit:
#   https://bugs.launchpad.net/ubuntu/+source/openjdk-7/
# The crash happened outside the Java Virtual Machine in native code.
# See problematic frame for where to report the bug.
#

---------------  T H R E A D  ---------------

Current thread (0x00007f59e4009800):  JavaThread "main" [_thread_in_native, id=17216, stack(0x00007f59ed99e000,0x00007f59eda9f000)]

siginfo:si_signo=SIGSEGV: si_errno=0, si_code=1 (SEGV_MAPERR), si_addr=0x0000000000000478

Registers:
RAX=0x0000000000000000, RBX=0x0000000000000000, RCX=0x0000000000000000, RDX=0x00007f59eda9c390
RSP=0x00007f59eda9c2f0, RBP=0x00007f59eda9d3e0, RSI=0x00007f59eda9d3e0, RDI=0x00007f59eda9d3e8
R8 =0x00007f59eda9c250, R9 =0x0000000000000001, R10=0x00007f59eda9c0c0, R11=0x00007f59cb32f670
R12=0x00007f59eda9d3e8, R13=0x0000000000000000, R14=0x00007f59eda9d730, R15=0x00007f59e4009800
RIP=0x00007f59cb32f6a4, EFLAGS=0x0000000000010206, CSGSFS=0x0000000000000033, ERR=0x0000000000000004
  TRAPNO=0x000000000000000e

Top of Stack: (sp=0x00007f59eda9c2f0)
0x00007f59eda9c2f0:   00007f59eda9c390 0000000000000000
0x00007f59eda9c300:   0000000000000000 00007f59eda9d750
0x00007f59eda9c310:   0000000000000000 00007f59eda9d730
0x00007f59eda9c320:   00007f59e4009800 00007f59da180b49
0x00007f59eda9c330:   00000000000003c0 0000000000000003
0x00007f59eda9c340:   0000000242ff4000 0000014000000000
0x00007f59eda9c350:   0000000000000000 00007f59eda9d680
0x00007f59eda9c360:   42ff401000000000 00007f59e427ff20
0x00007f59eda9c370:   00007f59eda9d730 00000140000000f0
0x00007f59eda9c380:   00007f59eda9c390 0000000000000208
0x00007f59eda9c390:   0000000000000140 0000000000000001
0x00007f59eda9c3a0:   0000000242ff4013 0000014000000000
0x00007f59eda9c3b0:   0000000000000000 0000000000000000
0x00007f59eda9c3c0:   0000000000000000 0000000000000000
0x00007f59eda9c3d0:   0000000000000000 0000000000000000
0x00007f59eda9c3e0:   00007f59eda9c3a8 00007f59eda9c3f0
0x00007f59eda9c3f0:   0000000000000780 0000000000000006
0x00007f59eda9c400:   0000000242ff4013 0000014000000000
0x00007f59eda9c410:   0000000000000000 0000000000000000
0x00007f59eda9c420:   0000000000000000 0000000000000000
0x00007f59eda9c430:   0000000000000000 0000000000000000
0x00007f59eda9c440:   00007f59eda9c408 00007f59eda9c450
0x00007f59eda9c450:   0000000000000780 0000000000000006
0x00007f59eda9c460:   0000000000000000 00007f59eda9c4c0
0x00007f59eda9c470:   00007f59eda9c530 00007f59e10004f7
0x00007f59eda9c480:   0000000000000000 00007f59d97f9800
0x00007f59eda9c490:   0000000000000000 00000007d7098190
0x00007f59eda9c4a0:   0000000000000001 0000000000000003
0x00007f59eda9c4b0:   00000007d6f65010 00000007d6f65010
0x00007f59eda9c4c0:   00000007d709d930 0000000000000000
0x00007f59eda9c4d0:   00007f5900001fa0 0000000000000000
0x00007f59eda9c4e0:   00007f59dad49af0 00007f5900010000 

Instructions: (pc=0x00007f59cb32f6a4)
0x00007f59cb32f684:   6c 24 e8 49 89 fc 4c 89 74 24 f0 4c 89 7c 24 f8
0x00007f59cb32f694:   48 83 ec 38 48 85 ff 0f 84 cf 00 00 00 48 8b 1f
0x00007f59cb32f6a4:   4c 8b b3 78 04 00 00 4c 8b bb 68 04 00 00 48 85
0x00007f59cb32f6b4:   ed 74 43 4c 8b 6d 00 4d 85 ed 74 3a 48 85 db 74 

Register to memory mapping:

RAX=0x0000000000000000 is an unknown value
RBX=0x0000000000000000 is an unknown value
RCX=0x0000000000000000 is an unknown value
RDX=0x00007f59eda9c390 is pointing into the stack for thread: 0x00007f59e4009800
RSP=0x00007f59eda9c2f0 is pointing into the stack for thread: 0x00007f59e4009800
RBP=0x00007f59eda9d3e0 is pointing into the stack for thread: 0x00007f59e4009800
RSI=0x00007f59eda9d3e0 is pointing into the stack for thread: 0x00007f59e4009800
RDI=0x00007f59eda9d3e8 is pointing into the stack for thread: 0x00007f59e4009800
R8 =0x00007f59eda9c250 is pointing into the stack for thread: 0x00007f59e4009800
R9 =0x0000000000000001 is an unknown value
R10=0x00007f59eda9c0c0 is pointing into the stack for thread: 0x00007f59e4009800
R11=0x00007f59cb32f670: png_destroy_write_struct+0 in /lib/x86_64-linux-gnu/libpng12.so.0 at 0x00007f59cb31b000
R12=0x00007f59eda9d3e8 is pointing into the stack for thread: 0x00007f59e4009800
R13=0x0000000000000000 is an unknown value
R14=0x00007f59eda9d730 is pointing into the stack for thread: 0x00007f59e4009800
R15=0x00007f59e4009800 is a thread


Stack: [0x00007f59ed99e000,0x00007f59eda9f000],  sp=0x00007f59eda9c2f0,  free space=1016k
Native frames: (J=compiled Java code, j=interpreted, Vv=VM code, C=native code)
C  [libpng12.so.0+0x146a4]  png_destroy_write_struct+0x34

Java frames: (J=compiled Java code, j=interpreted, Vv=VM code)
j  org.opencv.highgui.Highgui.imwrite_1(Ljava/lang/String;J)Z+0
j  org.opencv.highgui.Highgui.imwrite(Ljava/lang/String;Lorg/opencv/core/Mat;)Z+5
j  vision.NewImageProcessor.findWallContours(Lorg/opencv/core/Mat;Lorg/opencv/core/Mat;Ljava/awt/Color;)V+48
j  vision.NewImageProcessor.process(Lorg/opencv/core/Mat;Lvision/detector/VisionDetector;)V+77
j  vision.NewImageProcessor.main([Ljava/lang/String;)V+41
v  ~StubRoutines::call_stub

---------------  P R O C E S S  ---------------

Java Threads: ( => current thread )
  0x00007f59e411c000 JavaThread "Service Thread" daemon [_thread_blocked, id=17252, stack(0x00007f59daf29000,0x00007f59db02a000)]
  0x00007f59e4119800 JavaThread "C2 CompilerThread1" daemon [_thread_blocked, id=17251, stack(0x00007f59db02a000,0x00007f59db12b000)]
  0x00007f59e4116800 JavaThread "C2 CompilerThread0" daemon [_thread_blocked, id=17250, stack(0x00007f59db12b000,0x00007f59db22c000)]
  0x00007f59e4114800 JavaThread "Signal Dispatcher" daemon [_thread_blocked, id=17248, stack(0x00007f59db22c000,0x00007f59db32d000)]
  0x00007f59e40bb000 JavaThread "Finalizer" daemon [_thread_blocked, id=17244, stack(0x00007f59db5f6000,0x00007f59db6f7000)]
  0x00007f59e40b8800 JavaThread "Reference Handler" daemon [_thread_blocked, id=17243, stack(0x00007f59db6f7000,0x00007f59db7f8000)]
=>0x00007f59e4009800 JavaThread "main" [_thread_in_native, id=17216, stack(0x00007f59ed99e000,0x00007f59eda9f000)]

Other Threads:
  0x00007f59e40b0000 VMThread [stack: 0x00007f59db7f8000,0x00007f59db8f9000] [id=17242]
  0x00007f59e4126800 WatcherThread [stack: 0x00007f59dae28000,0x00007f59daf29000] [id=17253]

VM state:not at safepoint (normal execution)

VM Mutex/Monitor currently owned by a thread: None

Heap
 PSYoungGen      total 36736K, used 1897K [0x00000007d6f60000, 0x00000007d9860000, 0x0000000800000000)
  eden space 31488K, 6% used [0x00000007d6f60000,0x00000007d713a678,0x00000007d8e20000)
  from space 5248K, 0% used [0x00000007d9340000,0x00000007d9340000,0x00000007d9860000)
  to   space 5248K, 0% used [0x00000007d8e20000,0x00000007d8e20000,0x00000007d9340000)
 ParOldGen       total 84096K, used 0K [0x0000000784e00000, 0x000000078a020000, 0x00000007d6f60000)
  object space 84096K, 0% used [0x0000000784e00000,0x0000000784e00000,0x000000078a020000)
 PSPermGen       total 21248K, used 3545K [0x000000077a800000, 0x000000077bcc0000, 0x0000000784e00000)
  object space 21248K, 16% used [0x000000077a800000,0x000000077ab767d8,0x000000077bcc0000)

Card table byte_map: [0x00007f59ea334000,0x00007f59ea761000] byte_map_base: 0x00007f59e6760000

Polling page: 0x00007f59edabe000

Code Cache  [0x00007f59e1000000, 0x00007f59e1270000, 0x00007f59e4000000)
 total_blobs=396 nmethods=1 adapters=348 free_code_cache=48656Kb largest_free_block=49823936

Compilation events (2 events):
Event: 0.224 Thread 0x00007f59e4116800    1             sun.nio.cs.UTF_8$Encoder::encode (361 bytes)
Event: 0.248 Thread 0x00007f59e4116800 nmethod 1 0x00007f59e1066150 code [0x00007f59e10662c0, 0x00007f59e10667e8]

GC Heap History (0 events):
No events

Deoptimization events (0 events):
No events

Internal exceptions (10 events):
Event: 0.222 Thread 0x00007f59e4009800 Threw 0x00000007d7035cf0 at /build/buildd/openjdk-7-7u25-2.3.10/build/openjdk/hotspot/src/share/vm/prims/jvm.cpp:1235
Event: 0.233 Thread 0x00007f59e4009800 Threw 0x00000007d703c8f8 at /build/buildd/openjdk-7-7u25-2.3.10/build/openjdk/hotspot/src/share/vm/prims/jvm.cpp:1235
Event: 0.234 Thread 0x00007f59e4009800 Threw 0x00000007d7046be8 at /build/buildd/openjdk-7-7u25-2.3.10/build/openjdk/hotspot/src/share/vm/prims/jvm.cpp:1235
Event: 0.266 Thread 0x00007f59e4009800 Threw 0x00000007d704cb20 at /build/buildd/openjdk-7-7u25-2.3.10/build/openjdk/hotspot/src/share/vm/prims/jvm.cpp:1235
Event: 0.267 Thread 0x00007f59e4009800 Threw 0x00000007d7052b30 at /build/buildd/openjdk-7-7u25-2.3.10/build/openjdk/hotspot/src/share/vm/prims/jvm.cpp:1235
Event: 0.268 Thread 0x00007f59e4009800 Threw 0x00000007d70552f0 at /build/buildd/openjdk-7-7u25-2.3.10/build/openjdk/hotspot/src/share/vm/prims/jvm.cpp:1235
Event: 0.272 Thread 0x00007f59e4009800 Threw 0x00000007d7082aa0 at /build/buildd/openjdk-7-7u25-2.3.10/build/openjdk/hotspot/src/share/vm/prims/jvm.cpp:1235
Event: 0.273 Thread 0x00007f59e4009800 Threw 0x00000007d70874f0 at /build/buildd/openjdk-7-7u25-2.3.10/build/openjdk/hotspot/src/share/vm/prims/jvm.cpp:1235
Event: 0.273 Thread 0x00007f59e4009800 Threw 0x00000007d708cb10 at /build/buildd/openjdk-7-7u25-2.3.10/build/openjdk/hotspot/src/share/vm/prims/jvm.cpp:1235
Event: 0.294 Thread 0x00007f59e4009800 Threw 0x00000007d7098818 at /build/buildd/openjdk-7-7u25-2.3.10/build/openjdk/hotspot/src/share/vm/prims/jni.cpp:716

Events (10 events):
Event: 0.286 loading class 0x00007f59e4252420
Event: 0.287 loading class 0x00007f59e4252420 done
Event: 0.287 loading class 0x00007f59e40c3ab0
Event: 0.287 loading class 0x00007f59e40c3ab0 done
Event: 0.294 loading class 0x00007f59e41fc320
Event: 0.294 loading class 0x00007f59e41fc320 done
Event: 0.294 loading class 0x00007f59e40e2e40
Event: 0.294 loading class 0x00007f59e40e2e40 done
Event: 0.294 loading class 0x00007f59e4086b00
Event: 0.295 loading class 0x00007f59e4086b00 done


Dynamic libraries:
00400000-00401000 r-xp 00000000 07:00 317449                             /usr/lib/jvm/java-7-openjdk-amd64/jre/bin/java
00600000-00601000 r--p 00000000 07:00 317449                             /usr/lib/jvm/java-7-openjdk-amd64/jre/bin/java
00601000-00602000 rw-p 00001000 07:00 317449                             /usr/lib/jvm/java-7-openjdk-amd64/jre/bin/java
00bec000-00c0d000 rw-p 00000000 00:00 0                                  [heap]
77a800000-77bcc0000 rw-p 00000000 00:00 0 
77bcc0000-784e00000 rw-p 00000000 00:00 0 
784e00000-78a020000 rw-p 00000000 00:00 0 
78a020000-7d6f60000 rw-p 00000000 00:00 0 
7d6f60000-7d9860000 rw-p 00000000 00:00 0 
7d9860000-800000000 rw-p 00000000 00:00 0 
7f5978000000-7f5978021000 rw-p 00000000 00:00 0 
7f5978021000-7f597c000000 ---p 00000000 00:00 0 
7f597c000000-7f597c021000 rw-p 00000000 00:00 0 
7f597c021000-7f5980000000 ---p 00000000 00:00 0 
7f5980000000-7f5980097000 rw-p 00000000 00:00 0 
7f5980097000-7f5984000000 ---p 00000000 00:00 0 
7f5984000000-7f5984021000 rw-p 00000000 00:00 0 
7f5984021000-7f5988000000 ---p 00000000 00:00 0 
7f5988000000-7f5988021000 rw-p 00000000 00:00 0 
7f5988021000-7f598c000000 ---p 00000000 00:00 0 
7f5990000000-7f5990021000 rw-p 00000000 00:00 0 
7f5990021000-7f5994000000 ---p 00000000 00:00 0 
7f5994000000-7f5994021000 rw-p 00000000 00:00 0 
7f5994021000-7f5998000000 ---p 00000000 00:00 0 
7f5998000000-7f5998021000 rw-p 00000000 00:00 0 
7f5998021000-7f599c000000 ---p 00000000 00:00 0 
7f599fd40000-7f59a4000000 rw-p 00000000 00:00 0 
7f59a4000000-7f59a4021000 rw-p 00000000 00:00 0 
7f59a4021000-7f59a8000000 ---p 00000000 00:00 0 
7f59ac000000-7f59ac021000 rw-p 00000000 00:00 0 
7f59ac021000-7f59b0000000 ---p 00000000 00:00 0 
7f59b4000000-7f59b4021000 rw-p 00000000 00:00 0 
7f59b4021000-7f59b8000000 ---p 00000000 00:00 0 
7f59bc000000-7f59bc021000 rw-p 00000000 00:00 0 
7f59bc021000-7f59c0000000 ---p 00000000 00:00 0 
7f59c4000000-7f59c4021000 rw-p 00000000 00:00 0 
7f59c4021000-7f59c8000000 ---p 00000000 00:00 0 
7f59c991f000-7f59c9922000 r-xp 00000000 07:00 234535                     /lib/x86_64-linux-gnu/libgpg-error.so.0.8.0
7f59c9922000-7f59c9b21000 ---p 00003000 07:00 234535                     /lib/x86_64-linux-gnu/libgpg-error.so.0.8.0
7f59c9b21000-7f59c9b22000 r--p 00002000 07:00 234535                     /lib/x86_64-linux-gnu/libgpg-error.so.0.8.0
7f59c9b22000-7f59c9b23000 rw-p 00003000 07:00 234535                     /lib/x86_64-linux-gnu/libgpg-error.so.0.8.0
7f59c9b23000-7f59c9b26000 r-xp 00000000 07:00 234587                     /lib/x86_64-linux-gnu/libkeyutils.so.1.4
7f59c9b26000-7f59c9d25000 ---p 00003000 07:00 234587                     /lib/x86_64-linux-gnu/libkeyutils.so.1.4
7f59c9d25000-7f59c9d26000 r--p 00002000 07:00 234587                     /lib/x86_64-linux-gnu/libkeyutils.so.1.4
7f59c9d26000-7f59c9d27000 rw-p 00003000 07:00 234587                     /lib/x86_64-linux-gnu/libkeyutils.so.1.4
7f59c9d27000-7f59c9d69000 r-xp 00000000 07:00 234531                     /lib/x86_64-linux-gnu/libdbus-1.so.3.5.8
7f59c9d69000-7f59c9f69000 ---p 00042000 07:00 234531                     /lib/x86_64-linux-gnu/libdbus-1.so.3.5.8
7f59c9f69000-7f59c9f6a000 r--p 00042000 07:00 234531                     /lib/x86_64-linux-gnu/libdbus-1.so.3.5.8
7f59c9f6a000-7f59c9f6b000 rw-p 00043000 07:00 234531                     /lib/x86_64-linux-gnu/libdbus-1.so.3.5.8
7f59c9f6b000-7f59c9f7c000 r-xp 00000000 07:00 93612                      /usr/lib/x86_64-linux-gnu/libp11-kit.so.0.0.0
7f59c9f7c000-7f59ca17b000 ---p 00011000 07:00 93612                      /usr/lib/x86_64-linux-gnu/libp11-kit.so.0.0.0
7f59ca17b000-7f59ca17c000 r--p 00010000 07:00 93612                      /usr/lib/x86_64-linux-gnu/libp11-kit.so.0.0.0
7f59ca17c000-7f59ca17d000 rw-p 00011000 07:00 93612                      /usr/lib/x86_64-linux-gnu/libp11-kit.so.0.0.0
7f59ca17d000-7f59ca1f7000 r-xp 00000000 07:00 234507                     /lib/x86_64-linux-gnu/libgcrypt.so.11.7.0
7f59ca1f7000-7f59ca3f7000 ---p 0007a000 07:00 234507                     /lib/x86_64-linux-gnu/libgcrypt.so.11.7.0
7f59ca3f7000-7f59ca3f8000 r--p 0007a000 07:00 234507                     /lib/x86_64-linux-gnu/libgcrypt.so.11.7.0
7f59ca3f8000-7f59ca3fb000 rw-p 0007b000 07:00 234507                     /lib/x86_64-linux-gnu/libgcrypt.so.11.7.0
7f59ca3fb000-7f59ca40b000 r-xp 00000000 07:00 113457                     /usr/lib/x86_64-linux-gnu/libtasn1.so.3.1.12
7f59ca40b000-7f59ca60a000 ---p 00010000 07:00 113457                     /usr/lib/x86_64-linux-gnu/libtasn1.so.3.1.12
7f59ca60a000-7f59ca60b000 r--p 0000f000 07:00 113457                     /usr/lib/x86_64-linux-gnu/libtasn1.so.3.1.12
7f59ca60b000-7f59ca60c000 rw-p 00010000 07:00 113457                     /usr/lib/x86_64-linux-gnu/libtasn1.so.3.1.12
7f59ca60c000-7f59ca613000 r-xp 00000000 07:00 113515                     /usr/lib/x86_64-linux-gnu/libkrb5support.so.0.1
7f59ca613000-7f59ca812000 ---p 00007000 07:00 113515                     /usr/lib/x86_64-linux-gnu/libkrb5support.so.0.1
7f59ca812000-7f59ca813000 r--p 00006000 07:00 113515                     /usr/lib/x86_64-linux-gnu/libkrb5support.so.0.1
7f59ca813000-7f59ca814000 rw-p 00007000 07:00 113515                     /usr/lib/x86_64-linux-gnu/libkrb5support.so.0.1
7f59ca814000-7f59ca817000 r-xp 00000000 07:00 234510                     /lib/x86_64-linux-gnu/libcom_err.so.2.1
7f59ca817000-7f59caa16000 ---p 00003000 07:00 234510                     /lib/x86_64-linux-gnu/libcom_err.so.2.1
7f59caa16000-7f59caa17000 r--p 00002000 07:00 234510                     /lib/x86_64-linux-gnu/libcom_err.so.2.1
7f59caa17000-7f59caa18000 rw-p 00003000 07:00 234510                     /lib/x86_64-linux-gnu/libcom_err.so.2.1
7f59caa18000-7f59caa3d000 r-xp 00000000 07:00 93453                      /usr/lib/x86_64-linux-gnu/libk5crypto.so.3.1
7f59caa3d000-7f59cac3d000 ---p 00025000 07:00 93453                      /usr/lib/x86_64-linux-gnu/libk5crypto.so.3.1
7f59cac3d000-7f59cac3e000 r--p 00025000 07:00 93453                      /usr/lib/x86_64-linux-gnu/libk5crypto.so.3.1
7f59cac3e000-7f59cac3f000 rw-p 00026000 07:00 93453                      /usr/lib/x86_64-linux-gnu/libk5crypto.so.3.1
7f59cac3f000-7f59cac40000 rw-p 00000000 00:00 0 
7f59cac40000-7f59cad04000 r-xp 00000000 07:00 93534                      /usr/lib/x86_64-linux-gnu/libkrb5.so.3.3
7f59cad04000-7f59caf03000 ---p 000c4000 07:00 93534                      /usr/lib/x86_64-linux-gnu/libkrb5.so.3.3
7f59caf03000-7f59caf0d000 r--p 000c3000 07:00 93534                      /usr/lib/x86_64-linux-gnu/libkrb5.so.3.3
7f59caf0d000-7f59caf0e000 rw-p 000cd000 07:00 93534                      /usr/lib/x86_64-linux-gnu/libkrb5.so.3.3
7f59caf0e000-7f59caf16000 r-xp 00000000 07:00 113561                     /usr/lib/x86_64-linux-gnu/libxcb-render.so.0.0.0
7f59caf16000-7f59cb116000 ---p 00008000 07:00 113561                     /usr/lib/x86_64-linux-gnu/libxcb-render.so.0.0.0
7f59cb116000-7f59cb117000 r--p 00008000 07:00 113561                     /usr/lib/x86_64-linux-gnu/libxcb-render.so.0.0.0
7f59cb117000-7f59cb118000 rw-p 00009000 07:00 113561                     /usr/lib/x86_64-linux-gnu/libxcb-render.so.0.0.0
7f59cb118000-7f59cb11a000 r-xp 00000000 07:00 93429                      /usr/lib/x86_64-linux-gnu/libxcb-shm.so.0.0.0
7f59cb11a000-7f59cb319000 ---p 00002000 07:00 93429                      /usr/lib/x86_64-linux-gnu/libxcb-shm.so.0.0.0
7f59cb319000-7f59cb31a000 r--p 00001000 07:00 93429                      /usr/lib/x86_64-linux-gnu/libxcb-shm.so.0.0.0
7f59cb31a000-7f59cb31b000 rw-p 00002000 07:00 93429                      /usr/lib/x86_64-linux-gnu/libxcb-shm.so.0.0.0
7f59cb31b000-7f59cb341000 r-xp 00000000 07:00 234543                     /lib/x86_64-linux-gnu/libpng12.so.0.46.0
7f59cb341000-7f59cb541000 ---p 00026000 07:00 234543                     /lib/x86_64-linux-gnu/libpng12.so.0.46.0
7f59cb541000-7f59cb542000 r--p 00026000 07:00 234543                     /lib/x86_64-linux-gnu/libpng12.so.0.46.0
7f59cb542000-7f59cb543000 rw-p 00027000 07:00 234543                     /lib/x86_64-linux-gnu/libpng12.so.0.46.0
7f59cb543000-7f59cb5d3000 r-xp 00000000 07:00 1479762                    /usr/lib/x86_64-linux-gnu/libpixman-1.so.0.30.2
7f59cb5d3000-7f59cb7d2000 ---p 00090000 07:00 1479762                    /usr/lib/x86_64-linux-gnu/libpixman-1.so.0.30.2
7f59cb7d2000-7f59cb7d9000 r--p 0008f000 07:00 1479762                    /usr/lib/x86_64-linux-gnu/libpixman-1.so.0.30.2
7f59cb7d9000-7f59cb7da000 rw-p 00096000 07:00 1479762                    /usr/lib/x86_64-linux-gnu/libpixman-1.so.0.30.2
7f59cb7da000-7f59cb7df000 r-xp 00000000 07:00 113447                     /usr/lib/x86_64-linux-gnu/libXdmcp.so.6.0.0
7f59cb7df000-7f59cb9de000 ---p 00005000 07:00 113447                     /usr/lib/x86_64-linux-gnu/libXdmcp.so.6.0.0
7f59cb9de000-7f59cb9df000 r--p 00004000 07:00 113447                     /usr/lib/x86_64-linux-gnu/libXdmcp.so.6.0.0
7f59cb9df000-7f59cb9e0000 rw-p 00005000 07:00 113447                     /usr/lib/x86_64-linux-gnu/libXdmcp.so.6.0.0
7f59cb9e0000-7f59cb9e2000 r-xp 00000000 07:00 113586                     /usr/lib/x86_64-linux-gnu/libXau.so.6.0.0
7f59cb9e2000-7f59cbbe1000 ---p 00002000 07:00 113586                     /usr/lib/x86_64-linux-gnu/libXau.so.6.0.0
7f59cbbe1000-7f59cbbe2000 r--p 00001000 07:00 113586                     /usr/lib/x86_64-linux-gnu/libXau.so.6.0.0
7f59cbbe2000-7f59cbbe3000 rw-p 00002000 07:00 113586                     /usr/lib/x86_64-linux-gnu/libXau.so.6.0.0
7f59cbbe3000-7f59cbbf3000 r-xp 00000000 07:00 1479774                    /usr/lib/x86_64-linux-gnu/libavahi-client.so.3.2.9
7f59cbbf3000-7f59cbdf2000 ---p 00010000 07:00 1479774                    /usr/lib/x86_64-linux-gnu/libavahi-client.so.3.2.9
7f59cbdf2000-7f59cbdf3000 r--p 0000f000 07:00 1479774                    /usr/lib/x86_64-linux-gnu/libavahi-client.so.3.2.9
7f59cbdf3000-7f59cbdf4000 rw-p 00010000 07:00 1479774                    /usr/lib/x86_64-linux-gnu/libavahi-client.so.3.2.9
7f59cbdf4000-7f59cbdff000 r-xp 00000000 07:00 1479772                    /usr/lib/x86_64-linux-gnu/libavahi-common.so.3.5.3
7f59cbdff000-7f59cbffe000 ---p 0000b000 07:00 1479772                    /usr/lib/x86_64-linux-gnu/libavahi-common.so.3.5.3
7f59cbffe000-7f59cbfff000 r--p 0000a000 07:00 1479772                    /usr/lib/x86_64-linux-gnu/libavahi-common.so.3.5.3
7f59cbfff000-7f59cc000000 rw-p 0000b000 07:00 1479772                    /usr/lib/x86_64-linux-gnu/libavahi-common.so.3.5.3
7f59cc000000-7f59cc021000 rw-p 00000000 00:00 0 
7f59cc021000-7f59d0000000 ---p 00000000 00:00 0 
7f59d00df000-7f59d0193000 r-xp 00000000 07:00 1479742                    /usr/lib/x86_64-linux-gnu/libgnutls.so.26.21.8
7f59d0193000-7f59d0393000 ---p 000b4000 07:00 1479742                    /usr/lib/x86_64-linux-gnu/libgnutls.so.26.21.8
7f59d0393000-7f59d0399000 r--p 000b4000 07:00 1479742                    /usr/lib/x86_64-linux-gnu/libgnutls.so.26.21.8
7f59d0399000-7f59d039a000 rw-p 000ba000 07:00 1479742                    /usr/lib/x86_64-linux-gnu/libgnutls.so.26.21.8
7f59d039a000-7f59d039b000 rw-p 00000000 00:00 0 
7f59d039b000-7f59d03d6000 r-xp 00000000 07:00 113467                     /usr/lib/x86_64-linux-gnu/libgssapi_krb5.so.2.2
7f59d03d6000-7f59d05d6000 ---p 0003b000 07:00 113467                     /usr/lib/x86_64-linux-gnu/libgssapi_krb5.so.2.2
7f59d05d6000-7f59d05d7000 r--p 0003b000 07:00 113467                     /usr/lib/x86_64-linux-gnu/libgssapi_krb5.so.2.2
7f59d05d7000-7f59d05d9000 rw-p 0003c000 07:00 113467                     /usr/lib/x86_64-linux-gnu/libgssapi_krb5.so.2.2
7f59d05d9000-7f59d0615000 r-xp 00000000 07:00 234583                     /lib/x86_64-linux-gnu/libpcre.so.3.12.1
7f59d0615000-7f59d0814000 ---p 0003c000 07:00 234583                     /lib/x86_64-linux-gnu/libpcre.so.3.12.1
7f59d0814000-7f59d0815000 r--p 0003b000 07:00 234583                     /lib/x86_64-linux-gnu/libpcre.so.3.12.1
7f59d0815000-7f59d0816000 rw-p 0003c000 07:00 234583                     /lib/x86_64-linux-gnu/libpcre.so.3.12.1
7f59d0816000-7f59d081d000 r-xp 00000000 07:00 93515                      /usr/lib/x86_64-linux-gnu/libffi.so.6.0.0
7f59d081d000-7f59d0a1c000 ---p 00007000 07:00 93515                      /usr/lib/x86_64-linux-gnu/libffi.so.6.0.0
7f59d0a1c000-7f59d0a1d000 r--p 00006000 07:00 93515                      /usr/lib/x86_64-linux-gnu/libffi.so.6.0.0
7f59d0a1d000-7f59d0a1e000 rw-p 00007000 07:00 93515                      /usr/lib/x86_64-linux-gnu/libffi.so.6.0.0
7f59d0a1e000-7f59d0a45000 r-xp 00000000 07:00 234562                     /lib/x86_64-linux-gnu/libexpat.so.1.5.2
7f59d0a45000-7f59d0c45000 ---p 00027000 07:00 234562                     /lib/x86_64-linux-gnu/libexpat.so.1.5.2
7f59d0c45000-7f59d0c47000 r--p 00027000 07:00 234562                     /lib/x86_64-linux-gnu/libexpat.so.1.5.2
7f59d0c47000-7f59d0c48000 rw-p 00029000 07:00 234562                     /lib/x86_64-linux-gnu/libexpat.so.1.5.2
7f59d0c48000-7f59d0cde000 r-xp 00000000 07:00 113532                     /usr/lib/x86_64-linux-gnu/libfreetype.so.6.8.0
7f59d0cde000-7f59d0edd000 ---p 00096000 07:00 113532                     /usr/lib/x86_64-linux-gnu/libfreetype.so.6.8.0
7f59d0edd000-7f59d0ee3000 r--p 00095000 07:00 113532                     /usr/lib/x86_64-linux-gnu/libfreetype.so.6.8.0
7f59d0ee3000-7f59d0ee4000 rw-p 0009b000 07:00 113532                     /usr/lib/x86_64-linux-gnu/libfreetype.so.6.8.0
7f59d0ee4000-7f59d0efc000 r-xp 00000000 07:00 1355784                    /lib/x86_64-linux-gnu/libresolv-2.15.so
7f59d0efc000-7f59d10fc000 ---p 00018000 07:00 1355784                    /lib/x86_64-linux-gnu/libresolv-2.15.so
7f59d10fc000-7f59d10fd000 r--p 00018000 07:00 1355784                    /lib/x86_64-linux-gnu/libresolv-2.15.so
7f59d10fd000-7f59d10fe000 rw-p 00019000 07:00 1355784                    /lib/x86_64-linux-gnu/libresolv-2.15.so
7f59d10fe000-7f59d1100000 rw-p 00000000 00:00 0 
7f59d1100000-7f59d111d000 r-xp 00000000 07:00 234525                     /lib/x86_64-linux-gnu/libselinux.so.1
7f59d111d000-7f59d131c000 ---p 0001d000 07:00 234525                     /lib/x86_64-linux-gnu/libselinux.so.1
7f59d131c000-7f59d131d000 r--p 0001c000 07:00 234525                     /lib/x86_64-linux-gnu/libselinux.so.1
7f59d131d000-7f59d131e000 rw-p 0001d000 07:00 234525                     /lib/x86_64-linux-gnu/libselinux.so.1
7f59d131e000-7f59d131f000 rw-p 00000000 00:00 0 
7f59d131f000-7f59d1322000 r-xp 00000000 07:00 1479720                    /usr/lib/x86_64-linux-gnu/libgmodule-2.0.so.0.3200.4
7f59d1322000-7f59d1521000 ---p 00003000 07:00 1479720                    /usr/lib/x86_64-linux-gnu/libgmodule-2.0.so.0.3200.4
7f59d1521000-7f59d1522000 r--p 00002000 07:00 1479720                    /usr/lib/x86_64-linux-gnu/libgmodule-2.0.so.0.3200.4
7f59d1522000-7f59d1523000 rw-p 00003000 07:00 1479720                    /usr/lib/x86_64-linux-gnu/libgmodule-2.0.so.0.3200.4
7f59d1523000-7f59d1525000 r-xp 00000000 07:00 113493                     /usr/lib/x86_64-linux-gnu/libXdamage.so.1.1.0
7f59d1525000-7f59d1724000 ---p 00002000 07:00 113493                     /usr/lib/x86_64-linux-gnu/libXdamage.so.1.1.0
7f59d1724000-7f59d1725000 r--p 00001000 07:00 113493                     /usr/lib/x86_64-linux-gnu/libXdamage.so.1.1.0
7f59d1725000-7f59d1726000 rw-p 00002000 07:00 113493                     /usr/lib/x86_64-linux-gnu/libXdamage.so.1.1.0
7f59d1726000-7f59d1728000 r-xp 00000000 07:00 93510                      /usr/lib/x86_64-linux-gnu/libXcomposite.so.1.0.0
7f59d1728000-7f59d1927000 ---p 00002000 07:00 93510                      /usr/lib/x86_64-linux-gnu/libXcomposite.so.1.0.0
7f59d1927000-7f59d1928000 r--p 00001000 07:00 93510                      /usr/lib/x86_64-linux-gnu/libXcomposite.so.1.0.0
7f59d1928000-7f59d1929000 rw-p 00002000 07:00 93510                      /usr/lib/x86_64-linux-gnu/libXcomposite.so.1.0.0
7f59d1929000-7f59d1932000 r-xp 00000000 07:00 93479                      /usr/lib/x86_64-linux-gnu/libXcursor.so.1.0.2
7f59d1932000-7f59d1b31000 ---p 00009000 07:00 93479                      /usr/lib/x86_64-linux-gnu/libXcursor.so.1.0.2
7f59d1b31000-7f59d1b32000 r--p 00008000 07:00 93479                      /usr/lib/x86_64-linux-gnu/libXcursor.so.1.0.2
7f59d1b32000-7f59d1b33000 rw-p 00009000 07:00 93479                      /usr/lib/x86_64-linux-gnu/libXcursor.so.1.0.2
7f59d1b33000-7f59d1b3a000 r-xp 00000000 07:00 93528                      /usr/lib/x86_64-linux-gnu/libXrandr.so.2.2.0
7f59d1b3a000-7f59d1d39000 ---p 00007000 07:00 93528                      /usr/lib/x86_64-linux-gnu/libXrandr.so.2.2.0
7f59d1d39000-7f59d1d3a000 r--p 00006000 07:00 93528                      /usr/lib/x86_64-linux-gnu/libXrandr.so.2.2.0
7f59d1d3a000-7f59d1d3b000 rw-p 00007000 07:00 93528                      /usr/lib/x86_64-linux-gnu/libXrandr.so.2.2.0
7f59d1d3b000-7f59d1d3d000 r-xp 00000000 07:00 113624                     /usr/lib/x86_64-linux-gnu/libXinerama.so.1.0.0
7f59d1d3d000-7f59d1f3c000 ---p 00002000 07:00 113624                     /usr/lib/x86_64-linux-gnu/libXinerama.so.1.0.0
7f59d1f3c000-7f59d1f3d000 r--p 00001000 07:00 113624                     /usr/lib/x86_64-linux-gnu/libXinerama.so.1.0.0
7f59d1f3d000-7f59d1f3e000 rw-p 00002000 07:00 113624                     /usr/lib/x86_64-linux-gnu/libXinerama.so.1.0.0
7f59d1f3e000-7f59d1f67000 r-xp 00000000 07:00 93391                      /usr/lib/x86_64-linux-gnu/libpangoft2-1.0.so.0.3000.0
7f59d1f67000-7f59d2166000 ---p 00029000 07:00 93391                      /usr/lib/x86_64-linux-gnu/libpangoft2-1.0.so.0.3000.0
7f59d2166000-7f59d2167000 r--p 00028000 07:00 93391                      /usr/lib/x86_64-linux-gnu/libpangoft2-1.0.so.0.3000.0
7f59d2167000-7f59d2168000 rw-p 00029000 07:00 93391                      /usr/lib/x86_64-linux-gnu/libpangoft2-1.0.so.0.3000.0
7f59d2168000-7f59d2221000 r-xp 00000000 07:00 93452                      /usr/lib/x86_64-linux-gnu/libcairo.so.2.11000.2
7f59d2221000-7f59d2420000 ---p 000b9000 07:00 93452                      /usr/lib/x86_64-linux-gnu/libcairo.so.2.11000.2
7f59d2420000-7f59d2422000 r--p 000b8000 07:00 93452                      /usr/lib/x86_64-linux-gnu/libcairo.so.2.11000.2
7f59d2422000-7f59d2423000 rw-p 000ba000 07:00 93452                      /usr/lib/x86_64-linux-gnu/libcairo.so.2.11000.2
7f59d2423000-7f59d2426000 rw-p 00000000 00:00 0 
7f59d2426000-7f59d2445000 r-xp 00000000 07:00 113625                     /usr/lib/x86_64-linux-gnu/libatk-1.0.so.0.20409.1
7f59d2445000-7f59d2645000 ---p 0001f000 07:00 113625                     /usr/lib/x86_64-linux-gnu/libatk-1.0.so.0.20409.1
7f59d2645000-7f59d2647000 r--p 0001f000 07:00 113625                     /usr/lib/x86_64-linux-gnu/libatk-1.0.so.0.20409.1
7f59d2647000-7f59d2648000 rw-p 00021000 07:00 113625                     /usr/lib/x86_64-linux-gnu/libatk-1.0.so.0.20409.1
7f59d2648000-7f59d264d000 r-xp 00000000 07:00 1479768                    /usr/lib/x86_64-linux-gnu/libXfixes.so.3.1.0
7f59d264d000-7f59d284c000 ---p 00005000 07:00 1479768                    /usr/lib/x86_64-linux-gnu/libXfixes.so.3.1.0
7f59d284c000-7f59d284d000 r--p 00004000 07:00 1479768                    /usr/lib/x86_64-linux-gnu/libXfixes.so.3.1.0
7f59d284d000-7f59d284e000 rw-p 00005000 07:00 1479768                    /usr/lib/x86_64-linux-gnu/libXfixes.so.3.1.0
7f59d284e000-7f59d2859000 r-xp 00000000 07:00 113531                     /usr/lib/x86_64-linux-gnu/libpangocairo-1.0.so.0.3000.0
7f59d2859000-7f59d2a58000 ---p 0000b000 07:00 113531                     /usr/lib/x86_64-linux-gnu/libpangocairo-1.0.so.0.3000.0
7f59d2a58000-7f59d2a59000 r--p 0000a000 07:00 113531                     /usr/lib/x86_64-linux-gnu/libpangocairo-1.0.so.0.3000.0
7f59d2a59000-7f59d2a5a000 rw-p 0000b000 07:00 113531                     /usr/lib/x86_64-linux-gnu/libpangocairo-1.0.so.0.3000.0
7f59d2a5a000-7f59d2a77000 r-xp 00000000 07:00 93302                      /usr/lib/x86_64-linux-gnu/libxcb.so.1.1.0
7f59d2a77000-7f59d2c76000 ---p 0001d000 07:00 93302                      /usr/lib/x86_64-linux-gnu/libxcb.so.1.1.0
7f59d2c76000-7f59d2c77000 r--p 0001c000 07:00 93302                      /usr/lib/x86_64-linux-gnu/libxcb.so.1.1.0
7f59d2c77000-7f59d2c78000 rw-p 0001d000 07:00 93302                      /usr/lib/x86_64-linux-gnu/libxcb.so.1.1.0
7f59d2c78000-7f59d2cc8000 r-xp 00000000 07:00 93603                      /usr/lib/x86_64-linux-gnu/libcups.so.2
7f59d2cc8000-7f59d2ec7000 ---p 00050000 07:00 93603                      /usr/lib/x86_64-linux-gnu/libcups.so.2
7f59d2ec7000-7f59d2ecb000 r--p 0004f000 07:00 93603                      /usr/lib/x86_64-linux-gnu/libcups.so.2
7f59d2ecb000-7f59d2ecc000 rw-p 00053000 07:00 93603                      /usr/lib/x86_64-linux-gnu/libcups.so.2
7f59d2ecc000-7f59d2fbe000 r-xp 00000000 07:00 234522                     /lib/x86_64-linux-gnu/libglib-2.0.so.0.3200.4
7f59d2fbe000-7f59d31be000 ---p 000f2000 07:00 234522                     /lib/x86_64-linux-gnu/libglib-2.0.so.0.3200.4
7f59d31be000-7f59d31bf000 r--p 000f2000 07:00 234522                     /lib/x86_64-linux-gnu/libglib-2.0.so.0.3200.4
7f59d31bf000-7f59d31c0000 rw-p 000f3000 07:00 234522                     /lib/x86_64-linux-gnu/libglib-2.0.so.0.3200.4
7f59d31c0000-7f59d31c1000 rw-p 00000000 00:00 0 
7f59d31c1000-7f59d31c2000 r-xp 00000000 07:00 1479722                    /usr/lib/x86_64-linux-gnu/libgthread-2.0.so.0.3200.4
7f59d31c2000-7f59d33c1000 ---p 00001000 07:00 1479722                    /usr/lib/x86_64-linux-gnu/libgthread-2.0.so.0.3200.4
7f59d33c1000-7f59d33c2000 r--p 00000000 07:00 1479722                    /usr/lib/x86_64-linux-gnu/libgthread-2.0.so.0.3200.4
7f59d33c2000-7f59d33c3000 rw-p 00001000 07:00 1479722                    /usr/lib/x86_64-linux-gnu/libgthread-2.0.so.0.3200.4
7f59d33c3000-7f59d3410000 r-xp 00000000 07:00 1479726                    /usr/lib/x86_64-linux-gnu/libgobject-2.0.so.0.3200.4
7f59d3410000-7f59d3610000 ---p 0004d000 07:00 1479726                    /usr/lib/x86_64-linux-gnu/libgobject-2.0.so.0.3200.4
7f59d3610000-7f59d3611000 r--p 0004d000 07:00 1479726                    /usr/lib/x86_64-linux-gnu/libgobject-2.0.so.0.3200.4
7f59d3611000-7f59d3612000 rw-p 0004e000 07:00 1479726                    /usr/lib/x86_64-linux-gnu/libgobject-2.0.so.0.3200.4
7f59d3612000-7f59d3646000 r-xp 00000000 07:00 93287                      /usr/lib/x86_64-linux-gnu/libfontconfig.so.1.4.4
7f59d3646000-7f59d3846000 ---p 00034000 07:00 93287                      /usr/lib/x86_64-linux-gnu/libfontconfig.so.1.4.4
7f59d3846000-7f59d3847000 r--p 00034000 07:00 93287                      /usr/lib/x86_64-linux-gnu/libfontconfig.so.1.4.4
7f59d3847000-7f59d3848000 rw-p 00035000 07:00 93287                      /usr/lib/x86_64-linux-gnu/libfontconfig.so.1.4.4
7f59d3848000-7f59d388e000 r-xp 00000000 07:00 113642                     /usr/lib/x86_64-linux-gnu/libpango-1.0.so.0.3000.0
7f59d388e000-7f59d3a8e000 ---p 00046000 07:00 113642                     /usr/lib/x86_64-linux-gnu/libpango-1.0.so.0.3000.0
7f59d3a8e000-7f59d3a90000 r--p 00046000 07:00 113642                     /usr/lib/x86_64-linux-gnu/libpango-1.0.so.0.3000.0
7f59d3a90000-7f59d3a91000 rw-p 00048000 07:00 113642                     /usr/lib/x86_64-linux-gnu/libpango-1.0.so.0.3000.0
7f59d3a91000-7f59d3aaf000 r-xp 00000000 07:00 93419                      /usr/lib/x86_64-linux-gnu/libgdk_pixbuf-2.0.so.0.2600.1
7f59d3aaf000-7f59d3caf000 ---p 0001e000 07:00 93419                      /usr/lib/x86_64-linux-gnu/libgdk_pixbuf-2.0.so.0.2600.1
7f59d3caf000-7f59d3cb0000 r--p 0001e000 07:00 93419                      /usr/lib/x86_64-linux-gnu/libgdk_pixbuf-2.0.so.0.2600.1
7f59d3cb0000-7f59d3cb1000 rw-p 0001f000 07:00 93419                      /usr/lib/x86_64-linux-gnu/libgdk_pixbuf-2.0.so.0.2600.1
7f59d3cb1000-7f59d3df9000 r-xp 00000000 07:00 1479724                    /usr/lib/x86_64-linux-gnu/libgio-2.0.so.0.3200.4
7f59d3df9000-7f59d3ff8000 ---p 00148000 07:00 1479724                    /usr/lib/x86_64-linux-gnu/libgio-2.0.so.0.3200.4
7f59d3ff8000-7f59d3ffc000 r--p 00147000 07:00 1479724                    /usr/lib/x86_64-linux-gnu/libgio-2.0.so.0.3200.4
7f59d3ffc000-7f59d3ffe000 rw-p 0014b000 07:00 1479724                    /usr/lib/x86_64-linux-gnu/libgio-2.0.so.0.3200.4
7f59d3ffe000-7f59d4000000 rw-p 00000000 00:00 0 
7f59d4000000-7f59d4021000 rw-p 00000000 00:00 0 
7f59d4021000-7f59d8000000 ---p 00000000 00:00 0 
7f59d80bb000-7f59d8168000 r-xp 00000000 07:00 93263                      /usr/lib/x86_64-linux-gnu/libgdk-x11-2.0.so.0.2400.10
7f59d8168000-7f59d8367000 ---p 000ad000 07:00 93263                      /usr/lib/x86_64-linux-gnu/libgdk-x11-2.0.so.0.2400.10
7f59d8367000-7f59d836b000 r--p 000ac000 07:00 93263                      /usr/lib/x86_64-linux-gnu/libgdk-x11-2.0.so.0.2400.10
7f59d836b000-7f59d836d000 rw-p 000b0000 07:00 93263                      /usr/lib/x86_64-linux-gnu/libgdk-x11-2.0.so.0.2400.10
7f59d836d000-7f59d879a000 r-xp 00000000 07:00 113497                     /usr/lib/x86_64-linux-gnu/libgtk-x11-2.0.so.0.2400.10
7f59d879a000-7f59d899a000 ---p 0042d000 07:00 113497                     /usr/lib/x86_64-linux-gnu/libgtk-x11-2.0.so.0.2400.10
7f59d899a000-7f59d89a1000 r--p 0042d000 07:00 113497                     /usr/lib/x86_64-linux-gnu/libgtk-x11-2.0.so.0.2400.10
7f59d89a1000-7f59d89a5000 rw-p 00434000 07:00 113497                     /usr/lib/x86_64-linux-gnu/libgtk-x11-2.0.so.0.2400.10
7f59d89a5000-7f59d89a7000 rw-p 00000000 00:00 0 
7f59d89a7000-7f59d89b6000 r-xp 00000000 07:00 1479776                    /usr/lib/x86_64-linux-gnu/libXi.so.6.1.0
7f59d89b6000-7f59d8bb5000 ---p 0000f000 07:00 1479776                    /usr/lib/x86_64-linux-gnu/libXi.so.6.1.0
7f59d8bb5000-7f59d8bb6000 r--p 0000e000 07:00 1479776                    /usr/lib/x86_64-linux-gnu/libXi.so.6.1.0
7f59d8bb6000-7f59d8bb7000 rw-p 0000f000 07:00 1479776                    /usr/lib/x86_64-linux-gnu/libXi.so.6.1.0
7f59d8bb7000-7f59d8bbc000 r-xp 00000000 07:00 93540                      /usr/lib/x86_64-linux-gnu/libXtst.so.6.1.0
7f59d8bbc000-7f59d8dbb000 ---p 00005000 07:00 93540                      /usr/lib/x86_64-linux-gnu/libXtst.so.6.1.0
7f59d8dbb000-7f59d8dbc000 r--p 00004000 07:00 93540                      /usr/lib/x86_64-linux-gnu/libXtst.so.6.1.0
7f59d8dbc000-7f59d8dbd000 rw-p 00005000 07:00 93540                      /usr/lib/x86_64-linux-gnu/libXtst.so.6.1.0
7f59d8dbd000-7f59d8dc6000 r-xp 00000000 07:00 93266                      /usr/lib/x86_64-linux-gnu/libXrender.so.1.3.0
7f59d8dc6000-7f59d8fc5000 ---p 00009000 07:00 93266                      /usr/lib/x86_64-linux-gnu/libXrender.so.1.3.0
7f59d8fc5000-7f59d8fc6000 r--p 00008000 07:00 93266                      /usr/lib/x86_64-linux-gnu/libXrender.so.1.3.0
7f59d8fc6000-7f59d8fc7000 rw-p 00009000 07:00 93266                      /usr/lib/x86_64-linux-gnu/libXrender.so.1.3.0
7f59d8fc7000-7f59d90f7000 r-xp 00000000 07:00 433153                     /usr/lib/x86_64-linux-gnu/libX11.so.6.3.0
7f59d90f7000-7f59d92f7000 ---p 00130000 07:00 433153                     /usr/lib/x86_64-linux-gnu/libX11.so.6.3.0
7f59d92f7000-7f59d92f8000 r--p 00130000 07:00 433153                     /usr/lib/x86_64-linux-gnu/libX11.so.6.3.0
7f59d92f8000-7f59d92fc000 rw-p 00131000 07:00 433153                     /usr/lib/x86_64-linux-gnu/libX11.so.6.3.0
7f59d92fc000-7f59d930c000 r-xp 00000000 07:00 93461                      /usr/lib/x86_64-linux-gnu/libXext.so.6.4.0
7f59d930c000-7f59d950b000 ---p 00010000 07:00 93461                      /usr/lib/x86_64-linux-gnu/libXext.so.6.4.0
7f59d950b000-7f59d950c000 r--p 0000f000 07:00 93461                      /usr/lib/x86_64-linux-gnu/libXext.so.6.4.0
7f59d950c000-7f59d950d000 rw-p 00010000 07:00 93461                      /usr/lib/x86_64-linux-gnu/libXext.so.6.4.0
7f59d950d000-7f59d955f000 r-xp 00000000 07:00 334917                     /usr/lib/jvm/java-7-openjdk-amd64/jre/lib/amd64/xawt/libmawt.so
7f59d955f000-7f59d975f000 ---p 00052000 07:00 334917                     /usr/lib/jvm/java-7-openjdk-amd64/jre/lib/amd64/xawt/libmawt.so
7f59d975f000-7f59d9760000 r--p 00052000 07:00 334917                     /usr/lib/jvm/java-7-openjdk-amd64/jre/lib/amd64/xawt/libmawt.so
7f59d9760000-7f59d9763000 rw-p 00053000 07:00 334917                     /usr/lib/jvm/java-7-openjdk-amd64/jre/lib/amd64/xawt/libmawt.so
7f59d9763000-7f59d9764000 rw-p 00000000 00:00 0 
7f59d9764000-7f59d9807000 r-xp 00000000 07:00 331786                     /usr/lib/jvm/java-7-openjdk-amd64/jre/lib/amd64/libawt.so
7f59d9807000-7f59d9a06000 ---p 000a3000 07:00 331786                     /usr/lib/jvm/java-7-openjdk-amd64/jre/lib/amd64/libawt.so
7f59d9a06000-7f59d9a07000 r--p 000a2000 07:00 331786                     /usr/lib/jvm/java-7-openjdk-amd64/jre/lib/amd64/libawt.so
7f59d9a07000-7f59d9a12000 rw-p 000a3000 07:00 331786                     /usr/lib/jvm/java-7-openjdk-amd64/jre/lib/amd64/libawt.so
7f59d9a12000-7f59d9aa9000 rw-p 00000000 00:00 0 
7f59d9b8b000-7f59dab45000 r-xp 00000000 07:00 496535                     /home/aivanov/Downloads/opencv-2.4.8/build/lib/libopencv_java248.so
7f59dab45000-7f59dad45000 ---p 00fba000 07:00 496535                     /home/aivanov/Downloads/opencv-2.4.8/build/lib/libopencv_java248.so
7f59dad45000-7f59dad69000 r--p 00fba000 07:00 496535                     /home/aivanov/Downloads/opencv-2.4.8/build/lib/libopencv_java248.so
7f59dad69000-7f59dad84000 rw-p 00fde000 07:00 496535                     /home/aivanov/Downloads/opencv-2.4.8/build/lib/libopencv_java248.so
7f59dad84000-7f59dae28000 rw-p 00000000 00:00 0 
7f59dae28000-7f59dae29000 ---p 00000000 00:00 0 
7f59dae29000-7f59daf29000 rw-p 00000000 00:00 0                          [stack:17253]
7f59daf29000-7f59daf2c000 ---p 00000000 00:00 0 
7f59daf2c000-7f59db02a000 rw-p 00000000 00:00 0                          [stack:17252]
7f59db02a000-7f59db02d000 ---p 00000000 00:00 0 
7f59db02d000-7f59db12b000 rw-p 00000000 00:00 0                          [stack:17251]
7f59db12b000-7f59db12e000 ---p 00000000 00:00 0 
7f59db12e000-7f59db22c000 rw-p 00000000 00:00 0                          [stack:17250]
7f59db22c000-7f59db22f000 ---p 00000000 00:00 0 
7f59db22f000-7f59db32d000 rw-p 00000000 00:00 0                          [stack:17248]
7f59db32d000-7f59db5f6000 r--p 00000000 07:00 541697                     /usr/lib/locale/locale-archive
7f59db5f6000-7f59db5f9000 ---p 00000000 00:00 0 
7f59db5f9000-7f59db6f7000 rw-p 00000000 00:00 0                          [stack:17244]
7f59db6f7000-7f59db6fa000 ---p 00000000 00:00 0 
7f59db6fa000-7f59db7f8000 rw-p 00000000 00:00 0                          [stack:17243]
7f59db7f8000-7f59db7f9000 ---p 00000000 00:00 0 
7f59db7f9000-7f59dc000000 rw-p 00000000 00:00 0                          [stack:17242]
7f59dc000000-7f59dc021000 rw-p 00000000 00:00 0 
7f59dc021000-7f59e0000000 ---p 00000000 00:00 0 
7f59e0003000-7f59e000a000 r--s 00000000 07:00 1303740                    /usr/lib/x86_64-linux-gnu/gconv/gconv-modules.cache
7f59e000a000-7f59e1000000 rw-p 00000000 00:00 0 
7f59e1000000-7f59e1270000 rwxp 00000000 00:00 0 
7f59e1270000-7f59e4386000 rw-p 00000000 00:00 0 
7f59e4386000-7f59e8000000 ---p 00000000 00:00 0 
7f59e8005000-7f59e8009000 r--s 00069000 07:00 496533                     /home/aivanov/Downloads/opencv-2.4.8/build/bin/opencv-248.jar
7f59e8009000-7f59e8010000 r--s 00030000 07:00 10015                      /usr/share/java/junit4-4.8.2.jar
7f59e8010000-7f59e85c3000 rw-p 00000000 00:00 0 
7f59e85c3000-7f59e8770000 r--s 01cec000 07:00 317483                     /usr/lib/jvm/java-7-openjdk-amd64/jre/lib/rt.jar
7f59e8770000-7f59e9848000 rw-p 00000000 00:00 0 
7f59e9848000-7f59e9849000 ---p 00000000 00:00 0 
7f59e9849000-7f59e9949000 rw-p 00000000 00:00 0                          [stack:17229]
7f59e9949000-7f59e994a000 ---p 00000000 00:00 0 
7f59e994a000-7f59e9a4a000 rw-p 00000000 00:00 0                          [stack:17227]
7f59e9a4a000-7f59e9a4b000 ---p 00000000 00:00 0 
7f59e9a4b000-7f59e9b4b000 rw-p 00000000 00:00 0                          [stack:17226]
7f59e9b4b000-7f59e9b4c000 ---p 00000000 00:00 0 
7f59e9b4c000-7f59e9c4c000 rw-p 00000000 00:00 0                          [stack:17222]
7f59e9c4c000-7f59e9c4d000 ---p 00000000 00:00 0 
7f59e9c4d000-7f59e9d4d000 rw-p 00000000 00:00 0                          [stack:17221]
7f59e9d4d000-7f59e9d4e000 ---p 00000000 00:00 0 
7f59e9d4e000-7f59e9e4e000 rw-p 00000000 00:00 0                          [stack:17220]
7f59e9e4e000-7f59e9e4f000 ---p 00000000 00:00 0 
7f59e9e4f000-7f59e9f4f000 rw-p 00000000 00:00 0                          [stack:17219]
7f59e9f4f000-7f59e9f50000 ---p 00000000 00:00 0 
7f59e9f50000-7f59ea05b000 rw-p 00000000 00:00 0                          [stack:17218]
7f59ea05b000-7f59ea0a3000 rw-p 00000000 00:00 0 
7f59ea0a3000-7f59ea0cd000 rw-p 00000000 00:00 0 
7f59ea0cd000-7f59ea334000 rw-p 00000000 00:00 0 
7f59ea334000-7f59ea33f000 rw-p 00000000 00:00 0 
7f59ea33f000-7f59ea387000 rw-p 00000000 00:00 0 
7f59ea387000-7f59ea3b1000 rw-p 00000000 00:00 0 
7f59ea3b1000-7f59ea617000 rw-p 00000000 00:00 0 
7f59ea617000-7f59ea62d000 rw-p 00000000 00:00 0 
7f59ea62d000-7f59ea760000 rw-p 00000000 00:00 0 
7f59ea760000-7f59ea761000 rw-p 00000000 00:00 0 
7f59ea761000-7f59ea769000 r-xp 00000000 07:00 331788                     /usr/lib/jvm/java-7-openjdk-amd64/jre/lib/amd64/libzip.so
7f59ea769000-7f59ea968000 ---p 00008000 07:00 331788                     /usr/lib/jvm/java-7-openjdk-amd64/jre/lib/amd64/libzip.so
7f59ea968000-7f59ea969000 r--p 00007000 07:00 331788                     /usr/lib/jvm/java-7-openjdk-amd64/jre/lib/amd64/libzip.so
7f59ea969000-7f59ea96a000 rw-p 00008000 07:00 331788                     /usr/lib/jvm/java-7-openjdk-amd64/jre/lib/amd64/libzip.so
7f59ea96a000-7f59ea976000 r-xp 00000000 07:00 1355783                    /lib/x86_64-linux-gnu/libnss_files-2.15.so
7f59ea976000-7f59eab75000 ---p 0000c000 07:00 1355783                    /lib/x86_64-linux-gnu/libnss_files-2.15.so
7f59eab75000-7f59eab76000 r--p 0000b000 07:00 1355783                    /lib/x86_64-linux-gnu/libnss_files-2.15.so
7f59eab76000-7f59eab77000 rw-p 0000c000 07:00 1355783                    /lib/x86_64-linux-gnu/libnss_files-2.15.so
7f59eab77000-7f59eab81000 r-xp 00000000 07:00 1355787                    /lib/x86_64-linux-gnu/libnss_nis-2.15.so
7f59eab81000-7f59ead81000 ---p 0000a000 07:00 1355787                    /lib/x86_64-linux-gnu/libnss_nis-2.15.so
7f59ead81000-7f59ead82000 r--p 0000a000 07:00 1355787                    /lib/x86_64-linux-gnu/libnss_nis-2.15.so
7f59ead82000-7f59ead83000 rw-p 0000b000 07:00 1355787                    /lib/x86_64-linux-gnu/libnss_nis-2.15.so
7f59ead83000-7f59ead9a000 r-xp 00000000 07:00 1355799                    /lib/x86_64-linux-gnu/libnsl-2.15.so
7f59ead9a000-7f59eaf99000 ---p 00017000 07:00 1355799                    /lib/x86_64-linux-gnu/libnsl-2.15.so
7f59eaf99000-7f59eaf9a000 r--p 00016000 07:00 1355799                    /lib/x86_64-linux-gnu/libnsl-2.15.so
7f59eaf9a000-7f59eaf9b000 rw-p 00017000 07:00 1355799                    /lib/x86_64-linux-gnu/libnsl-2.15.so
7f59eaf9b000-7f59eaf9d000 rw-p 00000000 00:00 0 
7f59eaf9d000-7f59eafa5000 r-xp 00000000 07:00 1355781                    /lib/x86_64-linux-gnu/libnss_compat-2.15.so
7f59eafa5000-7f59eb1a4000 ---p 00008000 07:00 1355781                    /lib/x86_64-linux-gnu/libnss_compat-2.15.so
7f59eb1a4000-7f59eb1a5000 r--p 00007000 07:00 1355781                    /lib/x86_64-linux-gnu/libnss_compat-2.15.so
7f59eb1a5000-7f59eb1a6000 rw-p 00008000 07:00 1355781                    /lib/x86_64-linux-gnu/libnss_compat-2.15.so
7f59eb1a6000-7f59eb1cf000 r-xp 00000000 07:00 331783                     /usr/lib/jvm/java-7-openjdk-amd64/jre/lib/amd64/libjava.so
7f59eb1cf000-7f59eb3ce000 ---p 00029000 07:00 331783                     /usr/lib/jvm/java-7-openjdk-amd64/jre/lib/amd64/libjava.so
7f59eb3ce000-7f59eb3cf000 r--p 00028000 07:00 331783                     /usr/lib/jvm/java-7-openjdk-amd64/jre/lib/amd64/libjava.so
7f59eb3cf000-7f59eb3d1000 rw-p 00029000 07:00 331783                     /usr/lib/jvm/java-7-openjdk-amd64/jre/lib/amd64/libjava.so
7f59eb3d1000-7f59eb3df000 r-xp 00000000 07:00 331798                     /usr/lib/jvm/java-7-openjdk-amd64/jre/lib/amd64/libverify.so
7f59eb3df000-7f59eb5de000 ---p 0000e000 07:00 331798                     /usr/lib/jvm/java-7-openjdk-amd64/jre/lib/amd64/libverify.so
7f59eb5de000-7f59eb5e0000 r--p 0000d000 07:00 331798                     /usr/lib/jvm/java-7-openjdk-amd64/jre/lib/amd64/libverify.so
7f59eb5e0000-7f59eb5e1000 rw-p 0000f000 07:00 331798                     /usr/lib/jvm/java-7-openjdk-amd64/jre/lib/amd64/libverify.so
7f59eb5e1000-7f59eb5e8000 r-xp 00000000 07:00 1355786                    /lib/x86_64-linux-gnu/librt-2.15.so
7f59eb5e8000-7f59eb7e7000 ---p 00007000 07:00 1355786                    /lib/x86_64-linux-gnu/librt-2.15.so
7f59eb7e7000-7f59eb7e8000 r--p 00006000 07:00 1355786                    /lib/x86_64-linux-gnu/librt-2.15.so
7f59eb7e8000-7f59eb7e9000 rw-p 00007000 07:00 1355786                    /lib/x86_64-linux-gnu/librt-2.15.so
7f59eb7e9000-7f59eb7fe000 r-xp 00000000 07:00 234552                     /lib/x86_64-linux-gnu/libgcc_s.so.1
7f59eb7fe000-7f59eb9fd000 ---p 00015000 07:00 234552                     /lib/x86_64-linux-gnu/libgcc_s.so.1
7f59eb9fd000-7f59eb9fe000 r--p 00014000 07:00 234552                     /lib/x86_64-linux-gnu/libgcc_s.so.1
7f59eb9fe000-7f59eb9ff000 rw-p 00015000 07:00 234552                     /lib/x86_64-linux-gnu/libgcc_s.so.1
7f59eb9ff000-7f59ebafa000 r-xp 00000000 07:00 1355790                    /lib/x86_64-linux-gnu/libm-2.15.so
7f59ebafa000-7f59ebcf9000 ---p 000fb000 07:00 1355790                    /lib/x86_64-linux-gnu/libm-2.15.so
7f59ebcf9000-7f59ebcfa000 r--p 000fa000 07:00 1355790                    /lib/x86_64-linux-gnu/libm-2.15.so
7f59ebcfa000-7f59ebcfb000 rw-p 000fb000 07:00 1355790                    /lib/x86_64-linux-gnu/libm-2.15.so
7f59ebcfb000-7f59ebddd000 r-xp 00000000 07:00 113565                     /usr/lib/x86_64-linux-gnu/libstdc++.so.6.0.16
7f59ebddd000-7f59ebfdc000 ---p 000e2000 07:00 113565                     /usr/lib/x86_64-linux-gnu/libstdc++.so.6.0.16
7f59ebfdc000-7f59ebfe4000 r--p 000e1000 07:00 113565                     /usr/lib/x86_64-linux-gnu/libstdc++.so.6.0.16
7f59ebfe4000-7f59ebfe6000 rw-p 000e9000 07:00 113565                     /usr/lib/x86_64-linux-gnu/libstdc++.so.6.0.16
7f59ebfe6000-7f59ebffb000 rw-p 00000000 00:00 0 
7f59ebffb000-7f59ec9ce000 r-xp 00000000 07:00 332807                     /usr/lib/jvm/java-7-openjdk-amd64/jre/lib/amd64/server/libjvm.so
7f59ec9ce000-7f59ecbcd000 ---p 009d3000 07:00 332807                     /usr/lib/jvm/java-7-openjdk-amd64/jre/lib/amd64/server/libjvm.so
7f59ecbcd000-7f59ecc4c000 r--p 009d2000 07:00 332807                     /usr/lib/jvm/java-7-openjdk-amd64/jre/lib/amd64/server/libjvm.so
7f59ecc4c000-7f59ecc6f000 rw-p 00a51000 07:00 332807                     /usr/lib/jvm/java-7-openjdk-amd64/jre/lib/amd64/server/libjvm.so
7f59ecc6f000-7f59ecc99000 rw-p 00000000 00:00 0 
7f59ecc99000-7f59eccaf000 r-xp 00000000 07:00 234620                     /lib/x86_64-linux-gnu/libz.so.1.2.3.4
7f59eccaf000-7f59eceae000 ---p 00016000 07:00 234620                     /lib/x86_64-linux-gnu/libz.so.1.2.3.4
7f59eceae000-7f59eceaf000 r--p 00015000 07:00 234620                     /lib/x86_64-linux-gnu/libz.so.1.2.3.4
7f59eceaf000-7f59eceb0000 rw-p 00016000 07:00 234620                     /lib/x86_64-linux-gnu/libz.so.1.2.3.4
7f59eceb0000-7f59ecec8000 r-xp 00000000 07:00 1355788                    /lib/x86_64-linux-gnu/libpthread-2.15.so
7f59ecec8000-7f59ed0c7000 ---p 00018000 07:00 1355788                    /lib/x86_64-linux-gnu/libpthread-2.15.so
7f59ed0c7000-7f59ed0c8000 r--p 00017000 07:00 1355788                    /lib/x86_64-linux-gnu/libpthread-2.15.so
7f59ed0c8000-7f59ed0c9000 rw-p 00018000 07:00 1355788                    /lib/x86_64-linux-gnu/libpthread-2.15.so
7f59ed0c9000-7f59ed0cd000 rw-p 00000000 00:00 0 
7f59ed0cd000-7f59ed0cf000 r-xp 00000000 07:00 1355794                    /lib/x86_64-linux-gnu/libdl-2.15.so
7f59ed0cf000-7f59ed2cf000 ---p 00002000 07:00 1355794                    /lib/x86_64-linux-gnu/libdl-2.15.so
7f59ed2cf000-7f59ed2d0000 r--p 00002000 07:00 1355794                    /lib/x86_64-linux-gnu/libdl-2.15.so
7f59ed2d0000-7f59ed2d1000 rw-p 00003000 07:00 1355794                    /lib/x86_64-linux-gnu/libdl-2.15.so
7f59ed2d1000-7f59ed486000 r-xp 00000000 07:00 1355779                    /lib/x86_64-linux-gnu/libc-2.15.so
7f59ed486000-7f59ed686000 ---p 001b5000 07:00 1355779                    /lib/x86_64-linux-gnu/libc-2.15.so
7f59ed686000-7f59ed68a000 r--p 001b5000 07:00 1355779                    /lib/x86_64-linux-gnu/libc-2.15.so
7f59ed68a000-7f59ed68c000 rw-p 001b9000 07:00 1355779                    /lib/x86_64-linux-gnu/libc-2.15.so
7f59ed68c000-7f59ed691000 rw-p 00000000 00:00 0 
7f59ed691000-7f59ed69e000 r-xp 00000000 07:00 332802                     /usr/lib/jvm/java-7-openjdk-amd64/jre/lib/amd64/jli/libjli.so
7f59ed69e000-7f59ed89d000 ---p 0000d000 07:00 332802                     /usr/lib/jvm/java-7-openjdk-amd64/jre/lib/amd64/jli/libjli.so
7f59ed89d000-7f59ed89e000 r--p 0000c000 07:00 332802                     /usr/lib/jvm/java-7-openjdk-amd64/jre/lib/amd64/jli/libjli.so
7f59ed89e000-7f59ed89f000 rw-p 0000d000 07:00 332802                     /usr/lib/jvm/java-7-openjdk-amd64/jre/lib/amd64/jli/libjli.so
7f59ed89f000-7f59ed8c1000 r-xp 00000000 07:00 1355791                    /lib/x86_64-linux-gnu/ld-2.15.so
7f59ed8c3000-7f59ed8c5000 r--s 00007000 07:00 10007                      /usr/share/java/hamcrest-core-1.1.jar
7f59ed8c5000-7f59ed8c7000 r--s 00007000 07:00 10007                      /usr/share/java/hamcrest-core-1.1.jar
7f59ed8c7000-7f59ed8c9000 r--s 00024000 07:00 561277                     /home/aivanov/workspace/MaslabDemo/resources/jSSC-2.6.0-Release/jssc.jar
7f59ed8c9000-7f59ed8d9000 r--s 000a6000 07:00 561294                     /home/aivanov/workspace/MaslabDemo/resources/jts-1.12.jar
7f59ed8d9000-7f59ed8de000 r--s 00054000 07:00 561261                     /home/aivanov/workspace/MaslabDemo/resources/javaGeom-0.11.1.jar
7f59ed8de000-7f59ed8e8000 rw-p 00000000 00:00 0 
7f59ed8e8000-7f59ed99e000 rw-p 00000000 00:00 0 
7f59ed99e000-7f59ed9a1000 ---p 00000000 00:00 0 
7f59ed9a1000-7f59edaa4000 rw-p 00000000 00:00 0                          [stack:17216]
7f59edaa4000-7f59edaa7000 r--s 0000f000 07:00 300036                     /usr/lib/jvm/java-7-openjdk-common/jre/lib/ext/pulse-java.jar
7f59edaa7000-7f59edaaa000 r--s 0003c000 07:00 300037                     /usr/lib/jvm/java-7-openjdk-common/jre/lib/ext/sunpkcs11.jar
7f59edaaa000-7f59edaab000 r--s 00002000 07:00 300034                     /usr/lib/jvm/java-7-openjdk-common/jre/lib/ext/dnsns.jar
7f59edaab000-7f59edaad000 r--s 00012000 07:00 300039                     /usr/lib/jvm/java-7-openjdk-common/jre/lib/ext/zipfs.jar
7f59edaad000-7f59edaae000 r--s 00007000 07:00 9787                       /usr/share/java/java-atk-wrapper.jar
7f59edaae000-7f59edab2000 r--s 00085000 07:00 300038                     /usr/lib/jvm/java-7-openjdk-common/jre/lib/ext/localedata.jar
7f59edab2000-7f59edab5000 r--s 00032000 07:00 300035                     /usr/lib/jvm/java-7-openjdk-common/jre/lib/ext/sunjce_provider.jar
7f59edab5000-7f59edabd000 rw-s 00000000 07:00 490535                     /tmp/hsperfdata_aivanov/17210
7f59edabd000-7f59edabe000 rw-p 00000000 00:00 0 
7f59edabe000-7f59edabf000 r--p 00000000 00:00 0 
7f59edabf000-7f59edac1000 rw-p 00000000 00:00 0 
7f59edac1000-7f59edac2000 r--p 00022000 07:00 1355791                    /lib/x86_64-linux-gnu/ld-2.15.so
7f59edac2000-7f59edac4000 rw-p 00023000 07:00 1355791                    /lib/x86_64-linux-gnu/ld-2.15.so
7fff13ffa000-7fff1401b000 rw-p 00000000 00:00 0                          [stack]
7fff14158000-7fff1415a000 r-xp 00000000 00:00 0                          [vdso]
ffffffffff600000-ffffffffff601000 r-xp 00000000 00:00 0                  [vsyscall]

VM Arguments:
jvm_args: -Djava.library.path=/home/aivanov/Downloads/opencv-2.4.8/build/lib -Dfile.encoding=UTF-8 
java_command: vision.NewImageProcessor
Launcher Type: SUN_STANDARD

Environment Variables:
PATH=/usr/lib/lightdm/lightdm:/usr/local/sbin:/usr/local/bin:/usr/sbin:/usr/bin:/sbin:/bin:/usr/games:/usr/local/llvm/bin
LD_LIBRARY_PATH=/usr/lib/jvm/java-7-openjdk-amd64/jre/lib/amd64/server:/usr/lib/jvm/java-7-openjdk-amd64/jre/lib/amd64:/usr/lib/jvm/java-7-openjdk-amd64/jre/../lib/amd64:/usr/lib/jvm/java-6-openjdk-amd64/jre/lib/amd64/server:/usr/lib/jvm/java-6-openjdk-amd64/jre/lib/amd64:/usr/lib/jvm/java-6-openjdk-amd64/jre/../lib/amd64
SHELL=/bin/bash
DISPLAY=:0

Signal Handlers:
SIGSEGV: [libjvm.so+0x83b2a0], sa_mask[0]=0x7ffbfeff, sa_flags=0x10000004
SIGBUS: [libjvm.so+0x83b2a0], sa_mask[0]=0x7ffbfeff, sa_flags=0x10000004
SIGFPE: [libjvm.so+0x6dc040], sa_mask[0]=0x7ffbfeff, sa_flags=0x10000004
SIGPIPE: [libjvm.so+0x6dc040], sa_mask[0]=0x7ffbfeff, sa_flags=0x10000004
SIGXFSZ: [libjvm.so+0x6dc040], sa_mask[0]=0x7ffbfeff, sa_flags=0x10000004
SIGILL: [libjvm.so+0x6dc040], sa_mask[0]=0x7ffbfeff, sa_flags=0x10000004
SIGUSR1: SIG_DFL, sa_mask[0]=0x00000000, sa_flags=0x00000000
SIGUSR2: [libjvm.so+0x6dc480], sa_mask[0]=0x00000004, sa_flags=0x10000004
SIGHUP: [libjvm.so+0x6dc5c0], sa_mask[0]=0x7ffbfeff, sa_flags=0x10000004
SIGINT: [libjvm.so+0x6dc5c0], sa_mask[0]=0x7ffbfeff, sa_flags=0x10000004
SIGTERM: [libjvm.so+0x6dc5c0], sa_mask[0]=0x7ffbfeff, sa_flags=0x10000004
SIGQUIT: [libjvm.so+0x6dc5c0], sa_mask[0]=0x7ffbfeff, sa_flags=0x10000004


---------------  S Y S T E M  ---------------

OS:Ubuntu 12.04 (precise)
uname:Linux 3.8.0-29-generic #42~precise1-Ubuntu SMP Wed Aug 14 16:19:23 UTC 2013 x86_64
libc:glibc 2.15 NPTL 2.15 
rlimit: STACK 8192k, CORE 0k, NPROC 62891, NOFILE 4096, AS infinity
load average:13.63 8.89 4.05

/proc/meminfo:
MemTotal:        8068788 kB
MemFree:          223344 kB
Buffers:         2175364 kB
Cached:          3436296 kB
SwapCached:            0 kB
Active:          3385736 kB
Inactive:        4015072 kB
Active(anon):    1220332 kB
Inactive(anon):   938932 kB
Active(file):    2165404 kB
Inactive(file):  3076140 kB
Unevictable:        1500 kB
Mlocked:               0 kB
SwapTotal:        262140 kB
SwapFree:         262140 kB
Dirty:             64556 kB
Writeback:             0 kB
AnonPages:       1790616 kB
Mapped:           252488 kB
Shmem:            368580 kB
Slab:             313048 kB
SReclaimable:     269856 kB
SUnreclaim:        43192 kB
KernelStack:        4576 kB
PageTables:        31760 kB
NFS_Unstable:          0 kB
Bounce:                0 kB
WritebackTmp:          0 kB
CommitLimit:     4296532 kB
Committed_AS:    4863740 kB
VmallocTotal:   34359738367 kB
VmallocUsed:      411876 kB
VmallocChunk:   34359319164 kB
HardwareCorrupted:     0 kB
AnonHugePages:         0 kB
HugePages_Total:       0
HugePages_Free:        0
HugePages_Rsvd:        0
HugePages_Surp:        0
Hugepagesize:       2048 kB
DirectMap4k:      169980 kB
DirectMap2M:     8114176 kB


CPU:total 8 (4 cores per cpu, 2 threads per core) family 6 model 42 stepping 7, cmov, cx8, fxsr, mmx, sse, sse2, sse3, ssse3, sse4.1, sse4.2, popcnt, avx, ht, tsc, tscinvbit

/proc/cpuinfo:
processor	: 0
vendor_id	: GenuineIntel
cpu family	: 6
model		: 42
model name	: Intel(R) Core(TM) i7-2670QM CPU @ 2.20GHz
stepping	: 7
microcode	: 0x23
cpu MHz		: 2201.000
cache size	: 6144 KB
physical id	: 0
siblings	: 8
core id		: 0
cpu cores	: 4
apicid		: 0
initial apicid	: 0
fpu		: yes
fpu_exception	: yes
cpuid level	: 13
wp		: yes
flags		: fpu vme de pse tsc msr pae mce cx8 apic sep mtrr pge mca cmov pat pse36 clflush dts acpi mmx fxsr sse sse2 ss ht tm pbe syscall nx rdtscp lm constant_tsc arch_perfmon pebs bts nopl xtopology nonstop_tsc aperfmperf eagerfpu pni pclmulqdq dtes64 monitor ds_cpl vmx est tm2 ssse3 cx16 xtpr pdcm pcid sse4_1 sse4_2 x2apic popcnt tsc_deadline_timer aes xsave avx lahf_lm ida arat epb xsaveopt pln pts dtherm tpr_shadow vnmi flexpriority ept vpid
bogomips	: 4390.01
clflush size	: 64
cache_alignment	: 64
address sizes	: 36 bits physical, 48 bits virtual
power management:

processor	: 1
vendor_id	: GenuineIntel
cpu family	: 6
model		: 42
model name	: Intel(R) Core(TM) i7-2670QM CPU @ 2.20GHz
stepping	: 7
microcode	: 0x23
cpu MHz		: 2201.000
cache size	: 6144 KB
physical id	: 0
siblings	: 8
core id		: 0
cpu cores	: 4
apicid		: 1
initial apicid	: 1
fpu		: yes
fpu_exception	: yes
cpuid level	: 13
wp		: yes
flags		: fpu vme de pse tsc msr pae mce cx8 apic sep mtrr pge mca cmov pat pse36 clflush dts acpi mmx fxsr sse sse2 ss ht tm pbe syscall nx rdtscp lm constant_tsc arch_perfmon pebs bts nopl xtopology nonstop_tsc aperfmperf eagerfpu pni pclmulqdq dtes64 monitor ds_cpl vmx est tm2 ssse3 cx16 xtpr pdcm pcid sse4_1 sse4_2 x2apic popcnt tsc_deadline_timer aes xsave avx lahf_lm ida arat epb xsaveopt pln pts dtherm tpr_shadow vnmi flexpriority ept vpid
bogomips	: 4390.01
clflush size	: 64
cache_alignment	: 64
address sizes	: 36 bits physical, 48 bits virtual
power management:

processor	: 2
vendor_id	: GenuineIntel
cpu family	: 6
model		: 42
model name	: Intel(R) Core(TM) i7-2670QM CPU @ 2.20GHz
stepping	: 7
microcode	: 0x23
cpu MHz		: 2201.000
cache size	: 6144 KB
physical id	: 0
siblings	: 8
core id		: 1
cpu cores	: 4
apicid		: 2
initial apicid	: 2
fpu		: yes
fpu_exception	: yes
cpuid level	: 13
wp		: yes
flags		: fpu vme de pse tsc msr pae mce cx8 apic sep mtrr pge mca cmov pat pse36 clflush dts acpi mmx fxsr sse sse2 ss ht tm pbe syscall nx rdtscp lm constant_tsc arch_perfmon pebs bts nopl xtopology nonstop_tsc aperfmperf eagerfpu pni pclmulqdq dtes64 monitor ds_cpl vmx est tm2 ssse3 cx16 xtpr pdcm pcid sse4_1 sse4_2 x2apic popcnt tsc_deadline_timer aes xsave avx lahf_lm ida arat epb xsaveopt pln pts dtherm tpr_shadow vnmi flexpriority ept vpid
bogomips	: 4390.01
clflush size	: 64
cache_alignment	: 64
address sizes	: 36 bits physical, 48 bits virtual
power management:

processor	: 3
vendor_id	: GenuineIntel
cpu family	: 6
model		: 42
model name	: Intel(R) Core(TM) i7-2670QM CPU @ 2.20GHz
stepping	: 7
microcode	: 0x23
cpu MHz		: 2201.000
cache size	: 6144 KB
physical id	: 0
siblings	: 8
core id		: 1
cpu cores	: 4
apicid		: 3
initial apicid	: 3
fpu		: yes
fpu_exception	: yes
cpuid level	: 13
wp		: yes
flags		: fpu vme de pse tsc msr pae mce cx8 apic sep mtrr pge mca cmov pat pse36 clflush dts acpi mmx fxsr sse sse2 ss ht tm pbe syscall nx rdtscp lm constant_tsc arch_perfmon pebs bts nopl xtopology nonstop_tsc aperfmperf eagerfpu pni pclmulqdq dtes64 monitor ds_cpl vmx est tm2 ssse3 cx16 xtpr pdcm pcid sse4_1 sse4_2 x2apic popcnt tsc_deadline_timer aes xsave avx lahf_lm ida arat epb xsaveopt pln pts dtherm tpr_shadow vnmi flexpriority ept vpid
bogomips	: 4390.01
clflush size	: 64
cache_alignment	: 64
address sizes	: 36 bits physical, 48 bits virtual
power management:

processor	: 4
vendor_id	: GenuineIntel
cpu family	: 6
model		: 42
model name	: Intel(R) Core(TM) i7-2670QM CPU @ 2.20GHz
stepping	: 7
microcode	: 0x23
cpu MHz		: 2201.000
cache size	: 6144 KB
physical id	: 0
siblings	: 8
core id		: 2
cpu cores	: 4
apicid		: 4
initial apicid	: 4
fpu		: yes
fpu_exception	: yes
cpuid level	: 13
wp		: yes
flags		: fpu vme de pse tsc msr pae mce cx8 apic sep mtrr pge mca cmov pat pse36 clflush dts acpi mmx fxsr sse sse2 ss ht tm pbe syscall nx rdtscp lm constant_tsc arch_perfmon pebs bts nopl xtopology nonstop_tsc aperfmperf eagerfpu pni pclmulqdq dtes64 monitor ds_cpl vmx est tm2 ssse3 cx16 xtpr pdcm pcid sse4_1 sse4_2 x2apic popcnt tsc_deadline_timer aes xsave avx lahf_lm ida arat epb xsaveopt pln pts dtherm tpr_shadow vnmi flexpriority ept vpid
bogomips	: 4390.01
clflush size	: 64
cache_alignment	: 64
address sizes	: 36 bits physical, 48 bits virtual
power management:

processor	: 5
vendor_id	: GenuineIntel
cpu family	: 6
model		: 42
model name	: Intel(R) Core(TM) i7-2670QM CPU @ 2.20GHz
stepping	: 7
microcode	: 0x23
cpu MHz		: 2201.000
cache size	: 6144 KB
physical id	: 0
siblings	: 8
core id		: 2
cpu cores	: 4
apicid		: 5
initial apicid	: 5
fpu		: yes
fpu_exception	: yes
cpuid level	: 13
wp		: yes
flags		: fpu vme de pse tsc msr pae mce cx8 apic sep mtrr pge mca cmov pat pse36 clflush dts acpi mmx fxsr sse sse2 ss ht tm pbe syscall nx rdtscp lm constant_tsc arch_perfmon pebs bts nopl xtopology nonstop_tsc aperfmperf eagerfpu pni pclmulqdq dtes64 monitor ds_cpl vmx est tm2 ssse3 cx16 xtpr pdcm pcid sse4_1 sse4_2 x2apic popcnt tsc_deadline_timer aes xsave avx lahf_lm ida arat epb xsaveopt pln pts dtherm tpr_shadow vnmi flexpriority ept vpid
bogomips	: 4390.01
clflush size	: 64
cache_alignment	: 64
address sizes	: 36 bits physical, 48 bits virtual
power management:

processor	: 6
vendor_id	: GenuineIntel
cpu family	: 6
model		: 42
model name	: Intel(R) Core(TM) i7-2670QM CPU @ 2.20GHz
stepping	: 7
microcode	: 0x23
cpu MHz		: 2201.000
cache size	: 6144 KB
physical id	: 0
siblings	: 8
core id		: 3
cpu cores	: 4
apicid		: 6
initial apicid	: 6
fpu		: yes
fpu_exception	: yes
cpuid level	: 13
wp		: yes
flags		: fpu vme de pse tsc msr pae mce cx8 apic sep mtrr pge mca cmov pat pse36 clflush dts acpi mmx fxsr sse sse2 ss ht tm pbe syscall nx rdtscp lm constant_tsc arch_perfmon pebs bts nopl xtopology nonstop_tsc aperfmperf eagerfpu pni pclmulqdq dtes64 monitor ds_cpl vmx est tm2 ssse3 cx16 xtpr pdcm pcid sse4_1 sse4_2 x2apic popcnt tsc_deadline_timer aes xsave avx lahf_lm ida arat epb xsaveopt pln pts dtherm tpr_shadow vnmi flexpriority ept vpid
bogomips	: 4390.01
clflush size	: 64
cache_alignment	: 64
address sizes	: 36 bits physical, 48 bits virtual
power management:

processor	: 7
vendor_id	: GenuineIntel
cpu family	: 6
model		: 42
model name	: Intel(R) Core(TM) i7-2670QM CPU @ 2.20GHz
stepping	: 7
microcode	: 0x23
cpu MHz		: 2201.000
cache size	: 6144 KB
physical id	: 0
siblings	: 8
core id		: 3
cpu cores	: 4
apicid		: 7
initial apicid	: 7
fpu		: yes
fpu_exception	: yes
cpuid level	: 13
wp		: yes
flags		: fpu vme de pse tsc msr pae mce cx8 apic sep mtrr pge mca cmov pat pse36 clflush dts acpi mmx fxsr sse sse2 ss ht tm pbe syscall nx rdtscp lm constant_tsc arch_perfmon pebs bts nopl xtopology nonstop_tsc aperfmperf eagerfpu pni pclmulqdq dtes64 monitor ds_cpl vmx est tm2 ssse3 cx16 xtpr pdcm pcid sse4_1 sse4_2 x2apic popcnt tsc_deadline_timer aes xsave avx lahf_lm ida arat epb xsaveopt pln pts dtherm tpr_shadow vnmi flexpriority ept vpid
bogomips	: 4390.01
clflush size	: 64
cache_alignment	: 64
address sizes	: 36 bits physical, 48 bits virtual
power management:



Memory: 4k page, physical 8068788k(222848k free), swap 262140k(262140k free)

vm_info: OpenJDK 64-Bit Server VM (23.7-b01) for linux-amd64 JRE (1.7.0_25-b30), built on Jul 15 2013 20:38:06 by "buildd" with gcc 4.6.3

time: Thu Jan 23 11:00:12 2014
elapsed time: 0 seconds

