#
# A fatal error has been detected by the Java Runtime Environment:
#
#  Internal Error (safepoint.cpp:317), pid=22215, tid=140640158791424
#  guarantee(PageArmed == 0) failed: invariant
#
# JRE version: 7.0_25-b30
# Java VM: OpenJDK 64-Bit Server VM (23.7-b01 mixed mode linux-amd64 compressed oops)
# Failed to write core dump. Core dumps have been disabled. To enable core dumping, try "ulimit -c unlimited" before starting Java again
#
# If you would like to submit a bug report, please include
# instructions on how to reproduce the bug and visit:
#   https://bugs.launchpad.net/ubuntu/+source/openjdk-7/
#

---------------  T H R E A D  ---------------

Current thread (0x00007fe9600b0000):  VMThread [stack: 0x00007fe956a4b000,0x00007fe956b4c000] [id=22230]

Stack: [0x00007fe956a4b000,0x00007fe956b4c000],  sp=0x00007fe956b4a820,  free space=1022k
Native frames: (J=compiled Java code, j=interpreted, Vv=VM code, C=native code)
V  [libjvm.so+0x83a829]  VMError::report_and_die()+0x169
V  [libjvm.so+0x3e5b96]  report_vm_error(char const*, int, char const*, char const*)+0x56
V  [libjvm.so+0x760937]  SafepointSynchronize::begin()+0x5c7
V  [libjvm.so+0x83f077]  VMThread::loop()+0x1b7
V  [libjvm.so+0x83f4f2]  VMThread::run()+0x72
V  [libjvm.so+0x6ddde2]  java_start(Thread*)+0x132

VM_Operation (0x00007fe8f4000a30): EnableBiasedLocking, mode: async safepoint, requested by thread 0x00007fe960126800


---------------  P R O C E S S  ---------------

Java Threads: ( => current thread )
  0x00007fe960009800 JavaThread "DestroyJavaVM" [_thread_blocked, id=22221, stack(0x00007fe968c7a000,0x00007fe968d7b000)]
  0x00007fe9603db000 JavaThread "pool-1-thread-1" [_thread_blocked, id=22245, stack(0x00007fe93e48d000,0x00007fe93e58e000)]
  0x00007fe9603d9800 JavaThread "Thread-3" [_thread_blocked, id=22244, stack(0x00007fe93e58e000,0x00007fe93e68f000)]
  0x00007fe960360000 JavaThread "AWT-EventQueue-0" [_thread_blocked, id=22243, stack(0x00007fe93ed07000,0x00007fe93ee08000)]
  0x00007fe96035c000 JavaThread "AWT-Shutdown" [_thread_blocked, id=22242, stack(0x00007fe93ee08000,0x00007fe93ef09000)]
  0x00007fe9602e7000 JavaThread "AWT-XAWT" daemon [_thread_blocked, id=22241, stack(0x00007fe93ef09000,0x00007fe93f00a000)]
  0x00007fe9602b0800 JavaThread "Java2D Disposer" daemon [_thread_blocked, id=22240, stack(0x00007fe93f00a000,0x00007fe93f10b000)]
  0x00007fe9601ea800 JavaThread "Thread-2" [_thread_in_Java, id=22239, stack(0x00007fe955c75000,0x00007fe955d76000)]
  0x00007fe9601af000 JavaThread "Thread-1" [_thread_blocked, id=22238, stack(0x00007fe955d76000,0x00007fe955e77000)]
  0x00007fe96011c000 JavaThread "Service Thread" daemon [_thread_blocked, id=22236, stack(0x00007fe95617c000,0x00007fe95627d000)]
  0x00007fe960119800 JavaThread "C2 CompilerThread1" daemon [_thread_blocked, id=22235, stack(0x00007fe95627d000,0x00007fe95637e000)]
  0x00007fe960116800 JavaThread "C2 CompilerThread0" daemon [_thread_blocked, id=22234, stack(0x00007fe95637e000,0x00007fe95647f000)]
  0x00007fe960114800 JavaThread "Signal Dispatcher" daemon [_thread_blocked, id=22233, stack(0x00007fe95647f000,0x00007fe956580000)]
  0x00007fe9600bb000 JavaThread "Finalizer" daemon [_thread_blocked, id=22232, stack(0x00007fe956849000,0x00007fe95694a000)]
  0x00007fe9600b8800 JavaThread "Reference Handler" daemon [_thread_blocked, id=22231, stack(0x00007fe95694a000,0x00007fe956a4b000)]

Other Threads:
=>0x00007fe9600b0000 VMThread [stack: 0x00007fe956a4b000,0x00007fe956b4c000] [id=22230]
  0x00007fe960126800 WatcherThread [stack: 0x00007fe95607b000,0x00007fe95617c000] [id=22237]

VM state:synchronizing (normal execution)

VM Mutex/Monitor currently owned by a thread:  ([mutex/lock_event])
[0x00007fe9600059e0] Safepoint_lock - owner thread: 0x00007fe9600b0000
[0x00007fe960005a60] Threads_lock - owner thread: 0x00007fe9600b0000

Heap
 PSYoungGen      total 36736K, used 10089K [0x00000007d6f60000, 0x00000007d9860000, 0x0000000800000000)
  eden space 31488K, 32% used [0x00000007d6f60000,0x00000007d793a4a0,0x00000007d8e20000)
  from space 5248K, 0% used [0x00000007d9340000,0x00000007d9340000,0x00000007d9860000)
  to   space 5248K, 0% used [0x00000007d8e20000,0x00000007d8e20000,0x00000007d9340000)
 ParOldGen       total 84096K, used 0K [0x0000000784e00000, 0x000000078a020000, 0x00000007d6f60000)
  object space 84096K, 0% used [0x0000000784e00000,0x0000000784e00000,0x000000078a020000)
 PSPermGen       total 21248K, used 11162K [0x000000077a800000, 0x000000077bcc0000, 0x0000000784e00000)
  object space 21248K, 52% used [0x000000077a800000,0x000000077b2e69a8,0x000000077bcc0000)

Card table byte_map: [0x00007fe965610000,0x00007fe965a3d000] byte_map_base: 0x00007fe961a3c000

Polling page: 0x00007fe968d9a000

Code Cache  [0x00007fe95d000000, 0x00007fe95d270000, 0x00007fe960000000)
 total_blobs=638 nmethods=29 adapters=562 free_code_cache=48478Kb largest_free_block=49620096

Compilation events (10 events):
Event: 2.699 Thread 0x00007fe960116800 nmethod 21 0x00007fe95d0a3390 code [0x00007fe95d0a34e0, 0x00007fe95d0a3958]
Event: 3.698 Thread 0x00007fe960119800   22             java.lang.AbstractStringBuilder::ensureCapacityInternal (16 bytes)
Event: 3.706 Thread 0x00007fe960119800 nmethod 22 0x00007fe95d0a9b10 code [0x00007fe95d0a9c60, 0x00007fe95d0a9ed8]
Event: 3.900 Thread 0x00007fe960116800   23             java.util.ArrayList::access$100 (5 bytes)
Event: 3.901 Thread 0x00007fe960116800 nmethod 23 0x00007fe95d0a2d90 code [0x00007fe95d0a2ec0, 0x00007fe95d0a2f18]
Event: 4.030 Thread 0x00007fe960119800    5 %           sun.nio.cs.UTF_8$Encoder::encodeArrayLoop @ 73 (489 bytes)
Event: 4.075 Thread 0x00007fe960119800 nmethod 5% 0x00007fe95d0a8590 code [0x00007fe95d0a87a0, 0x00007fe95d0a9240]
Event: 4.088 Thread 0x00007fe960116800   24             sun.misc.FloatingDecimal::countBits (80 bytes)
Event: 4.092 Thread 0x00007fe960116800 nmethod 24 0x00007fe95d0ac090 code [0x00007fe95d0ac1c0, 0x00007fe95d0ac2b8]
Event: 4.148 Thread 0x00007fe960119800   25             sun.misc.FloatingDecimal::dtoa (1421 bytes)

GC Heap History (0 events):
No events

Deoptimization events (6 events):
Event: 0.938 Thread 0x00007fe9601ea800 Uncommon trap -83 fr.pc 0x00007fe95d0722c8
Event: 0.980 Thread 0x00007fe9601ea800 Uncommon trap 64 fr.pc 0x00007fe95d08efa8
Event: 1.062 Thread 0x00007fe960009800 Uncommon trap -34 fr.pc 0x00007fe95d091b40
Event: 1.065 Thread 0x00007fe960009800 Uncommon trap -34 fr.pc 0x00007fe95d091b40
Event: 1.067 Thread 0x00007fe960009800 Uncommon trap -34 fr.pc 0x00007fe95d091b40
Event: 1.069 Thread 0x00007fe960009800 Uncommon trap -34 fr.pc 0x00007fe95d091b40

Internal exceptions (10 events):
Event: 2.698 Thread 0x00007fe9603d9800 Threw 0x00000007d781c840 at /build/buildd/openjdk-7-7u25-2.3.10/build/openjdk/hotspot/src/share/vm/prims/jvm.cpp:1235
Event: 2.705 Thread 0x00007fe9603d9800 Threw 0x00000007d781f778 at /build/buildd/openjdk-7-7u25-2.3.10/build/openjdk/hotspot/src/share/vm/prims/jvm.cpp:1235
Event: 2.708 Thread 0x00007fe9603d9800 Threw 0x00000007d7825938 at /build/buildd/openjdk-7-7u25-2.3.10/build/openjdk/hotspot/src/share/vm/prims/jvm.cpp:1235
Event: 2.710 Thread 0x00007fe9603d9800 Threw 0x00000007d7827f68 at /build/buildd/openjdk-7-7u25-2.3.10/build/openjdk/hotspot/src/share/vm/prims/jvm.cpp:1235
Event: 2.711 Thread 0x00007fe9603d9800 Threw 0x00000007d782a6b8 at /build/buildd/openjdk-7-7u25-2.3.10/build/openjdk/hotspot/src/share/vm/prims/jvm.cpp:1235
Event: 2.714 Thread 0x00007fe9603d9800 Threw 0x00000007d7834d10 at /build/buildd/openjdk-7-7u25-2.3.10/build/openjdk/hotspot/src/share/vm/prims/jvm.cpp:1235
Event: 2.716 Thread 0x00007fe9603d9800 Threw 0x00000007d7838428 at /build/buildd/openjdk-7-7u25-2.3.10/build/openjdk/hotspot/src/share/vm/prims/jvm.cpp:1235
Event: 2.717 Thread 0x00007fe9603d9800 Threw 0x00000007d783b6b0 at /build/buildd/openjdk-7-7u25-2.3.10/build/openjdk/hotspot/src/share/vm/prims/jvm.cpp:1235
Event: 2.722 Thread 0x00007fe9603d9800 Threw 0x00000007d7846dd0 at /build/buildd/openjdk-7-7u25-2.3.10/build/openjdk/hotspot/src/share/vm/prims/jvm.cpp:1235
Event: 2.784 Thread 0x00007fe9603d9800 Threw 0x00000007d784c1d0 at /build/buildd/openjdk-7-7u25-2.3.10/build/openjdk/hotspot/src/share/vm/prims/jvm.cpp:1235

Events (10 events):
Event: 2.713 loading class 0x00007fe8e0251960 done
Event: 2.716 loading class 0x00007fe8e0245c70
Event: 2.716 loading class 0x00007fe8e0245c70 done
Event: 2.717 loading class 0x00007fe8e024e860
Event: 2.717 loading class 0x00007fe8e024e860 done
Event: 2.722 loading class 0x00007fe96015d9a0
Event: 2.722 loading class 0x00007fe96015d9a0 done
Event: 2.784 loading class 0x00007fe8e0001b40
Event: 2.784 loading class 0x00007fe8e0001b40 done
Event: 4.199 Executing VM operation: EnableBiasedLocking


Dynamic libraries:
00400000-00401000 r-xp 00000000 07:00 317449                             /usr/lib/jvm/java-7-openjdk-amd64/jre/bin/java
00600000-00601000 r--p 00000000 07:00 317449                             /usr/lib/jvm/java-7-openjdk-amd64/jre/bin/java
00601000-00602000 rw-p 00001000 07:00 317449                             /usr/lib/jvm/java-7-openjdk-amd64/jre/bin/java
00daf000-00dd0000 rw-p 00000000 00:00 0                                  [heap]
77a800000-77bcc0000 rw-p 00000000 00:00 0 
77bcc0000-784e00000 rw-p 00000000 00:00 0 
784e00000-78a020000 rw-p 00000000 00:00 0 
78a020000-7d6f60000 rw-p 00000000 00:00 0 
7d6f60000-7d9860000 rw-p 00000000 00:00 0 
7d9860000-800000000 rw-p 00000000 00:00 0 
7fe8d4000000-7fe8d4021000 rw-p 00000000 00:00 0 
7fe8d4021000-7fe8d8000000 ---p 00000000 00:00 0 
7fe8dc000000-7fe8dc03b000 rw-p 00000000 00:00 0 
7fe8dc03b000-7fe8e0000000 ---p 00000000 00:00 0 
7fe8e0000000-7fe8e03f5000 rw-p 00000000 00:00 0 
7fe8e03f5000-7fe8e4000000 ---p 00000000 00:00 0 
7fe8e4000000-7fe8e4021000 rw-p 00000000 00:00 0 
7fe8e4021000-7fe8e8000000 ---p 00000000 00:00 0 
7fe8e8000000-7fe8e8021000 rw-p 00000000 00:00 0 
7fe8e8021000-7fe8ec000000 ---p 00000000 00:00 0 
7fe8ec000000-7fe8ec03e000 rw-p 00000000 00:00 0 
7fe8ec03e000-7fe8f0000000 ---p 00000000 00:00 0 
7fe8f0000000-7fe8f0021000 rw-p 00000000 00:00 0 
7fe8f0021000-7fe8f4000000 ---p 00000000 00:00 0 
7fe8f4000000-7fe8f4021000 rw-p 00000000 00:00 0 
7fe8f4021000-7fe8f8000000 ---p 00000000 00:00 0 
7fe8f8000000-7fe8f8021000 rw-p 00000000 00:00 0 
7fe8f8021000-7fe8fc000000 ---p 00000000 00:00 0 
7fe8fc000000-7fe8fc677000 rw-p 00000000 00:00 0 
7fe8fc677000-7fe900000000 ---p 00000000 00:00 0 
7fe900000000-7fe900021000 rw-p 00000000 00:00 0 
7fe900021000-7fe904000000 ---p 00000000 00:00 0 
7fe904000000-7fe904021000 rw-p 00000000 00:00 0 
7fe904021000-7fe908000000 ---p 00000000 00:00 0 
7fe908000000-7fe9081f0000 rw-p 00000000 00:00 0 
7fe9081f0000-7fe90c000000 ---p 00000000 00:00 0 
7fe90c000000-7fe90c021000 rw-p 00000000 00:00 0 
7fe90c021000-7fe910000000 ---p 00000000 00:00 0 
7fe910000000-7fe910021000 rw-p 00000000 00:00 0 
7fe910021000-7fe914000000 ---p 00000000 00:00 0 
7fe914000000-7fe9140c8000 rw-p 00000000 00:00 0 
7fe9140c8000-7fe918000000 ---p 00000000 00:00 0 
7fe91bd40000-7fe920000000 rw-p 00000000 00:00 0 
7fe920000000-7fe920021000 rw-p 00000000 00:00 0 
7fe920021000-7fe924000000 ---p 00000000 00:00 0 
7fe928000000-7fe928021000 rw-p 00000000 00:00 0 
7fe928021000-7fe92c000000 ---p 00000000 00:00 0 
7fe930000000-7fe930021000 rw-p 00000000 00:00 0 
7fe930021000-7fe934000000 ---p 00000000 00:00 0 
7fe938000000-7fe938021000 rw-p 00000000 00:00 0 
7fe938021000-7fe93c000000 ---p 00000000 00:00 0 
7fe93e0ae000-7fe93e2cb000 rw-p 00000000 00:00 0 
7fe93e2cb000-7fe93e361000 rw-s 001c2000 00:05 376778                     /dev/video2 (deleted)
7fe93e361000-7fe93e3f7000 rw-s 0012c000 00:05 376778                     /dev/video2 (deleted)
7fe93e3f7000-7fe93e48d000 rw-s 00096000 00:05 376778                     /dev/video2 (deleted)
7fe93e48d000-7fe93e490000 ---p 00000000 00:00 0 
7fe93e490000-7fe93e58e000 rw-p 00000000 00:00 0                          [stack:22245]
7fe93e58e000-7fe93e591000 ---p 00000000 00:00 0 
7fe93e591000-7fe93e68f000 rw-p 00000000 00:00 0                          [stack:22244]
7fe93e68f000-7fe93e69f000 r-xp 00000000 07:00 331787                     /usr/lib/jvm/java-7-openjdk-amd64/jre/lib/amd64/libnio.so
7fe93e69f000-7fe93e89e000 ---p 00010000 07:00 331787                     /usr/lib/jvm/java-7-openjdk-amd64/jre/lib/amd64/libnio.so
7fe93e89e000-7fe93e89f000 r--p 0000f000 07:00 331787                     /usr/lib/jvm/java-7-openjdk-amd64/jre/lib/amd64/libnio.so
7fe93e89f000-7fe93e8a0000 rw-p 00010000 07:00 331787                     /usr/lib/jvm/java-7-openjdk-amd64/jre/lib/amd64/libnio.so
7fe93e8a0000-7fe93e8b6000 r-xp 00000000 07:00 331807                     /usr/lib/jvm/java-7-openjdk-amd64/jre/lib/amd64/libnet.so
7fe93e8b6000-7fe93eab5000 ---p 00016000 07:00 331807                     /usr/lib/jvm/java-7-openjdk-amd64/jre/lib/amd64/libnet.so
7fe93eab5000-7fe93eab6000 r--p 00015000 07:00 331807                     /usr/lib/jvm/java-7-openjdk-amd64/jre/lib/amd64/libnet.so
7fe93eab6000-7fe93eab7000 rw-p 00016000 07:00 331807                     /usr/lib/jvm/java-7-openjdk-amd64/jre/lib/amd64/libnet.so
7fe93eab7000-7fe93eb04000 r-xp 00000000 07:00 331810                     /usr/lib/jvm/java-7-openjdk-amd64/jre/lib/amd64/libfontmanager.so
7fe93eb04000-7fe93ed03000 ---p 0004d000 07:00 331810                     /usr/lib/jvm/java-7-openjdk-amd64/jre/lib/amd64/libfontmanager.so
7fe93ed03000-7fe93ed06000 r--p 0004c000 07:00 331810                     /usr/lib/jvm/java-7-openjdk-amd64/jre/lib/amd64/libfontmanager.so
7fe93ed06000-7fe93ed07000 rw-p 0004f000 07:00 331810                     /usr/lib/jvm/java-7-openjdk-amd64/jre/lib/amd64/libfontmanager.so
7fe93ed07000-7fe93ed0a000 ---p 00000000 00:00 0 
7fe93ed0a000-7fe93ee08000 rw-p 00000000 00:00 0                          [stack:22243]
7fe93ee08000-7fe93ee0b000 ---p 00000000 00:00 0 
7fe93ee0b000-7fe93ef09000 rw-p 00000000 00:00 0                          [stack:22242]
7fe93ef09000-7fe93ef0c000 ---p 00000000 00:00 0 
7fe93ef0c000-7fe93f00a000 rw-p 00000000 00:00 0                          [stack:22241]
7fe93f00a000-7fe93f00d000 ---p 00000000 00:00 0 
7fe93f00d000-7fe93f10b000 rw-p 00000000 00:00 0                          [stack:22240]
7fe93f10b000-7fe93f10e000 r-xp 00000000 07:00 234535                     /lib/x86_64-linux-gnu/libgpg-error.so.0.8.0
7fe93f10e000-7fe93f30d000 ---p 00003000 07:00 234535                     /lib/x86_64-linux-gnu/libgpg-error.so.0.8.0
7fe93f30d000-7fe93f30e000 r--p 00002000 07:00 234535                     /lib/x86_64-linux-gnu/libgpg-error.so.0.8.0
7fe93f30e000-7fe93f30f000 rw-p 00003000 07:00 234535                     /lib/x86_64-linux-gnu/libgpg-error.so.0.8.0
7fe93f30f000-7fe93f312000 r-xp 00000000 07:00 234587                     /lib/x86_64-linux-gnu/libkeyutils.so.1.4
7fe93f312000-7fe93f511000 ---p 00003000 07:00 234587                     /lib/x86_64-linux-gnu/libkeyutils.so.1.4
7fe93f511000-7fe93f512000 r--p 00002000 07:00 234587                     /lib/x86_64-linux-gnu/libkeyutils.so.1.4
7fe93f512000-7fe93f513000 rw-p 00003000 07:00 234587                     /lib/x86_64-linux-gnu/libkeyutils.so.1.4
7fe93f513000-7fe93f555000 r-xp 00000000 07:00 234531                     /lib/x86_64-linux-gnu/libdbus-1.so.3.5.8
7fe93f555000-7fe93f755000 ---p 00042000 07:00 234531                     /lib/x86_64-linux-gnu/libdbus-1.so.3.5.8
7fe93f755000-7fe93f756000 r--p 00042000 07:00 234531                     /lib/x86_64-linux-gnu/libdbus-1.so.3.5.8
7fe93f756000-7fe93f757000 rw-p 00043000 07:00 234531                     /lib/x86_64-linux-gnu/libdbus-1.so.3.5.8
7fe93f757000-7fe93f768000 r-xp 00000000 07:00 93612                      /usr/lib/x86_64-linux-gnu/libp11-kit.so.0.0.0
7fe93f768000-7fe93f967000 ---p 00011000 07:00 93612                      /usr/lib/x86_64-linux-gnu/libp11-kit.so.0.0.0
7fe93f967000-7fe93f968000 r--p 00010000 07:00 93612                      /usr/lib/x86_64-linux-gnu/libp11-kit.so.0.0.0
7fe93f968000-7fe93f969000 rw-p 00011000 07:00 93612                      /usr/lib/x86_64-linux-gnu/libp11-kit.so.0.0.0
7fe93f969000-7fe93f9e3000 r-xp 00000000 07:00 234507                     /lib/x86_64-linux-gnu/libgcrypt.so.11.7.0
7fe93f9e3000-7fe93fbe3000 ---p 0007a000 07:00 234507                     /lib/x86_64-linux-gnu/libgcrypt.so.11.7.0
7fe93fbe3000-7fe93fbe4000 r--p 0007a000 07:00 234507                     /lib/x86_64-linux-gnu/libgcrypt.so.11.7.0
7fe93fbe4000-7fe93fbe7000 rw-p 0007b000 07:00 234507                     /lib/x86_64-linux-gnu/libgcrypt.so.11.7.0
7fe93fbe7000-7fe93fbf7000 r-xp 00000000 07:00 113457                     /usr/lib/x86_64-linux-gnu/libtasn1.so.3.1.12
7fe93fbf7000-7fe93fdf6000 ---p 00010000 07:00 113457                     /usr/lib/x86_64-linux-gnu/libtasn1.so.3.1.12
7fe93fdf6000-7fe93fdf7000 r--p 0000f000 07:00 113457                     /usr/lib/x86_64-linux-gnu/libtasn1.so.3.1.12
7fe93fdf7000-7fe93fdf8000 rw-p 00010000 07:00 113457                     /usr/lib/x86_64-linux-gnu/libtasn1.so.3.1.12
7fe93fdf8000-7fe93fdff000 r-xp 00000000 07:00 113515                     /usr/lib/x86_64-linux-gnu/libkrb5support.so.0.1
7fe93fdff000-7fe93fffe000 ---p 00007000 07:00 113515                     /usr/lib/x86_64-linux-gnu/libkrb5support.so.0.1
7fe93fffe000-7fe93ffff000 r--p 00006000 07:00 113515                     /usr/lib/x86_64-linux-gnu/libkrb5support.so.0.1
7fe93ffff000-7fe940000000 rw-p 00007000 07:00 113515                     /usr/lib/x86_64-linux-gnu/libkrb5support.so.0.1
7fe940000000-7fe940021000 rw-p 00000000 00:00 0 
7fe940021000-7fe944000000 ---p 00000000 00:00 0 
7fe94400e000-7fe9440a5000 rw-p 00000000 00:00 0 
7fe9440a5000-7fe9440a8000 r-xp 00000000 07:00 234510                     /lib/x86_64-linux-gnu/libcom_err.so.2.1
7fe9440a8000-7fe9442a7000 ---p 00003000 07:00 234510                     /lib/x86_64-linux-gnu/libcom_err.so.2.1
7fe9442a7000-7fe9442a8000 r--p 00002000 07:00 234510                     /lib/x86_64-linux-gnu/libcom_err.so.2.1
7fe9442a8000-7fe9442a9000 rw-p 00003000 07:00 234510                     /lib/x86_64-linux-gnu/libcom_err.so.2.1
7fe9442a9000-7fe9442ce000 r-xp 00000000 07:00 93453                      /usr/lib/x86_64-linux-gnu/libk5crypto.so.3.1
7fe9442ce000-7fe9444ce000 ---p 00025000 07:00 93453                      /usr/lib/x86_64-linux-gnu/libk5crypto.so.3.1
7fe9444ce000-7fe9444cf000 r--p 00025000 07:00 93453                      /usr/lib/x86_64-linux-gnu/libk5crypto.so.3.1
7fe9444cf000-7fe9444d0000 rw-p 00026000 07:00 93453                      /usr/lib/x86_64-linux-gnu/libk5crypto.so.3.1
7fe9444d0000-7fe9444d1000 rw-p 00000000 00:00 0 
7fe9444d1000-7fe944595000 r-xp 00000000 07:00 93534                      /usr/lib/x86_64-linux-gnu/libkrb5.so.3.3
7fe944595000-7fe944794000 ---p 000c4000 07:00 93534                      /usr/lib/x86_64-linux-gnu/libkrb5.so.3.3
7fe944794000-7fe94479e000 r--p 000c3000 07:00 93534                      /usr/lib/x86_64-linux-gnu/libkrb5.so.3.3
7fe94479e000-7fe94479f000 rw-p 000cd000 07:00 93534                      /usr/lib/x86_64-linux-gnu/libkrb5.so.3.3
7fe94479f000-7fe9447a7000 r-xp 00000000 07:00 113561                     /usr/lib/x86_64-linux-gnu/libxcb-render.so.0.0.0
7fe9447a7000-7fe9449a7000 ---p 00008000 07:00 113561                     /usr/lib/x86_64-linux-gnu/libxcb-render.so.0.0.0
7fe9449a7000-7fe9449a8000 r--p 00008000 07:00 113561                     /usr/lib/x86_64-linux-gnu/libxcb-render.so.0.0.0
7fe9449a8000-7fe9449a9000 rw-p 00009000 07:00 113561                     /usr/lib/x86_64-linux-gnu/libxcb-render.so.0.0.0
7fe9449a9000-7fe9449ab000 r-xp 00000000 07:00 93429                      /usr/lib/x86_64-linux-gnu/libxcb-shm.so.0.0.0
7fe9449ab000-7fe944baa000 ---p 00002000 07:00 93429                      /usr/lib/x86_64-linux-gnu/libxcb-shm.so.0.0.0
7fe944baa000-7fe944bab000 r--p 00001000 07:00 93429                      /usr/lib/x86_64-linux-gnu/libxcb-shm.so.0.0.0
7fe944bab000-7fe944bac000 rw-p 00002000 07:00 93429                      /usr/lib/x86_64-linux-gnu/libxcb-shm.so.0.0.0
7fe944bac000-7fe944bd2000 r-xp 00000000 07:00 234543                     /lib/x86_64-linux-gnu/libpng12.so.0.46.0
7fe944bd2000-7fe944dd2000 ---p 00026000 07:00 234543                     /lib/x86_64-linux-gnu/libpng12.so.0.46.0
7fe944dd2000-7fe944dd3000 r--p 00026000 07:00 234543                     /lib/x86_64-linux-gnu/libpng12.so.0.46.0
7fe944dd3000-7fe944dd4000 rw-p 00027000 07:00 234543                     /lib/x86_64-linux-gnu/libpng12.so.0.46.0
7fe944dd4000-7fe944e64000 r-xp 00000000 07:00 1479762                    /usr/lib/x86_64-linux-gnu/libpixman-1.so.0.30.2
7fe944e64000-7fe945063000 ---p 00090000 07:00 1479762                    /usr/lib/x86_64-linux-gnu/libpixman-1.so.0.30.2
7fe945063000-7fe94506a000 r--p 0008f000 07:00 1479762                    /usr/lib/x86_64-linux-gnu/libpixman-1.so.0.30.2
7fe94506a000-7fe94506b000 rw-p 00096000 07:00 1479762                    /usr/lib/x86_64-linux-gnu/libpixman-1.so.0.30.2
7fe94506b000-7fe945070000 r-xp 00000000 07:00 113447                     /usr/lib/x86_64-linux-gnu/libXdmcp.so.6.0.0
7fe945070000-7fe94526f000 ---p 00005000 07:00 113447                     /usr/lib/x86_64-linux-gnu/libXdmcp.so.6.0.0
7fe94526f000-7fe945270000 r--p 00004000 07:00 113447                     /usr/lib/x86_64-linux-gnu/libXdmcp.so.6.0.0
7fe945270000-7fe945271000 rw-p 00005000 07:00 113447                     /usr/lib/x86_64-linux-gnu/libXdmcp.so.6.0.0
7fe945271000-7fe945273000 r-xp 00000000 07:00 113586                     /usr/lib/x86_64-linux-gnu/libXau.so.6.0.0
7fe945273000-7fe945472000 ---p 00002000 07:00 113586                     /usr/lib/x86_64-linux-gnu/libXau.so.6.0.0
7fe945472000-7fe945473000 r--p 00001000 07:00 113586                     /usr/lib/x86_64-linux-gnu/libXau.so.6.0.0
7fe945473000-7fe945474000 rw-p 00002000 07:00 113586                     /usr/lib/x86_64-linux-gnu/libXau.so.6.0.0
7fe945474000-7fe945484000 r-xp 00000000 07:00 1479774                    /usr/lib/x86_64-linux-gnu/libavahi-client.so.3.2.9
7fe945484000-7fe945683000 ---p 00010000 07:00 1479774                    /usr/lib/x86_64-linux-gnu/libavahi-client.so.3.2.9
7fe945683000-7fe945684000 r--p 0000f000 07:00 1479774                    /usr/lib/x86_64-linux-gnu/libavahi-client.so.3.2.9
7fe945684000-7fe945685000 rw-p 00010000 07:00 1479774                    /usr/lib/x86_64-linux-gnu/libavahi-client.so.3.2.9
7fe945685000-7fe945690000 r-xp 00000000 07:00 1479772                    /usr/lib/x86_64-linux-gnu/libavahi-common.so.3.5.3
7fe945690000-7fe94588f000 ---p 0000b000 07:00 1479772                    /usr/lib/x86_64-linux-gnu/libavahi-common.so.3.5.3
7fe94588f000-7fe945890000 r--p 0000a000 07:00 1479772                    /usr/lib/x86_64-linux-gnu/libavahi-common.so.3.5.3
7fe945890000-7fe945891000 rw-p 0000b000 07:00 1479772                    /usr/lib/x86_64-linux-gnu/libavahi-common.so.3.5.3
7fe945891000-7fe945945000 r-xp 00000000 07:00 1479742                    /usr/lib/x86_64-linux-gnu/libgnutls.so.26.21.8
7fe945945000-7fe945b45000 ---p 000b4000 07:00 1479742                    /usr/lib/x86_64-linux-gnu/libgnutls.so.26.21.8
7fe945b45000-7fe945b4b000 r--p 000b4000 07:00 1479742                    /usr/lib/x86_64-linux-gnu/libgnutls.so.26.21.8
7fe945b4b000-7fe945b4c000 rw-p 000ba000 07:00 1479742                    /usr/lib/x86_64-linux-gnu/libgnutls.so.26.21.8
7fe945b4c000-7fe945b4d000 rw-p 00000000 00:00 0 
7fe945b4d000-7fe945b88000 r-xp 00000000 07:00 113467                     /usr/lib/x86_64-linux-gnu/libgssapi_krb5.so.2.2
7fe945b88000-7fe945d88000 ---p 0003b000 07:00 113467                     /usr/lib/x86_64-linux-gnu/libgssapi_krb5.so.2.2
7fe945d88000-7fe945d89000 r--p 0003b000 07:00 113467                     /usr/lib/x86_64-linux-gnu/libgssapi_krb5.so.2.2
7fe945d89000-7fe945d8b000 rw-p 0003c000 07:00 113467                     /usr/lib/x86_64-linux-gnu/libgssapi_krb5.so.2.2
7fe945d8b000-7fe945dc7000 r-xp 00000000 07:00 234583                     /lib/x86_64-linux-gnu/libpcre.so.3.12.1
7fe945dc7000-7fe945fc6000 ---p 0003c000 07:00 234583                     /lib/x86_64-linux-gnu/libpcre.so.3.12.1
7fe945fc6000-7fe945fc7000 r--p 0003b000 07:00 234583                     /lib/x86_64-linux-gnu/libpcre.so.3.12.1
7fe945fc7000-7fe945fc8000 rw-p 0003c000 07:00 234583                     /lib/x86_64-linux-gnu/libpcre.so.3.12.1
7fe945fc8000-7fe945fcf000 r-xp 00000000 07:00 93515                      /usr/lib/x86_64-linux-gnu/libffi.so.6.0.0
7fe945fcf000-7fe9461ce000 ---p 00007000 07:00 93515                      /usr/lib/x86_64-linux-gnu/libffi.so.6.0.0
7fe9461ce000-7fe9461cf000 r--p 00006000 07:00 93515                      /usr/lib/x86_64-linux-gnu/libffi.so.6.0.0
7fe9461cf000-7fe9461d0000 rw-p 00007000 07:00 93515                      /usr/lib/x86_64-linux-gnu/libffi.so.6.0.0
7fe9461d0000-7fe9461f7000 r-xp 00000000 07:00 234562                     /lib/x86_64-linux-gnu/libexpat.so.1.5.2
7fe9461f7000-7fe9463f7000 ---p 00027000 07:00 234562                     /lib/x86_64-linux-gnu/libexpat.so.1.5.2
7fe9463f7000-7fe9463f9000 r--p 00027000 07:00 234562                     /lib/x86_64-linux-gnu/libexpat.so.1.5.2
7fe9463f9000-7fe9463fa000 rw-p 00029000 07:00 234562                     /lib/x86_64-linux-gnu/libexpat.so.1.5.2
7fe9463fa000-7fe946490000 r-xp 00000000 07:00 113532                     /usr/lib/x86_64-linux-gnu/libfreetype.so.6.8.0
7fe946490000-7fe94668f000 ---p 00096000 07:00 113532                     /usr/lib/x86_64-linux-gnu/libfreetype.so.6.8.0
7fe94668f000-7fe946695000 r--p 00095000 07:00 113532                     /usr/lib/x86_64-linux-gnu/libfreetype.so.6.8.0
7fe946695000-7fe946696000 rw-p 0009b000 07:00 113532                     /usr/lib/x86_64-linux-gnu/libfreetype.so.6.8.0
7fe946696000-7fe9466ae000 r-xp 00000000 07:00 1355784                    /lib/x86_64-linux-gnu/libresolv-2.15.so
7fe9466ae000-7fe9468ae000 ---p 00018000 07:00 1355784                    /lib/x86_64-linux-gnu/libresolv-2.15.so
7fe9468ae000-7fe9468af000 r--p 00018000 07:00 1355784                    /lib/x86_64-linux-gnu/libresolv-2.15.so
7fe9468af000-7fe9468b0000 rw-p 00019000 07:00 1355784                    /lib/x86_64-linux-gnu/libresolv-2.15.so
7fe9468b0000-7fe9468b2000 rw-p 00000000 00:00 0 
7fe9468b2000-7fe9468cf000 r-xp 00000000 07:00 234525                     /lib/x86_64-linux-gnu/libselinux.so.1
7fe9468cf000-7fe946ace000 ---p 0001d000 07:00 234525                     /lib/x86_64-linux-gnu/libselinux.so.1
7fe946ace000-7fe946acf000 r--p 0001c000 07:00 234525                     /lib/x86_64-linux-gnu/libselinux.so.1
7fe946acf000-7fe946ad0000 rw-p 0001d000 07:00 234525                     /lib/x86_64-linux-gnu/libselinux.so.1
7fe946ad0000-7fe946ad1000 rw-p 00000000 00:00 0 
7fe946ad1000-7fe946ad4000 r-xp 00000000 07:00 1479720                    /usr/lib/x86_64-linux-gnu/libgmodule-2.0.so.0.3200.4
7fe946ad4000-7fe946cd3000 ---p 00003000 07:00 1479720                    /usr/lib/x86_64-linux-gnu/libgmodule-2.0.so.0.3200.4
7fe946cd3000-7fe946cd4000 r--p 00002000 07:00 1479720                    /usr/lib/x86_64-linux-gnu/libgmodule-2.0.so.0.3200.4
7fe946cd4000-7fe946cd5000 rw-p 00003000 07:00 1479720                    /usr/lib/x86_64-linux-gnu/libgmodule-2.0.so.0.3200.4
7fe946cd5000-7fe946cd7000 r-xp 00000000 07:00 113493                     /usr/lib/x86_64-linux-gnu/libXdamage.so.1.1.0
7fe946cd7000-7fe946ed6000 ---p 00002000 07:00 113493                     /usr/lib/x86_64-linux-gnu/libXdamage.so.1.1.0
7fe946ed6000-7fe946ed7000 r--p 00001000 07:00 113493                     /usr/lib/x86_64-linux-gnu/libXdamage.so.1.1.0
7fe946ed7000-7fe946ed8000 rw-p 00002000 07:00 113493                     /usr/lib/x86_64-linux-gnu/libXdamage.so.1.1.0
7fe946ed8000-7fe946eda000 r-xp 00000000 07:00 93510                      /usr/lib/x86_64-linux-gnu/libXcomposite.so.1.0.0
7fe946eda000-7fe9470d9000 ---p 00002000 07:00 93510                      /usr/lib/x86_64-linux-gnu/libXcomposite.so.1.0.0
7fe9470d9000-7fe9470da000 r--p 00001000 07:00 93510                      /usr/lib/x86_64-linux-gnu/libXcomposite.so.1.0.0
7fe9470da000-7fe9470db000 rw-p 00002000 07:00 93510                      /usr/lib/x86_64-linux-gnu/libXcomposite.so.1.0.0
7fe9470db000-7fe9470e4000 r-xp 00000000 07:00 93479                      /usr/lib/x86_64-linux-gnu/libXcursor.so.1.0.2
7fe9470e4000-7fe9472e3000 ---p 00009000 07:00 93479                      /usr/lib/x86_64-linux-gnu/libXcursor.so.1.0.2
7fe9472e3000-7fe9472e4000 r--p 00008000 07:00 93479                      /usr/lib/x86_64-linux-gnu/libXcursor.so.1.0.2
7fe9472e4000-7fe9472e5000 rw-p 00009000 07:00 93479                      /usr/lib/x86_64-linux-gnu/libXcursor.so.1.0.2
7fe9472e5000-7fe9472ec000 r-xp 00000000 07:00 93528                      /usr/lib/x86_64-linux-gnu/libXrandr.so.2.2.0
7fe9472ec000-7fe9474eb000 ---p 00007000 07:00 93528                      /usr/lib/x86_64-linux-gnu/libXrandr.so.2.2.0
7fe9474eb000-7fe9474ec000 r--p 00006000 07:00 93528                      /usr/lib/x86_64-linux-gnu/libXrandr.so.2.2.0
7fe9474ec000-7fe9474ed000 rw-p 00007000 07:00 93528                      /usr/lib/x86_64-linux-gnu/libXrandr.so.2.2.0
7fe9474ed000-7fe9474ef000 r-xp 00000000 07:00 113624                     /usr/lib/x86_64-linux-gnu/libXinerama.so.1.0.0
7fe9474ef000-7fe9476ee000 ---p 00002000 07:00 113624                     /usr/lib/x86_64-linux-gnu/libXinerama.so.1.0.0
7fe9476ee000-7fe9476ef000 r--p 00001000 07:00 113624                     /usr/lib/x86_64-linux-gnu/libXinerama.so.1.0.0
7fe9476ef000-7fe9476f0000 rw-p 00002000 07:00 113624                     /usr/lib/x86_64-linux-gnu/libXinerama.so.1.0.0
7fe9476f0000-7fe947719000 r-xp 00000000 07:00 93391                      /usr/lib/x86_64-linux-gnu/libpangoft2-1.0.so.0.3000.0
7fe947719000-7fe947918000 ---p 00029000 07:00 93391                      /usr/lib/x86_64-linux-gnu/libpangoft2-1.0.so.0.3000.0
7fe947918000-7fe947919000 r--p 00028000 07:00 93391                      /usr/lib/x86_64-linux-gnu/libpangoft2-1.0.so.0.3000.0
7fe947919000-7fe94791a000 rw-p 00029000 07:00 93391                      /usr/lib/x86_64-linux-gnu/libpangoft2-1.0.so.0.3000.0
7fe94791a000-7fe9479d3000 r-xp 00000000 07:00 93452                      /usr/lib/x86_64-linux-gnu/libcairo.so.2.11000.2
7fe9479d3000-7fe947bd2000 ---p 000b9000 07:00 93452                      /usr/lib/x86_64-linux-gnu/libcairo.so.2.11000.2
7fe947bd2000-7fe947bd4000 r--p 000b8000 07:00 93452                      /usr/lib/x86_64-linux-gnu/libcairo.so.2.11000.2
7fe947bd4000-7fe947bd5000 rw-p 000ba000 07:00 93452                      /usr/lib/x86_64-linux-gnu/libcairo.so.2.11000.2
7fe947bd5000-7fe947bd8000 rw-p 00000000 00:00 0 
7fe947bd8000-7fe947bf7000 r-xp 00000000 07:00 113625                     /usr/lib/x86_64-linux-gnu/libatk-1.0.so.0.20409.1
7fe947bf7000-7fe947df7000 ---p 0001f000 07:00 113625                     /usr/lib/x86_64-linux-gnu/libatk-1.0.so.0.20409.1
7fe947df7000-7fe947df9000 r--p 0001f000 07:00 113625                     /usr/lib/x86_64-linux-gnu/libatk-1.0.so.0.20409.1
7fe947df9000-7fe947dfa000 rw-p 00021000 07:00 113625                     /usr/lib/x86_64-linux-gnu/libatk-1.0.so.0.20409.1
7fe947dfa000-7fe947dff000 r-xp 00000000 07:00 1479768                    /usr/lib/x86_64-linux-gnu/libXfixes.so.3.1.0
7fe947dff000-7fe947ffe000 ---p 00005000 07:00 1479768                    /usr/lib/x86_64-linux-gnu/libXfixes.so.3.1.0
7fe947ffe000-7fe947fff000 r--p 00004000 07:00 1479768                    /usr/lib/x86_64-linux-gnu/libXfixes.so.3.1.0
7fe947fff000-7fe948000000 rw-p 00005000 07:00 1479768                    /usr/lib/x86_64-linux-gnu/libXfixes.so.3.1.0
7fe948000000-7fe948021000 rw-p 00000000 00:00 0 
7fe948021000-7fe94c000000 ---p 00000000 00:00 0 
7fe94c043000-7fe94c0d9000 rw-s 00000000 00:05 376778                     /dev/video2 (deleted)
7fe94c0d9000-7fe94c0e4000 r-xp 00000000 07:00 113531                     /usr/lib/x86_64-linux-gnu/libpangocairo-1.0.so.0.3000.0
7fe94c0e4000-7fe94c2e3000 ---p 0000b000 07:00 113531                     /usr/lib/x86_64-linux-gnu/libpangocairo-1.0.so.0.3000.0
7fe94c2e3000-7fe94c2e4000 r--p 0000a000 07:00 113531                     /usr/lib/x86_64-linux-gnu/libpangocairo-1.0.so.0.3000.0
7fe94c2e4000-7fe94c2e5000 rw-p 0000b000 07:00 113531                     /usr/lib/x86_64-linux-gnu/libpangocairo-1.0.so.0.3000.0
7fe94c2e5000-7fe94c302000 r-xp 00000000 07:00 93302                      /usr/lib/x86_64-linux-gnu/libxcb.so.1.1.0
7fe94c302000-7fe94c501000 ---p 0001d000 07:00 93302                      /usr/lib/x86_64-linux-gnu/libxcb.so.1.1.0
7fe94c501000-7fe94c502000 r--p 0001c000 07:00 93302                      /usr/lib/x86_64-linux-gnu/libxcb.so.1.1.0
7fe94c502000-7fe94c503000 rw-p 0001d000 07:00 93302                      /usr/lib/x86_64-linux-gnu/libxcb.so.1.1.0
7fe94c503000-7fe94c553000 r-xp 00000000 07:00 93603                      /usr/lib/x86_64-linux-gnu/libcups.so.2
7fe94c553000-7fe94c752000 ---p 00050000 07:00 93603                      /usr/lib/x86_64-linux-gnu/libcups.so.2
7fe94c752000-7fe94c756000 r--p 0004f000 07:00 93603                      /usr/lib/x86_64-linux-gnu/libcups.so.2
7fe94c756000-7fe94c757000 rw-p 00053000 07:00 93603                      /usr/lib/x86_64-linux-gnu/libcups.so.2
7fe94c757000-7fe94c849000 r-xp 00000000 07:00 234522                     /lib/x86_64-linux-gnu/libglib-2.0.so.0.3200.4
7fe94c849000-7fe94ca49000 ---p 000f2000 07:00 234522                     /lib/x86_64-linux-gnu/libglib-2.0.so.0.3200.4
7fe94ca49000-7fe94ca4a000 r--p 000f2000 07:00 234522                     /lib/x86_64-linux-gnu/libglib-2.0.so.0.3200.4
7fe94ca4a000-7fe94ca4b000 rw-p 000f3000 07:00 234522                     /lib/x86_64-linux-gnu/libglib-2.0.so.0.3200.4
7fe94ca4b000-7fe94ca4c000 rw-p 00000000 00:00 0 
7fe94ca4c000-7fe94ca4d000 r-xp 00000000 07:00 1479722                    /usr/lib/x86_64-linux-gnu/libgthread-2.0.so.0.3200.4
7fe94ca4d000-7fe94cc4c000 ---p 00001000 07:00 1479722                    /usr/lib/x86_64-linux-gnu/libgthread-2.0.so.0.3200.4
7fe94cc4c000-7fe94cc4d000 r--p 00000000 07:00 1479722                    /usr/lib/x86_64-linux-gnu/libgthread-2.0.so.0.3200.4
7fe94cc4d000-7fe94cc4e000 rw-p 00001000 07:00 1479722                    /usr/lib/x86_64-linux-gnu/libgthread-2.0.so.0.3200.4
7fe94cc4e000-7fe94cc9b000 r-xp 00000000 07:00 1479726                    /usr/lib/x86_64-linux-gnu/libgobject-2.0.so.0.3200.4
7fe94cc9b000-7fe94ce9b000 ---p 0004d000 07:00 1479726                    /usr/lib/x86_64-linux-gnu/libgobject-2.0.so.0.3200.4
7fe94ce9b000-7fe94ce9c000 r--p 0004d000 07:00 1479726                    /usr/lib/x86_64-linux-gnu/libgobject-2.0.so.0.3200.4
7fe94ce9c000-7fe94ce9d000 rw-p 0004e000 07:00 1479726                    /usr/lib/x86_64-linux-gnu/libgobject-2.0.so.0.3200.4
7fe94ce9d000-7fe94ced1000 r-xp 00000000 07:00 93287                      /usr/lib/x86_64-linux-gnu/libfontconfig.so.1.4.4
7fe94ced1000-7fe94d0d1000 ---p 00034000 07:00 93287                      /usr/lib/x86_64-linux-gnu/libfontconfig.so.1.4.4
7fe94d0d1000-7fe94d0d2000 r--p 00034000 07:00 93287                      /usr/lib/x86_64-linux-gnu/libfontconfig.so.1.4.4
7fe94d0d2000-7fe94d0d3000 rw-p 00035000 07:00 93287                      /usr/lib/x86_64-linux-gnu/libfontconfig.so.1.4.4
7fe94d0d3000-7fe94d119000 r-xp 00000000 07:00 113642                     /usr/lib/x86_64-linux-gnu/libpango-1.0.so.0.3000.0
7fe94d119000-7fe94d319000 ---p 00046000 07:00 113642                     /usr/lib/x86_64-linux-gnu/libpango-1.0.so.0.3000.0
7fe94d319000-7fe94d31b000 r--p 00046000 07:00 113642                     /usr/lib/x86_64-linux-gnu/libpango-1.0.so.0.3000.0
7fe94d31b000-7fe94d31c000 rw-p 00048000 07:00 113642                     /usr/lib/x86_64-linux-gnu/libpango-1.0.so.0.3000.0
7fe94d31c000-7fe94d33a000 r-xp 00000000 07:00 93419                      /usr/lib/x86_64-linux-gnu/libgdk_pixbuf-2.0.so.0.2600.1
7fe94d33a000-7fe94d53a000 ---p 0001e000 07:00 93419                      /usr/lib/x86_64-linux-gnu/libgdk_pixbuf-2.0.so.0.2600.1
7fe94d53a000-7fe94d53b000 r--p 0001e000 07:00 93419                      /usr/lib/x86_64-linux-gnu/libgdk_pixbuf-2.0.so.0.2600.1
7fe94d53b000-7fe94d53c000 rw-p 0001f000 07:00 93419                      /usr/lib/x86_64-linux-gnu/libgdk_pixbuf-2.0.so.0.2600.1
7fe94d53c000-7fe94d684000 r-xp 00000000 07:00 1479724                    /usr/lib/x86_64-linux-gnu/libgio-2.0.so.0.3200.4
7fe94d684000-7fe94d883000 ---p 00148000 07:00 1479724                    /usr/lib/x86_64-linux-gnu/libgio-2.0.so.0.3200.4
7fe94d883000-7fe94d887000 r--p 00147000 07:00 1479724                    /usr/lib/x86_64-linux-gnu/libgio-2.0.so.0.3200.4
7fe94d887000-7fe94d889000 rw-p 0014b000 07:00 1479724                    /usr/lib/x86_64-linux-gnu/libgio-2.0.so.0.3200.4
7fe94d889000-7fe94d88b000 rw-p 00000000 00:00 0 
7fe94d88b000-7fe94d938000 r-xp 00000000 07:00 93263                      /usr/lib/x86_64-linux-gnu/libgdk-x11-2.0.so.0.2400.10
7fe94d938000-7fe94db37000 ---p 000ad000 07:00 93263                      /usr/lib/x86_64-linux-gnu/libgdk-x11-2.0.so.0.2400.10
7fe94db37000-7fe94db3b000 r--p 000ac000 07:00 93263                      /usr/lib/x86_64-linux-gnu/libgdk-x11-2.0.so.0.2400.10
7fe94db3b000-7fe94db3d000 rw-p 000b0000 07:00 93263                      /usr/lib/x86_64-linux-gnu/libgdk-x11-2.0.so.0.2400.10
7fe94db3d000-7fe94df6a000 r-xp 00000000 07:00 113497                     /usr/lib/x86_64-linux-gnu/libgtk-x11-2.0.so.0.2400.10
7fe94df6a000-7fe94e16a000 ---p 0042d000 07:00 113497                     /usr/lib/x86_64-linux-gnu/libgtk-x11-2.0.so.0.2400.10
7fe94e16a000-7fe94e171000 r--p 0042d000 07:00 113497                     /usr/lib/x86_64-linux-gnu/libgtk-x11-2.0.so.0.2400.10
7fe94e171000-7fe94e175000 rw-p 00434000 07:00 113497                     /usr/lib/x86_64-linux-gnu/libgtk-x11-2.0.so.0.2400.10
7fe94e175000-7fe94e177000 rw-p 00000000 00:00 0 
7fe94e177000-7fe94e186000 r-xp 00000000 07:00 1479776                    /usr/lib/x86_64-linux-gnu/libXi.so.6.1.0
7fe94e186000-7fe94e385000 ---p 0000f000 07:00 1479776                    /usr/lib/x86_64-linux-gnu/libXi.so.6.1.0
7fe94e385000-7fe94e386000 r--p 0000e000 07:00 1479776                    /usr/lib/x86_64-linux-gnu/libXi.so.6.1.0
7fe94e386000-7fe94e387000 rw-p 0000f000 07:00 1479776                    /usr/lib/x86_64-linux-gnu/libXi.so.6.1.0
7fe94e387000-7fe94e38c000 r-xp 00000000 07:00 93540                      /usr/lib/x86_64-linux-gnu/libXtst.so.6.1.0
7fe94e38c000-7fe94e58b000 ---p 00005000 07:00 93540                      /usr/lib/x86_64-linux-gnu/libXtst.so.6.1.0
7fe94e58b000-7fe94e58c000 r--p 00004000 07:00 93540                      /usr/lib/x86_64-linux-gnu/libXtst.so.6.1.0
7fe94e58c000-7fe94e58d000 rw-p 00005000 07:00 93540                      /usr/lib/x86_64-linux-gnu/libXtst.so.6.1.0
7fe94e58d000-7fe94e596000 r-xp 00000000 07:00 93266                      /usr/lib/x86_64-linux-gnu/libXrender.so.1.3.0
7fe94e596000-7fe94e795000 ---p 00009000 07:00 93266                      /usr/lib/x86_64-linux-gnu/libXrender.so.1.3.0
7fe94e795000-7fe94e796000 r--p 00008000 07:00 93266                      /usr/lib/x86_64-linux-gnu/libXrender.so.1.3.0
7fe94e796000-7fe94e797000 rw-p 00009000 07:00 93266                      /usr/lib/x86_64-linux-gnu/libXrender.so.1.3.0
7fe94e797000-7fe94e8c7000 r-xp 00000000 07:00 433153                     /usr/lib/x86_64-linux-gnu/libX11.so.6.3.0
7fe94e8c7000-7fe94eac7000 ---p 00130000 07:00 433153                     /usr/lib/x86_64-linux-gnu/libX11.so.6.3.0
7fe94eac7000-7fe94eac8000 r--p 00130000 07:00 433153                     /usr/lib/x86_64-linux-gnu/libX11.so.6.3.0
7fe94eac8000-7fe94eacc000 rw-p 00131000 07:00 433153                     /usr/lib/x86_64-linux-gnu/libX11.so.6.3.0
7fe94eacc000-7fe94eadc000 r-xp 00000000 07:00 93461                      /usr/lib/x86_64-linux-gnu/libXext.so.6.4.0
7fe94eadc000-7fe94ecdb000 ---p 00010000 07:00 93461                      /usr/lib/x86_64-linux-gnu/libXext.so.6.4.0
7fe94ecdb000-7fe94ecdc000 r--p 0000f000 07:00 93461                      /usr/lib/x86_64-linux-gnu/libXext.so.6.4.0
7fe94ecdc000-7fe94ecdd000 rw-p 00010000 07:00 93461                      /usr/lib/x86_64-linux-gnu/libXext.so.6.4.0
7fe94ecdd000-7fe94ed2f000 r-xp 00000000 07:00 334917                     /usr/lib/jvm/java-7-openjdk-amd64/jre/lib/amd64/xawt/libmawt.so
7fe94ed2f000-7fe94ef2f000 ---p 00052000 07:00 334917                     /usr/lib/jvm/java-7-openjdk-amd64/jre/lib/amd64/xawt/libmawt.so
7fe94ef2f000-7fe94ef30000 r--p 00052000 07:00 334917                     /usr/lib/jvm/java-7-openjdk-amd64/jre/lib/amd64/xawt/libmawt.so
7fe94ef30000-7fe94ef33000 rw-p 00053000 07:00 334917                     /usr/lib/jvm/java-7-openjdk-amd64/jre/lib/amd64/xawt/libmawt.so
7fe94ef33000-7fe94ef34000 rw-p 00000000 00:00 0 
7fe94ef34000-7fe94efd7000 r-xp 00000000 07:00 331786                     /usr/lib/jvm/java-7-openjdk-amd64/jre/lib/amd64/libawt.so
7fe94efd7000-7fe94f1d6000 ---p 000a3000 07:00 331786                     /usr/lib/jvm/java-7-openjdk-amd64/jre/lib/amd64/libawt.so
7fe94f1d6000-7fe94f1d7000 r--p 000a2000 07:00 331786                     /usr/lib/jvm/java-7-openjdk-amd64/jre/lib/amd64/libawt.so
7fe94f1d7000-7fe94f1e2000 rw-p 000a3000 07:00 331786                     /usr/lib/jvm/java-7-openjdk-amd64/jre/lib/amd64/libawt.so
7fe94f1e2000-7fe94f207000 rw-p 00000000 00:00 0 
7fe94f207000-7fe94f3ec000 r-xp 00000000 07:00 459092                     /home/aivanov/Downloads/opencv-2.4.8/build3/lib/libopencv_ocl.so.2.4.8
7fe94f3ec000-7fe94f5eb000 ---p 001e5000 07:00 459092                     /home/aivanov/Downloads/opencv-2.4.8/build3/lib/libopencv_ocl.so.2.4.8
7fe94f5eb000-7fe94f5ee000 r--p 001e4000 07:00 459092                     /home/aivanov/Downloads/opencv-2.4.8/build3/lib/libopencv_ocl.so.2.4.8
7fe94f5ee000-7fe94f5f0000 rw-p 001e7000 07:00 459092                     /home/aivanov/Downloads/opencv-2.4.8/build3/lib/libopencv_ocl.so.2.4.8
7fe94f5f0000-7fe94f5f1000 rw-p 00000000 00:00 0 
7fe94f5f1000-7fe94f65d000 r-xp 00000000 07:00 458639                     /home/aivanov/Downloads/opencv-2.4.8/build3/lib/libopencv_flann.so.2.4.8
7fe94f65d000-7fe94f85c000 ---p 0006c000 07:00 458639                     /home/aivanov/Downloads/opencv-2.4.8/build3/lib/libopencv_flann.so.2.4.8
7fe94f85c000-7fe94f85f000 r--p 0006b000 07:00 458639                     /home/aivanov/Downloads/opencv-2.4.8/build3/lib/libopencv_flann.so.2.4.8
7fe94f85f000-7fe94f860000 rw-p 0006e000 07:00 458639                     /home/aivanov/Downloads/opencv-2.4.8/build3/lib/libopencv_flann.so.2.4.8
7fe94f860000-7fe94f946000 r-xp 00000000 07:00 459135                     /home/aivanov/Downloads/opencv-2.4.8/build3/lib/libopencv_contrib.so.2.4.8
7fe94f946000-7fe94fb46000 ---p 000e6000 07:00 459135                     /home/aivanov/Downloads/opencv-2.4.8/build3/lib/libopencv_contrib.so.2.4.8
7fe94fb46000-7fe94fb48000 r--p 000e6000 07:00 459135                     /home/aivanov/Downloads/opencv-2.4.8/build3/lib/libopencv_contrib.so.2.4.8
7fe94fb48000-7fe94fb4a000 rw-p 000e8000 07:00 459135                     /home/aivanov/Downloads/opencv-2.4.8/build3/lib/libopencv_contrib.so.2.4.8
7fe94fb4a000-7fe94fb7e000 r-xp 00000000 07:00 459117                     /home/aivanov/Downloads/opencv-2.4.8/build3/lib/libopencv_nonfree.so.2.4.8
7fe94fb7e000-7fe94fd7e000 ---p 00034000 07:00 459117                     /home/aivanov/Downloads/opencv-2.4.8/build3/lib/libopencv_nonfree.so.2.4.8
7fe94fd7e000-7fe94fd7f000 r--p 00034000 07:00 459117                     /home/aivanov/Downloads/opencv-2.4.8/build3/lib/libopencv_nonfree.so.2.4.8
7fe94fd7f000-7fe94fd80000 rw-p 00035000 07:00 459117                     /home/aivanov/Downloads/opencv-2.4.8/build3/lib/libopencv_nonfree.so.2.4.8
7fe94fd80000-7fe94fdfe000 r-xp 00000000 07:00 458657                     /home/aivanov/Downloads/opencv-2.4.8/build3/lib/libopencv_objdetect.so.2.4.8
7fe94fdfe000-7fe94fffe000 ---p 0007e000 07:00 458657                     /home/aivanov/Downloads/opencv-2.4.8/build3/lib/libopencv_objdetect.so.2.4.8
7fe94fffe000-7fe94ffff000 r--p 0007e000 07:00 458657                     /home/aivanov/Downloads/opencv-2.4.8/build3/lib/libopencv_objdetect.so.2.4.8
7fe94ffff000-7fe950000000 rw-p 0007f000 07:00 458657                     /home/aivanov/Downloads/opencv-2.4.8/build3/lib/libopencv_objdetect.so.2.4.8
7fe950000000-7fe950021000 rw-p 00000000 00:00 0 
7fe950021000-7fe954000000 ---p 00000000 00:00 0 
7fe95403a000-7fe954058000 r-xp 00000000 07:00 458645                     /home/aivanov/Downloads/opencv-2.4.8/build3/lib/libopencv_photo.so.2.4.8
7fe954058000-7fe954257000 ---p 0001e000 07:00 458645                     /home/aivanov/Downloads/opencv-2.4.8/build3/lib/libopencv_photo.so.2.4.8
7fe954257000-7fe954258000 r--p 0001d000 07:00 458645                     /home/aivanov/Downloads/opencv-2.4.8/build3/lib/libopencv_photo.so.2.4.8
7fe954258000-7fe954259000 rw-p 0001e000 07:00 458645                     /home/aivanov/Downloads/opencv-2.4.8/build3/lib/libopencv_photo.so.2.4.8
7fe954259000-7fe9542b0000 r-xp 00000000 07:00 458649                     /home/aivanov/Downloads/opencv-2.4.8/build3/lib/libopencv_video.so.2.4.8
7fe9542b0000-7fe9544b0000 ---p 00057000 07:00 458649                     /home/aivanov/Downloads/opencv-2.4.8/build3/lib/libopencv_video.so.2.4.8
7fe9544b0000-7fe9544b1000 r--p 00057000 07:00 458649                     /home/aivanov/Downloads/opencv-2.4.8/build3/lib/libopencv_video.so.2.4.8
7fe9544b1000-7fe9544b2000 rw-p 00058000 07:00 458649                     /home/aivanov/Downloads/opencv-2.4.8/build3/lib/libopencv_video.so.2.4.8
7fe9544b2000-7fe95452e000 r-xp 00000000 07:00 458340                     /home/aivanov/Downloads/opencv-2.4.8/build3/lib/libopencv_ml.so.2.4.8
7fe95452e000-7fe95472d000 ---p 0007c000 07:00 458340                     /home/aivanov/Downloads/opencv-2.4.8/build3/lib/libopencv_ml.so.2.4.8
7fe95472d000-7fe95472f000 r--p 0007b000 07:00 458340                     /home/aivanov/Downloads/opencv-2.4.8/build3/lib/libopencv_ml.so.2.4.8
7fe95472f000-7fe954731000 rw-p 0007d000 07:00 458340                     /home/aivanov/Downloads/opencv-2.4.8/build3/lib/libopencv_ml.so.2.4.8
7fe954731000-7fe9547cf000 r-xp 00000000 07:00 458660                     /home/aivanov/Downloads/opencv-2.4.8/build3/lib/libopencv_calib3d.so.2.4.8
7fe9547cf000-7fe9549ce000 ---p 0009e000 07:00 458660                     /home/aivanov/Downloads/opencv-2.4.8/build3/lib/libopencv_calib3d.so.2.4.8
7fe9549ce000-7fe9549cf000 r--p 0009d000 07:00 458660                     /home/aivanov/Downloads/opencv-2.4.8/build3/lib/libopencv_calib3d.so.2.4.8
7fe9549cf000-7fe9549d0000 rw-p 0009e000 07:00 458660                     /home/aivanov/Downloads/opencv-2.4.8/build3/lib/libopencv_calib3d.so.2.4.8
7fe9549d0000-7fe954a75000 r-xp 00000000 07:00 458654                     /home/aivanov/Downloads/opencv-2.4.8/build3/lib/libopencv_features2d.so.2.4.8
7fe954a75000-7fe954c74000 ---p 000a5000 07:00 458654                     /home/aivanov/Downloads/opencv-2.4.8/build3/lib/libopencv_features2d.so.2.4.8
7fe954c74000-7fe954c78000 r--p 000a4000 07:00 458654                     /home/aivanov/Downloads/opencv-2.4.8/build3/lib/libopencv_features2d.so.2.4.8
7fe954c78000-7fe954c7a000 rw-p 000a8000 07:00 458654                     /home/aivanov/Downloads/opencv-2.4.8/build3/lib/libopencv_features2d.so.2.4.8
7fe954c7a000-7fe954c7b000 rw-p 00000000 00:00 0 
7fe954c7b000-7fe954eab000 r-xp 00000000 07:00 458648                     /home/aivanov/Downloads/opencv-2.4.8/build3/lib/libopencv_highgui.so.2.4.8
7fe954eab000-7fe9550aa000 ---p 00230000 07:00 458648                     /home/aivanov/Downloads/opencv-2.4.8/build3/lib/libopencv_highgui.so.2.4.8
7fe9550aa000-7fe9550b2000 r--p 0022f000 07:00 458648                     /home/aivanov/Downloads/opencv-2.4.8/build3/lib/libopencv_highgui.so.2.4.8
7fe9550b2000-7fe9550bb000 rw-p 00237000 07:00 458648                     /home/aivanov/Downloads/opencv-2.4.8/build3/lib/libopencv_highgui.so.2.4.8
7fe9550bb000-7fe9550c3000 rw-p 00000000 00:00 0 
7fe9550c3000-7fe9552e6000 r-xp 00000000 07:00 458642                     /home/aivanov/Downloads/opencv-2.4.8/build3/lib/libopencv_imgproc.so.2.4.8
7fe9552e6000-7fe9554e6000 ---p 00223000 07:00 458642                     /home/aivanov/Downloads/opencv-2.4.8/build3/lib/libopencv_imgproc.so.2.4.8
7fe9554e6000-7fe9554ed000 r--p 00223000 07:00 458642                     /home/aivanov/Downloads/opencv-2.4.8/build3/lib/libopencv_imgproc.so.2.4.8
7fe9554ed000-7fe9554ef000 rw-p 0022a000 07:00 458642                     /home/aivanov/Downloads/opencv-2.4.8/build3/lib/libopencv_imgproc.so.2.4.8
7fe9554ef000-7fe955584000 rw-p 00000000 00:00 0 
7fe955584000-7fe9557cb000 r-xp 00000000 07:00 458631                     /home/aivanov/Downloads/opencv-2.4.8/build3/lib/libopencv_core.so.2.4.8
7fe9557cb000-7fe9559ca000 ---p 00247000 07:00 458631                     /home/aivanov/Downloads/opencv-2.4.8/build3/lib/libopencv_core.so.2.4.8
7fe9559ca000-7fe9559ce000 r--p 00246000 07:00 458631                     /home/aivanov/Downloads/opencv-2.4.8/build3/lib/libopencv_core.so.2.4.8
7fe9559ce000-7fe9559d7000 rw-p 0024a000 07:00 458631                     /home/aivanov/Downloads/opencv-2.4.8/build3/lib/libopencv_core.so.2.4.8
7fe9559d7000-7fe9559da000 rw-p 00000000 00:00 0 
7fe9559da000-7fe955a73000 r-xp 00000000 07:00 459142                     /home/aivanov/Downloads/opencv-2.4.8/build3/lib/libopencv_java248.so
7fe955a73000-7fe955c72000 ---p 00099000 07:00 459142                     /home/aivanov/Downloads/opencv-2.4.8/build3/lib/libopencv_java248.so
7fe955c72000-7fe955c73000 r--p 00098000 07:00 459142                     /home/aivanov/Downloads/opencv-2.4.8/build3/lib/libopencv_java248.so
7fe955c73000-7fe955c75000 rw-p 00099000 07:00 459142                     /home/aivanov/Downloads/opencv-2.4.8/build3/lib/libopencv_java248.so
7fe955c75000-7fe955c78000 ---p 00000000 00:00 0 
7fe955c78000-7fe955d76000 rw-p 00000000 00:00 0                          [stack:22239]
7fe955d76000-7fe955d79000 ---p 00000000 00:00 0 
7fe955d79000-7fe955e77000 rw-p 00000000 00:00 0                          [stack:22238]
7fe955e77000-7fe955e7a000 r-xp 00000000 07:00 318615                     /home/aivanov/.jssc/linux/libjSSC-2.6_x86_64.so
7fe955e7a000-7fe956079000 ---p 00003000 07:00 318615                     /home/aivanov/.jssc/linux/libjSSC-2.6_x86_64.so
7fe956079000-7fe95607a000 r--p 00002000 07:00 318615                     /home/aivanov/.jssc/linux/libjSSC-2.6_x86_64.so
7fe95607a000-7fe95607b000 rw-p 00003000 07:00 318615                     /home/aivanov/.jssc/linux/libjSSC-2.6_x86_64.so
7fe95607b000-7fe95607c000 ---p 00000000 00:00 0 
7fe95607c000-7fe95617c000 rw-p 00000000 00:00 0                          [stack:22237]
7fe95617c000-7fe95617f000 ---p 00000000 00:00 0 
7fe95617f000-7fe95627d000 rw-p 00000000 00:00 0                          [stack:22236]
7fe95627d000-7fe956280000 ---p 00000000 00:00 0 
7fe956280000-7fe95637e000 rw-p 00000000 00:00 0                          [stack:22235]
7fe95637e000-7fe956381000 ---p 00000000 00:00 0 
7fe956381000-7fe95647f000 rw-p 00000000 00:00 0                          [stack:22234]
7fe95647f000-7fe956482000 ---p 00000000 00:00 0 
7fe956482000-7fe956580000 rw-p 00000000 00:00 0                          [stack:22233]
7fe956580000-7fe956849000 r--p 00000000 07:00 541697                     /usr/lib/locale/locale-archive
7fe956849000-7fe95684c000 ---p 00000000 00:00 0 
7fe95684c000-7fe95694a000 rw-p 00000000 00:00 0                          [stack:22232]
7fe95694a000-7fe95694d000 ---p 00000000 00:00 0 
7fe95694d000-7fe956a4b000 rw-p 00000000 00:00 0                          [stack:22231]
7fe956a4b000-7fe956a4c000 ---p 00000000 00:00 0 
7fe956a4c000-7fe958000000 rw-p 00000000 00:00 0                          [stack:22230]
7fe958000000-7fe958021000 rw-p 00000000 00:00 0 
7fe958021000-7fe95c000000 ---p 00000000 00:00 0 
7fe95c011000-7fe95d000000 rw-p 00000000 00:00 0 
7fe95d000000-7fe95d270000 rwxp 00000000 00:00 0 
7fe95d270000-7fe9603dd000 rw-p 00000000 00:00 0 
7fe9603dd000-7fe964000000 ---p 00000000 00:00 0 
7fe964001000-7fe96400a000 r--s 000bc000 07:00 299034                     /usr/lib/jvm/java-7-openjdk-common/jre/lib/resources.jar
7fe96400a000-7fe96400e000 r--s 00069000 07:00 459140                     /home/aivanov/Downloads/opencv-2.4.8/build3/bin/opencv-248.jar
7fe96400e000-7fe964015000 r--s 00030000 07:00 10015                      /usr/share/java/junit4-4.8.2.jar
7fe964015000-7fe96494f000 rw-p 00000000 00:00 0 
7fe96494f000-7fe964afc000 r--s 01cec000 07:00 317483                     /usr/lib/jvm/java-7-openjdk-amd64/jre/lib/rt.jar
7fe964afc000-7fe964b24000 rw-p 00000000 00:00 0 
7fe964b24000-7fe964b25000 ---p 00000000 00:00 0 
7fe964b25000-7fe964c25000 rw-p 00000000 00:00 0                          [stack:22229]
7fe964c25000-7fe964c26000 ---p 00000000 00:00 0 
7fe964c26000-7fe964d26000 rw-p 00000000 00:00 0                          [stack:22228]
7fe964d26000-7fe964d27000 ---p 00000000 00:00 0 
7fe964d27000-7fe964e27000 rw-p 00000000 00:00 0                          [stack:22227]
7fe964e27000-7fe964e28000 ---p 00000000 00:00 0 
7fe964e28000-7fe964f28000 rw-p 00000000 00:00 0                          [stack:22226]
7fe964f28000-7fe964f29000 ---p 00000000 00:00 0 
7fe964f29000-7fe965029000 rw-p 00000000 00:00 0                          [stack:22225]
7fe965029000-7fe96502a000 ---p 00000000 00:00 0 
7fe96502a000-7fe96512a000 rw-p 00000000 00:00 0                          [stack:22224]
7fe96512a000-7fe96512b000 ---p 00000000 00:00 0 
7fe96512b000-7fe96522b000 rw-p 00000000 00:00 0                          [stack:22223]
7fe96522b000-7fe96522c000 ---p 00000000 00:00 0 
7fe96522c000-7fe965337000 rw-p 00000000 00:00 0                          [stack:22222]
7fe965337000-7fe96537f000 rw-p 00000000 00:00 0 
7fe96537f000-7fe9653a9000 rw-p 00000000 00:00 0 
7fe9653a9000-7fe965610000 rw-p 00000000 00:00 0 
7fe965610000-7fe96561b000 rw-p 00000000 00:00 0 
7fe96561b000-7fe965663000 rw-p 00000000 00:00 0 
7fe965663000-7fe96568d000 rw-p 00000000 00:00 0 
7fe96568d000-7fe9658f3000 rw-p 00000000 00:00 0 
7fe9658f3000-7fe965909000 rw-p 00000000 00:00 0 
7fe965909000-7fe965a3c000 rw-p 00000000 00:00 0 
7fe965a3c000-7fe965a3d000 rw-p 00000000 00:00 0 
7fe965a3d000-7fe965a45000 r-xp 00000000 07:00 331788                     /usr/lib/jvm/java-7-openjdk-amd64/jre/lib/amd64/libzip.so
7fe965a45000-7fe965c44000 ---p 00008000 07:00 331788                     /usr/lib/jvm/java-7-openjdk-amd64/jre/lib/amd64/libzip.so
7fe965c44000-7fe965c45000 r--p 00007000 07:00 331788                     /usr/lib/jvm/java-7-openjdk-amd64/jre/lib/amd64/libzip.so
7fe965c45000-7fe965c46000 rw-p 00008000 07:00 331788                     /usr/lib/jvm/java-7-openjdk-amd64/jre/lib/amd64/libzip.so
7fe965c46000-7fe965c52000 r-xp 00000000 07:00 1355783                    /lib/x86_64-linux-gnu/libnss_files-2.15.so
7fe965c52000-7fe965e51000 ---p 0000c000 07:00 1355783                    /lib/x86_64-linux-gnu/libnss_files-2.15.so
7fe965e51000-7fe965e52000 r--p 0000b000 07:00 1355783                    /lib/x86_64-linux-gnu/libnss_files-2.15.so
7fe965e52000-7fe965e53000 rw-p 0000c000 07:00 1355783                    /lib/x86_64-linux-gnu/libnss_files-2.15.so
7fe965e53000-7fe965e5d000 r-xp 00000000 07:00 1355787                    /lib/x86_64-linux-gnu/libnss_nis-2.15.so
7fe965e5d000-7fe96605d000 ---p 0000a000 07:00 1355787                    /lib/x86_64-linux-gnu/libnss_nis-2.15.so
7fe96605d000-7fe96605e000 r--p 0000a000 07:00 1355787                    /lib/x86_64-linux-gnu/libnss_nis-2.15.so
7fe96605e000-7fe96605f000 rw-p 0000b000 07:00 1355787                    /lib/x86_64-linux-gnu/libnss_nis-2.15.so
7fe96605f000-7fe966076000 r-xp 00000000 07:00 1355799                    /lib/x86_64-linux-gnu/libnsl-2.15.so
7fe966076000-7fe966275000 ---p 00017000 07:00 1355799                    /lib/x86_64-linux-gnu/libnsl-2.15.so
7fe966275000-7fe966276000 r--p 00016000 07:00 1355799                    /lib/x86_64-linux-gnu/libnsl-2.15.so
7fe966276000-7fe966277000 rw-p 00017000 07:00 1355799                    /lib/x86_64-linux-gnu/libnsl-2.15.so
7fe966277000-7fe966279000 rw-p 00000000 00:00 0 
7fe966279000-7fe966281000 r-xp 00000000 07:00 1355781                    /lib/x86_64-linux-gnu/libnss_compat-2.15.so
7fe966281000-7fe966480000 ---p 00008000 07:00 1355781                    /lib/x86_64-linux-gnu/libnss_compat-2.15.so
7fe966480000-7fe966481000 r--p 00007000 07:00 1355781                    /lib/x86_64-linux-gnu/libnss_compat-2.15.so
7fe966481000-7fe966482000 rw-p 00008000 07:00 1355781                    /lib/x86_64-linux-gnu/libnss_compat-2.15.so
7fe966482000-7fe9664ab000 r-xp 00000000 07:00 331783                     /usr/lib/jvm/java-7-openjdk-amd64/jre/lib/amd64/libjava.so
7fe9664ab000-7fe9666aa000 ---p 00029000 07:00 331783                     /usr/lib/jvm/java-7-openjdk-amd64/jre/lib/amd64/libjava.so
7fe9666aa000-7fe9666ab000 r--p 00028000 07:00 331783                     /usr/lib/jvm/java-7-openjdk-amd64/jre/lib/amd64/libjava.so
7fe9666ab000-7fe9666ad000 rw-p 00029000 07:00 331783                     /usr/lib/jvm/java-7-openjdk-amd64/jre/lib/amd64/libjava.so
7fe9666ad000-7fe9666bb000 r-xp 00000000 07:00 331798                     /usr/lib/jvm/java-7-openjdk-amd64/jre/lib/amd64/libverify.so
7fe9666bb000-7fe9668ba000 ---p 0000e000 07:00 331798                     /usr/lib/jvm/java-7-openjdk-amd64/jre/lib/amd64/libverify.so
7fe9668ba000-7fe9668bc000 r--p 0000d000 07:00 331798                     /usr/lib/jvm/java-7-openjdk-amd64/jre/lib/amd64/libverify.so
7fe9668bc000-7fe9668bd000 rw-p 0000f000 07:00 331798                     /usr/lib/jvm/java-7-openjdk-amd64/jre/lib/amd64/libverify.so
7fe9668bd000-7fe9668c4000 r-xp 00000000 07:00 1355786                    /lib/x86_64-linux-gnu/librt-2.15.so
7fe9668c4000-7fe966ac3000 ---p 00007000 07:00 1355786                    /lib/x86_64-linux-gnu/librt-2.15.so
7fe966ac3000-7fe966ac4000 r--p 00006000 07:00 1355786                    /lib/x86_64-linux-gnu/librt-2.15.so
7fe966ac4000-7fe966ac5000 rw-p 00007000 07:00 1355786                    /lib/x86_64-linux-gnu/librt-2.15.so
7fe966ac5000-7fe966ada000 r-xp 00000000 07:00 234552                     /lib/x86_64-linux-gnu/libgcc_s.so.1
7fe966ada000-7fe966cd9000 ---p 00015000 07:00 234552                     /lib/x86_64-linux-gnu/libgcc_s.so.1
7fe966cd9000-7fe966cda000 r--p 00014000 07:00 234552                     /lib/x86_64-linux-gnu/libgcc_s.so.1
7fe966cda000-7fe966cdb000 rw-p 00015000 07:00 234552                     /lib/x86_64-linux-gnu/libgcc_s.so.1
7fe966cdb000-7fe966dd6000 r-xp 00000000 07:00 1355790                    /lib/x86_64-linux-gnu/libm-2.15.so
7fe966dd6000-7fe966fd5000 ---p 000fb000 07:00 1355790                    /lib/x86_64-linux-gnu/libm-2.15.so
7fe966fd5000-7fe966fd6000 r--p 000fa000 07:00 1355790                    /lib/x86_64-linux-gnu/libm-2.15.so
7fe966fd6000-7fe966fd7000 rw-p 000fb000 07:00 1355790                    /lib/x86_64-linux-gnu/libm-2.15.so
7fe966fd7000-7fe9670b9000 r-xp 00000000 07:00 113565                     /usr/lib/x86_64-linux-gnu/libstdc++.so.6.0.16
7fe9670b9000-7fe9672b8000 ---p 000e2000 07:00 113565                     /usr/lib/x86_64-linux-gnu/libstdc++.so.6.0.16
7fe9672b8000-7fe9672c0000 r--p 000e1000 07:00 113565                     /usr/lib/x86_64-linux-gnu/libstdc++.so.6.0.16
7fe9672c0000-7fe9672c2000 rw-p 000e9000 07:00 113565                     /usr/lib/x86_64-linux-gnu/libstdc++.so.6.0.16
7fe9672c2000-7fe9672d7000 rw-p 00000000 00:00 0 
7fe9672d7000-7fe967caa000 r-xp 00000000 07:00 332807                     /usr/lib/jvm/java-7-openjdk-amd64/jre/lib/amd64/server/libjvm.so
7fe967caa000-7fe967ea9000 ---p 009d3000 07:00 332807                     /usr/lib/jvm/java-7-openjdk-amd64/jre/lib/amd64/server/libjvm.so
7fe967ea9000-7fe967f28000 r--p 009d2000 07:00 332807                     /usr/lib/jvm/java-7-openjdk-amd64/jre/lib/amd64/server/libjvm.so
7fe967f28000-7fe967f4b000 rw-p 00a51000 07:00 332807                     /usr/lib/jvm/java-7-openjdk-amd64/jre/lib/amd64/server/libjvm.so
7fe967f4b000-7fe967f75000 rw-p 00000000 00:00 0 
7fe967f75000-7fe967f8b000 r-xp 00000000 07:00 234620                     /lib/x86_64-linux-gnu/libz.so.1.2.3.4
7fe967f8b000-7fe96818a000 ---p 00016000 07:00 234620                     /lib/x86_64-linux-gnu/libz.so.1.2.3.4
7fe96818a000-7fe96818b000 r--p 00015000 07:00 234620                     /lib/x86_64-linux-gnu/libz.so.1.2.3.4
7fe96818b000-7fe96818c000 rw-p 00016000 07:00 234620                     /lib/x86_64-linux-gnu/libz.so.1.2.3.4
7fe96818c000-7fe9681a4000 r-xp 00000000 07:00 1355788                    /lib/x86_64-linux-gnu/libpthread-2.15.so
7fe9681a4000-7fe9683a3000 ---p 00018000 07:00 1355788                    /lib/x86_64-linux-gnu/libpthread-2.15.so
7fe9683a3000-7fe9683a4000 r--p 00017000 07:00 1355788                    /lib/x86_64-linux-gnu/libpthread-2.15.so
7fe9683a4000-7fe9683a5000 rw-p 00018000 07:00 1355788                    /lib/x86_64-linux-gnu/libpthread-2.15.so
7fe9683a5000-7fe9683a9000 rw-p 00000000 00:00 0 
7fe9683a9000-7fe9683ab000 r-xp 00000000 07:00 1355794                    /lib/x86_64-linux-gnu/libdl-2.15.so
7fe9683ab000-7fe9685ab000 ---p 00002000 07:00 1355794                    /lib/x86_64-linux-gnu/libdl-2.15.so
7fe9685ab000-7fe9685ac000 r--p 00002000 07:00 1355794                    /lib/x86_64-linux-gnu/libdl-2.15.so
7fe9685ac000-7fe9685ad000 rw-p 00003000 07:00 1355794                    /lib/x86_64-linux-gnu/libdl-2.15.so
7fe9685ad000-7fe968762000 r-xp 00000000 07:00 1355779                    /lib/x86_64-linux-gnu/libc-2.15.so
7fe968762000-7fe968962000 ---p 001b5000 07:00 1355779                    /lib/x86_64-linux-gnu/libc-2.15.so
7fe968962000-7fe968966000 r--p 001b5000 07:00 1355779                    /lib/x86_64-linux-gnu/libc-2.15.so
7fe968966000-7fe968968000 rw-p 001b9000 07:00 1355779                    /lib/x86_64-linux-gnu/libc-2.15.so
7fe968968000-7fe96896d000 rw-p 00000000 00:00 0 
7fe96896d000-7fe96897a000 r-xp 00000000 07:00 332802                     /usr/lib/jvm/java-7-openjdk-amd64/jre/lib/amd64/jli/libjli.so
7fe96897a000-7fe968b79000 ---p 0000d000 07:00 332802                     /usr/lib/jvm/java-7-openjdk-amd64/jre/lib/amd64/jli/libjli.so
7fe968b79000-7fe968b7a000 r--p 0000c000 07:00 332802                     /usr/lib/jvm/java-7-openjdk-amd64/jre/lib/amd64/jli/libjli.so
7fe968b7a000-7fe968b7b000 rw-p 0000d000 07:00 332802                     /usr/lib/jvm/java-7-openjdk-amd64/jre/lib/amd64/jli/libjli.so
7fe968b7b000-7fe968b9d000 r-xp 00000000 07:00 1355791                    /lib/x86_64-linux-gnu/ld-2.15.so
7fe968b9e000-7fe968b9f000 rw-p 00000000 00:00 0 
7fe968b9f000-7fe968ba1000 r--s 00007000 07:00 10007                      /usr/share/java/hamcrest-core-1.1.jar
7fe968ba1000-7fe968ba3000 r--s 00007000 07:00 10007                      /usr/share/java/hamcrest-core-1.1.jar
7fe968ba3000-7fe968ba5000 r--s 00024000 07:00 561277                     /home/aivanov/workspace/MaslabDemo/resources/jSSC-2.6.0-Release/jssc.jar
7fe968ba5000-7fe968bb5000 r--s 000a6000 07:00 561294                     /home/aivanov/workspace/MaslabDemo/resources/jts-1.12.jar
7fe968bb5000-7fe968bba000 r--s 00054000 07:00 561261                     /home/aivanov/workspace/MaslabDemo/resources/javaGeom-0.11.1.jar
7fe968bba000-7fe968bc4000 rw-p 00000000 00:00 0 
7fe968bc4000-7fe968c7a000 rw-p 00000000 00:00 0 
7fe968c7a000-7fe968c7d000 ---p 00000000 00:00 0 
7fe968c7d000-7fe968d80000 rw-p 00000000 00:00 0                          [stack:22221]
7fe968d80000-7fe968d83000 r--s 0000f000 07:00 300036                     /usr/lib/jvm/java-7-openjdk-common/jre/lib/ext/pulse-java.jar
7fe968d83000-7fe968d86000 r--s 0003c000 07:00 300037                     /usr/lib/jvm/java-7-openjdk-common/jre/lib/ext/sunpkcs11.jar
7fe968d86000-7fe968d87000 r--s 00002000 07:00 300034                     /usr/lib/jvm/java-7-openjdk-common/jre/lib/ext/dnsns.jar
7fe968d87000-7fe968d89000 r--s 00012000 07:00 300039                     /usr/lib/jvm/java-7-openjdk-common/jre/lib/ext/zipfs.jar
7fe968d89000-7fe968d8a000 r--s 00007000 07:00 9787                       /usr/share/java/java-atk-wrapper.jar
7fe968d8a000-7fe968d8e000 r--s 00085000 07:00 300038                     /usr/lib/jvm/java-7-openjdk-common/jre/lib/ext/localedata.jar
7fe968d8e000-7fe968d91000 r--s 00032000 07:00 300035                     /usr/lib/jvm/java-7-openjdk-common/jre/lib/ext/sunjce_provider.jar
7fe968d91000-7fe968d99000 rw-s 00000000 07:00 291236                     /tmp/hsperfdata_aivanov/22215
7fe968d99000-7fe968d9a000 rw-p 00000000 00:00 0 
7fe968d9a000-7fe968d9b000 ---p 00000000 00:00 0 
7fe968d9b000-7fe968d9d000 rw-p 00000000 00:00 0 
7fe968d9d000-7fe968d9e000 r--p 00022000 07:00 1355791                    /lib/x86_64-linux-gnu/ld-2.15.so
7fe968d9e000-7fe968da0000 rw-p 00023000 07:00 1355791                    /lib/x86_64-linux-gnu/ld-2.15.so
7fffe385e000-7fffe387f000 rw-p 00000000 00:00 0                          [stack]
7fffe392c000-7fffe392e000 r-xp 00000000 00:00 0                          [vdso]
ffffffffff600000-ffffffffff601000 r-xp 00000000 00:00 0                  [vsyscall]

VM Arguments:
jvm_args: -Djava.library.path=/home/aivanov/Downloads/opencv-2.4.8/build3/lib -Dfile.encoding=ANSI_X3.4-1968 
java_command: game.StateMachine
Launcher Type: SUN_STANDARD

Environment Variables:
PATH=/usr/lib/lightdm/lightdm:/usr/local/sbin:/usr/local/bin:/usr/sbin:/usr/bin:/sbin:/bin:/usr/games:/usr/local/llvm/bin
LD_LIBRARY_PATH=/usr/lib/jvm/java-7-openjdk-amd64/jre/lib/amd64/server:/usr/lib/jvm/java-7-openjdk-amd64/jre/lib/amd64:/usr/lib/jvm/java-7-openjdk-amd64/jre/../lib/amd64:/usr/lib/jvm/java-6-openjdk-amd64/jre/lib/amd64/server:/usr/lib/jvm/java-6-openjdk-amd64/jre/lib/amd64:/usr/lib/jvm/java-6-openjdk-amd64/jre/../lib/amd64
SHELL=/bin/bash
DISPLAY=:0.0

Signal Handlers:
SIGSEGV: [libjvm.so+0x83b2a0], sa_mask[0]=0x7ffbfeff, sa_flags=0x10000004
SIGBUS: [libjvm.so+0x83b2a0], sa_mask[0]=0x7ffbfeff, sa_flags=0x10000004
SIGFPE: [libjvm.so+0x6dc040], sa_mask[0]=0x7ffbfeff, sa_flags=0x10000004
SIGPIPE: [libjvm.so+0x6dc040], sa_mask[0]=0x7ffbfeff, sa_flags=0x10000004
SIGXFSZ: [libjvm.so+0x6dc040], sa_mask[0]=0x7ffbfeff, sa_flags=0x10000004
SIGILL: [libjvm.so+0x6dc040], sa_mask[0]=0x7ffbfeff, sa_flags=0x10000004
SIGUSR1: SIG_DFL, sa_mask[0]=0x00000000, sa_flags=0x00000000
SIGUSR2: [libjvm.so+0x6dc480], sa_mask[0]=0x00000004, sa_flags=0x10000004
SIGHUP: [libjvm.so+0x6dc5c0], sa_mask[0]=0x7ffbfeff, sa_flags=0x10000004
SIGINT: [libjvm.so+0x6dc5c0], sa_mask[0]=0x7ffbfeff, sa_flags=0x10000004
SIGTERM: [libjvm.so+0x6dc5c0], sa_mask[0]=0x7ffbfeff, sa_flags=0x10000004
SIGQUIT: [libjvm.so+0x6dc5c0], sa_mask[0]=0x7ffbfeff, sa_flags=0x10000004


---------------  S Y S T E M  ---------------

OS:Ubuntu 12.04 (precise)
uname:Linux 3.8.0-29-generic #42~precise1-Ubuntu SMP Wed Aug 14 16:19:23 UTC 2013 x86_64
libc:glibc 2.15 NPTL 2.15 
rlimit: STACK 8192k, CORE 0k, NPROC 62891, NOFILE 4096, AS infinity
load average:5.70 5.10 4.46

/proc/meminfo:
MemTotal:        8068788 kB
MemFree:          186708 kB
Buffers:         1732468 kB
Cached:          2865588 kB
SwapCached:            0 kB
Active:          4501604 kB
Inactive:        2929528 kB
Active(anon):    2537784 kB
Inactive(anon):   917344 kB
Active(file):    1963820 kB
Inactive(file):  2012184 kB
Unevictable:        2676 kB
Mlocked:               0 kB
SwapTotal:        262140 kB
SwapFree:         261972 kB
Dirty:               872 kB
Writeback:             0 kB
AnonPages:       2835444 kB
Mapped:           294592 kB
Shmem:            619712 kB
Slab:             301300 kB
SReclaimable:     229452 kB
SUnreclaim:        71848 kB
KernelStack:        5256 kB
PageTables:        39184 kB
NFS_Unstable:          0 kB
Bounce:                0 kB
WritebackTmp:          0 kB
CommitLimit:     4296532 kB
Committed_AS:    6485568 kB
VmallocTotal:   34359738367 kB
VmallocUsed:      415500 kB
VmallocChunk:   34359263480 kB
HardwareCorrupted:     0 kB
AnonHugePages:         0 kB
HugePages_Total:       0
HugePages_Free:        0
HugePages_Rsvd:        0
HugePages_Surp:        0
Hugepagesize:       2048 kB
DirectMap4k:      311292 kB
DirectMap2M:     7972864 kB


CPU:total 8 (4 cores per cpu, 2 threads per core) family 6 model 42 stepping 7, cmov, cx8, fxsr, mmx, sse, sse2, sse3, ssse3, sse4.1, sse4.2, popcnt, avx, ht, tsc, tscinvbit

/proc/cpuinfo:
processor	: 0
vendor_id	: GenuineIntel
cpu family	: 6
model		: 42
model name	: Intel(R) Core(TM) i7-2670QM CPU @ 2.20GHz
stepping	: 7
microcode	: 0x23
cpu MHz		: 800.000
cache size	: 6144 KB
physical id	: 0
siblings	: 8
core id		: 0
cpu cores	: 4
apicid		: 0
initial apicid	: 0
fpu		: yes
fpu_exception	: yes
cpuid level	: 13
wp		: yes
flags		: fpu vme de pse tsc msr pae mce cx8 apic sep mtrr pge mca cmov pat pse36 clflush dts acpi mmx fxsr sse sse2 ss ht tm pbe syscall nx rdtscp lm constant_tsc arch_perfmon pebs bts nopl xtopology nonstop_tsc aperfmperf eagerfpu pni pclmulqdq dtes64 monitor ds_cpl vmx est tm2 ssse3 cx16 xtpr pdcm pcid sse4_1 sse4_2 x2apic popcnt tsc_deadline_timer aes xsave avx lahf_lm ida arat epb xsaveopt pln pts dtherm tpr_shadow vnmi flexpriority ept vpid
bogomips	: 4389.69
clflush size	: 64
cache_alignment	: 64
address sizes	: 36 bits physical, 48 bits virtual
power management:

processor	: 1
vendor_id	: GenuineIntel
cpu family	: 6
model		: 42
model name	: Intel(R) Core(TM) i7-2670QM CPU @ 2.20GHz
stepping	: 7
microcode	: 0x23
cpu MHz		: 2201.000
cache size	: 6144 KB
physical id	: 0
siblings	: 8
core id		: 0
cpu cores	: 4
apicid		: 1
initial apicid	: 1
fpu		: yes
fpu_exception	: yes
cpuid level	: 13
wp		: yes
flags		: fpu vme de pse tsc msr pae mce cx8 apic sep mtrr pge mca cmov pat pse36 clflush dts acpi mmx fxsr sse sse2 ss ht tm pbe syscall nx rdtscp lm constant_tsc arch_perfmon pebs bts nopl xtopology nonstop_tsc aperfmperf eagerfpu pni pclmulqdq dtes64 monitor ds_cpl vmx est tm2 ssse3 cx16 xtpr pdcm pcid sse4_1 sse4_2 x2apic popcnt tsc_deadline_timer aes xsave avx lahf_lm ida arat epb xsaveopt pln pts dtherm tpr_shadow vnmi flexpriority ept vpid
bogomips	: 4389.69
clflush size	: 64
cache_alignment	: 64
address sizes	: 36 bits physical, 48 bits virtual
power management:

processor	: 2
vendor_id	: GenuineIntel
cpu family	: 6
model		: 42
model name	: Intel(R) Core(TM) i7-2670QM CPU @ 2.20GHz
stepping	: 7
microcode	: 0x23
cpu MHz		: 800.000
cache size	: 6144 KB
physical id	: 0
siblings	: 8
core id		: 1
cpu cores	: 4
apicid		: 2
initial apicid	: 2
fpu		: yes
fpu_exception	: yes
cpuid level	: 13
wp		: yes
flags		: fpu vme de pse tsc msr pae mce cx8 apic sep mtrr pge mca cmov pat pse36 clflush dts acpi mmx fxsr sse sse2 ss ht tm pbe syscall nx rdtscp lm constant_tsc arch_perfmon pebs bts nopl xtopology nonstop_tsc aperfmperf eagerfpu pni pclmulqdq dtes64 monitor ds_cpl vmx est tm2 ssse3 cx16 xtpr pdcm pcid sse4_1 sse4_2 x2apic popcnt tsc_deadline_timer aes xsave avx lahf_lm ida arat epb xsaveopt pln pts dtherm tpr_shadow vnmi flexpriority ept vpid
bogomips	: 4389.69
clflush size	: 64
cache_alignment	: 64
address sizes	: 36 bits physical, 48 bits virtual
power management:

processor	: 3
vendor_id	: GenuineIntel
cpu family	: 6
model		: 42
model name	: Intel(R) Core(TM) i7-2670QM CPU @ 2.20GHz
stepping	: 7
microcode	: 0x23
cpu MHz		: 2201.000
cache size	: 6144 KB
physical id	: 0
siblings	: 8
core id		: 1
cpu cores	: 4
apicid		: 3
initial apicid	: 3
fpu		: yes
fpu_exception	: yes
cpuid level	: 13
wp		: yes
flags		: fpu vme de pse tsc msr pae mce cx8 apic sep mtrr pge mca cmov pat pse36 clflush dts acpi mmx fxsr sse sse2 ss ht tm pbe syscall nx rdtscp lm constant_tsc arch_perfmon pebs bts nopl xtopology nonstop_tsc aperfmperf eagerfpu pni pclmulqdq dtes64 monitor ds_cpl vmx est tm2 ssse3 cx16 xtpr pdcm pcid sse4_1 sse4_2 x2apic popcnt tsc_deadline_timer aes xsave avx lahf_lm ida arat epb xsaveopt pln pts dtherm tpr_shadow vnmi flexpriority ept vpid
bogomips	: 4389.69
clflush size	: 64
cache_alignment	: 64
address sizes	: 36 bits physical, 48 bits virtual
power management:

processor	: 4
vendor_id	: GenuineIntel
cpu family	: 6
model		: 42
model name	: Intel(R) Core(TM) i7-2670QM CPU @ 2.20GHz
stepping	: 7
microcode	: 0x23
cpu MHz		: 2201.000
cache size	: 6144 KB
physical id	: 0
siblings	: 8
core id		: 2
cpu cores	: 4
apicid		: 4
initial apicid	: 4
fpu		: yes
fpu_exception	: yes
cpuid level	: 13
wp		: yes
flags		: fpu vme de pse tsc msr pae mce cx8 apic sep mtrr pge mca cmov pat pse36 clflush dts acpi mmx fxsr sse sse2 ss ht tm pbe syscall nx rdtscp lm constant_tsc arch_perfmon pebs bts nopl xtopology nonstop_tsc aperfmperf eagerfpu pni pclmulqdq dtes64 monitor ds_cpl vmx est tm2 ssse3 cx16 xtpr pdcm pcid sse4_1 sse4_2 x2apic popcnt tsc_deadline_timer aes xsave avx lahf_lm ida arat epb xsaveopt pln pts dtherm tpr_shadow vnmi flexpriority ept vpid
bogomips	: 4389.69
clflush size	: 64
cache_alignment	: 64
address sizes	: 36 bits physical, 48 bits virtual
power management:

processor	: 5
vendor_id	: GenuineIntel
cpu family	: 6
model		: 42
model name	: Intel(R) Core(TM) i7-2670QM CPU @ 2.20GHz
stepping	: 7
microcode	: 0x23
cpu MHz		: 2201.000
cache size	: 6144 KB
physical id	: 0
siblings	: 8
core id		: 2
cpu cores	: 4
apicid		: 5
initial apicid	: 5
fpu		: yes
fpu_exception	: yes
cpuid level	: 13
wp		: yes
flags		: fpu vme de pse tsc msr pae mce cx8 apic sep mtrr pge mca cmov pat pse36 clflush dts acpi mmx fxsr sse sse2 ss ht tm pbe syscall nx rdtscp lm constant_tsc arch_perfmon pebs bts nopl xtopology nonstop_tsc aperfmperf eagerfpu pni pclmulqdq dtes64 monitor ds_cpl vmx est tm2 ssse3 cx16 xtpr pdcm pcid sse4_1 sse4_2 x2apic popcnt tsc_deadline_timer aes xsave avx lahf_lm ida arat epb xsaveopt pln pts dtherm tpr_shadow vnmi flexpriority ept vpid
bogomips	: 4389.69
clflush size	: 64
cache_alignment	: 64
address sizes	: 36 bits physical, 48 bits virtual
power management:

processor	: 6
vendor_id	: GenuineIntel
cpu family	: 6
model		: 42
model name	: Intel(R) Core(TM) i7-2670QM CPU @ 2.20GHz
stepping	: 7
microcode	: 0x23
cpu MHz		: 2201.000
cache size	: 6144 KB
physical id	: 0
siblings	: 8
core id		: 3
cpu cores	: 4
apicid		: 6
initial apicid	: 6
fpu		: yes
fpu_exception	: yes
cpuid level	: 13
wp		: yes
flags		: fpu vme de pse tsc msr pae mce cx8 apic sep mtrr pge mca cmov pat pse36 clflush dts acpi mmx fxsr sse sse2 ss ht tm pbe syscall nx rdtscp lm constant_tsc arch_perfmon pebs bts nopl xtopology nonstop_tsc aperfmperf eagerfpu pni pclmulqdq dtes64 monitor ds_cpl vmx est tm2 ssse3 cx16 xtpr pdcm pcid sse4_1 sse4_2 x2apic popcnt tsc_deadline_timer aes xsave avx lahf_lm ida arat epb xsaveopt pln pts dtherm tpr_shadow vnmi flexpriority ept vpid
bogomips	: 4389.69
clflush size	: 64
cache_alignment	: 64
address sizes	: 36 bits physical, 48 bits virtual
power management:

processor	: 7
vendor_id	: GenuineIntel
cpu family	: 6
model		: 42
model name	: Intel(R) Core(TM) i7-2670QM CPU @ 2.20GHz
stepping	: 7
microcode	: 0x23
cpu MHz		: 2201.000
cache size	: 6144 KB
physical id	: 0
siblings	: 8
core id		: 3
cpu cores	: 4
apicid		: 7
initial apicid	: 7
fpu		: yes
fpu_exception	: yes
cpuid level	: 13
wp		: yes
flags		: fpu vme de pse tsc msr pae mce cx8 apic sep mtrr pge mca cmov pat pse36 clflush dts acpi mmx fxsr sse sse2 ss ht tm pbe syscall nx rdtscp lm constant_tsc arch_perfmon pebs bts nopl xtopology nonstop_tsc aperfmperf eagerfpu pni pclmulqdq dtes64 monitor ds_cpl vmx est tm2 ssse3 cx16 xtpr pdcm pcid sse4_1 sse4_2 x2apic popcnt tsc_deadline_timer aes xsave avx lahf_lm ida arat epb xsaveopt pln pts dtherm tpr_shadow vnmi flexpriority ept vpid
bogomips	: 4389.69
clflush size	: 64
cache_alignment	: 64
address sizes	: 36 bits physical, 48 bits virtual
power management:



Memory: 4k page, physical 8068788k(186708k free), swap 262140k(261972k free)

vm_info: OpenJDK 64-Bit Server VM (23.7-b01) for linux-amd64 JRE (1.7.0_25-b30), built on Jul 15 2013 20:38:06 by "buildd" with gcc 4.6.3

time: Thu Jan 30 09:12:40 2014
elapsed time: 21176 seconds

