#
# A fatal error has been detected by the Java Runtime Environment:
#
#  SIGSEGV (0xb) at pc=0x00007f3dbf713998, pid=4328, tid=139903192708864
#
# JRE version: 6.0_27-b27
# Java VM: OpenJDK 64-Bit Server VM (20.0-b12 mixed mode linux-amd64 compressed oops)
# Derivative: IcedTea6 1.12.6
# Distribution: Ubuntu 12.04 LTS, package 6b27-1.12.6-1ubuntu0.12.04.4
# Problematic frame:
# C  [libc.so.6+0x14a998]  __nss_hosts_lookup+0x18918
#
# If you would like to submit a bug report, please include
# instructions how to reproduce the bug and visit:
#   https://bugs.launchpad.net/ubuntu/+source/openjdk-6/
# The crash happened outside the Java Virtual Machine in native code.
# See problematic frame for where to report the bug.
#

---------------  T H R E A D  ---------------

Current thread (0x00007f3db8008000):  JavaThread "main" [_thread_in_native, id=4333, stack(0x00007f3dc00ab000,0x00007f3dc01ac000)]

siginfo:si_signo=SIGSEGV: si_errno=0, si_code=1 (SEGV_MAPERR), si_addr=0x00007f3d5ffff13a

Registers:
RAX=0x00007f3d5ffff13a, RBX=0x00007f3d6bf36540, RCX=0x0000000000000000, RDX=0x00007f3dbf7100ff
RSP=0x00007f3dc01aa6c8, RBP=0x0000000000000000, RSI=0x00000007d71ada7b, RDI=0x00007f3d5ffff13d
R8 =0x00000000fffffffe, R9 =0x0000000000000003, R10=0x00007f3db5010d3b, R11=0x00007f3dbf74ce50
R12=0x00000000fffffffe, R13=0xfffffffffffff100, R14=0x0000000000000003, R15=0x00007f3db80081d0
RIP=0x00007f3dbf713998, EFLAGS=0x0000000000010202, CSGSFS=0x0000000000000033, ERR=0x0000000000000006
  TRAPNO=0x000000000000000e

Top of Stack: (sp=0x00007f3dc01aa6c8)
0x00007f3dc01aa6c8:   00007f3d9e9d6953 00007f3db500585a
0x00007f3dc01aa6d8:   000000077ab7a798 00000003b500df58
0x00007f3dc01aa6e8:   00000007d71ada78 0000000000000010
0x00007f3dc01aa6f8:   000000077ab874e0 00007f3dc01aa7a0
0x00007f3dc01aa708:   0000000000000000 000000077ab874e0
0x00007f3dc01aa718:   00007f3dc01aa7e8 00007f3db8008000
0x00007f3dc01aa728:   00007f3db5010d68 00007f3dc01aa7c0
0x00007f3dc01aa738:   000000077aba5170 0000000000000000
0x00007f3dc01aa748:   000000077ab86e60 0000000000000000
0x00007f3dc01aa758:   00007f3dc01aa780 00007f3dc01aa760
0x00007f3dc01aa768:   0000000000000000 00007f3dc01aa7e8
0x00007f3dc01aa778:   000000077aba5170 0000000000000000
0x00007f3dc01aa788:   000000077ab874e0 0000000000000000
0x00007f3dc01aa798:   00007f3dc01aa7c0 00007f3dc01aa830
0x00007f3dc01aa7a8:   00007f3db500596e 000000077ab88090
0x00007f3dc01aa7b8:   00007f3db500df56 00000007d71ada68
0x00007f3dc01aa7c8:   0000000000000003 00000000fffffffe
0x00007f3dc01aa7d8:   00000000fffffffe 00007f3d6bf36540
0x00007f3dc01aa7e8:   0000000000000010 00007f3dc01aa7f0
0x00007f3dc01aa7f8:   000000077ab82c6d 00007f3dc01aa860
0x00007f3dc01aa808:   000000077aba5170 000000077ac3e8a8
0x00007f3dc01aa818:   000000077ab82cd8 00007f3dc01aa7c0
0x00007f3dc01aa828:   00007f3dc01aa848 00007f3dc01aa8a8
0x00007f3dc01aa838:   00007f3db500596e 0000000000000010
0x00007f3dc01aa848:   00000007d71ada68 00000000fffffffe
0x00007f3dc01aa858:   00000000fffffffe 00000007d71ab570
0x00007f3dc01aa868:   00007f3dc01aa868 000000077aba851f
0x00007f3dc01aa878:   00007f3dc01aa908 000000077aba8bf0
0x00007f3dc01aa888:   000000077ac3e078 000000077aba8628
0x00007f3dc01aa898:   00007f3dc01aa848 00007f3dc01aa8e8
0x00007f3dc01aa8a8:   00007f3dc01aa950 00007f3db500585a
0x00007f3dc01aa8b8:   00000000fffffffe 00000000fffffffe 

Instructions: (pc=0x00007f3dbf713998)
0x00007f3dbf713978:   7f 47 ed f3 0f 7f 4f f0 c3 66 66 66 66 66 66 2e
0x00007f3dbf713988:   0f 1f 84 00 00 00 00 00 66 8b 56 fd 66 8b 4e fe
0x00007f3dbf713998:   66 89 57 fd 66 89 4f fe c3 66 66 66 66 66 66 2e
0x00007f3dbf7139a8:   0f 1f 84 00 00 00 00 00 f2 0f f0 86 7e ff ff ff 

Register to memory mapping:

RAX=0x00007f3d5ffff13a is an unknown value
RBX=0x00007f3d6bf36540 is an unknown value
RCX=0x0000000000000000 is an unknown value
RDX=0x00007f3dbf7100ff: <offset 0x1470ff> in /lib/x86_64-linux-gnu/libc.so.6 at 0x00007f3dbf5c9000
RSP=0x00007f3dc01aa6c8 is pointing into the stack for thread: 0x00007f3db8008000
RBP=0x0000000000000000 is an unknown value
RSI=0x00000007d71ada7b is an unknown value
RDI=0x00007f3d5ffff13d is an unknown value
R8 =0x00000000fffffffe is an unknown value
R9 =0x0000000000000003 is an unknown value
R10=0x00007f3db5010d3b is an Interpreter codelet
method entry point (kind = native)  [0x00007f3db5010ae0, 0x00007f3db5011320]  2112 bytes
R11=0x00007f3dbf74ce50: <offset 0x183e50> in /lib/x86_64-linux-gnu/libc.so.6 at 0x00007f3dbf5c9000
R12=0x00000000fffffffe is an unknown value
R13=0xfffffffffffff100 is an unknown value
R14=0x0000000000000003 is an unknown value
R15=0x00007f3db80081d0 is an unknown value


Stack: [0x00007f3dc00ab000,0x00007f3dc01ac000],  sp=0x00007f3dc01aa6c8,  free space=1021k
Native frames: (J=compiled Java code, j=interpreted, Vv=VM code, C=native code)
C  [libc.so.6+0x14a998]  __nss_hosts_lookup+0x18918

[error occurred during error reporting (printing native stack), id 0xb]

Java frames: (J=compiled Java code, j=interpreted, Vv=VM code)
j  org.opencv.core.Mat.nPutB(JIII[B)I+0
j  org.opencv.core.Mat.put(II[B)I+101
j  vision.ImageProcessor.analyzeContours([Lvision/Contour;Ljava/awt/Color;Lvision/VisionDetector;Lorg/opencv/core/Mat;)V+303
j  vision.ImageProcessor.process(Lorg/opencv/core/Mat;)Lvision/VisionDetector;+192
j  vision.Main.main([Ljava/lang/String;)V+83
v  ~StubRoutines::call_stub

---------------  P R O C E S S  ---------------

Java Threads: ( => current thread )
  0x00007f3db80a8000 JavaThread "Low Memory Detector" daemon [_thread_blocked, id=4348, stack(0x00007f3d9fb35000,0x00007f3d9fc36000)]
  0x00007f3db80a5800 JavaThread "C2 CompilerThread1" daemon [_thread_blocked, id=4347, stack(0x00007f3d9fc36000,0x00007f3d9fd37000)]
  0x00007f3db80a2800 JavaThread "C2 CompilerThread0" daemon [_thread_blocked, id=4346, stack(0x00007f3db402b000,0x00007f3db412c000)]
  0x00007f3db80a1800 JavaThread "Signal Dispatcher" daemon [_thread_blocked, id=4345, stack(0x00007f3db412c000,0x00007f3db422d000)]
  0x00007f3db8080000 JavaThread "Finalizer" daemon [_thread_blocked, id=4344, stack(0x00007f3db422d000,0x00007f3db432e000)]
  0x00007f3db807e000 JavaThread "Reference Handler" daemon [_thread_blocked, id=4343, stack(0x00007f3db432e000,0x00007f3db442f000)]
=>0x00007f3db8008000 JavaThread "main" [_thread_in_native, id=4333, stack(0x00007f3dc00ab000,0x00007f3dc01ac000)]

Other Threads:
  0x00007f3db8079000 VMThread [stack: 0x00007f3db442f000,0x00007f3db4530000] [id=4342]
  0x00007f3db80b2800 WatcherThread [stack: 0x00007f3d9fa34000,0x00007f3d9fb35000] [id=4349]

VM state:not at safepoint (normal execution)

VM Mutex/Monitor currently owned by a thread: None

Heap
 PSYoungGen      total 36736K, used 2541K [0x00000007d6f60000, 0x00000007d9860000, 0x0000000800000000)
  eden space 31488K, 8% used [0x00000007d6f60000,0x00000007d71db548,0x00000007d8e20000)
  from space 5248K, 0% used [0x00000007d9340000,0x00000007d9340000,0x00000007d9860000)
  to   space 5248K, 0% used [0x00000007d8e20000,0x00000007d8e20000,0x00000007d9340000)
 PSOldGen        total 84096K, used 0K [0x0000000784e00000, 0x000000078a020000, 0x00000007d6f60000)
  object space 84096K, 0% used [0x0000000784e00000,0x0000000784e00000,0x000000078a020000)
 PSPermGen       total 21248K, used 4348K [0x000000077a800000, 0x000000077bcc0000, 0x0000000784e00000)
  object space 21248K, 20% used [0x000000077a800000,0x000000077ac3f158,0x000000077bcc0000)

Code Cache  [0x00007f3db5000000, 0x00007f3db5270000, 0x00007f3db8000000)
 total_blobs=397 nmethods=7 adapters=345 free_code_cache=49816320 largest_free_block=11392

Dynamic libraries:
00400000-00409000 r-xp 00000000 07:00 533511                             /usr/lib/jvm/java-6-openjdk-amd64/jre/bin/java
00608000-00609000 r--p 00008000 07:00 533511                             /usr/lib/jvm/java-6-openjdk-amd64/jre/bin/java
00609000-0060a000 rw-p 00009000 07:00 533511                             /usr/lib/jvm/java-6-openjdk-amd64/jre/bin/java
014d4000-014f5000 rw-p 00000000 00:00 0                                  [heap]
77a800000-77bcc0000 rw-p 00000000 00:00 0 
77bcc0000-784e00000 rw-p 00000000 00:00 0 
784e00000-78a020000 rw-p 00000000 00:00 0 
78a020000-7d6f60000 rw-p 00000000 00:00 0 
7d6f60000-7d9860000 rw-p 00000000 00:00 0 
7d9860000-800000000 rw-p 00000000 00:00 0 
7f3d60000000-7f3d60221000 rw-p 00000000 00:00 0 
7f3d60221000-7f3d64000000 ---p 00000000 00:00 0 
7f3d68000000-7f3d6bfd2000 rw-p 00000000 00:00 0 
7f3d6bfd2000-7f3d6c000000 ---p 00000000 00:00 0 
7f3d70000000-7f3d70021000 rw-p 00000000 00:00 0 
7f3d70021000-7f3d74000000 ---p 00000000 00:00 0 
7f3d74000000-7f3d74021000 rw-p 00000000 00:00 0 
7f3d74021000-7f3d78000000 ---p 00000000 00:00 0 
7f3d78000000-7f3d7814b000 rw-p 00000000 00:00 0 
7f3d7814b000-7f3d7c000000 ---p 00000000 00:00 0 
7f3d7c000000-7f3d7c093000 rw-p 00000000 00:00 0 
7f3d7c093000-7f3d80000000 ---p 00000000 00:00 0 
7f3d80000000-7f3d80021000 rw-p 00000000 00:00 0 
7f3d80021000-7f3d84000000 ---p 00000000 00:00 0 
7f3d84000000-7f3d84021000 rw-p 00000000 00:00 0 
7f3d84021000-7f3d88000000 ---p 00000000 00:00 0 
7f3d88000000-7f3d88021000 rw-p 00000000 00:00 0 
7f3d88021000-7f3d8c000000 ---p 00000000 00:00 0 
7f3d8c000000-7f3d8c021000 rw-p 00000000 00:00 0 
7f3d8c021000-7f3d90000000 ---p 00000000 00:00 0 
7f3d90000000-7f3d90021000 rw-p 00000000 00:00 0 
7f3d90021000-7f3d94000000 ---p 00000000 00:00 0 
7f3d94000000-7f3d94021000 rw-p 00000000 00:00 0 
7f3d94021000-7f3d98000000 ---p 00000000 00:00 0 
7f3d98000000-7f3d98021000 rw-p 00000000 00:00 0 
7f3d98021000-7f3d9c000000 ---p 00000000 00:00 0 
7f3d9c91d000-7f3d9c922000 r-xp 00000000 07:00 113447                     /usr/lib/x86_64-linux-gnu/libXdmcp.so.6.0.0
7f3d9c922000-7f3d9cb21000 ---p 00005000 07:00 113447                     /usr/lib/x86_64-linux-gnu/libXdmcp.so.6.0.0
7f3d9cb21000-7f3d9cb22000 r--p 00004000 07:00 113447                     /usr/lib/x86_64-linux-gnu/libXdmcp.so.6.0.0
7f3d9cb22000-7f3d9cb23000 rw-p 00005000 07:00 113447                     /usr/lib/x86_64-linux-gnu/libXdmcp.so.6.0.0
7f3d9cb23000-7f3d9cb25000 r-xp 00000000 07:00 113586                     /usr/lib/x86_64-linux-gnu/libXau.so.6.0.0
7f3d9cb25000-7f3d9cd24000 ---p 00002000 07:00 113586                     /usr/lib/x86_64-linux-gnu/libXau.so.6.0.0
7f3d9cd24000-7f3d9cd25000 r--p 00001000 07:00 113586                     /usr/lib/x86_64-linux-gnu/libXau.so.6.0.0
7f3d9cd25000-7f3d9cd26000 rw-p 00002000 07:00 113586                     /usr/lib/x86_64-linux-gnu/libXau.so.6.0.0
7f3d9cd26000-7f3d9cd43000 r-xp 00000000 07:00 93302                      /usr/lib/x86_64-linux-gnu/libxcb.so.1.1.0
7f3d9cd43000-7f3d9cf42000 ---p 0001d000 07:00 93302                      /usr/lib/x86_64-linux-gnu/libxcb.so.1.1.0
7f3d9cf42000-7f3d9cf43000 r--p 0001c000 07:00 93302                      /usr/lib/x86_64-linux-gnu/libxcb.so.1.1.0
7f3d9cf43000-7f3d9cf44000 rw-p 0001d000 07:00 93302                      /usr/lib/x86_64-linux-gnu/libxcb.so.1.1.0
7f3d9cf44000-7f3d9cf53000 r-xp 00000000 07:00 1411175                    /usr/lib/x86_64-linux-gnu/libXi.so.6.1.0
7f3d9cf53000-7f3d9d152000 ---p 0000f000 07:00 1411175                    /usr/lib/x86_64-linux-gnu/libXi.so.6.1.0
7f3d9d152000-7f3d9d153000 r--p 0000e000 07:00 1411175                    /usr/lib/x86_64-linux-gnu/libXi.so.6.1.0
7f3d9d153000-7f3d9d154000 rw-p 0000f000 07:00 1411175                    /usr/lib/x86_64-linux-gnu/libXi.so.6.1.0
7f3d9d154000-7f3d9d159000 r-xp 00000000 07:00 93540                      /usr/lib/x86_64-linux-gnu/libXtst.so.6.1.0
7f3d9d159000-7f3d9d358000 ---p 00005000 07:00 93540                      /usr/lib/x86_64-linux-gnu/libXtst.so.6.1.0
7f3d9d358000-7f3d9d359000 r--p 00004000 07:00 93540                      /usr/lib/x86_64-linux-gnu/libXtst.so.6.1.0
7f3d9d359000-7f3d9d35a000 rw-p 00005000 07:00 93540                      /usr/lib/x86_64-linux-gnu/libXtst.so.6.1.0
7f3d9d35a000-7f3d9d363000 r-xp 00000000 07:00 93266                      /usr/lib/x86_64-linux-gnu/libXrender.so.1.3.0
7f3d9d363000-7f3d9d562000 ---p 00009000 07:00 93266                      /usr/lib/x86_64-linux-gnu/libXrender.so.1.3.0
7f3d9d562000-7f3d9d563000 r--p 00008000 07:00 93266                      /usr/lib/x86_64-linux-gnu/libXrender.so.1.3.0
7f3d9d563000-7f3d9d564000 rw-p 00009000 07:00 93266                      /usr/lib/x86_64-linux-gnu/libXrender.so.1.3.0
7f3d9d564000-7f3d9d694000 r-xp 00000000 07:00 370690                     /usr/lib/x86_64-linux-gnu/libX11.so.6.3.0
7f3d9d694000-7f3d9d894000 ---p 00130000 07:00 370690                     /usr/lib/x86_64-linux-gnu/libX11.so.6.3.0
7f3d9d894000-7f3d9d895000 r--p 00130000 07:00 370690                     /usr/lib/x86_64-linux-gnu/libX11.so.6.3.0
7f3d9d895000-7f3d9d899000 rw-p 00131000 07:00 370690                     /usr/lib/x86_64-linux-gnu/libX11.so.6.3.0
7f3d9d899000-7f3d9d8a9000 r-xp 00000000 07:00 93461                      /usr/lib/x86_64-linux-gnu/libXext.so.6.4.0
7f3d9d8a9000-7f3d9daa8000 ---p 00010000 07:00 93461                      /usr/lib/x86_64-linux-gnu/libXext.so.6.4.0
7f3d9daa8000-7f3d9daa9000 r--p 0000f000 07:00 93461                      /usr/lib/x86_64-linux-gnu/libXext.so.6.4.0
7f3d9daa9000-7f3d9daaa000 rw-p 00010000 07:00 93461                      /usr/lib/x86_64-linux-gnu/libXext.so.6.4.0
7f3d9daaa000-7f3d9daf5000 r-xp 00000000 07:00 533619                     /usr/lib/jvm/java-6-openjdk-amd64/jre/lib/amd64/xawt/libmawt.so
7f3d9daf5000-7f3d9dcf5000 ---p 0004b000 07:00 533619                     /usr/lib/jvm/java-6-openjdk-amd64/jre/lib/amd64/xawt/libmawt.so
7f3d9dcf5000-7f3d9dcf6000 r--p 0004b000 07:00 533619                     /usr/lib/jvm/java-6-openjdk-amd64/jre/lib/amd64/xawt/libmawt.so
7f3d9dcf6000-7f3d9dcf9000 rw-p 0004c000 07:00 533619                     /usr/lib/jvm/java-6-openjdk-amd64/jre/lib/amd64/xawt/libmawt.so
7f3d9dcf9000-7f3d9dcfa000 rw-p 00000000 00:00 0 
7f3d9dcfa000-7f3d9dda6000 r-xp 00000000 07:00 523484                     /usr/lib/jvm/java-6-openjdk-amd64/jre/lib/amd64/libawt.so
7f3d9dda6000-7f3d9dfa6000 ---p 000ac000 07:00 523484                     /usr/lib/jvm/java-6-openjdk-amd64/jre/lib/amd64/libawt.so
7f3d9dfa6000-7f3d9dfa7000 r--p 000ac000 07:00 523484                     /usr/lib/jvm/java-6-openjdk-amd64/jre/lib/amd64/libawt.so
7f3d9dfa7000-7f3d9dfb2000 rw-p 000ad000 07:00 523484                     /usr/lib/jvm/java-6-openjdk-amd64/jre/lib/amd64/libawt.so
7f3d9dfb2000-7f3d9dfd7000 rw-p 00000000 00:00 0 
7f3d9dfd7000-7f3d9dfda000 r-xp 00000000 07:00 1481781                    /home/aivanov/.jssc/linux/libjSSC-2.6_x86_64.so
7f3d9dfda000-7f3d9e1d9000 ---p 00003000 07:00 1481781                    /home/aivanov/.jssc/linux/libjSSC-2.6_x86_64.so
7f3d9e1d9000-7f3d9e1da000 r--p 00002000 07:00 1481781                    /home/aivanov/.jssc/linux/libjSSC-2.6_x86_64.so
7f3d9e1da000-7f3d9e1db000 rw-p 00003000 07:00 1481781                    /home/aivanov/.jssc/linux/libjSSC-2.6_x86_64.so
7f3d9e1db000-7f3d9e2bd000 rw-p 00000000 00:00 0 
7f3d9e2bd000-7f3d9e353000 rw-s 001c2000 00:05 28960                      /dev/video1
7f3d9e353000-7f3d9e3e9000 rw-s 0012c000 00:05 28960                      /dev/video1
7f3d9e3e9000-7f3d9e47f000 rw-s 00096000 00:05 28960                      /dev/video1
7f3d9e47f000-7f3d9e516000 rw-p 00000000 00:00 0 
7f3d9e516000-7f3d9e5ac000 rw-s 00000000 00:05 28960                      /dev/video1
7f3d9e5ac000-7f3d9e5d2000 r-xp 00000000 07:00 234543                     /lib/x86_64-linux-gnu/libpng12.so.0.46.0
7f3d9e5d2000-7f3d9e7d2000 ---p 00026000 07:00 234543                     /lib/x86_64-linux-gnu/libpng12.so.0.46.0
7f3d9e7d2000-7f3d9e7d3000 r--p 00026000 07:00 234543                     /lib/x86_64-linux-gnu/libpng12.so.0.46.0
7f3d9e7d3000-7f3d9e7d4000 rw-p 00027000 07:00 234543                     /lib/x86_64-linux-gnu/libpng12.so.0.46.0
7f3d9e7d4000-7f3d9f751000 r-xp 00000000 07:00 34398                      /home/aivanov/Downloads/opencv-2.4.8/build/lib/libopencv_java248.so
7f3d9f751000-7f3d9f951000 ---p 00f7d000 07:00 34398                      /home/aivanov/Downloads/opencv-2.4.8/build/lib/libopencv_java248.so
7f3d9f951000-7f3d9f975000 r--p 00f7d000 07:00 34398                      /home/aivanov/Downloads/opencv-2.4.8/build/lib/libopencv_java248.so
7f3d9f975000-7f3d9f990000 rw-p 00fa1000 07:00 34398                      /home/aivanov/Downloads/opencv-2.4.8/build/lib/libopencv_java248.so
7f3d9f990000-7f3d9fa34000 rw-p 00000000 00:00 0 
7f3d9fa34000-7f3d9fa35000 ---p 00000000 00:00 0 
7f3d9fa35000-7f3d9fb35000 rw-p 00000000 00:00 0                          [stack:4349]
7f3d9fb35000-7f3d9fb38000 ---p 00000000 00:00 0 
7f3d9fb38000-7f3d9fc36000 rw-p 00000000 00:00 0                          [stack:4348]
7f3d9fc36000-7f3d9fc39000 ---p 00000000 00:00 0 
7f3d9fc39000-7f3d9fd37000 rw-p 00000000 00:00 0                          [stack:4347]
7f3d9fd37000-7f3da0000000 r--p 00000000 07:00 1017857                    /usr/lib/locale/locale-archive
7f3da0000000-7f3da0021000 rw-p 00000000 00:00 0 
7f3da0021000-7f3da4000000 ---p 00000000 00:00 0 
7f3da4000000-7f3da4021000 rw-p 00000000 00:00 0 
7f3da4021000-7f3da8000000 ---p 00000000 00:00 0 
7f3da8000000-7f3da8021000 rw-p 00000000 00:00 0 
7f3da8021000-7f3dac000000 ---p 00000000 00:00 0 
7f3dac000000-7f3dac021000 rw-p 00000000 00:00 0 
7f3dac021000-7f3db0000000 ---p 00000000 00:00 0 
7f3db0000000-7f3db0021000 rw-p 00000000 00:00 0 
7f3db0021000-7f3db4000000 ---p 00000000 00:00 0 
7f3db402b000-7f3db402e000 ---p 00000000 00:00 0 
7f3db402e000-7f3db412c000 rw-p 00000000 00:00 0                          [stack:4346]
7f3db412c000-7f3db412f000 ---p 00000000 00:00 0 
7f3db412f000-7f3db422d000 rw-p 00000000 00:00 0                          [stack:4345]
7f3db422d000-7f3db4230000 ---p 00000000 00:00 0 
7f3db4230000-7f3db432e000 rw-p 00000000 00:00 0                          [stack:4344]
7f3db432e000-7f3db4331000 ---p 00000000 00:00 0 
7f3db4331000-7f3db442f000 rw-p 00000000 00:00 0                          [stack:4343]
7f3db442f000-7f3db4430000 ---p 00000000 00:00 0 
7f3db4430000-7f3db4e6c000 rw-p 00000000 00:00 0                          [stack:4342]
7f3db4e6c000-7f3db5000000 r--s 03822000 07:00 523488                     /usr/lib/jvm/java-6-openjdk-amd64/jre/lib/rt.jar
7f3db5000000-7f3db5270000 rwxp 00000000 00:00 0 
7f3db5270000-7f3dbbff4000 rw-p 00000000 00:00 0 
7f3dbbff4000-7f3dbc000000 ---p 00000000 00:00 0 
7f3dbc00f000-7f3dbc037000 rw-p 00000000 00:00 0 
7f3dbc037000-7f3dbc038000 ---p 00000000 00:00 0 
7f3dbc038000-7f3dbc138000 rw-p 00000000 00:00 0                          [stack:4341]
7f3dbc138000-7f3dbc139000 ---p 00000000 00:00 0 
7f3dbc139000-7f3dbc239000 rw-p 00000000 00:00 0                          [stack:4340]
7f3dbc239000-7f3dbc23a000 ---p 00000000 00:00 0 
7f3dbc23a000-7f3dbc33a000 rw-p 00000000 00:00 0                          [stack:4339]
7f3dbc33a000-7f3dbc33b000 ---p 00000000 00:00 0 
7f3dbc33b000-7f3dbc43b000 rw-p 00000000 00:00 0                          [stack:4338]
7f3dbc43b000-7f3dbc43c000 ---p 00000000 00:00 0 
7f3dbc43c000-7f3dbc53c000 rw-p 00000000 00:00 0                          [stack:4337]
7f3dbc53c000-7f3dbc53d000 ---p 00000000 00:00 0 
7f3dbc53d000-7f3dbc63d000 rw-p 00000000 00:00 0                          [stack:4336]
7f3dbc63d000-7f3dbc63e000 ---p 00000000 00:00 0 
7f3dbc63e000-7f3dbc73e000 rw-p 00000000 00:00 0                          [stack:4335]
7f3dbc73e000-7f3dbc73f000 ---p 00000000 00:00 0 
7f3dbc73f000-7f3dbc84a000 rw-p 00000000 00:00 0                          [stack:4334]
7f3dbc84a000-7f3dbc892000 rw-p 00000000 00:00 0 
7f3dbc892000-7f3dbc8bc000 rw-p 00000000 00:00 0 
7f3dbc8bc000-7f3dbcb23000 rw-p 00000000 00:00 0 
7f3dbcb23000-7f3dbcb2e000 rw-p 00000000 00:00 0 
7f3dbcb2e000-7f3dbcb76000 rw-p 00000000 00:00 0 
7f3dbcb76000-7f3dbcba0000 rw-p 00000000 00:00 0 
7f3dbcba0000-7f3dbce06000 rw-p 00000000 00:00 0 
7f3dbce06000-7f3dbce1c000 rw-p 00000000 00:00 0 
7f3dbce1c000-7f3dbcf4f000 rw-p 00000000 00:00 0 
7f3dbcf4f000-7f3dbcf50000 rw-p 00000000 00:00 0 
7f3dbcf50000-7f3dbcf57000 r-xp 00000000 07:00 523460                     /usr/lib/jvm/java-6-openjdk-amd64/jre/lib/amd64/libzip.so
7f3dbcf57000-7f3dbd156000 ---p 00007000 07:00 523460                     /usr/lib/jvm/java-6-openjdk-amd64/jre/lib/amd64/libzip.so
7f3dbd156000-7f3dbd157000 r--p 00006000 07:00 523460                     /usr/lib/jvm/java-6-openjdk-amd64/jre/lib/amd64/libzip.so
7f3dbd157000-7f3dbd158000 rw-p 00007000 07:00 523460                     /usr/lib/jvm/java-6-openjdk-amd64/jre/lib/amd64/libzip.so
7f3dbd158000-7f3dbd164000 r-xp 00000000 07:00 642321                     /lib/x86_64-linux-gnu/libnss_files-2.15.so
7f3dbd164000-7f3dbd363000 ---p 0000c000 07:00 642321                     /lib/x86_64-linux-gnu/libnss_files-2.15.so
7f3dbd363000-7f3dbd364000 r--p 0000b000 07:00 642321                     /lib/x86_64-linux-gnu/libnss_files-2.15.so
7f3dbd364000-7f3dbd365000 rw-p 0000c000 07:00 642321                     /lib/x86_64-linux-gnu/libnss_files-2.15.so
7f3dbd365000-7f3dbd36f000 r-xp 00000000 07:00 642325                     /lib/x86_64-linux-gnu/libnss_nis-2.15.so
7f3dbd36f000-7f3dbd56f000 ---p 0000a000 07:00 642325                     /lib/x86_64-linux-gnu/libnss_nis-2.15.so
7f3dbd56f000-7f3dbd570000 r--p 0000a000 07:00 642325                     /lib/x86_64-linux-gnu/libnss_nis-2.15.so
7f3dbd570000-7f3dbd571000 rw-p 0000b000 07:00 642325                     /lib/x86_64-linux-gnu/libnss_nis-2.15.so
7f3dbd571000-7f3dbd588000 r-xp 00000000 07:00 642337                     /lib/x86_64-linux-gnu/libnsl-2.15.so
7f3dbd588000-7f3dbd787000 ---p 00017000 07:00 642337                     /lib/x86_64-linux-gnu/libnsl-2.15.so
7f3dbd787000-7f3dbd788000 r--p 00016000 07:00 642337                     /lib/x86_64-linux-gnu/libnsl-2.15.so
7f3dbd788000-7f3dbd789000 rw-p 00017000 07:00 642337                     /lib/x86_64-linux-gnu/libnsl-2.15.so
7f3dbd789000-7f3dbd78b000 rw-p 00000000 00:00 0 
7f3dbd78b000-7f3dbd793000 r-xp 00000000 07:00 642319                     /lib/x86_64-linux-gnu/libnss_compat-2.15.so
7f3dbd793000-7f3dbd992000 ---p 00008000 07:00 642319                     /lib/x86_64-linux-gnu/libnss_compat-2.15.so
7f3dbd992000-7f3dbd993000 r--p 00007000 07:00 642319                     /lib/x86_64-linux-gnu/libnss_compat-2.15.so
7f3dbd993000-7f3dbd994000 rw-p 00008000 07:00 642319                     /lib/x86_64-linux-gnu/libnss_compat-2.15.so
7f3dbd994000-7f3dbd9c0000 r-xp 00000000 07:00 523456                     /usr/lib/jvm/java-6-openjdk-amd64/jre/lib/amd64/libjava.so
7f3dbd9c0000-7f3dbdbbf000 ---p 0002c000 07:00 523456                     /usr/lib/jvm/java-6-openjdk-amd64/jre/lib/amd64/libjava.so
7f3dbdbbf000-7f3dbdbc0000 r--p 0002b000 07:00 523456                     /usr/lib/jvm/java-6-openjdk-amd64/jre/lib/amd64/libjava.so
7f3dbdbc0000-7f3dbdbc3000 rw-p 0002c000 07:00 523456                     /usr/lib/jvm/java-6-openjdk-amd64/jre/lib/amd64/libjava.so
7f3dbdbc3000-7f3dbdbd1000 r-xp 00000000 07:00 523469                     /usr/lib/jvm/java-6-openjdk-amd64/jre/lib/amd64/libverify.so
7f3dbdbd1000-7f3dbddd0000 ---p 0000e000 07:00 523469                     /usr/lib/jvm/java-6-openjdk-amd64/jre/lib/amd64/libverify.so
7f3dbddd0000-7f3dbddd2000 r--p 0000d000 07:00 523469                     /usr/lib/jvm/java-6-openjdk-amd64/jre/lib/amd64/libverify.so
7f3dbddd2000-7f3dbddd3000 rw-p 0000f000 07:00 523469                     /usr/lib/jvm/java-6-openjdk-amd64/jre/lib/amd64/libverify.so
7f3dbddd3000-7f3dbddda000 r-xp 00000000 07:00 642324                     /lib/x86_64-linux-gnu/librt-2.15.so
7f3dbddda000-7f3dbdfd9000 ---p 00007000 07:00 642324                     /lib/x86_64-linux-gnu/librt-2.15.so
7f3dbdfd9000-7f3dbdfda000 r--p 00006000 07:00 642324                     /lib/x86_64-linux-gnu/librt-2.15.so
7f3dbdfda000-7f3dbdfdb000 rw-p 00007000 07:00 642324                     /lib/x86_64-linux-gnu/librt-2.15.so
7f3dbdfdb000-7f3dbdff0000 r-xp 00000000 07:00 234552                     /lib/x86_64-linux-gnu/libgcc_s.so.1
7f3dbdff0000-7f3dbe1ef000 ---p 00015000 07:00 234552                     /lib/x86_64-linux-gnu/libgcc_s.so.1
7f3dbe1ef000-7f3dbe1f0000 r--p 00014000 07:00 234552                     /lib/x86_64-linux-gnu/libgcc_s.so.1
7f3dbe1f0000-7f3dbe1f1000 rw-p 00015000 07:00 234552                     /lib/x86_64-linux-gnu/libgcc_s.so.1
7f3dbe1f1000-7f3dbe2ec000 r-xp 00000000 07:00 642328                     /lib/x86_64-linux-gnu/libm-2.15.so
7f3dbe2ec000-7f3dbe4eb000 ---p 000fb000 07:00 642328                     /lib/x86_64-linux-gnu/libm-2.15.so
7f3dbe4eb000-7f3dbe4ec000 r--p 000fa000 07:00 642328                     /lib/x86_64-linux-gnu/libm-2.15.so
7f3dbe4ec000-7f3dbe4ed000 rw-p 000fb000 07:00 642328                     /lib/x86_64-linux-gnu/libm-2.15.so
7f3dbe4ed000-7f3dbe5cf000 r-xp 00000000 07:00 113565                     /usr/lib/x86_64-linux-gnu/libstdc++.so.6.0.16
7f3dbe5cf000-7f3dbe7ce000 ---p 000e2000 07:00 113565                     /usr/lib/x86_64-linux-gnu/libstdc++.so.6.0.16
7f3dbe7ce000-7f3dbe7d6000 r--p 000e1000 07:00 113565                     /usr/lib/x86_64-linux-gnu/libstdc++.so.6.0.16
7f3dbe7d6000-7f3dbe7d8000 rw-p 000e9000 07:00 113565                     /usr/lib/x86_64-linux-gnu/libstdc++.so.6.0.16
7f3dbe7d8000-7f3dbe7ed000 rw-p 00000000 00:00 0 
7f3dbe7ed000-7f3dbf0ed000 r-xp 00000000 07:00 524296                     /usr/lib/jvm/java-6-openjdk-amd64/jre/lib/amd64/server/libjvm.so
7f3dbf0ed000-7f3dbf2ed000 ---p 00900000 07:00 524296                     /usr/lib/jvm/java-6-openjdk-amd64/jre/lib/amd64/server/libjvm.so
7f3dbf2ed000-7f3dbf36e000 r--p 00900000 07:00 524296                     /usr/lib/jvm/java-6-openjdk-amd64/jre/lib/amd64/server/libjvm.so
7f3dbf36e000-7f3dbf389000 rw-p 00981000 07:00 524296                     /usr/lib/jvm/java-6-openjdk-amd64/jre/lib/amd64/server/libjvm.so
7f3dbf389000-7f3dbf3b2000 rw-p 00000000 00:00 0 
7f3dbf3b2000-7f3dbf3c8000 r-xp 00000000 07:00 234620                     /lib/x86_64-linux-gnu/libz.so.1.2.3.4
7f3dbf3c8000-7f3dbf5c7000 ---p 00016000 07:00 234620                     /lib/x86_64-linux-gnu/libz.so.1.2.3.4
7f3dbf5c7000-7f3dbf5c8000 r--p 00015000 07:00 234620                     /lib/x86_64-linux-gnu/libz.so.1.2.3.4
7f3dbf5c8000-7f3dbf5c9000 rw-p 00016000 07:00 234620                     /lib/x86_64-linux-gnu/libz.so.1.2.3.4
7f3dbf5c9000-7f3dbf77e000 r-xp 00000000 07:00 592916                     /lib/x86_64-linux-gnu/libc-2.15.so
7f3dbf77e000-7f3dbf97e000 ---p 001b5000 07:00 592916                     /lib/x86_64-linux-gnu/libc-2.15.so
7f3dbf97e000-7f3dbf982000 r--p 001b5000 07:00 592916                     /lib/x86_64-linux-gnu/libc-2.15.so
7f3dbf982000-7f3dbf984000 rw-p 001b9000 07:00 592916                     /lib/x86_64-linux-gnu/libc-2.15.so
7f3dbf984000-7f3dbf989000 rw-p 00000000 00:00 0 
7f3dbf989000-7f3dbf98b000 r-xp 00000000 07:00 642332                     /lib/x86_64-linux-gnu/libdl-2.15.so
7f3dbf98b000-7f3dbfb8b000 ---p 00002000 07:00 642332                     /lib/x86_64-linux-gnu/libdl-2.15.so
7f3dbfb8b000-7f3dbfb8c000 r--p 00002000 07:00 642332                     /lib/x86_64-linux-gnu/libdl-2.15.so
7f3dbfb8c000-7f3dbfb8d000 rw-p 00003000 07:00 642332                     /lib/x86_64-linux-gnu/libdl-2.15.so
7f3dbfb8d000-7f3dbfb91000 r-xp 00000000 07:00 526342                     /usr/lib/jvm/java-6-openjdk-amd64/jre/lib/amd64/jli/libjli.so
7f3dbfb91000-7f3dbfd90000 ---p 00004000 07:00 526342                     /usr/lib/jvm/java-6-openjdk-amd64/jre/lib/amd64/jli/libjli.so
7f3dbfd90000-7f3dbfd91000 r--p 00003000 07:00 526342                     /usr/lib/jvm/java-6-openjdk-amd64/jre/lib/amd64/jli/libjli.so
7f3dbfd91000-7f3dbfd92000 rw-p 00004000 07:00 526342                     /usr/lib/jvm/java-6-openjdk-amd64/jre/lib/amd64/jli/libjli.so
7f3dbfd92000-7f3dbfdaa000 r-xp 00000000 07:00 642326                     /lib/x86_64-linux-gnu/libpthread-2.15.so
7f3dbfdaa000-7f3dbffa9000 ---p 00018000 07:00 642326                     /lib/x86_64-linux-gnu/libpthread-2.15.so
7f3dbffa9000-7f3dbffaa000 r--p 00017000 07:00 642326                     /lib/x86_64-linux-gnu/libpthread-2.15.so
7f3dbffaa000-7f3dbffab000 rw-p 00018000 07:00 642326                     /lib/x86_64-linux-gnu/libpthread-2.15.so
7f3dbffab000-7f3dbffaf000 rw-p 00000000 00:00 0 
7f3dbffaf000-7f3dbffd1000 r-xp 00000000 07:00 642329                     /lib/x86_64-linux-gnu/ld-2.15.so
7f3dbffe6000-7f3dbffe7000 rw-p 00000000 00:00 0 
7f3dbffe7000-7f3dbffeb000 r--s 00069000 07:00 1196040                    /home/aivanov/Downloads/opencv-2.4.8/build/bin/opencv-248.jar
7f3dbffeb000-7f3dbfff5000 rw-p 00000000 00:00 0 
7f3dbfff5000-7f3dc00ab000 rw-p 00000000 00:00 0 
7f3dc00ab000-7f3dc00ae000 ---p 00000000 00:00 0 
7f3dc00ae000-7f3dc01b1000 rw-p 00000000 00:00 0                          [stack:4333]
7f3dc01b1000-7f3dc01b4000 r--s 0007f000 07:00 522267                     /usr/lib/jvm/java-6-openjdk-common/jre/lib/jsse.jar
7f3dc01b4000-7f3dc01b6000 r--s 00024000 07:00 480551                     /home/aivanov/Documents/bot/maslab-2014/kitbot-demo/lib/jSSC-2.6.0-Release/jssc.jar
7f3dc01b6000-7f3dc01b8000 r--s 0000f000 07:00 522256                     /usr/lib/jvm/java-6-openjdk-common/jre/lib/ext/pulse-java.jar
7f3dc01b8000-7f3dc01bc000 r--s 00039000 07:00 522255                     /usr/lib/jvm/java-6-openjdk-common/jre/lib/ext/sunpkcs11.jar
7f3dc01bc000-7f3dc01be000 r--s 00001000 07:00 522258                     /usr/lib/jvm/java-6-openjdk-common/jre/lib/ext/dnsns.jar
7f3dc01be000-7f3dc01bf000 r--s 00007000 07:00 9754                       /usr/share/java/java-atk-wrapper.jar
7f3dc01bf000-7f3dc01c2000 r--s 00077000 07:00 522257                     /usr/lib/jvm/java-6-openjdk-common/jre/lib/ext/localedata.jar
7f3dc01c2000-7f3dc01c5000 r--s 00031000 07:00 522259                     /usr/lib/jvm/java-6-openjdk-common/jre/lib/ext/sunjce_provider.jar
7f3dc01c5000-7f3dc01cd000 rw-s 00000000 07:00 290838                     /tmp/hsperfdata_aivanov/4328
7f3dc01cd000-7f3dc01ce000 rw-p 00000000 00:00 0 
7f3dc01ce000-7f3dc01cf000 r--p 00000000 00:00 0 
7f3dc01cf000-7f3dc01d1000 rw-p 00000000 00:00 0 
7f3dc01d1000-7f3dc01d2000 r--p 00022000 07:00 642329                     /lib/x86_64-linux-gnu/ld-2.15.so
7f3dc01d2000-7f3dc01d4000 rw-p 00023000 07:00 642329                     /lib/x86_64-linux-gnu/ld-2.15.so
7fff16d44000-7fff16d65000 rw-p 00000000 00:00 0                          [stack]
7fff16da1000-7fff16da3000 r-xp 00000000 00:00 0                          [vdso]
ffffffffff600000-ffffffffff601000 r-xp 00000000 00:00 0                  [vsyscall]

VM Arguments:
jvm_args: -Djava.library.path=/home/aivanov/Downloads/opencv-2.4.8/build/lib -Dfile.encoding=UTF-8 
java_command: vision.Main
Launcher Type: SUN_STANDARD

Environment Variables:
PATH=/usr/lib/lightdm/lightdm:/usr/local/sbin:/usr/local/bin:/usr/sbin:/usr/bin:/sbin:/bin:/usr/games:/usr/local/llvm/3.3/clang+llvm-3.3-amd64-Ubuntu-12.04.2/bin:/home/aivanov/usr/local/llvm/3.3/clang+llvm-3.3-amd64-Ubuntu-12.04.2/bin:/home/aivanov/usr/local/llvm/3.3/clang+llvm-3.3-amd64-Ubuntu-12.04.2/bin
LD_LIBRARY_PATH=/usr/lib/jvm/java-6-openjdk-amd64/jre/lib/amd64/server:/usr/lib/jvm/java-6-openjdk-amd64/jre/lib/amd64:/usr/lib/jvm/java-6-openjdk-amd64/jre/../lib/amd64
SHELL=/bin/bash
DISPLAY=:0

Signal Handlers:
SIGSEGV: [libjvm.so+0x7837c0], sa_mask[0]=0x7ffbfeff, sa_flags=0x10000004
SIGBUS: [libjvm.so+0x7837c0], sa_mask[0]=0x7ffbfeff, sa_flags=0x10000004
SIGFPE: [libjvm.so+0x647740], sa_mask[0]=0x7ffbfeff, sa_flags=0x10000004
SIGPIPE: [libjvm.so+0x647740], sa_mask[0]=0x7ffbfeff, sa_flags=0x10000004
SIGXFSZ: [libjvm.so+0x647740], sa_mask[0]=0x7ffbfeff, sa_flags=0x10000004
SIGILL: [libjvm.so+0x647740], sa_mask[0]=0x7ffbfeff, sa_flags=0x10000004
SIGUSR1: SIG_DFL, sa_mask[0]=0x00000000, sa_flags=0x00000000
SIGUSR2: [libjvm.so+0x647920], sa_mask[0]=0x00000004, sa_flags=0x10000004
SIGHUP: [libjvm.so+0x64a2f0], sa_mask[0]=0x7ffbfeff, sa_flags=0x10000004
SIGINT: [libjvm.so+0x64a2f0], sa_mask[0]=0x7ffbfeff, sa_flags=0x10000004
SIGTERM: [libjvm.so+0x64a2f0], sa_mask[0]=0x7ffbfeff, sa_flags=0x10000004
SIGQUIT: [libjvm.so+0x64a2f0], sa_mask[0]=0x7ffbfeff, sa_flags=0x10000004


---------------  S Y S T E M  ---------------

OS:Ubuntu 12.04 (precise)
uname:Linux 3.8.0-35-generic #50~precise1-Ubuntu SMP Wed Dec 4 17:25:51 UTC 2013 x86_64
libc:glibc 2.15 NPTL 2.15 
rlimit: STACK 8192k, CORE 0k, NPROC 62889, NOFILE 4096, AS infinity
load average:0.60 1.08 0.64

/proc/meminfo:
MemTotal:        8068724 kB
MemFree:         2850868 kB
Buffers:         1751668 kB
Cached:          2212552 kB
SwapCached:            0 kB
Active:          1384392 kB
Inactive:        3554692 kB
Active(anon):     977480 kB
Inactive(anon):   151604 kB
Active(file):     406912 kB
Inactive(file):  3403088 kB
Unevictable:           0 kB
Mlocked:               0 kB
SwapTotal:        262140 kB
SwapFree:         262140 kB
Dirty:               380 kB
Writeback:             0 kB
AnonPages:        974744 kB
Mapped:           180856 kB
Shmem:            154224 kB
Slab:             145504 kB
SReclaimable:     117052 kB
SUnreclaim:        28452 kB
KernelStack:        3744 kB
PageTables:        27124 kB
NFS_Unstable:          0 kB
Bounce:                0 kB
WritebackTmp:          0 kB
CommitLimit:     4296500 kB
Committed_AS:    2963264 kB
VmallocTotal:   34359738367 kB
VmallocUsed:      362352 kB
VmallocChunk:   34359331344 kB
HardwareCorrupted:     0 kB
AnonHugePages:         0 kB
HugePages_Total:       0
HugePages_Free:        0
HugePages_Rsvd:        0
HugePages_Surp:        0
Hugepagesize:       2048 kB
DirectMap4k:      161788 kB
DirectMap2M:     8122368 kB


CPU:total 8 (4 cores per cpu, 2 threads per core) family 6 model 42 stepping 7, cmov, cx8, fxsr, mmx, sse, sse2, sse3, ssse3, sse4.1, sse4.2, popcnt, ht

Memory: 4k page, physical 8068724k(2850868k free), swap 262140k(262140k free)

vm_info: OpenJDK 64-Bit Server VM (20.0-b12) for linux-amd64 JRE (1.6.0_27-b27), built on Nov 16 2013 15:13:05 by "buildd" with gcc 4.6.3

time: Fri Jan 10 17:27:28 2014
elapsed time: 2 seconds

