#
# A fatal error has been detected by the Java Runtime Environment:
#
#  SIGSEGV (0xb) at pc=0x00007f567baff998, pid=4474, tid=140009430152960
#
# JRE version: 6.0_27-b27
# Java VM: OpenJDK 64-Bit Server VM (20.0-b12 mixed mode linux-amd64 compressed oops)
# Derivative: IcedTea6 1.12.6
# Distribution: Ubuntu 12.04 LTS, package 6b27-1.12.6-1ubuntu0.12.04.4
# Problematic frame:
# C  [libc.so.6+0x14a998]  __nss_hosts_lookup+0x18918
#
# If you would like to submit a bug report, please include
# instructions how to reproduce the bug and visit:
#   https://bugs.launchpad.net/ubuntu/+source/openjdk-6/
# The crash happened outside the Java Virtual Machine in native code.
# See problematic frame for where to report the bug.
#

---------------  T H R E A D  ---------------

Current thread (0x00007f5674008000):  JavaThread "main" [_thread_in_native, id=4479, stack(0x00007f567c497000,0x00007f567c598000)]

siginfo:si_signo=SIGSEGV: si_errno=0, si_code=1 (SEGV_MAPERR), si_addr=0x00007f54b3fff13a

Registers:
RAX=0x00007f54b3fff13a, RBX=0x00007f54bff41340, RCX=0x0000000000000000, RDX=0x00007f567baf00ff
RSP=0x00007f567c596788, RBP=0x0000000000000000, RSI=0x00000007d86b056b, RDI=0x00007f54b3fff13d
R8 =0x00000000fffffffe, R9 =0x0000000000000003, R10=0x00007f5671081842, R11=0x00007f567bb38e50
R12=0x00000000fffffffe, R13=0xfffffffffffff100, R14=0x0000000000000003, R15=0x00007f56740081d0
RIP=0x00007f567baff998, EFLAGS=0x0000000000010202, CSGSFS=0x0000000000000033, ERR=0x0000000000000006
  TRAPNO=0x000000000000000e

Top of Stack: (sp=0x00007f567c596788)
0x00007f567c596788:   00007f566ada0953 00007f567c596850
0x00007f567c596798:   00007f56710a11a6 00000003d86b0438
0x00007f567c5967a8:   00000007d86b0568 00000007d86b03b8
0x00007f567c5967b8:   00007f567c596850 00007f567c596840
0x00007f567c5967c8:   0000000000000000 00007f567108dba0
0x00007f567c5967d8:   00007f567c596828 00007f5674008000
0x00007f567c5967e8:   00007f56710818bc 00007f567c596818
0x00007f567c5967f8:   00007f5671081c51 00007f567108dba0
0x00007f567c596808:   0000000000000000 0000000000000000
0x00007f567c596818:   00000007d86b0558 00007f54bff41340
0x00007f567c596828:   000000077ab88090 000000077ab88090
0x00007f567c596838:   00000007d86b0558 00000000fffffffe
0x00007f567c596848:   00007f567108de68 00000007d86ae0e8
0x00007f567c596858:   00000007d86af5e8 00000007d703abc8
0x00007f567c596868:   00000007d86ae378 fffffffe00000002
0x00007f567c596878:   00000003fffffffe 00000007d86ae118
0x00007f567c596888:   00000007d86b0558 fffffffe00000001
0x00007f567c596898:   3feae147ae147ae1 00000007d86b0518
0x00007f567c5968a8:   0000000000000007 0000000100000000
0x00007f567c5968b8:   00000007d86ae118 0000000000000001
0x00007f567c5968c8:   000000077ac4b908 00007f567c596950
0x00007f567c5968d8:   00007f567100585a 00007f567100585a
0x00007f567c5968e8:   00000007d86ae118 00000007d86ae378
0x00007f567c5968f8:   00000007d703abc8 00000007d86af5e8
0x00007f567c596908:   00000007d86ae0e8 00007f567c596910
0x00007f567c596918:   000000077aba87c8 00007f567c596980
0x00007f567c596928:   000000077aba8bf0 0000000000000000
0x00007f567c596938:   000000077aba8850 00007f567c5968e8
0x00007f567c596948:   00007f567c596978 00007f567c5969c8
0x00007f567c596958:   00007f56710059b3 00000007d86af5e8
0x00007f567c596968:   00000007d86ae378 00000007d86ae2e8
0x00007f567c596978:   00000007d7025260 00000007d86ae0e8 

Instructions: (pc=0x00007f567baff998)
0x00007f567baff978:   7f 47 ed f3 0f 7f 4f f0 c3 66 66 66 66 66 66 2e
0x00007f567baff988:   0f 1f 84 00 00 00 00 00 66 8b 56 fd 66 8b 4e fe
0x00007f567baff998:   66 89 57 fd 66 89 4f fe c3 66 66 66 66 66 66 2e
0x00007f567baff9a8:   0f 1f 84 00 00 00 00 00 f2 0f f0 86 7e ff ff ff 

Register to memory mapping:

RAX=0x00007f54b3fff13a is an unknown value
RBX=0x00007f54bff41340 is an unknown value
RCX=0x0000000000000000 is an unknown value
RDX=0x00007f567baf00ff: <offset 0x13b0ff> in /lib/x86_64-linux-gnu/libc.so.6 at 0x00007f567b9b5000
RSP=0x00007f567c596788 is pointing into the stack for thread: 0x00007f5674008000
RBP=0x0000000000000000 is an unknown value
RSI=0x00000007d86b056b is an unknown value
RDI=0x00007f54b3fff13d is an unknown value
R8 =0x00000000fffffffe is an unknown value
R9 =0x0000000000000003 is an unknown value
R10=0x00007f5671081650 [CodeBlob (0x00007f5671081650)]
Framesize: 12
R11=0x00007f567bb38e50: <offset 0x183e50> in /lib/x86_64-linux-gnu/libc.so.6 at 0x00007f567b9b5000
R12=0x00000000fffffffe is an unknown value
R13=0xfffffffffffff100 is an unknown value
R14=0x0000000000000003 is an unknown value
R15=0x00007f56740081d0 is an unknown value


Stack: [0x00007f567c497000,0x00007f567c598000],  sp=0x00007f567c596788,  free space=1021k
Native frames: (J=compiled Java code, j=interpreted, Vv=VM code, C=native code)
C  [libc.so.6+0x14a998]  __nss_hosts_lookup+0x18918

[error occurred during error reporting (printing native stack), id 0xb]

Java frames: (J=compiled Java code, j=interpreted, Vv=VM code)
J  org.opencv.core.Mat.nPutB(JIII[B)I
J  vision.ImageProcessor.analyzeContours([Lvision/Contour;Ljava/awt/Color;Lvision/VisionDetector;Lorg/opencv/core/Mat;)V
j  vision.ImageProcessor.process(Lorg/opencv/core/Mat;)Lvision/VisionDetector;+192
j  vision.Main.main([Ljava/lang/String;)V+83
v  ~StubRoutines::call_stub

---------------  P R O C E S S  ---------------

Java Threads: ( => current thread )
  0x00007f56740a8000 JavaThread "Low Memory Detector" daemon [_thread_blocked, id=4494, stack(0x00007f566beff000,0x00007f566c000000)]
  0x00007f56740a5800 JavaThread "C2 CompilerThread1" daemon [_thread_blocked, id=4493, stack(0x00007f567002a000,0x00007f567012b000)]
  0x00007f56740a2800 JavaThread "C2 CompilerThread0" daemon [_thread_blocked, id=4492, stack(0x00007f567012b000,0x00007f567022c000)]
  0x00007f56740a1800 JavaThread "Signal Dispatcher" daemon [_thread_blocked, id=4491, stack(0x00007f567022c000,0x00007f567032d000)]
  0x00007f5674080000 JavaThread "Finalizer" daemon [_thread_blocked, id=4490, stack(0x00007f56705f6000,0x00007f56706f7000)]
  0x00007f567407e000 JavaThread "Reference Handler" daemon [_thread_blocked, id=4489, stack(0x00007f56706f7000,0x00007f56707f8000)]
=>0x00007f5674008000 JavaThread "main" [_thread_in_native, id=4479, stack(0x00007f567c497000,0x00007f567c598000)]

Other Threads:
  0x00007f5674079000 VMThread [stack: 0x00007f56707f8000,0x00007f56708f9000] [id=4488]
  0x00007f56740b2800 WatcherThread [stack: 0x00007f566bdfe000,0x00007f566beff000] [id=4495]

VM state:not at safepoint (normal execution)

VM Mutex/Monitor currently owned by a thread: None

Heap
 PSYoungGen      total 36736K, used 23955K [0x00000007d6f60000, 0x00000007d9860000, 0x0000000800000000)
  eden space 31488K, 76% used [0x00000007d6f60000,0x00000007d86c4fd8,0x00000007d8e20000)
  from space 5248K, 0% used [0x00000007d9340000,0x00000007d9340000,0x00000007d9860000)
  to   space 5248K, 0% used [0x00000007d8e20000,0x00000007d8e20000,0x00000007d9340000)
 PSOldGen        total 84096K, used 0K [0x0000000784e00000, 0x000000078a020000, 0x00000007d6f60000)
  object space 84096K, 0% used [0x0000000784e00000,0x0000000784e00000,0x000000078a020000)
 PSPermGen       total 21248K, used 4400K [0x000000077a800000, 0x000000077bcc0000, 0x0000000784e00000)
  object space 21248K, 20% used [0x000000077a800000,0x000000077ac4c150,0x000000077bcc0000)

Code Cache  [0x00007f5671000000, 0x00007f5671270000, 0x00007f5674000000)
 total_blobs=501 nmethods=111 adapters=345 free_code_cache=49559744 largest_free_block=7232

Dynamic libraries:
00400000-00409000 r-xp 00000000 07:00 533511                             /usr/lib/jvm/java-6-openjdk-amd64/jre/bin/java
00608000-00609000 r--p 00008000 07:00 533511                             /usr/lib/jvm/java-6-openjdk-amd64/jre/bin/java
00609000-0060a000 rw-p 00009000 07:00 533511                             /usr/lib/jvm/java-6-openjdk-amd64/jre/bin/java
0227d000-0229e000 rw-p 00000000 00:00 0                                  [heap]
77a800000-77bcc0000 rw-p 00000000 00:00 0 
77bcc0000-784e00000 rw-p 00000000 00:00 0 
784e00000-78a020000 rw-p 00000000 00:00 0 
78a020000-7d6f60000 rw-p 00000000 00:00 0 
7d6f60000-7d9860000 rw-p 00000000 00:00 0 
7d9860000-800000000 rw-p 00000000 00:00 0 
7f54b4000000-7f54b4221000 rw-p 00000000 00:00 0 
7f54b4221000-7f54b8000000 ---p 00000000 00:00 0 
7f54bc000000-7f54bffdd000 rw-p 00000000 00:00 0 
7f54bffdd000-7f54c0000000 ---p 00000000 00:00 0 
7f54c4000000-7f54c7fe0000 rw-p 00000000 00:00 0 
7f54c7fe0000-7f54c8000000 ---p 00000000 00:00 0 
7f54cc000000-7f54cffdc000 rw-p 00000000 00:00 0 
7f54cffdc000-7f54d0000000 ---p 00000000 00:00 0 
7f54d4000000-7f54d7fe2000 rw-p 00000000 00:00 0 
7f54d7fe2000-7f54d8000000 ---p 00000000 00:00 0 
7f54dc000000-7f54dffd4000 rw-p 00000000 00:00 0 
7f54dffd4000-7f54e0000000 ---p 00000000 00:00 0 
7f54e4000000-7f54e7fdd000 rw-p 00000000 00:00 0 
7f54e7fdd000-7f54e8000000 ---p 00000000 00:00 0 
7f54ec000000-7f54effd8000 rw-p 00000000 00:00 0 
7f54effd8000-7f54f0000000 ---p 00000000 00:00 0 
7f54f4000000-7f54f7fe3000 rw-p 00000000 00:00 0 
7f54f7fe3000-7f54f8000000 ---p 00000000 00:00 0 
7f54fc000000-7f54fffe1000 rw-p 00000000 00:00 0 
7f54fffe1000-7f5500000000 ---p 00000000 00:00 0 
7f5504000000-7f5507fe0000 rw-p 00000000 00:00 0 
7f5507fe0000-7f5508000000 ---p 00000000 00:00 0 
7f550c000000-7f550ffd1000 rw-p 00000000 00:00 0 
7f550ffd1000-7f5510000000 ---p 00000000 00:00 0 
7f5514000000-7f5517fda000 rw-p 00000000 00:00 0 
7f5517fda000-7f5518000000 ---p 00000000 00:00 0 
7f551c000000-7f551ffe8000 rw-p 00000000 00:00 0 
7f551ffe8000-7f5520000000 ---p 00000000 00:00 0 
7f5524000000-7f5527fd7000 rw-p 00000000 00:00 0 
7f5527fd7000-7f5528000000 ---p 00000000 00:00 0 
7f552c000000-7f552ffe2000 rw-p 00000000 00:00 0 
7f552ffe2000-7f5530000000 ---p 00000000 00:00 0 
7f5534000000-7f5537fdc000 rw-p 00000000 00:00 0 
7f5537fdc000-7f5538000000 ---p 00000000 00:00 0 
7f553c000000-7f553ffd4000 rw-p 00000000 00:00 0 
7f553ffd4000-7f5540000000 ---p 00000000 00:00 0 
7f5544000000-7f5547fe7000 rw-p 00000000 00:00 0 
7f5547fe7000-7f5548000000 ---p 00000000 00:00 0 
7f554c000000-7f554ffe1000 rw-p 00000000 00:00 0 
7f554ffe1000-7f5550000000 ---p 00000000 00:00 0 
7f5554000000-7f5557fdf000 rw-p 00000000 00:00 0 
7f5557fdf000-7f5558000000 ---p 00000000 00:00 0 
7f555c000000-7f555ffdd000 rw-p 00000000 00:00 0 
7f555ffdd000-7f5560000000 ---p 00000000 00:00 0 
7f5564000000-7f5567fe0000 rw-p 00000000 00:00 0 
7f5567fe0000-7f5568000000 ---p 00000000 00:00 0 
7f556c000000-7f556ffda000 rw-p 00000000 00:00 0 
7f556ffda000-7f5570000000 ---p 00000000 00:00 0 
7f5574000000-7f5577fd5000 rw-p 00000000 00:00 0 
7f5577fd5000-7f5578000000 ---p 00000000 00:00 0 
7f557c000000-7f557ffea000 rw-p 00000000 00:00 0 
7f557ffea000-7f5580000000 ---p 00000000 00:00 0 
7f5584000000-7f5587fd8000 rw-p 00000000 00:00 0 
7f5587fd8000-7f5588000000 ---p 00000000 00:00 0 
7f558c000000-7f558ffd3000 rw-p 00000000 00:00 0 
7f558ffd3000-7f5590000000 ---p 00000000 00:00 0 
7f5594000000-7f5597feb000 rw-p 00000000 00:00 0 
7f5597feb000-7f5598000000 ---p 00000000 00:00 0 
7f559c000000-7f559ffe0000 rw-p 00000000 00:00 0 
7f559ffe0000-7f55a0000000 ---p 00000000 00:00 0 
7f55a4000000-7f55a7fe1000 rw-p 00000000 00:00 0 
7f55a7fe1000-7f55a8000000 ---p 00000000 00:00 0 
7f55ac000000-7f55affde000 rw-p 00000000 00:00 0 
7f55affde000-7f55b0000000 ---p 00000000 00:00 0 
7f55b4000000-7f55b7fdf000 rw-p 00000000 00:00 0 
7f55b7fdf000-7f55b8000000 ---p 00000000 00:00 0 
7f55bc000000-7f55bffdf000 rw-p 00000000 00:00 0 
7f55bffdf000-7f55c0000000 ---p 00000000 00:00 0 
7f55c4000000-7f55c7fdd000 rw-p 00000000 00:00 0 
7f55c7fdd000-7f55c8000000 ---p 00000000 00:00 0 
7f55cc000000-7f55cffde000 rw-p 00000000 00:00 0 
7f55cffde000-7f55d0000000 ---p 00000000 00:00 0 
7f55d4000000-7f55d7fd1000 rw-p 00000000 00:00 0 
7f55d7fd1000-7f55d8000000 ---p 00000000 00:00 0 
7f55dc000000-7f55dffdd000 rw-p 00000000 00:00 0 
7f55dffdd000-7f55e0000000 ---p 00000000 00:00 0 
7f55e4000000-7f55e7fd7000 rw-p 00000000 00:00 0 
7f55e7fd7000-7f55e8000000 ---p 00000000 00:00 0 
7f55ec000000-7f55effda000 rw-p 00000000 00:00 0 
7f55effda000-7f55f0000000 ---p 00000000 00:00 0 
7f55f4000000-7f55f7fba000 rw-p 00000000 00:00 0 
7f55f7fba000-7f55f8000000 ---p 00000000 00:00 0 
7f55fc000000-7f55fffdd000 rw-p 00000000 00:00 0 
7f55fffdd000-7f5600000000 ---p 00000000 00:00 0 
7f5604000000-7f5607fdd000 rw-p 00000000 00:00 0 
7f5607fdd000-7f5608000000 ---p 00000000 00:00 0 
7f560c000000-7f560ffdd000 rw-p 00000000 00:00 0 
7f560ffdd000-7f5610000000 ---p 00000000 00:00 0 
7f5614000000-7f5614021000 rw-p 00000000 00:00 0 
7f5614021000-7f5618000000 ---p 00000000 00:00 0 
7f5618000000-7f5618021000 rw-p 00000000 00:00 0 
7f5618021000-7f561c000000 ---p 00000000 00:00 0 
7f561c000000-7f561d499000 rw-p 00000000 00:00 0 
7f561d499000-7f5620000000 ---p 00000000 00:00 0 
7f5620000000-7f56207f0000 rw-p 00000000 00:00 0 
7f56207f0000-7f5624000000 ---p 00000000 00:00 0 
7f5624000000-7f5624021000 rw-p 00000000 00:00 0 
7f5624021000-7f5628000000 ---p 00000000 00:00 0 
7f5628000000-7f5628021000 rw-p 00000000 00:00 0 
7f5628021000-7f562c000000 ---p 00000000 00:00 0 
7f562c000000-7f562c021000 rw-p 00000000 00:00 0 
7f562c021000-7f5630000000 ---p 00000000 00:00 0 
7f5630000000-7f5630021000 rw-p 00000000 00:00 0 
7f5630021000-7f5634000000 ---p 00000000 00:00 0 
7f5634000000-7f5634021000 rw-p 00000000 00:00 0 
7f5634021000-7f5638000000 ---p 00000000 00:00 0 
7f563c000000-7f563c021000 rw-p 00000000 00:00 0 
7f563c021000-7f5640000000 ---p 00000000 00:00 0 
7f5644000000-7f5644021000 rw-p 00000000 00:00 0 
7f5644021000-7f5648000000 ---p 00000000 00:00 0 
7f564c000000-7f564c021000 rw-p 00000000 00:00 0 
7f564c021000-7f5650000000 ---p 00000000 00:00 0 
7f5654000000-7f5654021000 rw-p 00000000 00:00 0 
7f5654021000-7f5658000000 ---p 00000000 00:00 0 
7f565c000000-7f565c021000 rw-p 00000000 00:00 0 
7f565c021000-7f5660000000 ---p 00000000 00:00 0 
7f5664000000-7f5664021000 rw-p 00000000 00:00 0 
7f5664021000-7f5668000000 ---p 00000000 00:00 0 
7f5668ce7000-7f5668cec000 r-xp 00000000 07:00 113447                     /usr/lib/x86_64-linux-gnu/libXdmcp.so.6.0.0
7f5668cec000-7f5668eeb000 ---p 00005000 07:00 113447                     /usr/lib/x86_64-linux-gnu/libXdmcp.so.6.0.0
7f5668eeb000-7f5668eec000 r--p 00004000 07:00 113447                     /usr/lib/x86_64-linux-gnu/libXdmcp.so.6.0.0
7f5668eec000-7f5668eed000 rw-p 00005000 07:00 113447                     /usr/lib/x86_64-linux-gnu/libXdmcp.so.6.0.0
7f5668eed000-7f5668eef000 r-xp 00000000 07:00 113586                     /usr/lib/x86_64-linux-gnu/libXau.so.6.0.0
7f5668eef000-7f56690ee000 ---p 00002000 07:00 113586                     /usr/lib/x86_64-linux-gnu/libXau.so.6.0.0
7f56690ee000-7f56690ef000 r--p 00001000 07:00 113586                     /usr/lib/x86_64-linux-gnu/libXau.so.6.0.0
7f56690ef000-7f56690f0000 rw-p 00002000 07:00 113586                     /usr/lib/x86_64-linux-gnu/libXau.so.6.0.0
7f56690f0000-7f566910d000 r-xp 00000000 07:00 93302                      /usr/lib/x86_64-linux-gnu/libxcb.so.1.1.0
7f566910d000-7f566930c000 ---p 0001d000 07:00 93302                      /usr/lib/x86_64-linux-gnu/libxcb.so.1.1.0
7f566930c000-7f566930d000 r--p 0001c000 07:00 93302                      /usr/lib/x86_64-linux-gnu/libxcb.so.1.1.0
7f566930d000-7f566930e000 rw-p 0001d000 07:00 93302                      /usr/lib/x86_64-linux-gnu/libxcb.so.1.1.0
7f566930e000-7f566931d000 r-xp 00000000 07:00 1411175                    /usr/lib/x86_64-linux-gnu/libXi.so.6.1.0
7f566931d000-7f566951c000 ---p 0000f000 07:00 1411175                    /usr/lib/x86_64-linux-gnu/libXi.so.6.1.0
7f566951c000-7f566951d000 r--p 0000e000 07:00 1411175                    /usr/lib/x86_64-linux-gnu/libXi.so.6.1.0
7f566951d000-7f566951e000 rw-p 0000f000 07:00 1411175                    /usr/lib/x86_64-linux-gnu/libXi.so.6.1.0
7f566951e000-7f5669523000 r-xp 00000000 07:00 93540                      /usr/lib/x86_64-linux-gnu/libXtst.so.6.1.0
7f5669523000-7f5669722000 ---p 00005000 07:00 93540                      /usr/lib/x86_64-linux-gnu/libXtst.so.6.1.0
7f5669722000-7f5669723000 r--p 00004000 07:00 93540                      /usr/lib/x86_64-linux-gnu/libXtst.so.6.1.0
7f5669723000-7f5669724000 rw-p 00005000 07:00 93540                      /usr/lib/x86_64-linux-gnu/libXtst.so.6.1.0
7f5669724000-7f566972d000 r-xp 00000000 07:00 93266                      /usr/lib/x86_64-linux-gnu/libXrender.so.1.3.0
7f566972d000-7f566992c000 ---p 00009000 07:00 93266                      /usr/lib/x86_64-linux-gnu/libXrender.so.1.3.0
7f566992c000-7f566992d000 r--p 00008000 07:00 93266                      /usr/lib/x86_64-linux-gnu/libXrender.so.1.3.0
7f566992d000-7f566992e000 rw-p 00009000 07:00 93266                      /usr/lib/x86_64-linux-gnu/libXrender.so.1.3.0
7f566992e000-7f5669a5e000 r-xp 00000000 07:00 370690                     /usr/lib/x86_64-linux-gnu/libX11.so.6.3.0
7f5669a5e000-7f5669c5e000 ---p 00130000 07:00 370690                     /usr/lib/x86_64-linux-gnu/libX11.so.6.3.0
7f5669c5e000-7f5669c5f000 r--p 00130000 07:00 370690                     /usr/lib/x86_64-linux-gnu/libX11.so.6.3.0
7f5669c5f000-7f5669c63000 rw-p 00131000 07:00 370690                     /usr/lib/x86_64-linux-gnu/libX11.so.6.3.0
7f5669c63000-7f5669c73000 r-xp 00000000 07:00 93461                      /usr/lib/x86_64-linux-gnu/libXext.so.6.4.0
7f5669c73000-7f5669e72000 ---p 00010000 07:00 93461                      /usr/lib/x86_64-linux-gnu/libXext.so.6.4.0
7f5669e72000-7f5669e73000 r--p 0000f000 07:00 93461                      /usr/lib/x86_64-linux-gnu/libXext.so.6.4.0
7f5669e73000-7f5669e74000 rw-p 00010000 07:00 93461                      /usr/lib/x86_64-linux-gnu/libXext.so.6.4.0
7f5669e74000-7f5669ebf000 r-xp 00000000 07:00 533619                     /usr/lib/jvm/java-6-openjdk-amd64/jre/lib/amd64/xawt/libmawt.so
7f5669ebf000-7f566a0bf000 ---p 0004b000 07:00 533619                     /usr/lib/jvm/java-6-openjdk-amd64/jre/lib/amd64/xawt/libmawt.so
7f566a0bf000-7f566a0c0000 r--p 0004b000 07:00 533619                     /usr/lib/jvm/java-6-openjdk-amd64/jre/lib/amd64/xawt/libmawt.so
7f566a0c0000-7f566a0c3000 rw-p 0004c000 07:00 533619                     /usr/lib/jvm/java-6-openjdk-amd64/jre/lib/amd64/xawt/libmawt.so
7f566a0c3000-7f566a0c4000 rw-p 00000000 00:00 0 
7f566a0c4000-7f566a170000 r-xp 00000000 07:00 523484                     /usr/lib/jvm/java-6-openjdk-amd64/jre/lib/amd64/libawt.so
7f566a170000-7f566a370000 ---p 000ac000 07:00 523484                     /usr/lib/jvm/java-6-openjdk-amd64/jre/lib/amd64/libawt.so
7f566a370000-7f566a371000 r--p 000ac000 07:00 523484                     /usr/lib/jvm/java-6-openjdk-amd64/jre/lib/amd64/libawt.so
7f566a371000-7f566a37c000 rw-p 000ad000 07:00 523484                     /usr/lib/jvm/java-6-openjdk-amd64/jre/lib/amd64/libawt.so
7f566a37c000-7f566a3a1000 rw-p 00000000 00:00 0 
7f566a3a1000-7f566a3a4000 r-xp 00000000 07:00 1481781                    /home/aivanov/.jssc/linux/libjSSC-2.6_x86_64.so
7f566a3a4000-7f566a5a3000 ---p 00003000 07:00 1481781                    /home/aivanov/.jssc/linux/libjSSC-2.6_x86_64.so
7f566a5a3000-7f566a5a4000 r--p 00002000 07:00 1481781                    /home/aivanov/.jssc/linux/libjSSC-2.6_x86_64.so
7f566a5a4000-7f566a5a5000 rw-p 00003000 07:00 1481781                    /home/aivanov/.jssc/linux/libjSSC-2.6_x86_64.so
7f566a5a5000-7f566a687000 rw-p 00000000 00:00 0 
7f566a687000-7f566a71d000 rw-s 001c2000 00:05 28960                      /dev/video1
7f566a71d000-7f566a7b3000 rw-s 0012c000 00:05 28960                      /dev/video1
7f566a7b3000-7f566a849000 rw-s 00096000 00:05 28960                      /dev/video1
7f566a849000-7f566a8e0000 rw-p 00000000 00:00 0 
7f566a8e0000-7f566a976000 rw-s 00000000 00:05 28960                      /dev/video1
7f566a976000-7f566a99c000 r-xp 00000000 07:00 234543                     /lib/x86_64-linux-gnu/libpng12.so.0.46.0
7f566a99c000-7f566ab9c000 ---p 00026000 07:00 234543                     /lib/x86_64-linux-gnu/libpng12.so.0.46.0
7f566ab9c000-7f566ab9d000 r--p 00026000 07:00 234543                     /lib/x86_64-linux-gnu/libpng12.so.0.46.0
7f566ab9d000-7f566ab9e000 rw-p 00027000 07:00 234543                     /lib/x86_64-linux-gnu/libpng12.so.0.46.0
7f566ab9e000-7f566bb1b000 r-xp 00000000 07:00 34398                      /home/aivanov/Downloads/opencv-2.4.8/build/lib/libopencv_java248.so
7f566bb1b000-7f566bd1b000 ---p 00f7d000 07:00 34398                      /home/aivanov/Downloads/opencv-2.4.8/build/lib/libopencv_java248.so
7f566bd1b000-7f566bd3f000 r--p 00f7d000 07:00 34398                      /home/aivanov/Downloads/opencv-2.4.8/build/lib/libopencv_java248.so
7f566bd3f000-7f566bd5a000 rw-p 00fa1000 07:00 34398                      /home/aivanov/Downloads/opencv-2.4.8/build/lib/libopencv_java248.so
7f566bd5a000-7f566bdfe000 rw-p 00000000 00:00 0 
7f566bdfe000-7f566bdff000 ---p 00000000 00:00 0 
7f566bdff000-7f566beff000 rw-p 00000000 00:00 0                          [stack:4495]
7f566beff000-7f566bf02000 ---p 00000000 00:00 0 
7f566bf02000-7f566c000000 rw-p 00000000 00:00 0                          [stack:4494]
7f566c000000-7f566c021000 rw-p 00000000 00:00 0 
7f566c021000-7f5670000000 ---p 00000000 00:00 0 
7f567002a000-7f567002d000 ---p 00000000 00:00 0 
7f567002d000-7f567012b000 rw-p 00000000 00:00 0                          [stack:4493]
7f567012b000-7f567012e000 ---p 00000000 00:00 0 
7f567012e000-7f567022c000 rw-p 00000000 00:00 0                          [stack:4492]
7f567022c000-7f567022f000 ---p 00000000 00:00 0 
7f567022f000-7f567032d000 rw-p 00000000 00:00 0                          [stack:4491]
7f567032d000-7f56705f6000 r--p 00000000 07:00 1017857                    /usr/lib/locale/locale-archive
7f56705f6000-7f56705f9000 ---p 00000000 00:00 0 
7f56705f9000-7f56706f7000 rw-p 00000000 00:00 0                          [stack:4490]
7f56706f7000-7f56706fa000 ---p 00000000 00:00 0 
7f56706fa000-7f56707f8000 rw-p 00000000 00:00 0                          [stack:4489]
7f56707f8000-7f56707f9000 ---p 00000000 00:00 0 
7f56707f9000-7f5671000000 rw-p 00000000 00:00 0                          [stack:4488]
7f5671000000-7f5671270000 rwxp 00000000 00:00 0 
7f5671270000-7f5677fe4000 rw-p 00000000 00:00 0 
7f5677fe4000-7f5678000000 ---p 00000000 00:00 0 
7f5678032000-7f5678267000 rw-p 00000000 00:00 0 
7f5678267000-7f56783fb000 r--s 03822000 07:00 523488                     /usr/lib/jvm/java-6-openjdk-amd64/jre/lib/rt.jar
7f56783fb000-7f5678423000 rw-p 00000000 00:00 0 
7f5678423000-7f5678424000 ---p 00000000 00:00 0 
7f5678424000-7f5678524000 rw-p 00000000 00:00 0                          [stack:4487]
7f5678524000-7f5678525000 ---p 00000000 00:00 0 
7f5678525000-7f5678625000 rw-p 00000000 00:00 0                          [stack:4486]
7f5678625000-7f5678626000 ---p 00000000 00:00 0 
7f5678626000-7f5678726000 rw-p 00000000 00:00 0                          [stack:4485]
7f5678726000-7f5678727000 ---p 00000000 00:00 0 
7f5678727000-7f5678827000 rw-p 00000000 00:00 0                          [stack:4484]
7f5678827000-7f5678828000 ---p 00000000 00:00 0 
7f5678828000-7f5678928000 rw-p 00000000 00:00 0                          [stack:4483]
7f5678928000-7f5678929000 ---p 00000000 00:00 0 
7f5678929000-7f5678a29000 rw-p 00000000 00:00 0                          [stack:4482]
7f5678a29000-7f5678a2a000 ---p 00000000 00:00 0 
7f5678a2a000-7f5678b2a000 rw-p 00000000 00:00 0                          [stack:4481]
7f5678b2a000-7f5678b2b000 ---p 00000000 00:00 0 
7f5678b2b000-7f5678c36000 rw-p 00000000 00:00 0                          [stack:4480]
7f5678c36000-7f5678c7e000 rw-p 00000000 00:00 0 
7f5678c7e000-7f5678ca8000 rw-p 00000000 00:00 0 
7f5678ca8000-7f5678f0f000 rw-p 00000000 00:00 0 
7f5678f0f000-7f5678f1a000 rw-p 00000000 00:00 0 
7f5678f1a000-7f5678f62000 rw-p 00000000 00:00 0 
7f5678f62000-7f5678f8c000 rw-p 00000000 00:00 0 
7f5678f8c000-7f56791f2000 rw-p 00000000 00:00 0 
7f56791f2000-7f5679208000 rw-p 00000000 00:00 0 
7f5679208000-7f567933b000 rw-p 00000000 00:00 0 
7f567933b000-7f567933c000 rw-p 00000000 00:00 0 
7f567933c000-7f5679343000 r-xp 00000000 07:00 523460                     /usr/lib/jvm/java-6-openjdk-amd64/jre/lib/amd64/libzip.so
7f5679343000-7f5679542000 ---p 00007000 07:00 523460                     /usr/lib/jvm/java-6-openjdk-amd64/jre/lib/amd64/libzip.so
7f5679542000-7f5679543000 r--p 00006000 07:00 523460                     /usr/lib/jvm/java-6-openjdk-amd64/jre/lib/amd64/libzip.so
7f5679543000-7f5679544000 rw-p 00007000 07:00 523460                     /usr/lib/jvm/java-6-openjdk-amd64/jre/lib/amd64/libzip.so
7f5679544000-7f5679550000 r-xp 00000000 07:00 642321                     /lib/x86_64-linux-gnu/libnss_files-2.15.so
7f5679550000-7f567974f000 ---p 0000c000 07:00 642321                     /lib/x86_64-linux-gnu/libnss_files-2.15.so
7f567974f000-7f5679750000 r--p 0000b000 07:00 642321                     /lib/x86_64-linux-gnu/libnss_files-2.15.so
7f5679750000-7f5679751000 rw-p 0000c000 07:00 642321                     /lib/x86_64-linux-gnu/libnss_files-2.15.so
7f5679751000-7f567975b000 r-xp 00000000 07:00 642325                     /lib/x86_64-linux-gnu/libnss_nis-2.15.so
7f567975b000-7f567995b000 ---p 0000a000 07:00 642325                     /lib/x86_64-linux-gnu/libnss_nis-2.15.so
7f567995b000-7f567995c000 r--p 0000a000 07:00 642325                     /lib/x86_64-linux-gnu/libnss_nis-2.15.so
7f567995c000-7f567995d000 rw-p 0000b000 07:00 642325                     /lib/x86_64-linux-gnu/libnss_nis-2.15.so
7f567995d000-7f5679974000 r-xp 00000000 07:00 642337                     /lib/x86_64-linux-gnu/libnsl-2.15.so
7f5679974000-7f5679b73000 ---p 00017000 07:00 642337                     /lib/x86_64-linux-gnu/libnsl-2.15.so
7f5679b73000-7f5679b74000 r--p 00016000 07:00 642337                     /lib/x86_64-linux-gnu/libnsl-2.15.so
7f5679b74000-7f5679b75000 rw-p 00017000 07:00 642337                     /lib/x86_64-linux-gnu/libnsl-2.15.so
7f5679b75000-7f5679b77000 rw-p 00000000 00:00 0 
7f5679b77000-7f5679b7f000 r-xp 00000000 07:00 642319                     /lib/x86_64-linux-gnu/libnss_compat-2.15.so
7f5679b7f000-7f5679d7e000 ---p 00008000 07:00 642319                     /lib/x86_64-linux-gnu/libnss_compat-2.15.so
7f5679d7e000-7f5679d7f000 r--p 00007000 07:00 642319                     /lib/x86_64-linux-gnu/libnss_compat-2.15.so
7f5679d7f000-7f5679d80000 rw-p 00008000 07:00 642319                     /lib/x86_64-linux-gnu/libnss_compat-2.15.so
7f5679d80000-7f5679dac000 r-xp 00000000 07:00 523456                     /usr/lib/jvm/java-6-openjdk-amd64/jre/lib/amd64/libjava.so
7f5679dac000-7f5679fab000 ---p 0002c000 07:00 523456                     /usr/lib/jvm/java-6-openjdk-amd64/jre/lib/amd64/libjava.so
7f5679fab000-7f5679fac000 r--p 0002b000 07:00 523456                     /usr/lib/jvm/java-6-openjdk-amd64/jre/lib/amd64/libjava.so
7f5679fac000-7f5679faf000 rw-p 0002c000 07:00 523456                     /usr/lib/jvm/java-6-openjdk-amd64/jre/lib/amd64/libjava.so
7f5679faf000-7f5679fbd000 r-xp 00000000 07:00 523469                     /usr/lib/jvm/java-6-openjdk-amd64/jre/lib/amd64/libverify.so
7f5679fbd000-7f567a1bc000 ---p 0000e000 07:00 523469                     /usr/lib/jvm/java-6-openjdk-amd64/jre/lib/amd64/libverify.so
7f567a1bc000-7f567a1be000 r--p 0000d000 07:00 523469                     /usr/lib/jvm/java-6-openjdk-amd64/jre/lib/amd64/libverify.so
7f567a1be000-7f567a1bf000 rw-p 0000f000 07:00 523469                     /usr/lib/jvm/java-6-openjdk-amd64/jre/lib/amd64/libverify.so
7f567a1bf000-7f567a1c6000 r-xp 00000000 07:00 642324                     /lib/x86_64-linux-gnu/librt-2.15.so
7f567a1c6000-7f567a3c5000 ---p 00007000 07:00 642324                     /lib/x86_64-linux-gnu/librt-2.15.so
7f567a3c5000-7f567a3c6000 r--p 00006000 07:00 642324                     /lib/x86_64-linux-gnu/librt-2.15.so
7f567a3c6000-7f567a3c7000 rw-p 00007000 07:00 642324                     /lib/x86_64-linux-gnu/librt-2.15.so
7f567a3c7000-7f567a3dc000 r-xp 00000000 07:00 234552                     /lib/x86_64-linux-gnu/libgcc_s.so.1
7f567a3dc000-7f567a5db000 ---p 00015000 07:00 234552                     /lib/x86_64-linux-gnu/libgcc_s.so.1
7f567a5db000-7f567a5dc000 r--p 00014000 07:00 234552                     /lib/x86_64-linux-gnu/libgcc_s.so.1
7f567a5dc000-7f567a5dd000 rw-p 00015000 07:00 234552                     /lib/x86_64-linux-gnu/libgcc_s.so.1
7f567a5dd000-7f567a6d8000 r-xp 00000000 07:00 642328                     /lib/x86_64-linux-gnu/libm-2.15.so
7f567a6d8000-7f567a8d7000 ---p 000fb000 07:00 642328                     /lib/x86_64-linux-gnu/libm-2.15.so
7f567a8d7000-7f567a8d8000 r--p 000fa000 07:00 642328                     /lib/x86_64-linux-gnu/libm-2.15.so
7f567a8d8000-7f567a8d9000 rw-p 000fb000 07:00 642328                     /lib/x86_64-linux-gnu/libm-2.15.so
7f567a8d9000-7f567a9bb000 r-xp 00000000 07:00 113565                     /usr/lib/x86_64-linux-gnu/libstdc++.so.6.0.16
7f567a9bb000-7f567abba000 ---p 000e2000 07:00 113565                     /usr/lib/x86_64-linux-gnu/libstdc++.so.6.0.16
7f567abba000-7f567abc2000 r--p 000e1000 07:00 113565                     /usr/lib/x86_64-linux-gnu/libstdc++.so.6.0.16
7f567abc2000-7f567abc4000 rw-p 000e9000 07:00 113565                     /usr/lib/x86_64-linux-gnu/libstdc++.so.6.0.16
7f567abc4000-7f567abd9000 rw-p 00000000 00:00 0 
7f567abd9000-7f567b4d9000 r-xp 00000000 07:00 524296                     /usr/lib/jvm/java-6-openjdk-amd64/jre/lib/amd64/server/libjvm.so
7f567b4d9000-7f567b6d9000 ---p 00900000 07:00 524296                     /usr/lib/jvm/java-6-openjdk-amd64/jre/lib/amd64/server/libjvm.so
7f567b6d9000-7f567b75a000 r--p 00900000 07:00 524296                     /usr/lib/jvm/java-6-openjdk-amd64/jre/lib/amd64/server/libjvm.so
7f567b75a000-7f567b775000 rw-p 00981000 07:00 524296                     /usr/lib/jvm/java-6-openjdk-amd64/jre/lib/amd64/server/libjvm.so
7f567b775000-7f567b79e000 rw-p 00000000 00:00 0 
7f567b79e000-7f567b7b4000 r-xp 00000000 07:00 234620                     /lib/x86_64-linux-gnu/libz.so.1.2.3.4
7f567b7b4000-7f567b9b3000 ---p 00016000 07:00 234620                     /lib/x86_64-linux-gnu/libz.so.1.2.3.4
7f567b9b3000-7f567b9b4000 r--p 00015000 07:00 234620                     /lib/x86_64-linux-gnu/libz.so.1.2.3.4
7f567b9b4000-7f567b9b5000 rw-p 00016000 07:00 234620                     /lib/x86_64-linux-gnu/libz.so.1.2.3.4
7f567b9b5000-7f567bb6a000 r-xp 00000000 07:00 592916                     /lib/x86_64-linux-gnu/libc-2.15.so
7f567bb6a000-7f567bd6a000 ---p 001b5000 07:00 592916                     /lib/x86_64-linux-gnu/libc-2.15.so
7f567bd6a000-7f567bd6e000 r--p 001b5000 07:00 592916                     /lib/x86_64-linux-gnu/libc-2.15.so
7f567bd6e000-7f567bd70000 rw-p 001b9000 07:00 592916                     /lib/x86_64-linux-gnu/libc-2.15.so
7f567bd70000-7f567bd75000 rw-p 00000000 00:00 0 
7f567bd75000-7f567bd77000 r-xp 00000000 07:00 642332                     /lib/x86_64-linux-gnu/libdl-2.15.so
7f567bd77000-7f567bf77000 ---p 00002000 07:00 642332                     /lib/x86_64-linux-gnu/libdl-2.15.so
7f567bf77000-7f567bf78000 r--p 00002000 07:00 642332                     /lib/x86_64-linux-gnu/libdl-2.15.so
7f567bf78000-7f567bf79000 rw-p 00003000 07:00 642332                     /lib/x86_64-linux-gnu/libdl-2.15.so
7f567bf79000-7f567bf7d000 r-xp 00000000 07:00 526342                     /usr/lib/jvm/java-6-openjdk-amd64/jre/lib/amd64/jli/libjli.so
7f567bf7d000-7f567c17c000 ---p 00004000 07:00 526342                     /usr/lib/jvm/java-6-openjdk-amd64/jre/lib/amd64/jli/libjli.so
7f567c17c000-7f567c17d000 r--p 00003000 07:00 526342                     /usr/lib/jvm/java-6-openjdk-amd64/jre/lib/amd64/jli/libjli.so
7f567c17d000-7f567c17e000 rw-p 00004000 07:00 526342                     /usr/lib/jvm/java-6-openjdk-amd64/jre/lib/amd64/jli/libjli.so
7f567c17e000-7f567c196000 r-xp 00000000 07:00 642326                     /lib/x86_64-linux-gnu/libpthread-2.15.so
7f567c196000-7f567c395000 ---p 00018000 07:00 642326                     /lib/x86_64-linux-gnu/libpthread-2.15.so
7f567c395000-7f567c396000 r--p 00017000 07:00 642326                     /lib/x86_64-linux-gnu/libpthread-2.15.so
7f567c396000-7f567c397000 rw-p 00018000 07:00 642326                     /lib/x86_64-linux-gnu/libpthread-2.15.so
7f567c397000-7f567c39b000 rw-p 00000000 00:00 0 
7f567c39b000-7f567c3bd000 r-xp 00000000 07:00 642329                     /lib/x86_64-linux-gnu/ld-2.15.so
7f567c3d2000-7f567c3d3000 rw-p 00000000 00:00 0 
7f567c3d3000-7f567c3d7000 r--s 00069000 07:00 1196040                    /home/aivanov/Downloads/opencv-2.4.8/build/bin/opencv-248.jar
7f567c3d7000-7f567c3e1000 rw-p 00000000 00:00 0 
7f567c3e1000-7f567c497000 rw-p 00000000 00:00 0 
7f567c497000-7f567c49a000 ---p 00000000 00:00 0 
7f567c49a000-7f567c59d000 rw-p 00000000 00:00 0                          [stack:4479]
7f567c59d000-7f567c5a0000 r--s 0007f000 07:00 522267                     /usr/lib/jvm/java-6-openjdk-common/jre/lib/jsse.jar
7f567c5a0000-7f567c5a2000 r--s 00024000 07:00 480551                     /home/aivanov/Documents/bot/maslab-2014/kitbot-demo/lib/jSSC-2.6.0-Release/jssc.jar
7f567c5a2000-7f567c5a4000 r--s 0000f000 07:00 522256                     /usr/lib/jvm/java-6-openjdk-common/jre/lib/ext/pulse-java.jar
7f567c5a4000-7f567c5a8000 r--s 00039000 07:00 522255                     /usr/lib/jvm/java-6-openjdk-common/jre/lib/ext/sunpkcs11.jar
7f567c5a8000-7f567c5aa000 r--s 00001000 07:00 522258                     /usr/lib/jvm/java-6-openjdk-common/jre/lib/ext/dnsns.jar
7f567c5aa000-7f567c5ab000 r--s 00007000 07:00 9754                       /usr/share/java/java-atk-wrapper.jar
7f567c5ab000-7f567c5ae000 r--s 00077000 07:00 522257                     /usr/lib/jvm/java-6-openjdk-common/jre/lib/ext/localedata.jar
7f567c5ae000-7f567c5b1000 r--s 00031000 07:00 522259                     /usr/lib/jvm/java-6-openjdk-common/jre/lib/ext/sunjce_provider.jar
7f567c5b1000-7f567c5b9000 rw-s 00000000 07:00 1494286                    /tmp/hsperfdata_aivanov/4474
7f567c5b9000-7f567c5ba000 rw-p 00000000 00:00 0 
7f567c5ba000-7f567c5bb000 r--p 00000000 00:00 0 
7f567c5bb000-7f567c5bd000 rw-p 00000000 00:00 0 
7f567c5bd000-7f567c5be000 r--p 00022000 07:00 642329                     /lib/x86_64-linux-gnu/ld-2.15.so
7f567c5be000-7f567c5c0000 rw-p 00023000 07:00 642329                     /lib/x86_64-linux-gnu/ld-2.15.so
7ffff0176000-7ffff0197000 rw-p 00000000 00:00 0                          [stack]
7ffff01fe000-7ffff0200000 r-xp 00000000 00:00 0                          [vdso]
ffffffffff600000-ffffffffff601000 r-xp 00000000 00:00 0                  [vsyscall]

VM Arguments:
jvm_args: -Djava.library.path=/home/aivanov/Downloads/opencv-2.4.8/build/lib -Dfile.encoding=UTF-8 
java_command: vision.Main
Launcher Type: SUN_STANDARD

Environment Variables:
PATH=/usr/lib/lightdm/lightdm:/usr/local/sbin:/usr/local/bin:/usr/sbin:/usr/bin:/sbin:/bin:/usr/games:/usr/local/llvm/3.3/clang+llvm-3.3-amd64-Ubuntu-12.04.2/bin:/home/aivanov/usr/local/llvm/3.3/clang+llvm-3.3-amd64-Ubuntu-12.04.2/bin:/home/aivanov/usr/local/llvm/3.3/clang+llvm-3.3-amd64-Ubuntu-12.04.2/bin
LD_LIBRARY_PATH=/usr/lib/jvm/java-6-openjdk-amd64/jre/lib/amd64/server:/usr/lib/jvm/java-6-openjdk-amd64/jre/lib/amd64:/usr/lib/jvm/java-6-openjdk-amd64/jre/../lib/amd64
SHELL=/bin/bash
DISPLAY=:0

Signal Handlers:
SIGSEGV: [libjvm.so+0x7837c0], sa_mask[0]=0x7ffbfeff, sa_flags=0x10000004
SIGBUS: [libjvm.so+0x7837c0], sa_mask[0]=0x7ffbfeff, sa_flags=0x10000004
SIGFPE: [libjvm.so+0x647740], sa_mask[0]=0x7ffbfeff, sa_flags=0x10000004
SIGPIPE: [libjvm.so+0x647740], sa_mask[0]=0x7ffbfeff, sa_flags=0x10000004
SIGXFSZ: [libjvm.so+0x647740], sa_mask[0]=0x7ffbfeff, sa_flags=0x10000004
SIGILL: [libjvm.so+0x647740], sa_mask[0]=0x7ffbfeff, sa_flags=0x10000004
SIGUSR1: SIG_DFL, sa_mask[0]=0x00000000, sa_flags=0x00000000
SIGUSR2: [libjvm.so+0x647920], sa_mask[0]=0x00000004, sa_flags=0x10000004
SIGHUP: [libjvm.so+0x64a2f0], sa_mask[0]=0x7ffbfeff, sa_flags=0x10000004
SIGINT: [libjvm.so+0x64a2f0], sa_mask[0]=0x7ffbfeff, sa_flags=0x10000004
SIGTERM: [libjvm.so+0x64a2f0], sa_mask[0]=0x7ffbfeff, sa_flags=0x10000004
SIGQUIT: [libjvm.so+0x64a2f0], sa_mask[0]=0x7ffbfeff, sa_flags=0x10000004


---------------  S Y S T E M  ---------------

OS:Ubuntu 12.04 (precise)
uname:Linux 3.8.0-35-generic #50~precise1-Ubuntu SMP Wed Dec 4 17:25:51 UTC 2013 x86_64
libc:glibc 2.15 NPTL 2.15 
rlimit: STACK 8192k, CORE 0k, NPROC 62889, NOFILE 4096, AS infinity
load average:0.51 0.83 0.60

/proc/meminfo:
MemTotal:        8068724 kB
MemFree:          590528 kB
Buffers:         1752136 kB
Cached:          2212520 kB
SwapCached:            0 kB
Active:          3639352 kB
Inactive:        3553356 kB
Active(anon):    3231360 kB
Inactive(anon):   150432 kB
Active(file):     407992 kB
Inactive(file):  3402924 kB
Unevictable:           0 kB
Mlocked:               0 kB
SwapTotal:        262140 kB
SwapFree:         262140 kB
Dirty:               868 kB
Writeback:             0 kB
AnonPages:       3228620 kB
Mapped:           181072 kB
Shmem:            153744 kB
Slab:             145900 kB
SReclaimable:     117132 kB
SUnreclaim:        28768 kB
KernelStack:        3792 kB
PageTables:        32560 kB
NFS_Unstable:          0 kB
Bounce:                0 kB
WritebackTmp:          0 kB
CommitLimit:     4296500 kB
Committed_AS:    2964732 kB
VmallocTotal:   34359738367 kB
VmallocUsed:      362352 kB
VmallocChunk:   34359321680 kB
HardwareCorrupted:     0 kB
AnonHugePages:         0 kB
HugePages_Total:       0
HugePages_Free:        0
HugePages_Rsvd:        0
HugePages_Surp:        0
Hugepagesize:       2048 kB
DirectMap4k:      161788 kB
DirectMap2M:     8122368 kB


CPU:total 8 (4 cores per cpu, 2 threads per core) family 6 model 42 stepping 7, cmov, cx8, fxsr, mmx, sse, sse2, sse3, ssse3, sse4.1, sse4.2, popcnt, ht

Memory: 4k page, physical 8068724k(590528k free), swap 262140k(262140k free)

vm_info: OpenJDK 64-Bit Server VM (20.0-b12) for linux-amd64 JRE (1.6.0_27-b27), built on Nov 16 2013 15:13:05 by "buildd" with gcc 4.6.3

time: Fri Jan 10 17:29:48 2014
elapsed time: 39 seconds

