#
# A fatal error has been detected by the Java Runtime Environment:
#
#  SIGSEGV (0xb) at pc=0x00007f338424d6a4, pid=15867, tid=139859747112704
#
# JRE version: 7.0_25-b30
# Java VM: OpenJDK 64-Bit Server VM (23.7-b01 mixed mode linux-amd64 compressed oops)
# Problematic frame:
# C  [libpng12.so.0+0x146a4]  png_destroy_write_struct+0x34
#
# Failed to write core dump. Core dumps have been disabled. To enable core dumping, try "ulimit -c unlimited" before starting Java again
#
# If you would like to submit a bug report, please include
# instructions on how to reproduce the bug and visit:
#   https://bugs.launchpad.net/ubuntu/+source/openjdk-7/
# The crash happened outside the Java Virtual Machine in native code.
# See problematic frame for where to report the bug.
#

---------------  T H R E A D  ---------------

Current thread (0x00007f339c009800):  JavaThread "main" [_thread_in_native, id=15870, stack(0x00007f33a27b8000,0x00007f33a28b9000)]

siginfo:si_signo=SIGSEGV: si_errno=0, si_code=1 (SEGV_MAPERR), si_addr=0x0000000000000478

Registers:
RAX=0x0000000000000000, RBX=0x0000000000000000, RCX=0x0000000000000000, RDX=0x00007f33a28b6390
RSP=0x00007f33a28b62f0, RBP=0x00007f33a28b73e0, RSI=0x00007f33a28b73e0, RDI=0x00007f33a28b73e8
R8 =0x00007f33a28b6250, R9 =0x0000000000000001, R10=0x00007f33a28b60c0, R11=0x00007f338424d670
R12=0x00007f33a28b73e8, R13=0x0000000000000000, R14=0x00007f33a28b7730, R15=0x00007f339c009800
RIP=0x00007f338424d6a4, EFLAGS=0x0000000000010206, CSGSFS=0x0000000000000033, ERR=0x0000000000000004
  TRAPNO=0x000000000000000e

Top of Stack: (sp=0x00007f33a28b62f0)
0x00007f33a28b62f0:   00007f33a28b6390 0000000000000000
0x00007f33a28b6300:   0000000000000000 00007f33a28b7750
0x00007f33a28b6310:   0000000000000000 00007f33a28b7730
0x00007f33a28b6320:   00007f339c009800 00007f338ef54b49
0x00007f33a28b6330:   00000000000003c0 0000000000000003
0x00007f33a28b6340:   0000000242ff4000 0000014000000000
0x00007f33a28b6350:   0000000000000000 00007f33a28b7680
0x00007f33a28b6360:   42ff401000000000 00007f339c27ff20
0x00007f33a28b6370:   00007f33a28b7730 00000140000000f0
0x00007f33a28b6380:   00007f33a28b6390 0000000000000208
0x00007f33a28b6390:   0000000000000140 0000000000000001
0x00007f33a28b63a0:   0000000242ff4013 0000014000000000
0x00007f33a28b63b0:   0000000000000000 0000000000000000
0x00007f33a28b63c0:   0000000000000000 0000000000000000
0x00007f33a28b63d0:   0000000000000000 0000000000000000
0x00007f33a28b63e0:   00007f33a28b63a8 00007f33a28b63f0
0x00007f33a28b63f0:   0000000000000780 0000000000000006
0x00007f33a28b6400:   0000000242ff4013 0000014000000000
0x00007f33a28b6410:   0000000000000000 0000000000000000
0x00007f33a28b6420:   0000000000000000 0000000000000000
0x00007f33a28b6430:   0000000000000000 0000000000000000
0x00007f33a28b6440:   00007f33a28b6408 00007f33a28b6450
0x00007f33a28b6450:   0000000000000780 0000000000000006
0x00007f33a28b6460:   0000000000000000 00007f33a28b64c0
0x00007f33a28b6470:   00007f33a28b6530 00007f33983904f7
0x00007f33a28b6480:   0000000000000000 00007f338e606800
0x00007f33a28b6490:   0000000000000000 00000007d7098190
0x00007f33a28b64a0:   0000000000000001 0000000000000003
0x00007f33a28b64b0:   00000007d6f65010 00000007d6f65010
0x00007f33a28b64c0:   00000007d709d930 0000000000000000
0x00007f33a28b64d0:   00007f3300001fa0 0000000000000000
0x00007f33a28b64e0:   00007f338fb1daf0 00007f3300010000 

Instructions: (pc=0x00007f338424d6a4)
0x00007f338424d684:   6c 24 e8 49 89 fc 4c 89 74 24 f0 4c 89 7c 24 f8
0x00007f338424d694:   48 83 ec 38 48 85 ff 0f 84 cf 00 00 00 48 8b 1f
0x00007f338424d6a4:   4c 8b b3 78 04 00 00 4c 8b bb 68 04 00 00 48 85
0x00007f338424d6b4:   ed 74 43 4c 8b 6d 00 4d 85 ed 74 3a 48 85 db 74 

Register to memory mapping:

RAX=0x0000000000000000 is an unknown value
RBX=0x0000000000000000 is an unknown value
RCX=0x0000000000000000 is an unknown value
RDX=0x00007f33a28b6390 is pointing into the stack for thread: 0x00007f339c009800
RSP=0x00007f33a28b62f0 is pointing into the stack for thread: 0x00007f339c009800
RBP=0x00007f33a28b73e0 is pointing into the stack for thread: 0x00007f339c009800
RSI=0x00007f33a28b73e0 is pointing into the stack for thread: 0x00007f339c009800
RDI=0x00007f33a28b73e8 is pointing into the stack for thread: 0x00007f339c009800
R8 =0x00007f33a28b6250 is pointing into the stack for thread: 0x00007f339c009800
R9 =0x0000000000000001 is an unknown value
R10=0x00007f33a28b60c0 is pointing into the stack for thread: 0x00007f339c009800
R11=0x00007f338424d670: png_destroy_write_struct+0 in /lib/x86_64-linux-gnu/libpng12.so.0 at 0x00007f3384239000
R12=0x00007f33a28b73e8 is pointing into the stack for thread: 0x00007f339c009800
R13=0x0000000000000000 is an unknown value
R14=0x00007f33a28b7730 is pointing into the stack for thread: 0x00007f339c009800
R15=0x00007f339c009800 is a thread


Stack: [0x00007f33a27b8000,0x00007f33a28b9000],  sp=0x00007f33a28b62f0,  free space=1016k
Native frames: (J=compiled Java code, j=interpreted, Vv=VM code, C=native code)
C  [libpng12.so.0+0x146a4]  png_destroy_write_struct+0x34

Java frames: (J=compiled Java code, j=interpreted, Vv=VM code)
j  org.opencv.highgui.Highgui.imwrite_1(Ljava/lang/String;J)Z+0
j  org.opencv.highgui.Highgui.imwrite(Ljava/lang/String;Lorg/opencv/core/Mat;)Z+5
j  vision.NewImageProcessor.findWallContours(Lorg/opencv/core/Mat;Lorg/opencv/core/Mat;Ljava/awt/Color;)V+48
j  vision.NewImageProcessor.process(Lorg/opencv/core/Mat;Lvision/detector/VisionDetector;)V+77
j  vision.NewImageProcessor.main([Ljava/lang/String;)V+41
v  ~StubRoutines::call_stub

---------------  P R O C E S S  ---------------

Java Threads: ( => current thread )
  0x00007f339c11c000 JavaThread "Service Thread" daemon [_thread_blocked, id=15889, stack(0x00007f338fcfd000,0x00007f338fdfe000)]
  0x00007f339c119800 JavaThread "C2 CompilerThread1" daemon [_thread_blocked, id=15888, stack(0x00007f338fdfe000,0x00007f338feff000)]
  0x00007f339c116800 JavaThread "C2 CompilerThread0" daemon [_thread_blocked, id=15887, stack(0x00007f338feff000,0x00007f3390000000)]
  0x00007f339c114800 JavaThread "Signal Dispatcher" daemon [_thread_blocked, id=15886, stack(0x00007f339405d000,0x00007f339415e000)]
  0x00007f339c0bb000 JavaThread "Finalizer" daemon [_thread_blocked, id=15885, stack(0x00007f3394427000,0x00007f3394528000)]
  0x00007f339c0b8800 JavaThread "Reference Handler" daemon [_thread_blocked, id=15884, stack(0x00007f3394528000,0x00007f3394629000)]
=>0x00007f339c009800 JavaThread "main" [_thread_in_native, id=15870, stack(0x00007f33a27b8000,0x00007f33a28b9000)]

Other Threads:
  0x00007f339c0b0000 VMThread [stack: 0x00007f3394629000,0x00007f339472a000] [id=15883]
  0x00007f339c126800 WatcherThread [stack: 0x00007f338fbfc000,0x00007f338fcfd000] [id=15890]

VM state:not at safepoint (normal execution)

VM Mutex/Monitor currently owned by a thread: None

Heap
 PSYoungGen      total 36736K, used 1897K [0x00000007d6f60000, 0x00000007d9860000, 0x0000000800000000)
  eden space 31488K, 6% used [0x00000007d6f60000,0x00000007d713a678,0x00000007d8e20000)
  from space 5248K, 0% used [0x00000007d9340000,0x00000007d9340000,0x00000007d9860000)
  to   space 5248K, 0% used [0x00000007d8e20000,0x00000007d8e20000,0x00000007d9340000)
 ParOldGen       total 84096K, used 0K [0x0000000784e00000, 0x000000078a020000, 0x00000007d6f60000)
  object space 84096K, 0% used [0x0000000784e00000,0x0000000784e00000,0x000000078a020000)
 PSPermGen       total 21248K, used 3545K [0x000000077a800000, 0x000000077bcc0000, 0x0000000784e00000)
  object space 21248K, 16% used [0x000000077a800000,0x000000077ab767d8,0x000000077bcc0000)

Card table byte_map: [0x00007f3397f63000,0x00007f3398390000] byte_map_base: 0x00007f339438f000

Polling page: 0x00007f33a28d8000

Code Cache  [0x00007f3398390000, 0x00007f3398600000, 0x00007f339b390000)
 total_blobs=396 nmethods=1 adapters=348 free_code_cache=48656Kb largest_free_block=49823744

Compilation events (2 events):
Event: 0.222 Thread 0x00007f339c119800    1             sun.nio.cs.UTF_8$Encoder::encode (361 bytes)
Event: 0.247 Thread 0x00007f339c119800 nmethod 1 0x00007f3398400ed0 code [0x00007f3398401040, 0x00007f3398401568]

GC Heap History (0 events):
No events

Deoptimization events (0 events):
No events

Internal exceptions (10 events):
Event: 0.222 Thread 0x00007f339c009800 Threw 0x00000007d7035cf0 at /build/buildd/openjdk-7-7u25-2.3.10/build/openjdk/hotspot/src/share/vm/prims/jvm.cpp:1235
Event: 0.233 Thread 0x00007f339c009800 Threw 0x00000007d703c8f8 at /build/buildd/openjdk-7-7u25-2.3.10/build/openjdk/hotspot/src/share/vm/prims/jvm.cpp:1235
Event: 0.234 Thread 0x00007f339c009800 Threw 0x00000007d7046be8 at /build/buildd/openjdk-7-7u25-2.3.10/build/openjdk/hotspot/src/share/vm/prims/jvm.cpp:1235
Event: 0.254 Thread 0x00007f339c009800 Threw 0x00000007d704cb20 at /build/buildd/openjdk-7-7u25-2.3.10/build/openjdk/hotspot/src/share/vm/prims/jvm.cpp:1235
Event: 0.255 Thread 0x00007f339c009800 Threw 0x00000007d7052b30 at /build/buildd/openjdk-7-7u25-2.3.10/build/openjdk/hotspot/src/share/vm/prims/jvm.cpp:1235
Event: 0.256 Thread 0x00007f339c009800 Threw 0x00000007d70552f0 at /build/buildd/openjdk-7-7u25-2.3.10/build/openjdk/hotspot/src/share/vm/prims/jvm.cpp:1235
Event: 0.259 Thread 0x00007f339c009800 Threw 0x00000007d7082aa0 at /build/buildd/openjdk-7-7u25-2.3.10/build/openjdk/hotspot/src/share/vm/prims/jvm.cpp:1235
Event: 0.260 Thread 0x00007f339c009800 Threw 0x00000007d70874f0 at /build/buildd/openjdk-7-7u25-2.3.10/build/openjdk/hotspot/src/share/vm/prims/jvm.cpp:1235
Event: 0.261 Thread 0x00007f339c009800 Threw 0x00000007d708cb10 at /build/buildd/openjdk-7-7u25-2.3.10/build/openjdk/hotspot/src/share/vm/prims/jvm.cpp:1235
Event: 0.281 Thread 0x00007f339c009800 Threw 0x00000007d7098818 at /build/buildd/openjdk-7-7u25-2.3.10/build/openjdk/hotspot/src/share/vm/prims/jni.cpp:716

Events (10 events):
Event: 0.273 loading class 0x00007f339c252420
Event: 0.274 loading class 0x00007f339c252420 done
Event: 0.274 loading class 0x00007f339c0c3ab0
Event: 0.274 loading class 0x00007f339c0c3ab0 done
Event: 0.280 loading class 0x00007f339c1fc320
Event: 0.280 loading class 0x00007f339c1fc320 done
Event: 0.281 loading class 0x00007f339c0e2e40
Event: 0.281 loading class 0x00007f339c0e2e40 done
Event: 0.281 loading class 0x00007f339c086b00
Event: 0.281 loading class 0x00007f339c086b00 done


Dynamic libraries:
00400000-00401000 r-xp 00000000 07:00 317449                             /usr/lib/jvm/java-7-openjdk-amd64/jre/bin/java
00600000-00601000 r--p 00000000 07:00 317449                             /usr/lib/jvm/java-7-openjdk-amd64/jre/bin/java
00601000-00602000 rw-p 00001000 07:00 317449                             /usr/lib/jvm/java-7-openjdk-amd64/jre/bin/java
013cf000-013f0000 rw-p 00000000 00:00 0                                  [heap]
77a800000-77bcc0000 rw-p 00000000 00:00 0 
77bcc0000-784e00000 rw-p 00000000 00:00 0 
784e00000-78a020000 rw-p 00000000 00:00 0 
78a020000-7d6f60000 rw-p 00000000 00:00 0 
7d6f60000-7d9860000 rw-p 00000000 00:00 0 
7d9860000-800000000 rw-p 00000000 00:00 0 
7f332c000000-7f332c021000 rw-p 00000000 00:00 0 
7f332c021000-7f3330000000 ---p 00000000 00:00 0 
7f3334000000-7f3334021000 rw-p 00000000 00:00 0 
7f3334021000-7f3338000000 ---p 00000000 00:00 0 
7f3338000000-7f3338021000 rw-p 00000000 00:00 0 
7f3338021000-7f333c000000 ---p 00000000 00:00 0 
7f333c000000-7f333c021000 rw-p 00000000 00:00 0 
7f333c021000-7f3340000000 ---p 00000000 00:00 0 
7f3340000000-7f3340093000 rw-p 00000000 00:00 0 
7f3340093000-7f3344000000 ---p 00000000 00:00 0 
7f3344000000-7f3344021000 rw-p 00000000 00:00 0 
7f3344021000-7f3348000000 ---p 00000000 00:00 0 
7f3348000000-7f3348021000 rw-p 00000000 00:00 0 
7f3348021000-7f334c000000 ---p 00000000 00:00 0 
7f334c000000-7f334c021000 rw-p 00000000 00:00 0 
7f334c021000-7f3350000000 ---p 00000000 00:00 0 
7f3353d40000-7f3358000000 rw-p 00000000 00:00 0 
7f3358000000-7f3358021000 rw-p 00000000 00:00 0 
7f3358021000-7f335c000000 ---p 00000000 00:00 0 
7f3360000000-7f3360021000 rw-p 00000000 00:00 0 
7f3360021000-7f3364000000 ---p 00000000 00:00 0 
7f3368000000-7f3368021000 rw-p 00000000 00:00 0 
7f3368021000-7f336c000000 ---p 00000000 00:00 0 
7f3370000000-7f3370021000 rw-p 00000000 00:00 0 
7f3370021000-7f3374000000 ---p 00000000 00:00 0 
7f3378000000-7f3378021000 rw-p 00000000 00:00 0 
7f3378021000-7f337c000000 ---p 00000000 00:00 0 
7f337e807000-7f337e80a000 r-xp 00000000 07:00 234535                     /lib/x86_64-linux-gnu/libgpg-error.so.0.8.0
7f337e80a000-7f337ea09000 ---p 00003000 07:00 234535                     /lib/x86_64-linux-gnu/libgpg-error.so.0.8.0
7f337ea09000-7f337ea0a000 r--p 00002000 07:00 234535                     /lib/x86_64-linux-gnu/libgpg-error.so.0.8.0
7f337ea0a000-7f337ea0b000 rw-p 00003000 07:00 234535                     /lib/x86_64-linux-gnu/libgpg-error.so.0.8.0
7f337ea0b000-7f337ea0e000 r-xp 00000000 07:00 234587                     /lib/x86_64-linux-gnu/libkeyutils.so.1.4
7f337ea0e000-7f337ec0d000 ---p 00003000 07:00 234587                     /lib/x86_64-linux-gnu/libkeyutils.so.1.4
7f337ec0d000-7f337ec0e000 r--p 00002000 07:00 234587                     /lib/x86_64-linux-gnu/libkeyutils.so.1.4
7f337ec0e000-7f337ec0f000 rw-p 00003000 07:00 234587                     /lib/x86_64-linux-gnu/libkeyutils.so.1.4
7f337ec0f000-7f337ec51000 r-xp 00000000 07:00 234531                     /lib/x86_64-linux-gnu/libdbus-1.so.3.5.8
7f337ec51000-7f337ee51000 ---p 00042000 07:00 234531                     /lib/x86_64-linux-gnu/libdbus-1.so.3.5.8
7f337ee51000-7f337ee52000 r--p 00042000 07:00 234531                     /lib/x86_64-linux-gnu/libdbus-1.so.3.5.8
7f337ee52000-7f337ee53000 rw-p 00043000 07:00 234531                     /lib/x86_64-linux-gnu/libdbus-1.so.3.5.8
7f337ee53000-7f337ee64000 r-xp 00000000 07:00 93612                      /usr/lib/x86_64-linux-gnu/libp11-kit.so.0.0.0
7f337ee64000-7f337f063000 ---p 00011000 07:00 93612                      /usr/lib/x86_64-linux-gnu/libp11-kit.so.0.0.0
7f337f063000-7f337f064000 r--p 00010000 07:00 93612                      /usr/lib/x86_64-linux-gnu/libp11-kit.so.0.0.0
7f337f064000-7f337f065000 rw-p 00011000 07:00 93612                      /usr/lib/x86_64-linux-gnu/libp11-kit.so.0.0.0
7f337f065000-7f337f0df000 r-xp 00000000 07:00 234507                     /lib/x86_64-linux-gnu/libgcrypt.so.11.7.0
7f337f0df000-7f337f2df000 ---p 0007a000 07:00 234507                     /lib/x86_64-linux-gnu/libgcrypt.so.11.7.0
7f337f2df000-7f337f2e0000 r--p 0007a000 07:00 234507                     /lib/x86_64-linux-gnu/libgcrypt.so.11.7.0
7f337f2e0000-7f337f2e3000 rw-p 0007b000 07:00 234507                     /lib/x86_64-linux-gnu/libgcrypt.so.11.7.0
7f337f2e3000-7f337f2f3000 r-xp 00000000 07:00 113457                     /usr/lib/x86_64-linux-gnu/libtasn1.so.3.1.12
7f337f2f3000-7f337f4f2000 ---p 00010000 07:00 113457                     /usr/lib/x86_64-linux-gnu/libtasn1.so.3.1.12
7f337f4f2000-7f337f4f3000 r--p 0000f000 07:00 113457                     /usr/lib/x86_64-linux-gnu/libtasn1.so.3.1.12
7f337f4f3000-7f337f4f4000 rw-p 00010000 07:00 113457                     /usr/lib/x86_64-linux-gnu/libtasn1.so.3.1.12
7f337f4f4000-7f337f4fb000 r-xp 00000000 07:00 113515                     /usr/lib/x86_64-linux-gnu/libkrb5support.so.0.1
7f337f4fb000-7f337f6fa000 ---p 00007000 07:00 113515                     /usr/lib/x86_64-linux-gnu/libkrb5support.so.0.1
7f337f6fa000-7f337f6fb000 r--p 00006000 07:00 113515                     /usr/lib/x86_64-linux-gnu/libkrb5support.so.0.1
7f337f6fb000-7f337f6fc000 rw-p 00007000 07:00 113515                     /usr/lib/x86_64-linux-gnu/libkrb5support.so.0.1
7f337f6fc000-7f337f6ff000 r-xp 00000000 07:00 234510                     /lib/x86_64-linux-gnu/libcom_err.so.2.1
7f337f6ff000-7f337f8fe000 ---p 00003000 07:00 234510                     /lib/x86_64-linux-gnu/libcom_err.so.2.1
7f337f8fe000-7f337f8ff000 r--p 00002000 07:00 234510                     /lib/x86_64-linux-gnu/libcom_err.so.2.1
7f337f8ff000-7f337f900000 rw-p 00003000 07:00 234510                     /lib/x86_64-linux-gnu/libcom_err.so.2.1
7f337f900000-7f337f925000 r-xp 00000000 07:00 93453                      /usr/lib/x86_64-linux-gnu/libk5crypto.so.3.1
7f337f925000-7f337fb25000 ---p 00025000 07:00 93453                      /usr/lib/x86_64-linux-gnu/libk5crypto.so.3.1
7f337fb25000-7f337fb26000 r--p 00025000 07:00 93453                      /usr/lib/x86_64-linux-gnu/libk5crypto.so.3.1
7f337fb26000-7f337fb27000 rw-p 00026000 07:00 93453                      /usr/lib/x86_64-linux-gnu/libk5crypto.so.3.1
7f337fb27000-7f337fb28000 rw-p 00000000 00:00 0 
7f337fb28000-7f337fbec000 r-xp 00000000 07:00 93534                      /usr/lib/x86_64-linux-gnu/libkrb5.so.3.3
7f337fbec000-7f337fdeb000 ---p 000c4000 07:00 93534                      /usr/lib/x86_64-linux-gnu/libkrb5.so.3.3
7f337fdeb000-7f337fdf5000 r--p 000c3000 07:00 93534                      /usr/lib/x86_64-linux-gnu/libkrb5.so.3.3
7f337fdf5000-7f337fdf6000 rw-p 000cd000 07:00 93534                      /usr/lib/x86_64-linux-gnu/libkrb5.so.3.3
7f337fdf6000-7f337fdfe000 r-xp 00000000 07:00 113561                     /usr/lib/x86_64-linux-gnu/libxcb-render.so.0.0.0
7f337fdfe000-7f337fffe000 ---p 00008000 07:00 113561                     /usr/lib/x86_64-linux-gnu/libxcb-render.so.0.0.0
7f337fffe000-7f337ffff000 r--p 00008000 07:00 113561                     /usr/lib/x86_64-linux-gnu/libxcb-render.so.0.0.0
7f337ffff000-7f3380000000 rw-p 00009000 07:00 113561                     /usr/lib/x86_64-linux-gnu/libxcb-render.so.0.0.0
7f3380000000-7f3380021000 rw-p 00000000 00:00 0 
7f3380021000-7f3384000000 ---p 00000000 00:00 0 
7f3384036000-7f3384038000 r-xp 00000000 07:00 93429                      /usr/lib/x86_64-linux-gnu/libxcb-shm.so.0.0.0
7f3384038000-7f3384237000 ---p 00002000 07:00 93429                      /usr/lib/x86_64-linux-gnu/libxcb-shm.so.0.0.0
7f3384237000-7f3384238000 r--p 00001000 07:00 93429                      /usr/lib/x86_64-linux-gnu/libxcb-shm.so.0.0.0
7f3384238000-7f3384239000 rw-p 00002000 07:00 93429                      /usr/lib/x86_64-linux-gnu/libxcb-shm.so.0.0.0
7f3384239000-7f338425f000 r-xp 00000000 07:00 234543                     /lib/x86_64-linux-gnu/libpng12.so.0.46.0
7f338425f000-7f338445f000 ---p 00026000 07:00 234543                     /lib/x86_64-linux-gnu/libpng12.so.0.46.0
7f338445f000-7f3384460000 r--p 00026000 07:00 234543                     /lib/x86_64-linux-gnu/libpng12.so.0.46.0
7f3384460000-7f3384461000 rw-p 00027000 07:00 234543                     /lib/x86_64-linux-gnu/libpng12.so.0.46.0
7f3384461000-7f33844f1000 r-xp 00000000 07:00 1479762                    /usr/lib/x86_64-linux-gnu/libpixman-1.so.0.30.2
7f33844f1000-7f33846f0000 ---p 00090000 07:00 1479762                    /usr/lib/x86_64-linux-gnu/libpixman-1.so.0.30.2
7f33846f0000-7f33846f7000 r--p 0008f000 07:00 1479762                    /usr/lib/x86_64-linux-gnu/libpixman-1.so.0.30.2
7f33846f7000-7f33846f8000 rw-p 00096000 07:00 1479762                    /usr/lib/x86_64-linux-gnu/libpixman-1.so.0.30.2
7f33846f8000-7f33846fd000 r-xp 00000000 07:00 113447                     /usr/lib/x86_64-linux-gnu/libXdmcp.so.6.0.0
7f33846fd000-7f33848fc000 ---p 00005000 07:00 113447                     /usr/lib/x86_64-linux-gnu/libXdmcp.so.6.0.0
7f33848fc000-7f33848fd000 r--p 00004000 07:00 113447                     /usr/lib/x86_64-linux-gnu/libXdmcp.so.6.0.0
7f33848fd000-7f33848fe000 rw-p 00005000 07:00 113447                     /usr/lib/x86_64-linux-gnu/libXdmcp.so.6.0.0
7f33848fe000-7f3384900000 r-xp 00000000 07:00 113586                     /usr/lib/x86_64-linux-gnu/libXau.so.6.0.0
7f3384900000-7f3384aff000 ---p 00002000 07:00 113586                     /usr/lib/x86_64-linux-gnu/libXau.so.6.0.0
7f3384aff000-7f3384b00000 r--p 00001000 07:00 113586                     /usr/lib/x86_64-linux-gnu/libXau.so.6.0.0
7f3384b00000-7f3384b01000 rw-p 00002000 07:00 113586                     /usr/lib/x86_64-linux-gnu/libXau.so.6.0.0
7f3384b01000-7f3384b11000 r-xp 00000000 07:00 1479774                    /usr/lib/x86_64-linux-gnu/libavahi-client.so.3.2.9
7f3384b11000-7f3384d10000 ---p 00010000 07:00 1479774                    /usr/lib/x86_64-linux-gnu/libavahi-client.so.3.2.9
7f3384d10000-7f3384d11000 r--p 0000f000 07:00 1479774                    /usr/lib/x86_64-linux-gnu/libavahi-client.so.3.2.9
7f3384d11000-7f3384d12000 rw-p 00010000 07:00 1479774                    /usr/lib/x86_64-linux-gnu/libavahi-client.so.3.2.9
7f3384d12000-7f3384d1d000 r-xp 00000000 07:00 1479772                    /usr/lib/x86_64-linux-gnu/libavahi-common.so.3.5.3
7f3384d1d000-7f3384f1c000 ---p 0000b000 07:00 1479772                    /usr/lib/x86_64-linux-gnu/libavahi-common.so.3.5.3
7f3384f1c000-7f3384f1d000 r--p 0000a000 07:00 1479772                    /usr/lib/x86_64-linux-gnu/libavahi-common.so.3.5.3
7f3384f1d000-7f3384f1e000 rw-p 0000b000 07:00 1479772                    /usr/lib/x86_64-linux-gnu/libavahi-common.so.3.5.3
7f3384f1e000-7f3384fd2000 r-xp 00000000 07:00 1479742                    /usr/lib/x86_64-linux-gnu/libgnutls.so.26.21.8
7f3384fd2000-7f33851d2000 ---p 000b4000 07:00 1479742                    /usr/lib/x86_64-linux-gnu/libgnutls.so.26.21.8
7f33851d2000-7f33851d8000 r--p 000b4000 07:00 1479742                    /usr/lib/x86_64-linux-gnu/libgnutls.so.26.21.8
7f33851d8000-7f33851d9000 rw-p 000ba000 07:00 1479742                    /usr/lib/x86_64-linux-gnu/libgnutls.so.26.21.8
7f33851d9000-7f33851da000 rw-p 00000000 00:00 0 
7f33851da000-7f3385215000 r-xp 00000000 07:00 113467                     /usr/lib/x86_64-linux-gnu/libgssapi_krb5.so.2.2
7f3385215000-7f3385415000 ---p 0003b000 07:00 113467                     /usr/lib/x86_64-linux-gnu/libgssapi_krb5.so.2.2
7f3385415000-7f3385416000 r--p 0003b000 07:00 113467                     /usr/lib/x86_64-linux-gnu/libgssapi_krb5.so.2.2
7f3385416000-7f3385418000 rw-p 0003c000 07:00 113467                     /usr/lib/x86_64-linux-gnu/libgssapi_krb5.so.2.2
7f3385418000-7f3385454000 r-xp 00000000 07:00 234583                     /lib/x86_64-linux-gnu/libpcre.so.3.12.1
7f3385454000-7f3385653000 ---p 0003c000 07:00 234583                     /lib/x86_64-linux-gnu/libpcre.so.3.12.1
7f3385653000-7f3385654000 r--p 0003b000 07:00 234583                     /lib/x86_64-linux-gnu/libpcre.so.3.12.1
7f3385654000-7f3385655000 rw-p 0003c000 07:00 234583                     /lib/x86_64-linux-gnu/libpcre.so.3.12.1
7f3385655000-7f338565c000 r-xp 00000000 07:00 93515                      /usr/lib/x86_64-linux-gnu/libffi.so.6.0.0
7f338565c000-7f338585b000 ---p 00007000 07:00 93515                      /usr/lib/x86_64-linux-gnu/libffi.so.6.0.0
7f338585b000-7f338585c000 r--p 00006000 07:00 93515                      /usr/lib/x86_64-linux-gnu/libffi.so.6.0.0
7f338585c000-7f338585d000 rw-p 00007000 07:00 93515                      /usr/lib/x86_64-linux-gnu/libffi.so.6.0.0
7f338585d000-7f3385884000 r-xp 00000000 07:00 234562                     /lib/x86_64-linux-gnu/libexpat.so.1.5.2
7f3385884000-7f3385a84000 ---p 00027000 07:00 234562                     /lib/x86_64-linux-gnu/libexpat.so.1.5.2
7f3385a84000-7f3385a86000 r--p 00027000 07:00 234562                     /lib/x86_64-linux-gnu/libexpat.so.1.5.2
7f3385a86000-7f3385a87000 rw-p 00029000 07:00 234562                     /lib/x86_64-linux-gnu/libexpat.so.1.5.2
7f3385a87000-7f3385b1d000 r-xp 00000000 07:00 113532                     /usr/lib/x86_64-linux-gnu/libfreetype.so.6.8.0
7f3385b1d000-7f3385d1c000 ---p 00096000 07:00 113532                     /usr/lib/x86_64-linux-gnu/libfreetype.so.6.8.0
7f3385d1c000-7f3385d22000 r--p 00095000 07:00 113532                     /usr/lib/x86_64-linux-gnu/libfreetype.so.6.8.0
7f3385d22000-7f3385d23000 rw-p 0009b000 07:00 113532                     /usr/lib/x86_64-linux-gnu/libfreetype.so.6.8.0
7f3385d23000-7f3385d3b000 r-xp 00000000 07:00 1355784                    /lib/x86_64-linux-gnu/libresolv-2.15.so
7f3385d3b000-7f3385f3b000 ---p 00018000 07:00 1355784                    /lib/x86_64-linux-gnu/libresolv-2.15.so
7f3385f3b000-7f3385f3c000 r--p 00018000 07:00 1355784                    /lib/x86_64-linux-gnu/libresolv-2.15.so
7f3385f3c000-7f3385f3d000 rw-p 00019000 07:00 1355784                    /lib/x86_64-linux-gnu/libresolv-2.15.so
7f3385f3d000-7f3385f3f000 rw-p 00000000 00:00 0 
7f3385f3f000-7f3385f5c000 r-xp 00000000 07:00 234525                     /lib/x86_64-linux-gnu/libselinux.so.1
7f3385f5c000-7f338615b000 ---p 0001d000 07:00 234525                     /lib/x86_64-linux-gnu/libselinux.so.1
7f338615b000-7f338615c000 r--p 0001c000 07:00 234525                     /lib/x86_64-linux-gnu/libselinux.so.1
7f338615c000-7f338615d000 rw-p 0001d000 07:00 234525                     /lib/x86_64-linux-gnu/libselinux.so.1
7f338615d000-7f338615e000 rw-p 00000000 00:00 0 
7f338615e000-7f3386161000 r-xp 00000000 07:00 1479720                    /usr/lib/x86_64-linux-gnu/libgmodule-2.0.so.0.3200.4
7f3386161000-7f3386360000 ---p 00003000 07:00 1479720                    /usr/lib/x86_64-linux-gnu/libgmodule-2.0.so.0.3200.4
7f3386360000-7f3386361000 r--p 00002000 07:00 1479720                    /usr/lib/x86_64-linux-gnu/libgmodule-2.0.so.0.3200.4
7f3386361000-7f3386362000 rw-p 00003000 07:00 1479720                    /usr/lib/x86_64-linux-gnu/libgmodule-2.0.so.0.3200.4
7f3386362000-7f3386364000 r-xp 00000000 07:00 113493                     /usr/lib/x86_64-linux-gnu/libXdamage.so.1.1.0
7f3386364000-7f3386563000 ---p 00002000 07:00 113493                     /usr/lib/x86_64-linux-gnu/libXdamage.so.1.1.0
7f3386563000-7f3386564000 r--p 00001000 07:00 113493                     /usr/lib/x86_64-linux-gnu/libXdamage.so.1.1.0
7f3386564000-7f3386565000 rw-p 00002000 07:00 113493                     /usr/lib/x86_64-linux-gnu/libXdamage.so.1.1.0
7f3386565000-7f3386567000 r-xp 00000000 07:00 93510                      /usr/lib/x86_64-linux-gnu/libXcomposite.so.1.0.0
7f3386567000-7f3386766000 ---p 00002000 07:00 93510                      /usr/lib/x86_64-linux-gnu/libXcomposite.so.1.0.0
7f3386766000-7f3386767000 r--p 00001000 07:00 93510                      /usr/lib/x86_64-linux-gnu/libXcomposite.so.1.0.0
7f3386767000-7f3386768000 rw-p 00002000 07:00 93510                      /usr/lib/x86_64-linux-gnu/libXcomposite.so.1.0.0
7f3386768000-7f3386771000 r-xp 00000000 07:00 93479                      /usr/lib/x86_64-linux-gnu/libXcursor.so.1.0.2
7f3386771000-7f3386970000 ---p 00009000 07:00 93479                      /usr/lib/x86_64-linux-gnu/libXcursor.so.1.0.2
7f3386970000-7f3386971000 r--p 00008000 07:00 93479                      /usr/lib/x86_64-linux-gnu/libXcursor.so.1.0.2
7f3386971000-7f3386972000 rw-p 00009000 07:00 93479                      /usr/lib/x86_64-linux-gnu/libXcursor.so.1.0.2
7f3386972000-7f3386979000 r-xp 00000000 07:00 93528                      /usr/lib/x86_64-linux-gnu/libXrandr.so.2.2.0
7f3386979000-7f3386b78000 ---p 00007000 07:00 93528                      /usr/lib/x86_64-linux-gnu/libXrandr.so.2.2.0
7f3386b78000-7f3386b79000 r--p 00006000 07:00 93528                      /usr/lib/x86_64-linux-gnu/libXrandr.so.2.2.0
7f3386b79000-7f3386b7a000 rw-p 00007000 07:00 93528                      /usr/lib/x86_64-linux-gnu/libXrandr.so.2.2.0
7f3386b7a000-7f3386b7c000 r-xp 00000000 07:00 113624                     /usr/lib/x86_64-linux-gnu/libXinerama.so.1.0.0
7f3386b7c000-7f3386d7b000 ---p 00002000 07:00 113624                     /usr/lib/x86_64-linux-gnu/libXinerama.so.1.0.0
7f3386d7b000-7f3386d7c000 r--p 00001000 07:00 113624                     /usr/lib/x86_64-linux-gnu/libXinerama.so.1.0.0
7f3386d7c000-7f3386d7d000 rw-p 00002000 07:00 113624                     /usr/lib/x86_64-linux-gnu/libXinerama.so.1.0.0
7f3386d7d000-7f3386da6000 r-xp 00000000 07:00 93391                      /usr/lib/x86_64-linux-gnu/libpangoft2-1.0.so.0.3000.0
7f3386da6000-7f3386fa5000 ---p 00029000 07:00 93391                      /usr/lib/x86_64-linux-gnu/libpangoft2-1.0.so.0.3000.0
7f3386fa5000-7f3386fa6000 r--p 00028000 07:00 93391                      /usr/lib/x86_64-linux-gnu/libpangoft2-1.0.so.0.3000.0
7f3386fa6000-7f3386fa7000 rw-p 00029000 07:00 93391                      /usr/lib/x86_64-linux-gnu/libpangoft2-1.0.so.0.3000.0
7f3386fa7000-7f3387060000 r-xp 00000000 07:00 93452                      /usr/lib/x86_64-linux-gnu/libcairo.so.2.11000.2
7f3387060000-7f338725f000 ---p 000b9000 07:00 93452                      /usr/lib/x86_64-linux-gnu/libcairo.so.2.11000.2
7f338725f000-7f3387261000 r--p 000b8000 07:00 93452                      /usr/lib/x86_64-linux-gnu/libcairo.so.2.11000.2
7f3387261000-7f3387262000 rw-p 000ba000 07:00 93452                      /usr/lib/x86_64-linux-gnu/libcairo.so.2.11000.2
7f3387262000-7f3387265000 rw-p 00000000 00:00 0 
7f3387265000-7f3387284000 r-xp 00000000 07:00 113625                     /usr/lib/x86_64-linux-gnu/libatk-1.0.so.0.20409.1
7f3387284000-7f3387484000 ---p 0001f000 07:00 113625                     /usr/lib/x86_64-linux-gnu/libatk-1.0.so.0.20409.1
7f3387484000-7f3387486000 r--p 0001f000 07:00 113625                     /usr/lib/x86_64-linux-gnu/libatk-1.0.so.0.20409.1
7f3387486000-7f3387487000 rw-p 00021000 07:00 113625                     /usr/lib/x86_64-linux-gnu/libatk-1.0.so.0.20409.1
7f3387487000-7f338748c000 r-xp 00000000 07:00 1479768                    /usr/lib/x86_64-linux-gnu/libXfixes.so.3.1.0
7f338748c000-7f338768b000 ---p 00005000 07:00 1479768                    /usr/lib/x86_64-linux-gnu/libXfixes.so.3.1.0
7f338768b000-7f338768c000 r--p 00004000 07:00 1479768                    /usr/lib/x86_64-linux-gnu/libXfixes.so.3.1.0
7f338768c000-7f338768d000 rw-p 00005000 07:00 1479768                    /usr/lib/x86_64-linux-gnu/libXfixes.so.3.1.0
7f338768d000-7f3387698000 r-xp 00000000 07:00 113531                     /usr/lib/x86_64-linux-gnu/libpangocairo-1.0.so.0.3000.0
7f3387698000-7f3387897000 ---p 0000b000 07:00 113531                     /usr/lib/x86_64-linux-gnu/libpangocairo-1.0.so.0.3000.0
7f3387897000-7f3387898000 r--p 0000a000 07:00 113531                     /usr/lib/x86_64-linux-gnu/libpangocairo-1.0.so.0.3000.0
7f3387898000-7f3387899000 rw-p 0000b000 07:00 113531                     /usr/lib/x86_64-linux-gnu/libpangocairo-1.0.so.0.3000.0
7f3387899000-7f33878b6000 r-xp 00000000 07:00 93302                      /usr/lib/x86_64-linux-gnu/libxcb.so.1.1.0
7f33878b6000-7f3387ab5000 ---p 0001d000 07:00 93302                      /usr/lib/x86_64-linux-gnu/libxcb.so.1.1.0
7f3387ab5000-7f3387ab6000 r--p 0001c000 07:00 93302                      /usr/lib/x86_64-linux-gnu/libxcb.so.1.1.0
7f3387ab6000-7f3387ab7000 rw-p 0001d000 07:00 93302                      /usr/lib/x86_64-linux-gnu/libxcb.so.1.1.0
7f3387ab7000-7f3387b07000 r-xp 00000000 07:00 93603                      /usr/lib/x86_64-linux-gnu/libcups.so.2
7f3387b07000-7f3387d06000 ---p 00050000 07:00 93603                      /usr/lib/x86_64-linux-gnu/libcups.so.2
7f3387d06000-7f3387d0a000 r--p 0004f000 07:00 93603                      /usr/lib/x86_64-linux-gnu/libcups.so.2
7f3387d0a000-7f3387d0b000 rw-p 00053000 07:00 93603                      /usr/lib/x86_64-linux-gnu/libcups.so.2
7f3387d0b000-7f3387dfd000 r-xp 00000000 07:00 234522                     /lib/x86_64-linux-gnu/libglib-2.0.so.0.3200.4
7f3387dfd000-7f3387ffd000 ---p 000f2000 07:00 234522                     /lib/x86_64-linux-gnu/libglib-2.0.so.0.3200.4
7f3387ffd000-7f3387ffe000 r--p 000f2000 07:00 234522                     /lib/x86_64-linux-gnu/libglib-2.0.so.0.3200.4
7f3387ffe000-7f3387fff000 rw-p 000f3000 07:00 234522                     /lib/x86_64-linux-gnu/libglib-2.0.so.0.3200.4
7f3387fff000-7f3388000000 rw-p 00000000 00:00 0 
7f3388000000-7f3388021000 rw-p 00000000 00:00 0 
7f3388021000-7f338c000000 ---p 00000000 00:00 0 
7f338c089000-7f338c08a000 r-xp 00000000 07:00 1479722                    /usr/lib/x86_64-linux-gnu/libgthread-2.0.so.0.3200.4
7f338c08a000-7f338c289000 ---p 00001000 07:00 1479722                    /usr/lib/x86_64-linux-gnu/libgthread-2.0.so.0.3200.4
7f338c289000-7f338c28a000 r--p 00000000 07:00 1479722                    /usr/lib/x86_64-linux-gnu/libgthread-2.0.so.0.3200.4
7f338c28a000-7f338c28b000 rw-p 00001000 07:00 1479722                    /usr/lib/x86_64-linux-gnu/libgthread-2.0.so.0.3200.4
7f338c28b000-7f338c2d8000 r-xp 00000000 07:00 1479726                    /usr/lib/x86_64-linux-gnu/libgobject-2.0.so.0.3200.4
7f338c2d8000-7f338c4d8000 ---p 0004d000 07:00 1479726                    /usr/lib/x86_64-linux-gnu/libgobject-2.0.so.0.3200.4
7f338c4d8000-7f338c4d9000 r--p 0004d000 07:00 1479726                    /usr/lib/x86_64-linux-gnu/libgobject-2.0.so.0.3200.4
7f338c4d9000-7f338c4da000 rw-p 0004e000 07:00 1479726                    /usr/lib/x86_64-linux-gnu/libgobject-2.0.so.0.3200.4
7f338c4da000-7f338c50e000 r-xp 00000000 07:00 93287                      /usr/lib/x86_64-linux-gnu/libfontconfig.so.1.4.4
7f338c50e000-7f338c70e000 ---p 00034000 07:00 93287                      /usr/lib/x86_64-linux-gnu/libfontconfig.so.1.4.4
7f338c70e000-7f338c70f000 r--p 00034000 07:00 93287                      /usr/lib/x86_64-linux-gnu/libfontconfig.so.1.4.4
7f338c70f000-7f338c710000 rw-p 00035000 07:00 93287                      /usr/lib/x86_64-linux-gnu/libfontconfig.so.1.4.4
7f338c710000-7f338c756000 r-xp 00000000 07:00 113642                     /usr/lib/x86_64-linux-gnu/libpango-1.0.so.0.3000.0
7f338c756000-7f338c956000 ---p 00046000 07:00 113642                     /usr/lib/x86_64-linux-gnu/libpango-1.0.so.0.3000.0
7f338c956000-7f338c958000 r--p 00046000 07:00 113642                     /usr/lib/x86_64-linux-gnu/libpango-1.0.so.0.3000.0
7f338c958000-7f338c959000 rw-p 00048000 07:00 113642                     /usr/lib/x86_64-linux-gnu/libpango-1.0.so.0.3000.0
7f338c959000-7f338c977000 r-xp 00000000 07:00 93419                      /usr/lib/x86_64-linux-gnu/libgdk_pixbuf-2.0.so.0.2600.1
7f338c977000-7f338cb77000 ---p 0001e000 07:00 93419                      /usr/lib/x86_64-linux-gnu/libgdk_pixbuf-2.0.so.0.2600.1
7f338cb77000-7f338cb78000 r--p 0001e000 07:00 93419                      /usr/lib/x86_64-linux-gnu/libgdk_pixbuf-2.0.so.0.2600.1
7f338cb78000-7f338cb79000 rw-p 0001f000 07:00 93419                      /usr/lib/x86_64-linux-gnu/libgdk_pixbuf-2.0.so.0.2600.1
7f338cb79000-7f338ccc1000 r-xp 00000000 07:00 1479724                    /usr/lib/x86_64-linux-gnu/libgio-2.0.so.0.3200.4
7f338ccc1000-7f338cec0000 ---p 00148000 07:00 1479724                    /usr/lib/x86_64-linux-gnu/libgio-2.0.so.0.3200.4
7f338cec0000-7f338cec4000 r--p 00147000 07:00 1479724                    /usr/lib/x86_64-linux-gnu/libgio-2.0.so.0.3200.4
7f338cec4000-7f338cec6000 rw-p 0014b000 07:00 1479724                    /usr/lib/x86_64-linux-gnu/libgio-2.0.so.0.3200.4
7f338cec6000-7f338cec8000 rw-p 00000000 00:00 0 
7f338cec8000-7f338cf75000 r-xp 00000000 07:00 93263                      /usr/lib/x86_64-linux-gnu/libgdk-x11-2.0.so.0.2400.10
7f338cf75000-7f338d174000 ---p 000ad000 07:00 93263                      /usr/lib/x86_64-linux-gnu/libgdk-x11-2.0.so.0.2400.10
7f338d174000-7f338d178000 r--p 000ac000 07:00 93263                      /usr/lib/x86_64-linux-gnu/libgdk-x11-2.0.so.0.2400.10
7f338d178000-7f338d17a000 rw-p 000b0000 07:00 93263                      /usr/lib/x86_64-linux-gnu/libgdk-x11-2.0.so.0.2400.10
7f338d17a000-7f338d5a7000 r-xp 00000000 07:00 113497                     /usr/lib/x86_64-linux-gnu/libgtk-x11-2.0.so.0.2400.10
7f338d5a7000-7f338d7a7000 ---p 0042d000 07:00 113497                     /usr/lib/x86_64-linux-gnu/libgtk-x11-2.0.so.0.2400.10
7f338d7a7000-7f338d7ae000 r--p 0042d000 07:00 113497                     /usr/lib/x86_64-linux-gnu/libgtk-x11-2.0.so.0.2400.10
7f338d7ae000-7f338d7b2000 rw-p 00434000 07:00 113497                     /usr/lib/x86_64-linux-gnu/libgtk-x11-2.0.so.0.2400.10
7f338d7b2000-7f338d7b4000 rw-p 00000000 00:00 0 
7f338d7b4000-7f338d7c3000 r-xp 00000000 07:00 1479776                    /usr/lib/x86_64-linux-gnu/libXi.so.6.1.0
7f338d7c3000-7f338d9c2000 ---p 0000f000 07:00 1479776                    /usr/lib/x86_64-linux-gnu/libXi.so.6.1.0
7f338d9c2000-7f338d9c3000 r--p 0000e000 07:00 1479776                    /usr/lib/x86_64-linux-gnu/libXi.so.6.1.0
7f338d9c3000-7f338d9c4000 rw-p 0000f000 07:00 1479776                    /usr/lib/x86_64-linux-gnu/libXi.so.6.1.0
7f338d9c4000-7f338d9c9000 r-xp 00000000 07:00 93540                      /usr/lib/x86_64-linux-gnu/libXtst.so.6.1.0
7f338d9c9000-7f338dbc8000 ---p 00005000 07:00 93540                      /usr/lib/x86_64-linux-gnu/libXtst.so.6.1.0
7f338dbc8000-7f338dbc9000 r--p 00004000 07:00 93540                      /usr/lib/x86_64-linux-gnu/libXtst.so.6.1.0
7f338dbc9000-7f338dbca000 rw-p 00005000 07:00 93540                      /usr/lib/x86_64-linux-gnu/libXtst.so.6.1.0
7f338dbca000-7f338dbd3000 r-xp 00000000 07:00 93266                      /usr/lib/x86_64-linux-gnu/libXrender.so.1.3.0
7f338dbd3000-7f338ddd2000 ---p 00009000 07:00 93266                      /usr/lib/x86_64-linux-gnu/libXrender.so.1.3.0
7f338ddd2000-7f338ddd3000 r--p 00008000 07:00 93266                      /usr/lib/x86_64-linux-gnu/libXrender.so.1.3.0
7f338ddd3000-7f338ddd4000 rw-p 00009000 07:00 93266                      /usr/lib/x86_64-linux-gnu/libXrender.so.1.3.0
7f338ddd4000-7f338df04000 r-xp 00000000 07:00 433153                     /usr/lib/x86_64-linux-gnu/libX11.so.6.3.0
7f338df04000-7f338e104000 ---p 00130000 07:00 433153                     /usr/lib/x86_64-linux-gnu/libX11.so.6.3.0
7f338e104000-7f338e105000 r--p 00130000 07:00 433153                     /usr/lib/x86_64-linux-gnu/libX11.so.6.3.0
7f338e105000-7f338e109000 rw-p 00131000 07:00 433153                     /usr/lib/x86_64-linux-gnu/libX11.so.6.3.0
7f338e109000-7f338e119000 r-xp 00000000 07:00 93461                      /usr/lib/x86_64-linux-gnu/libXext.so.6.4.0
7f338e119000-7f338e318000 ---p 00010000 07:00 93461                      /usr/lib/x86_64-linux-gnu/libXext.so.6.4.0
7f338e318000-7f338e319000 r--p 0000f000 07:00 93461                      /usr/lib/x86_64-linux-gnu/libXext.so.6.4.0
7f338e319000-7f338e31a000 rw-p 00010000 07:00 93461                      /usr/lib/x86_64-linux-gnu/libXext.so.6.4.0
7f338e31a000-7f338e36c000 r-xp 00000000 07:00 334917                     /usr/lib/jvm/java-7-openjdk-amd64/jre/lib/amd64/xawt/libmawt.so
7f338e36c000-7f338e56c000 ---p 00052000 07:00 334917                     /usr/lib/jvm/java-7-openjdk-amd64/jre/lib/amd64/xawt/libmawt.so
7f338e56c000-7f338e56d000 r--p 00052000 07:00 334917                     /usr/lib/jvm/java-7-openjdk-amd64/jre/lib/amd64/xawt/libmawt.so
7f338e56d000-7f338e570000 rw-p 00053000 07:00 334917                     /usr/lib/jvm/java-7-openjdk-amd64/jre/lib/amd64/xawt/libmawt.so
7f338e570000-7f338e571000 rw-p 00000000 00:00 0 
7f338e571000-7f338e614000 r-xp 00000000 07:00 331786                     /usr/lib/jvm/java-7-openjdk-amd64/jre/lib/amd64/libawt.so
7f338e614000-7f338e813000 ---p 000a3000 07:00 331786                     /usr/lib/jvm/java-7-openjdk-amd64/jre/lib/amd64/libawt.so
7f338e813000-7f338e814000 r--p 000a2000 07:00 331786                     /usr/lib/jvm/java-7-openjdk-amd64/jre/lib/amd64/libawt.so
7f338e814000-7f338e81f000 rw-p 000a3000 07:00 331786                     /usr/lib/jvm/java-7-openjdk-amd64/jre/lib/amd64/libawt.so
7f338e81f000-7f338e87d000 rw-p 00000000 00:00 0 
7f338e95f000-7f338f919000 r-xp 00000000 07:00 496535                     /home/aivanov/Downloads/opencv-2.4.8/build/lib/libopencv_java248.so
7f338f919000-7f338fb19000 ---p 00fba000 07:00 496535                     /home/aivanov/Downloads/opencv-2.4.8/build/lib/libopencv_java248.so
7f338fb19000-7f338fb3d000 r--p 00fba000 07:00 496535                     /home/aivanov/Downloads/opencv-2.4.8/build/lib/libopencv_java248.so
7f338fb3d000-7f338fb58000 rw-p 00fde000 07:00 496535                     /home/aivanov/Downloads/opencv-2.4.8/build/lib/libopencv_java248.so
7f338fb58000-7f338fbfc000 rw-p 00000000 00:00 0 
7f338fbfc000-7f338fbfd000 ---p 00000000 00:00 0 
7f338fbfd000-7f338fcfd000 rw-p 00000000 00:00 0                          [stack:15890]
7f338fcfd000-7f338fd00000 ---p 00000000 00:00 0 
7f338fd00000-7f338fdfe000 rw-p 00000000 00:00 0                          [stack:15889]
7f338fdfe000-7f338fe01000 ---p 00000000 00:00 0 
7f338fe01000-7f338feff000 rw-p 00000000 00:00 0                          [stack:15888]
7f338feff000-7f338ff02000 ---p 00000000 00:00 0 
7f338ff02000-7f3390000000 rw-p 00000000 00:00 0                          [stack:15887]
7f3390000000-7f3390021000 rw-p 00000000 00:00 0 
7f3390021000-7f3394000000 ---p 00000000 00:00 0 
7f3394012000-7f3394019000 r--s 00000000 07:00 1303740                    /usr/lib/x86_64-linux-gnu/gconv/gconv-modules.cache
7f3394019000-7f3394052000 rw-p 00000000 00:00 0 
7f3394052000-7f3394056000 r--s 00069000 07:00 496533                     /home/aivanov/Downloads/opencv-2.4.8/build/bin/opencv-248.jar
7f3394056000-7f339405d000 r--s 00030000 07:00 10015                      /usr/share/java/junit4-4.8.2.jar
7f339405d000-7f3394060000 ---p 00000000 00:00 0 
7f3394060000-7f339415e000 rw-p 00000000 00:00 0                          [stack:15886]
7f339415e000-7f3394427000 r--p 00000000 07:00 541697                     /usr/lib/locale/locale-archive
7f3394427000-7f339442a000 ---p 00000000 00:00 0 
7f339442a000-7f3394528000 rw-p 00000000 00:00 0                          [stack:15885]
7f3394528000-7f339452b000 ---p 00000000 00:00 0 
7f339452b000-7f3394629000 rw-p 00000000 00:00 0                          [stack:15884]
7f3394629000-7f339462a000 ---p 00000000 00:00 0 
7f339462a000-7f339636e000 rw-p 00000000 00:00 0                          [stack:15883]
7f339636e000-7f339651b000 r--s 01cec000 07:00 317483                     /usr/lib/jvm/java-7-openjdk-amd64/jre/lib/rt.jar
7f339651b000-7f33975cb000 rw-p 00000000 00:00 0 
7f33975cb000-7f33975cc000 ---p 00000000 00:00 0 
7f33975cc000-7f33976cc000 rw-p 00000000 00:00 0                          [stack:15880]
7f33976cc000-7f33976cd000 ---p 00000000 00:00 0 
7f33976cd000-7f33977cd000 rw-p 00000000 00:00 0                          [stack:15879]
7f33977cd000-7f33977ce000 ---p 00000000 00:00 0 
7f33977ce000-7f33978ce000 rw-p 00000000 00:00 0                          [stack:15878]
7f33978ce000-7f33978cf000 ---p 00000000 00:00 0 
7f33978cf000-7f33979cf000 rw-p 00000000 00:00 0                          [stack:15877]
7f33979cf000-7f33979d0000 ---p 00000000 00:00 0 
7f33979d0000-7f3397ad0000 rw-p 00000000 00:00 0                          [stack:15876]
7f3397ad0000-7f3397ad1000 ---p 00000000 00:00 0 
7f3397ad1000-7f3397bd1000 rw-p 00000000 00:00 0                          [stack:15874]
7f3397bd1000-7f3397bd2000 ---p 00000000 00:00 0 
7f3397bd2000-7f3397cfc000 rw-p 00000000 00:00 0                          [stack:15873]
7f3397cfc000-7f3397f63000 rw-p 00000000 00:00 0 
7f3397f63000-7f3397f6e000 rw-p 00000000 00:00 0 
7f3397f6e000-7f3397fb6000 rw-p 00000000 00:00 0 
7f3397fb6000-7f3397fe0000 rw-p 00000000 00:00 0 
7f3397fe0000-7f3398246000 rw-p 00000000 00:00 0 
7f3398246000-7f339825c000 rw-p 00000000 00:00 0 
7f339825c000-7f339838f000 rw-p 00000000 00:00 0 
7f339838f000-7f3398390000 rw-p 00000000 00:00 0 
7f3398390000-7f3398600000 rwxp 00000000 00:00 0 
7f3398600000-7f339b390000 rw-p 00000000 00:00 0 
7f339b390000-7f339b398000 r-xp 00000000 07:00 331788                     /usr/lib/jvm/java-7-openjdk-amd64/jre/lib/amd64/libzip.so
7f339b398000-7f339b597000 ---p 00008000 07:00 331788                     /usr/lib/jvm/java-7-openjdk-amd64/jre/lib/amd64/libzip.so
7f339b597000-7f339b598000 r--p 00007000 07:00 331788                     /usr/lib/jvm/java-7-openjdk-amd64/jre/lib/amd64/libzip.so
7f339b598000-7f339b599000 rw-p 00008000 07:00 331788                     /usr/lib/jvm/java-7-openjdk-amd64/jre/lib/amd64/libzip.so
7f339b599000-7f339b5a5000 r-xp 00000000 07:00 1355783                    /lib/x86_64-linux-gnu/libnss_files-2.15.so
7f339b5a5000-7f339b7a4000 ---p 0000c000 07:00 1355783                    /lib/x86_64-linux-gnu/libnss_files-2.15.so
7f339b7a4000-7f339b7a5000 r--p 0000b000 07:00 1355783                    /lib/x86_64-linux-gnu/libnss_files-2.15.so
7f339b7a5000-7f339b7a6000 rw-p 0000c000 07:00 1355783                    /lib/x86_64-linux-gnu/libnss_files-2.15.so
7f339b7a6000-7f339b7b0000 r-xp 00000000 07:00 1355787                    /lib/x86_64-linux-gnu/libnss_nis-2.15.so
7f339b7b0000-7f339b9b0000 ---p 0000a000 07:00 1355787                    /lib/x86_64-linux-gnu/libnss_nis-2.15.so
7f339b9b0000-7f339b9b1000 r--p 0000a000 07:00 1355787                    /lib/x86_64-linux-gnu/libnss_nis-2.15.so
7f339b9b1000-7f339b9b2000 rw-p 0000b000 07:00 1355787                    /lib/x86_64-linux-gnu/libnss_nis-2.15.so
7f339b9b2000-7f339b9c9000 r-xp 00000000 07:00 1355799                    /lib/x86_64-linux-gnu/libnsl-2.15.so
7f339b9c9000-7f339bbc8000 ---p 00017000 07:00 1355799                    /lib/x86_64-linux-gnu/libnsl-2.15.so
7f339bbc8000-7f339bbc9000 r--p 00016000 07:00 1355799                    /lib/x86_64-linux-gnu/libnsl-2.15.so
7f339bbc9000-7f339bbca000 rw-p 00017000 07:00 1355799                    /lib/x86_64-linux-gnu/libnsl-2.15.so
7f339bbca000-7f339bbcc000 rw-p 00000000 00:00 0 
7f339bbcc000-7f339bbd4000 r-xp 00000000 07:00 1355781                    /lib/x86_64-linux-gnu/libnss_compat-2.15.so
7f339bbd4000-7f339bdd3000 ---p 00008000 07:00 1355781                    /lib/x86_64-linux-gnu/libnss_compat-2.15.so
7f339bdd3000-7f339bdd4000 r--p 00007000 07:00 1355781                    /lib/x86_64-linux-gnu/libnss_compat-2.15.so
7f339bdd4000-7f339bdd5000 rw-p 00008000 07:00 1355781                    /lib/x86_64-linux-gnu/libnss_compat-2.15.so
7f339bdd5000-7f339bdfe000 r-xp 00000000 07:00 331783                     /usr/lib/jvm/java-7-openjdk-amd64/jre/lib/amd64/libjava.so
7f339bdfe000-7f339bffd000 ---p 00029000 07:00 331783                     /usr/lib/jvm/java-7-openjdk-amd64/jre/lib/amd64/libjava.so
7f339bffd000-7f339bffe000 r--p 00028000 07:00 331783                     /usr/lib/jvm/java-7-openjdk-amd64/jre/lib/amd64/libjava.so
7f339bffe000-7f339c000000 rw-p 00029000 07:00 331783                     /usr/lib/jvm/java-7-openjdk-amd64/jre/lib/amd64/libjava.so
7f339c000000-7f339c386000 rw-p 00000000 00:00 0 
7f339c386000-7f33a0000000 ---p 00000000 00:00 0 
7f33a0003000-7f33a0097000 rw-p 00000000 00:00 0 
7f33a0097000-7f33a0098000 ---p 00000000 00:00 0 
7f33a0098000-7f33a01a3000 rw-p 00000000 00:00 0                          [stack:15872]
7f33a01a3000-7f33a01eb000 rw-p 00000000 00:00 0 
7f33a01eb000-7f33a01f9000 r-xp 00000000 07:00 331798                     /usr/lib/jvm/java-7-openjdk-amd64/jre/lib/amd64/libverify.so
7f33a01f9000-7f33a03f8000 ---p 0000e000 07:00 331798                     /usr/lib/jvm/java-7-openjdk-amd64/jre/lib/amd64/libverify.so
7f33a03f8000-7f33a03fa000 r--p 0000d000 07:00 331798                     /usr/lib/jvm/java-7-openjdk-amd64/jre/lib/amd64/libverify.so
7f33a03fa000-7f33a03fb000 rw-p 0000f000 07:00 331798                     /usr/lib/jvm/java-7-openjdk-amd64/jre/lib/amd64/libverify.so
7f33a03fb000-7f33a0402000 r-xp 00000000 07:00 1355786                    /lib/x86_64-linux-gnu/librt-2.15.so
7f33a0402000-7f33a0601000 ---p 00007000 07:00 1355786                    /lib/x86_64-linux-gnu/librt-2.15.so
7f33a0601000-7f33a0602000 r--p 00006000 07:00 1355786                    /lib/x86_64-linux-gnu/librt-2.15.so
7f33a0602000-7f33a0603000 rw-p 00007000 07:00 1355786                    /lib/x86_64-linux-gnu/librt-2.15.so
7f33a0603000-7f33a0618000 r-xp 00000000 07:00 234552                     /lib/x86_64-linux-gnu/libgcc_s.so.1
7f33a0618000-7f33a0817000 ---p 00015000 07:00 234552                     /lib/x86_64-linux-gnu/libgcc_s.so.1
7f33a0817000-7f33a0818000 r--p 00014000 07:00 234552                     /lib/x86_64-linux-gnu/libgcc_s.so.1
7f33a0818000-7f33a0819000 rw-p 00015000 07:00 234552                     /lib/x86_64-linux-gnu/libgcc_s.so.1
7f33a0819000-7f33a0914000 r-xp 00000000 07:00 1355790                    /lib/x86_64-linux-gnu/libm-2.15.so
7f33a0914000-7f33a0b13000 ---p 000fb000 07:00 1355790                    /lib/x86_64-linux-gnu/libm-2.15.so
7f33a0b13000-7f33a0b14000 r--p 000fa000 07:00 1355790                    /lib/x86_64-linux-gnu/libm-2.15.so
7f33a0b14000-7f33a0b15000 rw-p 000fb000 07:00 1355790                    /lib/x86_64-linux-gnu/libm-2.15.so
7f33a0b15000-7f33a0bf7000 r-xp 00000000 07:00 113565                     /usr/lib/x86_64-linux-gnu/libstdc++.so.6.0.16
7f33a0bf7000-7f33a0df6000 ---p 000e2000 07:00 113565                     /usr/lib/x86_64-linux-gnu/libstdc++.so.6.0.16
7f33a0df6000-7f33a0dfe000 r--p 000e1000 07:00 113565                     /usr/lib/x86_64-linux-gnu/libstdc++.so.6.0.16
7f33a0dfe000-7f33a0e00000 rw-p 000e9000 07:00 113565                     /usr/lib/x86_64-linux-gnu/libstdc++.so.6.0.16
7f33a0e00000-7f33a0e15000 rw-p 00000000 00:00 0 
7f33a0e15000-7f33a17e8000 r-xp 00000000 07:00 332807                     /usr/lib/jvm/java-7-openjdk-amd64/jre/lib/amd64/server/libjvm.so
7f33a17e8000-7f33a19e7000 ---p 009d3000 07:00 332807                     /usr/lib/jvm/java-7-openjdk-amd64/jre/lib/amd64/server/libjvm.so
7f33a19e7000-7f33a1a66000 r--p 009d2000 07:00 332807                     /usr/lib/jvm/java-7-openjdk-amd64/jre/lib/amd64/server/libjvm.so
7f33a1a66000-7f33a1a89000 rw-p 00a51000 07:00 332807                     /usr/lib/jvm/java-7-openjdk-amd64/jre/lib/amd64/server/libjvm.so
7f33a1a89000-7f33a1ab3000 rw-p 00000000 00:00 0 
7f33a1ab3000-7f33a1ac9000 r-xp 00000000 07:00 234620                     /lib/x86_64-linux-gnu/libz.so.1.2.3.4
7f33a1ac9000-7f33a1cc8000 ---p 00016000 07:00 234620                     /lib/x86_64-linux-gnu/libz.so.1.2.3.4
7f33a1cc8000-7f33a1cc9000 r--p 00015000 07:00 234620                     /lib/x86_64-linux-gnu/libz.so.1.2.3.4
7f33a1cc9000-7f33a1cca000 rw-p 00016000 07:00 234620                     /lib/x86_64-linux-gnu/libz.so.1.2.3.4
7f33a1cca000-7f33a1ce2000 r-xp 00000000 07:00 1355788                    /lib/x86_64-linux-gnu/libpthread-2.15.so
7f33a1ce2000-7f33a1ee1000 ---p 00018000 07:00 1355788                    /lib/x86_64-linux-gnu/libpthread-2.15.so
7f33a1ee1000-7f33a1ee2000 r--p 00017000 07:00 1355788                    /lib/x86_64-linux-gnu/libpthread-2.15.so
7f33a1ee2000-7f33a1ee3000 rw-p 00018000 07:00 1355788                    /lib/x86_64-linux-gnu/libpthread-2.15.so
7f33a1ee3000-7f33a1ee7000 rw-p 00000000 00:00 0 
7f33a1ee7000-7f33a1ee9000 r-xp 00000000 07:00 1355794                    /lib/x86_64-linux-gnu/libdl-2.15.so
7f33a1ee9000-7f33a20e9000 ---p 00002000 07:00 1355794                    /lib/x86_64-linux-gnu/libdl-2.15.so
7f33a20e9000-7f33a20ea000 r--p 00002000 07:00 1355794                    /lib/x86_64-linux-gnu/libdl-2.15.so
7f33a20ea000-7f33a20eb000 rw-p 00003000 07:00 1355794                    /lib/x86_64-linux-gnu/libdl-2.15.so
7f33a20eb000-7f33a22a0000 r-xp 00000000 07:00 1355779                    /lib/x86_64-linux-gnu/libc-2.15.so
7f33a22a0000-7f33a24a0000 ---p 001b5000 07:00 1355779                    /lib/x86_64-linux-gnu/libc-2.15.so
7f33a24a0000-7f33a24a4000 r--p 001b5000 07:00 1355779                    /lib/x86_64-linux-gnu/libc-2.15.so
7f33a24a4000-7f33a24a6000 rw-p 001b9000 07:00 1355779                    /lib/x86_64-linux-gnu/libc-2.15.so
7f33a24a6000-7f33a24ab000 rw-p 00000000 00:00 0 
7f33a24ab000-7f33a24b8000 r-xp 00000000 07:00 332802                     /usr/lib/jvm/java-7-openjdk-amd64/jre/lib/amd64/jli/libjli.so
7f33a24b8000-7f33a26b7000 ---p 0000d000 07:00 332802                     /usr/lib/jvm/java-7-openjdk-amd64/jre/lib/amd64/jli/libjli.so
7f33a26b7000-7f33a26b8000 r--p 0000c000 07:00 332802                     /usr/lib/jvm/java-7-openjdk-amd64/jre/lib/amd64/jli/libjli.so
7f33a26b8000-7f33a26b9000 rw-p 0000d000 07:00 332802                     /usr/lib/jvm/java-7-openjdk-amd64/jre/lib/amd64/jli/libjli.so
7f33a26b9000-7f33a26db000 r-xp 00000000 07:00 1355791                    /lib/x86_64-linux-gnu/ld-2.15.so
7f33a26dd000-7f33a26df000 r--s 00007000 07:00 10007                      /usr/share/java/hamcrest-core-1.1.jar
7f33a26df000-7f33a26e1000 r--s 00007000 07:00 10007                      /usr/share/java/hamcrest-core-1.1.jar
7f33a26e1000-7f33a26e3000 r--s 00024000 07:00 561277                     /home/aivanov/workspace/MaslabDemo/resources/jSSC-2.6.0-Release/jssc.jar
7f33a26e3000-7f33a26f3000 r--s 000a6000 07:00 561294                     /home/aivanov/workspace/MaslabDemo/resources/jts-1.12.jar
7f33a26f3000-7f33a26f8000 r--s 00054000 07:00 561261                     /home/aivanov/workspace/MaslabDemo/resources/javaGeom-0.11.1.jar
7f33a26f8000-7f33a2702000 rw-p 00000000 00:00 0 
7f33a2702000-7f33a27b8000 rw-p 00000000 00:00 0 
7f33a27b8000-7f33a27bb000 ---p 00000000 00:00 0 
7f33a27bb000-7f33a28be000 rw-p 00000000 00:00 0                          [stack:15870]
7f33a28be000-7f33a28c1000 r--s 0000f000 07:00 300036                     /usr/lib/jvm/java-7-openjdk-common/jre/lib/ext/pulse-java.jar
7f33a28c1000-7f33a28c4000 r--s 0003c000 07:00 300037                     /usr/lib/jvm/java-7-openjdk-common/jre/lib/ext/sunpkcs11.jar
7f33a28c4000-7f33a28c5000 r--s 00002000 07:00 300034                     /usr/lib/jvm/java-7-openjdk-common/jre/lib/ext/dnsns.jar
7f33a28c5000-7f33a28c7000 r--s 00012000 07:00 300039                     /usr/lib/jvm/java-7-openjdk-common/jre/lib/ext/zipfs.jar
7f33a28c7000-7f33a28c8000 r--s 00007000 07:00 9787                       /usr/share/java/java-atk-wrapper.jar
7f33a28c8000-7f33a28cc000 r--s 00085000 07:00 300038                     /usr/lib/jvm/java-7-openjdk-common/jre/lib/ext/localedata.jar
7f33a28cc000-7f33a28cf000 r--s 00032000 07:00 300035                     /usr/lib/jvm/java-7-openjdk-common/jre/lib/ext/sunjce_provider.jar
7f33a28cf000-7f33a28d7000 rw-s 00000000 07:00 296108                     /tmp/hsperfdata_aivanov/15867
7f33a28d7000-7f33a28d8000 rw-p 00000000 00:00 0 
7f33a28d8000-7f33a28d9000 r--p 00000000 00:00 0 
7f33a28d9000-7f33a28db000 rw-p 00000000 00:00 0 
7f33a28db000-7f33a28dc000 r--p 00022000 07:00 1355791                    /lib/x86_64-linux-gnu/ld-2.15.so
7f33a28dc000-7f33a28de000 rw-p 00023000 07:00 1355791                    /lib/x86_64-linux-gnu/ld-2.15.so
7ffffbe91000-7ffffbeb2000 rw-p 00000000 00:00 0                          [stack]
7ffffbfa6000-7ffffbfa8000 r-xp 00000000 00:00 0                          [vdso]
ffffffffff600000-ffffffffff601000 r-xp 00000000 00:00 0                  [vsyscall]

VM Arguments:
jvm_args: -Djava.library.path=/home/aivanov/Downloads/opencv-2.4.8/build/lib -Dfile.encoding=UTF-8 
java_command: vision.NewImageProcessor
Launcher Type: SUN_STANDARD

Environment Variables:
PATH=/usr/lib/lightdm/lightdm:/usr/local/sbin:/usr/local/bin:/usr/sbin:/usr/bin:/sbin:/bin:/usr/games:/usr/local/llvm/bin
LD_LIBRARY_PATH=/usr/lib/jvm/java-7-openjdk-amd64/jre/lib/amd64/server:/usr/lib/jvm/java-7-openjdk-amd64/jre/lib/amd64:/usr/lib/jvm/java-7-openjdk-amd64/jre/../lib/amd64:/usr/lib/jvm/java-6-openjdk-amd64/jre/lib/amd64/server:/usr/lib/jvm/java-6-openjdk-amd64/jre/lib/amd64:/usr/lib/jvm/java-6-openjdk-amd64/jre/../lib/amd64
SHELL=/bin/bash
DISPLAY=:0

Signal Handlers:
SIGSEGV: [libjvm.so+0x83b2a0], sa_mask[0]=0x7ffbfeff, sa_flags=0x10000004
SIGBUS: [libjvm.so+0x83b2a0], sa_mask[0]=0x7ffbfeff, sa_flags=0x10000004
SIGFPE: [libjvm.so+0x6dc040], sa_mask[0]=0x7ffbfeff, sa_flags=0x10000004
SIGPIPE: [libjvm.so+0x6dc040], sa_mask[0]=0x7ffbfeff, sa_flags=0x10000004
SIGXFSZ: [libjvm.so+0x6dc040], sa_mask[0]=0x7ffbfeff, sa_flags=0x10000004
SIGILL: [libjvm.so+0x6dc040], sa_mask[0]=0x7ffbfeff, sa_flags=0x10000004
SIGUSR1: SIG_DFL, sa_mask[0]=0x00000000, sa_flags=0x00000000
SIGUSR2: [libjvm.so+0x6dc480], sa_mask[0]=0x00000004, sa_flags=0x10000004
SIGHUP: [libjvm.so+0x6dc5c0], sa_mask[0]=0x7ffbfeff, sa_flags=0x10000004
SIGINT: [libjvm.so+0x6dc5c0], sa_mask[0]=0x7ffbfeff, sa_flags=0x10000004
SIGTERM: [libjvm.so+0x6dc5c0], sa_mask[0]=0x7ffbfeff, sa_flags=0x10000004
SIGQUIT: [libjvm.so+0x6dc5c0], sa_mask[0]=0x7ffbfeff, sa_flags=0x10000004


---------------  S Y S T E M  ---------------

OS:Ubuntu 12.04 (precise)
uname:Linux 3.8.0-29-generic #42~precise1-Ubuntu SMP Wed Aug 14 16:19:23 UTC 2013 x86_64
libc:glibc 2.15 NPTL 2.15 
rlimit: STACK 8192k, CORE 0k, NPROC 62891, NOFILE 4096, AS infinity
load average:13.96 7.13 3.04

/proc/meminfo:
MemTotal:        8068788 kB
MemFree:          336964 kB
Buffers:         1626668 kB
Cached:          3407992 kB
SwapCached:            0 kB
Active:          3458880 kB
Inactive:        3726012 kB
Active(anon):    1594056 kB
Inactive(anon):   906748 kB
Active(file):    1864824 kB
Inactive(file):  2819264 kB
Unevictable:        1500 kB
Mlocked:               0 kB
SwapTotal:        262140 kB
SwapFree:         262140 kB
Dirty:            551580 kB
Writeback:           420 kB
AnonPages:       2155236 kB
Mapped:           203652 kB
Shmem:            347084 kB
Slab:             409516 kB
SReclaimable:     362600 kB
SUnreclaim:        46916 kB
KernelStack:        4416 kB
PageTables:        32112 kB
NFS_Unstable:          0 kB
Bounce:                0 kB
WritebackTmp:          0 kB
CommitLimit:     4296532 kB
Committed_AS:    5018668 kB
VmallocTotal:   34359738367 kB
VmallocUsed:      411876 kB
VmallocChunk:   34359319164 kB
HardwareCorrupted:     0 kB
AnonHugePages:         0 kB
HugePages_Total:       0
HugePages_Free:        0
HugePages_Rsvd:        0
HugePages_Surp:        0
Hugepagesize:       2048 kB
DirectMap4k:      169980 kB
DirectMap2M:     8114176 kB


CPU:total 8 (4 cores per cpu, 2 threads per core) family 6 model 42 stepping 7, cmov, cx8, fxsr, mmx, sse, sse2, sse3, ssse3, sse4.1, sse4.2, popcnt, avx, ht, tsc, tscinvbit

/proc/cpuinfo:
processor	: 0
vendor_id	: GenuineIntel
cpu family	: 6
model		: 42
model name	: Intel(R) Core(TM) i7-2670QM CPU @ 2.20GHz
stepping	: 7
microcode	: 0x23
cpu MHz		: 2201.000
cache size	: 6144 KB
physical id	: 0
siblings	: 8
core id		: 0
cpu cores	: 4
apicid		: 0
initial apicid	: 0
fpu		: yes
fpu_exception	: yes
cpuid level	: 13
wp		: yes
flags		: fpu vme de pse tsc msr pae mce cx8 apic sep mtrr pge mca cmov pat pse36 clflush dts acpi mmx fxsr sse sse2 ss ht tm pbe syscall nx rdtscp lm constant_tsc arch_perfmon pebs bts nopl xtopology nonstop_tsc aperfmperf eagerfpu pni pclmulqdq dtes64 monitor ds_cpl vmx est tm2 ssse3 cx16 xtpr pdcm pcid sse4_1 sse4_2 x2apic popcnt tsc_deadline_timer aes xsave avx lahf_lm ida arat epb xsaveopt pln pts dtherm tpr_shadow vnmi flexpriority ept vpid
bogomips	: 4390.01
clflush size	: 64
cache_alignment	: 64
address sizes	: 36 bits physical, 48 bits virtual
power management:

processor	: 1
vendor_id	: GenuineIntel
cpu family	: 6
model		: 42
model name	: Intel(R) Core(TM) i7-2670QM CPU @ 2.20GHz
stepping	: 7
microcode	: 0x23
cpu MHz		: 2201.000
cache size	: 6144 KB
physical id	: 0
siblings	: 8
core id		: 0
cpu cores	: 4
apicid		: 1
initial apicid	: 1
fpu		: yes
fpu_exception	: yes
cpuid level	: 13
wp		: yes
flags		: fpu vme de pse tsc msr pae mce cx8 apic sep mtrr pge mca cmov pat pse36 clflush dts acpi mmx fxsr sse sse2 ss ht tm pbe syscall nx rdtscp lm constant_tsc arch_perfmon pebs bts nopl xtopology nonstop_tsc aperfmperf eagerfpu pni pclmulqdq dtes64 monitor ds_cpl vmx est tm2 ssse3 cx16 xtpr pdcm pcid sse4_1 sse4_2 x2apic popcnt tsc_deadline_timer aes xsave avx lahf_lm ida arat epb xsaveopt pln pts dtherm tpr_shadow vnmi flexpriority ept vpid
bogomips	: 4390.01
clflush size	: 64
cache_alignment	: 64
address sizes	: 36 bits physical, 48 bits virtual
power management:

processor	: 2
vendor_id	: GenuineIntel
cpu family	: 6
model		: 42
model name	: Intel(R) Core(TM) i7-2670QM CPU @ 2.20GHz
stepping	: 7
microcode	: 0x23
cpu MHz		: 2201.000
cache size	: 6144 KB
physical id	: 0
siblings	: 8
core id		: 1
cpu cores	: 4
apicid		: 2
initial apicid	: 2
fpu		: yes
fpu_exception	: yes
cpuid level	: 13
wp		: yes
flags		: fpu vme de pse tsc msr pae mce cx8 apic sep mtrr pge mca cmov pat pse36 clflush dts acpi mmx fxsr sse sse2 ss ht tm pbe syscall nx rdtscp lm constant_tsc arch_perfmon pebs bts nopl xtopology nonstop_tsc aperfmperf eagerfpu pni pclmulqdq dtes64 monitor ds_cpl vmx est tm2 ssse3 cx16 xtpr pdcm pcid sse4_1 sse4_2 x2apic popcnt tsc_deadline_timer aes xsave avx lahf_lm ida arat epb xsaveopt pln pts dtherm tpr_shadow vnmi flexpriority ept vpid
bogomips	: 4390.01
clflush size	: 64
cache_alignment	: 64
address sizes	: 36 bits physical, 48 bits virtual
power management:

processor	: 3
vendor_id	: GenuineIntel
cpu family	: 6
model		: 42
model name	: Intel(R) Core(TM) i7-2670QM CPU @ 2.20GHz
stepping	: 7
microcode	: 0x23
cpu MHz		: 2201.000
cache size	: 6144 KB
physical id	: 0
siblings	: 8
core id		: 1
cpu cores	: 4
apicid		: 3
initial apicid	: 3
fpu		: yes
fpu_exception	: yes
cpuid level	: 13
wp		: yes
flags		: fpu vme de pse tsc msr pae mce cx8 apic sep mtrr pge mca cmov pat pse36 clflush dts acpi mmx fxsr sse sse2 ss ht tm pbe syscall nx rdtscp lm constant_tsc arch_perfmon pebs bts nopl xtopology nonstop_tsc aperfmperf eagerfpu pni pclmulqdq dtes64 monitor ds_cpl vmx est tm2 ssse3 cx16 xtpr pdcm pcid sse4_1 sse4_2 x2apic popcnt tsc_deadline_timer aes xsave avx lahf_lm ida arat epb xsaveopt pln pts dtherm tpr_shadow vnmi flexpriority ept vpid
bogomips	: 4390.01
clflush size	: 64
cache_alignment	: 64
address sizes	: 36 bits physical, 48 bits virtual
power management:

processor	: 4
vendor_id	: GenuineIntel
cpu family	: 6
model		: 42
model name	: Intel(R) Core(TM) i7-2670QM CPU @ 2.20GHz
stepping	: 7
microcode	: 0x23
cpu MHz		: 2201.000
cache size	: 6144 KB
physical id	: 0
siblings	: 8
core id		: 2
cpu cores	: 4
apicid		: 4
initial apicid	: 4
fpu		: yes
fpu_exception	: yes
cpuid level	: 13
wp		: yes
flags		: fpu vme de pse tsc msr pae mce cx8 apic sep mtrr pge mca cmov pat pse36 clflush dts acpi mmx fxsr sse sse2 ss ht tm pbe syscall nx rdtscp lm constant_tsc arch_perfmon pebs bts nopl xtopology nonstop_tsc aperfmperf eagerfpu pni pclmulqdq dtes64 monitor ds_cpl vmx est tm2 ssse3 cx16 xtpr pdcm pcid sse4_1 sse4_2 x2apic popcnt tsc_deadline_timer aes xsave avx lahf_lm ida arat epb xsaveopt pln pts dtherm tpr_shadow vnmi flexpriority ept vpid
bogomips	: 4390.01
clflush size	: 64
cache_alignment	: 64
address sizes	: 36 bits physical, 48 bits virtual
power management:

processor	: 5
vendor_id	: GenuineIntel
cpu family	: 6
model		: 42
model name	: Intel(R) Core(TM) i7-2670QM CPU @ 2.20GHz
stepping	: 7
microcode	: 0x23
cpu MHz		: 2201.000
cache size	: 6144 KB
physical id	: 0
siblings	: 8
core id		: 2
cpu cores	: 4
apicid		: 5
initial apicid	: 5
fpu		: yes
fpu_exception	: yes
cpuid level	: 13
wp		: yes
flags		: fpu vme de pse tsc msr pae mce cx8 apic sep mtrr pge mca cmov pat pse36 clflush dts acpi mmx fxsr sse sse2 ss ht tm pbe syscall nx rdtscp lm constant_tsc arch_perfmon pebs bts nopl xtopology nonstop_tsc aperfmperf eagerfpu pni pclmulqdq dtes64 monitor ds_cpl vmx est tm2 ssse3 cx16 xtpr pdcm pcid sse4_1 sse4_2 x2apic popcnt tsc_deadline_timer aes xsave avx lahf_lm ida arat epb xsaveopt pln pts dtherm tpr_shadow vnmi flexpriority ept vpid
bogomips	: 4390.01
clflush size	: 64
cache_alignment	: 64
address sizes	: 36 bits physical, 48 bits virtual
power management:

processor	: 6
vendor_id	: GenuineIntel
cpu family	: 6
model		: 42
model name	: Intel(R) Core(TM) i7-2670QM CPU @ 2.20GHz
stepping	: 7
microcode	: 0x23
cpu MHz		: 2201.000
cache size	: 6144 KB
physical id	: 0
siblings	: 8
core id		: 3
cpu cores	: 4
apicid		: 6
initial apicid	: 6
fpu		: yes
fpu_exception	: yes
cpuid level	: 13
wp		: yes
flags		: fpu vme de pse tsc msr pae mce cx8 apic sep mtrr pge mca cmov pat pse36 clflush dts acpi mmx fxsr sse sse2 ss ht tm pbe syscall nx rdtscp lm constant_tsc arch_perfmon pebs bts nopl xtopology nonstop_tsc aperfmperf eagerfpu pni pclmulqdq dtes64 monitor ds_cpl vmx est tm2 ssse3 cx16 xtpr pdcm pcid sse4_1 sse4_2 x2apic popcnt tsc_deadline_timer aes xsave avx lahf_lm ida arat epb xsaveopt pln pts dtherm tpr_shadow vnmi flexpriority ept vpid
bogomips	: 4390.01
clflush size	: 64
cache_alignment	: 64
address sizes	: 36 bits physical, 48 bits virtual
power management:

processor	: 7
vendor_id	: GenuineIntel
cpu family	: 6
model		: 42
model name	: Intel(R) Core(TM) i7-2670QM CPU @ 2.20GHz
stepping	: 7
microcode	: 0x23
cpu MHz		: 2201.000
cache size	: 6144 KB
physical id	: 0
siblings	: 8
core id		: 3
cpu cores	: 4
apicid		: 7
initial apicid	: 7
fpu		: yes
fpu_exception	: yes
cpuid level	: 13
wp		: yes
flags		: fpu vme de pse tsc msr pae mce cx8 apic sep mtrr pge mca cmov pat pse36 clflush dts acpi mmx fxsr sse sse2 ss ht tm pbe syscall nx rdtscp lm constant_tsc arch_perfmon pebs bts nopl xtopology nonstop_tsc aperfmperf eagerfpu pni pclmulqdq dtes64 monitor ds_cpl vmx est tm2 ssse3 cx16 xtpr pdcm pcid sse4_1 sse4_2 x2apic popcnt tsc_deadline_timer aes xsave avx lahf_lm ida arat epb xsaveopt pln pts dtherm tpr_shadow vnmi flexpriority ept vpid
bogomips	: 4390.01
clflush size	: 64
cache_alignment	: 64
address sizes	: 36 bits physical, 48 bits virtual
power management:



Memory: 4k page, physical 8068788k(336468k free), swap 262140k(262140k free)

vm_info: OpenJDK 64-Bit Server VM (23.7-b01) for linux-amd64 JRE (1.7.0_25-b30), built on Jul 15 2013 20:38:06 by "buildd" with gcc 4.6.3

time: Thu Jan 23 10:58:44 2014
elapsed time: 0 seconds

