#
# A fatal error has been detected by the Java Runtime Environment:
#
#  Internal Error (safepoint.cpp:317), pid=17326, tid=140207598667520
#  guarantee(PageArmed == 0) failed: invariant
#
# JRE version: 7.0_25-b30
# Java VM: OpenJDK 64-Bit Server VM (23.7-b01 mixed mode linux-amd64 compressed oops)
# Failed to write core dump. Core dumps have been disabled. To enable core dumping, try "ulimit -c unlimited" before starting Java again
#
# If you would like to submit a bug report, please include
# instructions on how to reproduce the bug and visit:
#   https://bugs.launchpad.net/ubuntu/+source/openjdk-7/
#

---------------  T H R E A D  ---------------

Current thread (0x00007f84a40b0000):  VMThread [stack: 0x00007f84a00d0000,0x00007f84a01d1000] [id=17340]

Stack: [0x00007f84a00d0000,0x00007f84a01d1000],  sp=0x00007f84a01cf8a0,  free space=1022k
Native frames: (J=compiled Java code, j=interpreted, Vv=VM code, C=native code)
V  [libjvm.so+0x83a829]  VMError::report_and_die()+0x169
V  [libjvm.so+0x3e5b96]  report_vm_error(char const*, int, char const*, char const*)+0x56
V  [libjvm.so+0x760937]  SafepointSynchronize::begin()+0x5c7
V  [libjvm.so+0x83f384]  VMThread::loop()+0x4c4
V  [libjvm.so+0x83f4f2]  VMThread::run()+0x72
V  [libjvm.so+0x6ddde2]  java_start(Thread*)+0x132


---------------  P R O C E S S  ---------------

Java Threads: ( => current thread )
  0x00007f84a4009800 JavaThread "DestroyJavaVM" [_thread_blocked, id=17331, stack(0x00007f84ad1b0000,0x00007f84ad2b1000)]
  0x00007f84a43e3000 JavaThread "pool-1-thread-1" [_thread_blocked, id=17355, stack(0x00007f846e6e7000,0x00007f846e7e8000)]
  0x00007f84a43e1800 JavaThread "Thread-3" [_thread_blocked, id=17354, stack(0x00007f846e7e8000,0x00007f846e8e9000)]
  0x00007f84a4368000 JavaThread "AWT-EventQueue-0" [_thread_blocked, id=17353, stack(0x00007f846ef61000,0x00007f846f062000)]
  0x00007f84a4363800 JavaThread "AWT-Shutdown" [_thread_blocked, id=17352, stack(0x00007f846f062000,0x00007f846f163000)]
  0x00007f84a42ef000 JavaThread "AWT-XAWT" daemon [_thread_blocked, id=17351, stack(0x00007f846f163000,0x00007f846f264000)]
  0x00007f84a42b8800 JavaThread "Java2D Disposer" daemon [_thread_blocked, id=17350, stack(0x00007f8488066000,0x00007f8488167000)]
  0x00007f84a41d2000 JavaThread "Thread-2" [_thread_in_Java, id=17349, stack(0x00007f849217a000,0x00007f849227b000)]
  0x00007f84a41af000 JavaThread "Thread-1" [_thread_in_native, id=17348, stack(0x00007f849227b000,0x00007f849237c000)]
  0x00007f84a411c000 JavaThread "Service Thread" daemon [_thread_blocked, id=17346, stack(0x00007f8492681000,0x00007f8492782000)]
  0x00007f84a4119800 JavaThread "C2 CompilerThread1" daemon [_thread_blocked, id=17345, stack(0x00007f8492782000,0x00007f8492883000)]
  0x00007f84a4116800 JavaThread "C2 CompilerThread0" daemon [_thread_blocked, id=17344, stack(0x00007f8492883000,0x00007f8492984000)]
  0x00007f84a4114800 JavaThread "Signal Dispatcher" daemon [_thread_blocked, id=17343, stack(0x00007f8492984000,0x00007f8492a85000)]
  0x00007f84a40bb000 JavaThread "Finalizer" daemon [_thread_blocked, id=17342, stack(0x00007f8492d4e000,0x00007f8492e4f000)]
  0x00007f84a40b8800 JavaThread "Reference Handler" daemon [_thread_blocked, id=17341, stack(0x00007f8492e4f000,0x00007f8492f50000)]

Other Threads:
=>0x00007f84a40b0000 VMThread [stack: 0x00007f84a00d0000,0x00007f84a01d1000] [id=17340]
  0x00007f84a4126800 WatcherThread [stack: 0x00007f8492580000,0x00007f8492681000] [id=17347]

VM state:synchronizing (normal execution)

VM Mutex/Monitor currently owned by a thread:  ([mutex/lock_event])
[0x00007f84a40059e0] Safepoint_lock - owner thread: 0x00007f84a40b0000
[0x00007f84a4005a60] Threads_lock - owner thread: 0x00007f84a40b0000

Heap
 PSYoungGen      total 36736K, used 25847K [0x00000007d6f60000, 0x00000007d9860000, 0x0000000800000000)
  eden space 31488K, 82% used [0x00000007d6f60000,0x00000007d889ded8,0x00000007d8e20000)
  from space 5248K, 0% used [0x00000007d9340000,0x00000007d9340000,0x00000007d9860000)
  to   space 5248K, 0% used [0x00000007d8e20000,0x00000007d8e20000,0x00000007d9340000)
 ParOldGen       total 84096K, used 0K [0x0000000784e00000, 0x000000078a020000, 0x00000007d6f60000)
  object space 84096K, 0% used [0x0000000784e00000,0x0000000784e00000,0x000000078a020000)
 PSPermGen       total 21248K, used 11190K [0x000000077a800000, 0x000000077bcc0000, 0x0000000784e00000)
  object space 21248K, 52% used [0x000000077a800000,0x000000077b2edb98,0x000000077bcc0000)

Card table byte_map: [0x00007f84a9b46000,0x00007f84a9f73000] byte_map_base: 0x00007f84a5f72000

Polling page: 0x00007f84ad2d0000

Code Cache  [0x00007f84a1000000, 0x00007f84a1270000, 0x00007f84a4000000)
 total_blobs=686 nmethods=77 adapters=562 free_code_cache=48369Kb largest_free_block=49509312

Compilation events (10 events):
Event: 18.338 Thread 0x00007f84a4119800 nmethod 66 0x00007f84a10b9bd0 code [0x00007f84a10b9d20, 0x00007f84a10ba078]
Event: 18.338 Thread 0x00007f84a4119800   67             java.lang.ref.FinalReference::<init> (7 bytes)
Event: 18.338 Thread 0x00007f84a4116800 nmethod 65 0x00007f84a10c7110 code [0x00007f84a10c7280, 0x00007f84a10c7618]
Event: 18.339 Thread 0x00007f84a4119800 nmethod 67 0x00007f84a10aa350 code [0x00007f84a10aa480, 0x00007f84a10aa538]
Event: 18.339 Thread 0x00007f84a4116800   68   !         java.lang.ref.Finalizer::add (41 bytes)
Event: 18.341 Thread 0x00007f84a4116800 nmethod 68 0x00007f84a10c1f10 code [0x00007f84a10c2060, 0x00007f84a10c2338]
Event: 18.638 Thread 0x00007f84a4116800   70             java.util.concurrent.locks.AbstractOwnableSynchronizer::setExclusiveOwnerThread (6 bytes)
Event: 18.639 Thread 0x00007f84a4116800 nmethod 70 0x00007f84a10c24d0 code [0x00007f84a10c2600, 0x00007f84a10c2678]
Event: 19.027 Thread 0x00007f84a4119800   71             java.util.concurrent.locks.AbstractQueuedSynchronizer::getState (5 bytes)
Event: 19.028 Thread 0x00007f84a4119800 nmethod 71 0x00007f84a10b99d0 code [0x00007f84a10b9b00, 0x00007f84a10b9b58]

GC Heap History (0 events):
No events

Deoptimization events (7 events):
Event: 0.435 Thread 0x00007f84a4009800 Uncommon trap -34 fr.pc 0x00007f84a108e0e0
Event: 0.437 Thread 0x00007f84a4009800 Uncommon trap -34 fr.pc 0x00007f84a108e0e0
Event: 0.438 Thread 0x00007f84a4009800 Uncommon trap -34 fr.pc 0x00007f84a108e0e0
Event: 0.440 Thread 0x00007f84a4009800 Uncommon trap -34 fr.pc 0x00007f84a108e0e0
Event: 5.828 Thread 0x00007f84a43e3000 Uncommon trap 18 fr.pc 0x00007f84a10af5a8
Event: 9.664 Thread 0x00007f84a41d2000 Uncommon trap -83 fr.pc 0x00007f84a10722c8
Event: 9.705 Thread 0x00007f84a41d2000 Uncommon trap 64 fr.pc 0x00007f84a10bb88c

Internal exceptions (10 events):
Event: 1.790 Thread 0x00007f84a43e1800 Threw 0x00000007d780ea08 at /build/buildd/openjdk-7-7u25-2.3.10/build/openjdk/hotspot/src/share/vm/prims/jvm.cpp:1235
Event: 1.793 Thread 0x00007f84a43e1800 Threw 0x00000007d7811940 at /build/buildd/openjdk-7-7u25-2.3.10/build/openjdk/hotspot/src/share/vm/prims/jvm.cpp:1235
Event: 1.794 Thread 0x00007f84a43e1800 Threw 0x00000007d7817b00 at /build/buildd/openjdk-7-7u25-2.3.10/build/openjdk/hotspot/src/share/vm/prims/jvm.cpp:1235
Event: 1.795 Thread 0x00007f84a43e1800 Threw 0x00000007d781a130 at /build/buildd/openjdk-7-7u25-2.3.10/build/openjdk/hotspot/src/share/vm/prims/jvm.cpp:1235
Event: 1.795 Thread 0x00007f84a43e1800 Threw 0x00000007d781c608 at /build/buildd/openjdk-7-7u25-2.3.10/build/openjdk/hotspot/src/share/vm/prims/jvm.cpp:1235
Event: 1.796 Thread 0x00007f84a43e1800 Threw 0x00000007d7826c60 at /build/buildd/openjdk-7-7u25-2.3.10/build/openjdk/hotspot/src/share/vm/prims/jvm.cpp:1235
Event: 1.797 Thread 0x00007f84a43e1800 Threw 0x00000007d782a378 at /build/buildd/openjdk-7-7u25-2.3.10/build/openjdk/hotspot/src/share/vm/prims/jvm.cpp:1235
Event: 1.798 Thread 0x00007f84a43e1800 Threw 0x00000007d782d600 at /build/buildd/openjdk-7-7u25-2.3.10/build/openjdk/hotspot/src/share/vm/prims/jvm.cpp:1235
Event: 1.800 Thread 0x00007f84a43e1800 Threw 0x00000007d7838d20 at /build/buildd/openjdk-7-7u25-2.3.10/build/openjdk/hotspot/src/share/vm/prims/jvm.cpp:1235
Event: 1.824 Thread 0x00007f84a43e1800 Threw 0x00000007d783e750 at /build/buildd/openjdk-7-7u25-2.3.10/build/openjdk/hotspot/src/share/vm/prims/jvm.cpp:1235

Events (10 events):
Event: 4.087 Executing VM operation: EnableBiasedLocking
Event: 4.088 Executing VM operation: EnableBiasedLocking done
Event: 5.828 loading class 0x00007f84a41ce530
Event: 5.828 loading class 0x00007f84a41ce530 done
Event: 5.828 Thread 0x00007f84a43e3000 DEOPT PACKING pc=0x00007f84a10af5a8 sp=0x00007f846e7e6390
Event: 5.828 Thread 0x00007f84a43e3000 DEOPT UNPACKING pc=0x00007f84a1039145 sp=0x00007f846e7e62a0 mode 2
Event: 9.664 Thread 0x00007f84a41d2000 DEOPT PACKING pc=0x00007f84a10722c8 sp=0x00007f84922796d0
Event: 9.664 Thread 0x00007f84a41d2000 DEOPT UNPACKING pc=0x00007f84a1039145 sp=0x00007f8492279680 mode 2
Event: 9.705 Thread 0x00007f84a41d2000 DEOPT PACKING pc=0x00007f84a10bb88c sp=0x00007f84922796d0
Event: 9.705 Thread 0x00007f84a41d2000 DEOPT UNPACKING pc=0x00007f84a1039145 sp=0x00007f8492279680 mode 2


Dynamic libraries:
00400000-00401000 r-xp 00000000 07:00 317449                             /usr/lib/jvm/java-7-openjdk-amd64/jre/bin/java
00600000-00601000 r--p 00000000 07:00 317449                             /usr/lib/jvm/java-7-openjdk-amd64/jre/bin/java
00601000-00602000 rw-p 00001000 07:00 317449                             /usr/lib/jvm/java-7-openjdk-amd64/jre/bin/java
00762000-00783000 rw-p 00000000 00:00 0                                  [heap]
77a800000-77bcc0000 rw-p 00000000 00:00 0 
77bcc0000-784e00000 rw-p 00000000 00:00 0 
784e00000-78a020000 rw-p 00000000 00:00 0 
78a020000-7d6f60000 rw-p 00000000 00:00 0 
7d6f60000-7d9860000 rw-p 00000000 00:00 0 
7d9860000-800000000 rw-p 00000000 00:00 0 
7f8428000000-7f8428021000 rw-p 00000000 00:00 0 
7f8428021000-7f842c000000 ---p 00000000 00:00 0 
7f8430000000-7f8430039000 rw-p 00000000 00:00 0 
7f8430039000-7f8434000000 ---p 00000000 00:00 0 
7f8434000000-7f843469a000 rw-p 00000000 00:00 0 
7f843469a000-7f8438000000 ---p 00000000 00:00 0 
7f8438000000-7f8438021000 rw-p 00000000 00:00 0 
7f8438021000-7f843c000000 ---p 00000000 00:00 0 
7f843c000000-7f843c021000 rw-p 00000000 00:00 0 
7f843c021000-7f8440000000 ---p 00000000 00:00 0 
7f8440000000-7f844003e000 rw-p 00000000 00:00 0 
7f844003e000-7f8444000000 ---p 00000000 00:00 0 
7f8444000000-7f8444021000 rw-p 00000000 00:00 0 
7f8444021000-7f8448000000 ---p 00000000 00:00 0 
7f8448000000-7f8448021000 rw-p 00000000 00:00 0 
7f8448021000-7f844c000000 ---p 00000000 00:00 0 
7f844c000000-7f844c021000 rw-p 00000000 00:00 0 
7f844c021000-7f8450000000 ---p 00000000 00:00 0 
7f8450000000-7f84502f0000 rw-p 00000000 00:00 0 
7f84502f0000-7f8454000000 ---p 00000000 00:00 0 
7f8454000000-7f8454021000 rw-p 00000000 00:00 0 
7f8454021000-7f8458000000 ---p 00000000 00:00 0 
7f8458000000-7f8458021000 rw-p 00000000 00:00 0 
7f8458021000-7f845c000000 ---p 00000000 00:00 0 
7f845c000000-7f845c3a7000 rw-p 00000000 00:00 0 
7f845c3a7000-7f8460000000 ---p 00000000 00:00 0 
7f8460000000-7f8460021000 rw-p 00000000 00:00 0 
7f8460021000-7f8464000000 ---p 00000000 00:00 0 
7f8464000000-7f8464021000 rw-p 00000000 00:00 0 
7f8464021000-7f8468000000 ---p 00000000 00:00 0 
7f8468000000-7f84680c8000 rw-p 00000000 00:00 0 
7f84680c8000-7f846c000000 ---p 00000000 00:00 0 
7f846e271000-7f846e48e000 rw-p 00000000 00:00 0 
7f846e48e000-7f846e524000 rw-s 001c2000 00:05 318922                     /dev/video1 (deleted)
7f846e524000-7f846e5ba000 rw-s 0012c000 00:05 318922                     /dev/video1 (deleted)
7f846e5ba000-7f846e650000 rw-s 00096000 00:05 318922                     /dev/video1 (deleted)
7f846e650000-7f846e6e7000 rw-p 00000000 00:00 0 
7f846e6e7000-7f846e6ea000 ---p 00000000 00:00 0 
7f846e6ea000-7f846e7e8000 rw-p 00000000 00:00 0                          [stack:17355]
7f846e7e8000-7f846e7eb000 ---p 00000000 00:00 0 
7f846e7eb000-7f846e8e9000 rw-p 00000000 00:00 0                          [stack:17354]
7f846e8e9000-7f846e8f9000 r-xp 00000000 07:00 331787                     /usr/lib/jvm/java-7-openjdk-amd64/jre/lib/amd64/libnio.so
7f846e8f9000-7f846eaf8000 ---p 00010000 07:00 331787                     /usr/lib/jvm/java-7-openjdk-amd64/jre/lib/amd64/libnio.so
7f846eaf8000-7f846eaf9000 r--p 0000f000 07:00 331787                     /usr/lib/jvm/java-7-openjdk-amd64/jre/lib/amd64/libnio.so
7f846eaf9000-7f846eafa000 rw-p 00010000 07:00 331787                     /usr/lib/jvm/java-7-openjdk-amd64/jre/lib/amd64/libnio.so
7f846eafa000-7f846eb10000 r-xp 00000000 07:00 331807                     /usr/lib/jvm/java-7-openjdk-amd64/jre/lib/amd64/libnet.so
7f846eb10000-7f846ed0f000 ---p 00016000 07:00 331807                     /usr/lib/jvm/java-7-openjdk-amd64/jre/lib/amd64/libnet.so
7f846ed0f000-7f846ed10000 r--p 00015000 07:00 331807                     /usr/lib/jvm/java-7-openjdk-amd64/jre/lib/amd64/libnet.so
7f846ed10000-7f846ed11000 rw-p 00016000 07:00 331807                     /usr/lib/jvm/java-7-openjdk-amd64/jre/lib/amd64/libnet.so
7f846ed11000-7f846ed5e000 r-xp 00000000 07:00 331810                     /usr/lib/jvm/java-7-openjdk-amd64/jre/lib/amd64/libfontmanager.so
7f846ed5e000-7f846ef5d000 ---p 0004d000 07:00 331810                     /usr/lib/jvm/java-7-openjdk-amd64/jre/lib/amd64/libfontmanager.so
7f846ef5d000-7f846ef60000 r--p 0004c000 07:00 331810                     /usr/lib/jvm/java-7-openjdk-amd64/jre/lib/amd64/libfontmanager.so
7f846ef60000-7f846ef61000 rw-p 0004f000 07:00 331810                     /usr/lib/jvm/java-7-openjdk-amd64/jre/lib/amd64/libfontmanager.so
7f846ef61000-7f846ef64000 ---p 00000000 00:00 0 
7f846ef64000-7f846f062000 rw-p 00000000 00:00 0                          [stack:17353]
7f846f062000-7f846f065000 ---p 00000000 00:00 0 
7f846f065000-7f846f163000 rw-p 00000000 00:00 0                          [stack:17352]
7f846f163000-7f846f166000 ---p 00000000 00:00 0 
7f846f166000-7f846f264000 rw-p 00000000 00:00 0                          [stack:17351]
7f846f264000-7f846f267000 r-xp 00000000 07:00 234535                     /lib/x86_64-linux-gnu/libgpg-error.so.0.8.0
7f846f267000-7f846f466000 ---p 00003000 07:00 234535                     /lib/x86_64-linux-gnu/libgpg-error.so.0.8.0
7f846f466000-7f846f467000 r--p 00002000 07:00 234535                     /lib/x86_64-linux-gnu/libgpg-error.so.0.8.0
7f846f467000-7f846f468000 rw-p 00003000 07:00 234535                     /lib/x86_64-linux-gnu/libgpg-error.so.0.8.0
7f846f468000-7f846f46b000 r-xp 00000000 07:00 234587                     /lib/x86_64-linux-gnu/libkeyutils.so.1.4
7f846f46b000-7f846f66a000 ---p 00003000 07:00 234587                     /lib/x86_64-linux-gnu/libkeyutils.so.1.4
7f846f66a000-7f846f66b000 r--p 00002000 07:00 234587                     /lib/x86_64-linux-gnu/libkeyutils.so.1.4
7f846f66b000-7f846f66c000 rw-p 00003000 07:00 234587                     /lib/x86_64-linux-gnu/libkeyutils.so.1.4
7f846f66c000-7f846f6ae000 r-xp 00000000 07:00 234531                     /lib/x86_64-linux-gnu/libdbus-1.so.3.5.8
7f846f6ae000-7f846f8ae000 ---p 00042000 07:00 234531                     /lib/x86_64-linux-gnu/libdbus-1.so.3.5.8
7f846f8ae000-7f846f8af000 r--p 00042000 07:00 234531                     /lib/x86_64-linux-gnu/libdbus-1.so.3.5.8
7f846f8af000-7f846f8b0000 rw-p 00043000 07:00 234531                     /lib/x86_64-linux-gnu/libdbus-1.so.3.5.8
7f846f8b0000-7f846f8c1000 r-xp 00000000 07:00 93612                      /usr/lib/x86_64-linux-gnu/libp11-kit.so.0.0.0
7f846f8c1000-7f846fac0000 ---p 00011000 07:00 93612                      /usr/lib/x86_64-linux-gnu/libp11-kit.so.0.0.0
7f846fac0000-7f846fac1000 r--p 00010000 07:00 93612                      /usr/lib/x86_64-linux-gnu/libp11-kit.so.0.0.0
7f846fac1000-7f846fac2000 rw-p 00011000 07:00 93612                      /usr/lib/x86_64-linux-gnu/libp11-kit.so.0.0.0
7f846fac2000-7f846fb3c000 r-xp 00000000 07:00 234507                     /lib/x86_64-linux-gnu/libgcrypt.so.11.7.0
7f846fb3c000-7f846fd3c000 ---p 0007a000 07:00 234507                     /lib/x86_64-linux-gnu/libgcrypt.so.11.7.0
7f846fd3c000-7f846fd3d000 r--p 0007a000 07:00 234507                     /lib/x86_64-linux-gnu/libgcrypt.so.11.7.0
7f846fd3d000-7f846fd40000 rw-p 0007b000 07:00 234507                     /lib/x86_64-linux-gnu/libgcrypt.so.11.7.0
7f846fd40000-7f8474000000 rw-p 00000000 00:00 0 
7f8474000000-7f8474021000 rw-p 00000000 00:00 0 
7f8474021000-7f8478000000 ---p 00000000 00:00 0 
7f8478000000-7f8478021000 rw-p 00000000 00:00 0 
7f8478021000-7f847c000000 ---p 00000000 00:00 0 
7f847c000000-7f847c021000 rw-p 00000000 00:00 0 
7f847c021000-7f8480000000 ---p 00000000 00:00 0 
7f848001e000-7f84800b4000 rw-s 00000000 00:05 318922                     /dev/video1 (deleted)
7f84800b4000-7f84800c4000 r-xp 00000000 07:00 113457                     /usr/lib/x86_64-linux-gnu/libtasn1.so.3.1.12
7f84800c4000-7f84802c3000 ---p 00010000 07:00 113457                     /usr/lib/x86_64-linux-gnu/libtasn1.so.3.1.12
7f84802c3000-7f84802c4000 r--p 0000f000 07:00 113457                     /usr/lib/x86_64-linux-gnu/libtasn1.so.3.1.12
7f84802c4000-7f84802c5000 rw-p 00010000 07:00 113457                     /usr/lib/x86_64-linux-gnu/libtasn1.so.3.1.12
7f84802c5000-7f84802cc000 r-xp 00000000 07:00 113515                     /usr/lib/x86_64-linux-gnu/libkrb5support.so.0.1
7f84802cc000-7f84804cb000 ---p 00007000 07:00 113515                     /usr/lib/x86_64-linux-gnu/libkrb5support.so.0.1
7f84804cb000-7f84804cc000 r--p 00006000 07:00 113515                     /usr/lib/x86_64-linux-gnu/libkrb5support.so.0.1
7f84804cc000-7f84804cd000 rw-p 00007000 07:00 113515                     /usr/lib/x86_64-linux-gnu/libkrb5support.so.0.1
7f84804cd000-7f84804d0000 r-xp 00000000 07:00 234510                     /lib/x86_64-linux-gnu/libcom_err.so.2.1
7f84804d0000-7f84806cf000 ---p 00003000 07:00 234510                     /lib/x86_64-linux-gnu/libcom_err.so.2.1
7f84806cf000-7f84806d0000 r--p 00002000 07:00 234510                     /lib/x86_64-linux-gnu/libcom_err.so.2.1
7f84806d0000-7f84806d1000 rw-p 00003000 07:00 234510                     /lib/x86_64-linux-gnu/libcom_err.so.2.1
7f84806d1000-7f84806f6000 r-xp 00000000 07:00 93453                      /usr/lib/x86_64-linux-gnu/libk5crypto.so.3.1
7f84806f6000-7f84808f6000 ---p 00025000 07:00 93453                      /usr/lib/x86_64-linux-gnu/libk5crypto.so.3.1
7f84808f6000-7f84808f7000 r--p 00025000 07:00 93453                      /usr/lib/x86_64-linux-gnu/libk5crypto.so.3.1
7f84808f7000-7f84808f8000 rw-p 00026000 07:00 93453                      /usr/lib/x86_64-linux-gnu/libk5crypto.so.3.1
7f84808f8000-7f84808f9000 rw-p 00000000 00:00 0 
7f84808f9000-7f84809bd000 r-xp 00000000 07:00 93534                      /usr/lib/x86_64-linux-gnu/libkrb5.so.3.3
7f84809bd000-7f8480bbc000 ---p 000c4000 07:00 93534                      /usr/lib/x86_64-linux-gnu/libkrb5.so.3.3
7f8480bbc000-7f8480bc6000 r--p 000c3000 07:00 93534                      /usr/lib/x86_64-linux-gnu/libkrb5.so.3.3
7f8480bc6000-7f8480bc7000 rw-p 000cd000 07:00 93534                      /usr/lib/x86_64-linux-gnu/libkrb5.so.3.3
7f8480bc7000-7f8480bcf000 r-xp 00000000 07:00 113561                     /usr/lib/x86_64-linux-gnu/libxcb-render.so.0.0.0
7f8480bcf000-7f8480dcf000 ---p 00008000 07:00 113561                     /usr/lib/x86_64-linux-gnu/libxcb-render.so.0.0.0
7f8480dcf000-7f8480dd0000 r--p 00008000 07:00 113561                     /usr/lib/x86_64-linux-gnu/libxcb-render.so.0.0.0
7f8480dd0000-7f8480dd1000 rw-p 00009000 07:00 113561                     /usr/lib/x86_64-linux-gnu/libxcb-render.so.0.0.0
7f8480dd1000-7f8480dd3000 r-xp 00000000 07:00 93429                      /usr/lib/x86_64-linux-gnu/libxcb-shm.so.0.0.0
7f8480dd3000-7f8480fd2000 ---p 00002000 07:00 93429                      /usr/lib/x86_64-linux-gnu/libxcb-shm.so.0.0.0
7f8480fd2000-7f8480fd3000 r--p 00001000 07:00 93429                      /usr/lib/x86_64-linux-gnu/libxcb-shm.so.0.0.0
7f8480fd3000-7f8480fd4000 rw-p 00002000 07:00 93429                      /usr/lib/x86_64-linux-gnu/libxcb-shm.so.0.0.0
7f8480fd4000-7f8480ffa000 r-xp 00000000 07:00 234543                     /lib/x86_64-linux-gnu/libpng12.so.0.46.0
7f8480ffa000-7f84811fa000 ---p 00026000 07:00 234543                     /lib/x86_64-linux-gnu/libpng12.so.0.46.0
7f84811fa000-7f84811fb000 r--p 00026000 07:00 234543                     /lib/x86_64-linux-gnu/libpng12.so.0.46.0
7f84811fb000-7f84811fc000 rw-p 00027000 07:00 234543                     /lib/x86_64-linux-gnu/libpng12.so.0.46.0
7f84811fc000-7f848128c000 r-xp 00000000 07:00 1479762                    /usr/lib/x86_64-linux-gnu/libpixman-1.so.0.30.2
7f848128c000-7f848148b000 ---p 00090000 07:00 1479762                    /usr/lib/x86_64-linux-gnu/libpixman-1.so.0.30.2
7f848148b000-7f8481492000 r--p 0008f000 07:00 1479762                    /usr/lib/x86_64-linux-gnu/libpixman-1.so.0.30.2
7f8481492000-7f8481493000 rw-p 00096000 07:00 1479762                    /usr/lib/x86_64-linux-gnu/libpixman-1.so.0.30.2
7f8481493000-7f8481498000 r-xp 00000000 07:00 113447                     /usr/lib/x86_64-linux-gnu/libXdmcp.so.6.0.0
7f8481498000-7f8481697000 ---p 00005000 07:00 113447                     /usr/lib/x86_64-linux-gnu/libXdmcp.so.6.0.0
7f8481697000-7f8481698000 r--p 00004000 07:00 113447                     /usr/lib/x86_64-linux-gnu/libXdmcp.so.6.0.0
7f8481698000-7f8481699000 rw-p 00005000 07:00 113447                     /usr/lib/x86_64-linux-gnu/libXdmcp.so.6.0.0
7f8481699000-7f848169b000 r-xp 00000000 07:00 113586                     /usr/lib/x86_64-linux-gnu/libXau.so.6.0.0
7f848169b000-7f848189a000 ---p 00002000 07:00 113586                     /usr/lib/x86_64-linux-gnu/libXau.so.6.0.0
7f848189a000-7f848189b000 r--p 00001000 07:00 113586                     /usr/lib/x86_64-linux-gnu/libXau.so.6.0.0
7f848189b000-7f848189c000 rw-p 00002000 07:00 113586                     /usr/lib/x86_64-linux-gnu/libXau.so.6.0.0
7f848189c000-7f84818ac000 r-xp 00000000 07:00 1479774                    /usr/lib/x86_64-linux-gnu/libavahi-client.so.3.2.9
7f84818ac000-7f8481aab000 ---p 00010000 07:00 1479774                    /usr/lib/x86_64-linux-gnu/libavahi-client.so.3.2.9
7f8481aab000-7f8481aac000 r--p 0000f000 07:00 1479774                    /usr/lib/x86_64-linux-gnu/libavahi-client.so.3.2.9
7f8481aac000-7f8481aad000 rw-p 00010000 07:00 1479774                    /usr/lib/x86_64-linux-gnu/libavahi-client.so.3.2.9
7f8481aad000-7f8481ab8000 r-xp 00000000 07:00 1479772                    /usr/lib/x86_64-linux-gnu/libavahi-common.so.3.5.3
7f8481ab8000-7f8481cb7000 ---p 0000b000 07:00 1479772                    /usr/lib/x86_64-linux-gnu/libavahi-common.so.3.5.3
7f8481cb7000-7f8481cb8000 r--p 0000a000 07:00 1479772                    /usr/lib/x86_64-linux-gnu/libavahi-common.so.3.5.3
7f8481cb8000-7f8481cb9000 rw-p 0000b000 07:00 1479772                    /usr/lib/x86_64-linux-gnu/libavahi-common.so.3.5.3
7f8481cb9000-7f8481d6d000 r-xp 00000000 07:00 1479742                    /usr/lib/x86_64-linux-gnu/libgnutls.so.26.21.8
7f8481d6d000-7f8481f6d000 ---p 000b4000 07:00 1479742                    /usr/lib/x86_64-linux-gnu/libgnutls.so.26.21.8
7f8481f6d000-7f8481f73000 r--p 000b4000 07:00 1479742                    /usr/lib/x86_64-linux-gnu/libgnutls.so.26.21.8
7f8481f73000-7f8481f74000 rw-p 000ba000 07:00 1479742                    /usr/lib/x86_64-linux-gnu/libgnutls.so.26.21.8
7f8481f74000-7f8481f75000 rw-p 00000000 00:00 0 
7f8481f75000-7f8481fb0000 r-xp 00000000 07:00 113467                     /usr/lib/x86_64-linux-gnu/libgssapi_krb5.so.2.2
7f8481fb0000-7f84821b0000 ---p 0003b000 07:00 113467                     /usr/lib/x86_64-linux-gnu/libgssapi_krb5.so.2.2
7f84821b0000-7f84821b1000 r--p 0003b000 07:00 113467                     /usr/lib/x86_64-linux-gnu/libgssapi_krb5.so.2.2
7f84821b1000-7f84821b3000 rw-p 0003c000 07:00 113467                     /usr/lib/x86_64-linux-gnu/libgssapi_krb5.so.2.2
7f84821b3000-7f84821ef000 r-xp 00000000 07:00 234583                     /lib/x86_64-linux-gnu/libpcre.so.3.12.1
7f84821ef000-7f84823ee000 ---p 0003c000 07:00 234583                     /lib/x86_64-linux-gnu/libpcre.so.3.12.1
7f84823ee000-7f84823ef000 r--p 0003b000 07:00 234583                     /lib/x86_64-linux-gnu/libpcre.so.3.12.1
7f84823ef000-7f84823f0000 rw-p 0003c000 07:00 234583                     /lib/x86_64-linux-gnu/libpcre.so.3.12.1
7f84823f0000-7f84823f7000 r-xp 00000000 07:00 93515                      /usr/lib/x86_64-linux-gnu/libffi.so.6.0.0
7f84823f7000-7f84825f6000 ---p 00007000 07:00 93515                      /usr/lib/x86_64-linux-gnu/libffi.so.6.0.0
7f84825f6000-7f84825f7000 r--p 00006000 07:00 93515                      /usr/lib/x86_64-linux-gnu/libffi.so.6.0.0
7f84825f7000-7f84825f8000 rw-p 00007000 07:00 93515                      /usr/lib/x86_64-linux-gnu/libffi.so.6.0.0
7f84825f8000-7f848261f000 r-xp 00000000 07:00 234562                     /lib/x86_64-linux-gnu/libexpat.so.1.5.2
7f848261f000-7f848281f000 ---p 00027000 07:00 234562                     /lib/x86_64-linux-gnu/libexpat.so.1.5.2
7f848281f000-7f8482821000 r--p 00027000 07:00 234562                     /lib/x86_64-linux-gnu/libexpat.so.1.5.2
7f8482821000-7f8482822000 rw-p 00029000 07:00 234562                     /lib/x86_64-linux-gnu/libexpat.so.1.5.2
7f8482822000-7f84828b8000 r-xp 00000000 07:00 113532                     /usr/lib/x86_64-linux-gnu/libfreetype.so.6.8.0
7f84828b8000-7f8482ab7000 ---p 00096000 07:00 113532                     /usr/lib/x86_64-linux-gnu/libfreetype.so.6.8.0
7f8482ab7000-7f8482abd000 r--p 00095000 07:00 113532                     /usr/lib/x86_64-linux-gnu/libfreetype.so.6.8.0
7f8482abd000-7f8482abe000 rw-p 0009b000 07:00 113532                     /usr/lib/x86_64-linux-gnu/libfreetype.so.6.8.0
7f8482abe000-7f8482ad6000 r-xp 00000000 07:00 1355784                    /lib/x86_64-linux-gnu/libresolv-2.15.so
7f8482ad6000-7f8482cd6000 ---p 00018000 07:00 1355784                    /lib/x86_64-linux-gnu/libresolv-2.15.so
7f8482cd6000-7f8482cd7000 r--p 00018000 07:00 1355784                    /lib/x86_64-linux-gnu/libresolv-2.15.so
7f8482cd7000-7f8482cd8000 rw-p 00019000 07:00 1355784                    /lib/x86_64-linux-gnu/libresolv-2.15.so
7f8482cd8000-7f8482cda000 rw-p 00000000 00:00 0 
7f8482cda000-7f8482cf7000 r-xp 00000000 07:00 234525                     /lib/x86_64-linux-gnu/libselinux.so.1
7f8482cf7000-7f8482ef6000 ---p 0001d000 07:00 234525                     /lib/x86_64-linux-gnu/libselinux.so.1
7f8482ef6000-7f8482ef7000 r--p 0001c000 07:00 234525                     /lib/x86_64-linux-gnu/libselinux.so.1
7f8482ef7000-7f8482ef8000 rw-p 0001d000 07:00 234525                     /lib/x86_64-linux-gnu/libselinux.so.1
7f8482ef8000-7f8482ef9000 rw-p 00000000 00:00 0 
7f8482ef9000-7f8482efc000 r-xp 00000000 07:00 1479720                    /usr/lib/x86_64-linux-gnu/libgmodule-2.0.so.0.3200.4
7f8482efc000-7f84830fb000 ---p 00003000 07:00 1479720                    /usr/lib/x86_64-linux-gnu/libgmodule-2.0.so.0.3200.4
7f84830fb000-7f84830fc000 r--p 00002000 07:00 1479720                    /usr/lib/x86_64-linux-gnu/libgmodule-2.0.so.0.3200.4
7f84830fc000-7f84830fd000 rw-p 00003000 07:00 1479720                    /usr/lib/x86_64-linux-gnu/libgmodule-2.0.so.0.3200.4
7f84830fd000-7f84830ff000 r-xp 00000000 07:00 113493                     /usr/lib/x86_64-linux-gnu/libXdamage.so.1.1.0
7f84830ff000-7f84832fe000 ---p 00002000 07:00 113493                     /usr/lib/x86_64-linux-gnu/libXdamage.so.1.1.0
7f84832fe000-7f84832ff000 r--p 00001000 07:00 113493                     /usr/lib/x86_64-linux-gnu/libXdamage.so.1.1.0
7f84832ff000-7f8483300000 rw-p 00002000 07:00 113493                     /usr/lib/x86_64-linux-gnu/libXdamage.so.1.1.0
7f8483300000-7f8483302000 r-xp 00000000 07:00 93510                      /usr/lib/x86_64-linux-gnu/libXcomposite.so.1.0.0
7f8483302000-7f8483501000 ---p 00002000 07:00 93510                      /usr/lib/x86_64-linux-gnu/libXcomposite.so.1.0.0
7f8483501000-7f8483502000 r--p 00001000 07:00 93510                      /usr/lib/x86_64-linux-gnu/libXcomposite.so.1.0.0
7f8483502000-7f8483503000 rw-p 00002000 07:00 93510                      /usr/lib/x86_64-linux-gnu/libXcomposite.so.1.0.0
7f8483503000-7f848350c000 r-xp 00000000 07:00 93479                      /usr/lib/x86_64-linux-gnu/libXcursor.so.1.0.2
7f848350c000-7f848370b000 ---p 00009000 07:00 93479                      /usr/lib/x86_64-linux-gnu/libXcursor.so.1.0.2
7f848370b000-7f848370c000 r--p 00008000 07:00 93479                      /usr/lib/x86_64-linux-gnu/libXcursor.so.1.0.2
7f848370c000-7f848370d000 rw-p 00009000 07:00 93479                      /usr/lib/x86_64-linux-gnu/libXcursor.so.1.0.2
7f848370d000-7f8483714000 r-xp 00000000 07:00 93528                      /usr/lib/x86_64-linux-gnu/libXrandr.so.2.2.0
7f8483714000-7f8483913000 ---p 00007000 07:00 93528                      /usr/lib/x86_64-linux-gnu/libXrandr.so.2.2.0
7f8483913000-7f8483914000 r--p 00006000 07:00 93528                      /usr/lib/x86_64-linux-gnu/libXrandr.so.2.2.0
7f8483914000-7f8483915000 rw-p 00007000 07:00 93528                      /usr/lib/x86_64-linux-gnu/libXrandr.so.2.2.0
7f8483915000-7f8483917000 r-xp 00000000 07:00 113624                     /usr/lib/x86_64-linux-gnu/libXinerama.so.1.0.0
7f8483917000-7f8483b16000 ---p 00002000 07:00 113624                     /usr/lib/x86_64-linux-gnu/libXinerama.so.1.0.0
7f8483b16000-7f8483b17000 r--p 00001000 07:00 113624                     /usr/lib/x86_64-linux-gnu/libXinerama.so.1.0.0
7f8483b17000-7f8483b18000 rw-p 00002000 07:00 113624                     /usr/lib/x86_64-linux-gnu/libXinerama.so.1.0.0
7f8483b18000-7f8483b41000 r-xp 00000000 07:00 93391                      /usr/lib/x86_64-linux-gnu/libpangoft2-1.0.so.0.3000.0
7f8483b41000-7f8483d40000 ---p 00029000 07:00 93391                      /usr/lib/x86_64-linux-gnu/libpangoft2-1.0.so.0.3000.0
7f8483d40000-7f8483d41000 r--p 00028000 07:00 93391                      /usr/lib/x86_64-linux-gnu/libpangoft2-1.0.so.0.3000.0
7f8483d41000-7f8483d42000 rw-p 00029000 07:00 93391                      /usr/lib/x86_64-linux-gnu/libpangoft2-1.0.so.0.3000.0
7f8483d42000-7f8483dfb000 r-xp 00000000 07:00 93452                      /usr/lib/x86_64-linux-gnu/libcairo.so.2.11000.2
7f8483dfb000-7f8483ffa000 ---p 000b9000 07:00 93452                      /usr/lib/x86_64-linux-gnu/libcairo.so.2.11000.2
7f8483ffa000-7f8483ffc000 r--p 000b8000 07:00 93452                      /usr/lib/x86_64-linux-gnu/libcairo.so.2.11000.2
7f8483ffc000-7f8483ffd000 rw-p 000ba000 07:00 93452                      /usr/lib/x86_64-linux-gnu/libcairo.so.2.11000.2
7f8483ffd000-7f8484000000 rw-p 00000000 00:00 0 
7f8484000000-7f8484021000 rw-p 00000000 00:00 0 
7f8484021000-7f8488000000 ---p 00000000 00:00 0 
7f8488066000-7f8488069000 ---p 00000000 00:00 0 
7f8488069000-7f8488167000 rw-p 00000000 00:00 0                          [stack:17350]
7f8488167000-7f8488186000 r-xp 00000000 07:00 113625                     /usr/lib/x86_64-linux-gnu/libatk-1.0.so.0.20409.1
7f8488186000-7f8488386000 ---p 0001f000 07:00 113625                     /usr/lib/x86_64-linux-gnu/libatk-1.0.so.0.20409.1
7f8488386000-7f8488388000 r--p 0001f000 07:00 113625                     /usr/lib/x86_64-linux-gnu/libatk-1.0.so.0.20409.1
7f8488388000-7f8488389000 rw-p 00021000 07:00 113625                     /usr/lib/x86_64-linux-gnu/libatk-1.0.so.0.20409.1
7f8488389000-7f848838e000 r-xp 00000000 07:00 1479768                    /usr/lib/x86_64-linux-gnu/libXfixes.so.3.1.0
7f848838e000-7f848858d000 ---p 00005000 07:00 1479768                    /usr/lib/x86_64-linux-gnu/libXfixes.so.3.1.0
7f848858d000-7f848858e000 r--p 00004000 07:00 1479768                    /usr/lib/x86_64-linux-gnu/libXfixes.so.3.1.0
7f848858e000-7f848858f000 rw-p 00005000 07:00 1479768                    /usr/lib/x86_64-linux-gnu/libXfixes.so.3.1.0
7f848858f000-7f848859a000 r-xp 00000000 07:00 113531                     /usr/lib/x86_64-linux-gnu/libpangocairo-1.0.so.0.3000.0
7f848859a000-7f8488799000 ---p 0000b000 07:00 113531                     /usr/lib/x86_64-linux-gnu/libpangocairo-1.0.so.0.3000.0
7f8488799000-7f848879a000 r--p 0000a000 07:00 113531                     /usr/lib/x86_64-linux-gnu/libpangocairo-1.0.so.0.3000.0
7f848879a000-7f848879b000 rw-p 0000b000 07:00 113531                     /usr/lib/x86_64-linux-gnu/libpangocairo-1.0.so.0.3000.0
7f848879b000-7f84887b8000 r-xp 00000000 07:00 93302                      /usr/lib/x86_64-linux-gnu/libxcb.so.1.1.0
7f84887b8000-7f84889b7000 ---p 0001d000 07:00 93302                      /usr/lib/x86_64-linux-gnu/libxcb.so.1.1.0
7f84889b7000-7f84889b8000 r--p 0001c000 07:00 93302                      /usr/lib/x86_64-linux-gnu/libxcb.so.1.1.0
7f84889b8000-7f84889b9000 rw-p 0001d000 07:00 93302                      /usr/lib/x86_64-linux-gnu/libxcb.so.1.1.0
7f84889b9000-7f8488a09000 r-xp 00000000 07:00 93603                      /usr/lib/x86_64-linux-gnu/libcups.so.2
7f8488a09000-7f8488c08000 ---p 00050000 07:00 93603                      /usr/lib/x86_64-linux-gnu/libcups.so.2
7f8488c08000-7f8488c0c000 r--p 0004f000 07:00 93603                      /usr/lib/x86_64-linux-gnu/libcups.so.2
7f8488c0c000-7f8488c0d000 rw-p 00053000 07:00 93603                      /usr/lib/x86_64-linux-gnu/libcups.so.2
7f8488c0d000-7f8488cff000 r-xp 00000000 07:00 234522                     /lib/x86_64-linux-gnu/libglib-2.0.so.0.3200.4
7f8488cff000-7f8488eff000 ---p 000f2000 07:00 234522                     /lib/x86_64-linux-gnu/libglib-2.0.so.0.3200.4
7f8488eff000-7f8488f00000 r--p 000f2000 07:00 234522                     /lib/x86_64-linux-gnu/libglib-2.0.so.0.3200.4
7f8488f00000-7f8488f01000 rw-p 000f3000 07:00 234522                     /lib/x86_64-linux-gnu/libglib-2.0.so.0.3200.4
7f8488f01000-7f8488f02000 rw-p 00000000 00:00 0 
7f8488f02000-7f8488f03000 r-xp 00000000 07:00 1479722                    /usr/lib/x86_64-linux-gnu/libgthread-2.0.so.0.3200.4
7f8488f03000-7f8489102000 ---p 00001000 07:00 1479722                    /usr/lib/x86_64-linux-gnu/libgthread-2.0.so.0.3200.4
7f8489102000-7f8489103000 r--p 00000000 07:00 1479722                    /usr/lib/x86_64-linux-gnu/libgthread-2.0.so.0.3200.4
7f8489103000-7f8489104000 rw-p 00001000 07:00 1479722                    /usr/lib/x86_64-linux-gnu/libgthread-2.0.so.0.3200.4
7f8489104000-7f8489151000 r-xp 00000000 07:00 1479726                    /usr/lib/x86_64-linux-gnu/libgobject-2.0.so.0.3200.4
7f8489151000-7f8489351000 ---p 0004d000 07:00 1479726                    /usr/lib/x86_64-linux-gnu/libgobject-2.0.so.0.3200.4
7f8489351000-7f8489352000 r--p 0004d000 07:00 1479726                    /usr/lib/x86_64-linux-gnu/libgobject-2.0.so.0.3200.4
7f8489352000-7f8489353000 rw-p 0004e000 07:00 1479726                    /usr/lib/x86_64-linux-gnu/libgobject-2.0.so.0.3200.4
7f8489353000-7f8489387000 r-xp 00000000 07:00 93287                      /usr/lib/x86_64-linux-gnu/libfontconfig.so.1.4.4
7f8489387000-7f8489587000 ---p 00034000 07:00 93287                      /usr/lib/x86_64-linux-gnu/libfontconfig.so.1.4.4
7f8489587000-7f8489588000 r--p 00034000 07:00 93287                      /usr/lib/x86_64-linux-gnu/libfontconfig.so.1.4.4
7f8489588000-7f8489589000 rw-p 00035000 07:00 93287                      /usr/lib/x86_64-linux-gnu/libfontconfig.so.1.4.4
7f8489589000-7f84895cf000 r-xp 00000000 07:00 113642                     /usr/lib/x86_64-linux-gnu/libpango-1.0.so.0.3000.0
7f84895cf000-7f84897cf000 ---p 00046000 07:00 113642                     /usr/lib/x86_64-linux-gnu/libpango-1.0.so.0.3000.0
7f84897cf000-7f84897d1000 r--p 00046000 07:00 113642                     /usr/lib/x86_64-linux-gnu/libpango-1.0.so.0.3000.0
7f84897d1000-7f84897d2000 rw-p 00048000 07:00 113642                     /usr/lib/x86_64-linux-gnu/libpango-1.0.so.0.3000.0
7f84897d2000-7f84897f0000 r-xp 00000000 07:00 93419                      /usr/lib/x86_64-linux-gnu/libgdk_pixbuf-2.0.so.0.2600.1
7f84897f0000-7f84899f0000 ---p 0001e000 07:00 93419                      /usr/lib/x86_64-linux-gnu/libgdk_pixbuf-2.0.so.0.2600.1
7f84899f0000-7f84899f1000 r--p 0001e000 07:00 93419                      /usr/lib/x86_64-linux-gnu/libgdk_pixbuf-2.0.so.0.2600.1
7f84899f1000-7f84899f2000 rw-p 0001f000 07:00 93419                      /usr/lib/x86_64-linux-gnu/libgdk_pixbuf-2.0.so.0.2600.1
7f84899f2000-7f8489b3a000 r-xp 00000000 07:00 1479724                    /usr/lib/x86_64-linux-gnu/libgio-2.0.so.0.3200.4
7f8489b3a000-7f8489d39000 ---p 00148000 07:00 1479724                    /usr/lib/x86_64-linux-gnu/libgio-2.0.so.0.3200.4
7f8489d39000-7f8489d3d000 r--p 00147000 07:00 1479724                    /usr/lib/x86_64-linux-gnu/libgio-2.0.so.0.3200.4
7f8489d3d000-7f8489d3f000 rw-p 0014b000 07:00 1479724                    /usr/lib/x86_64-linux-gnu/libgio-2.0.so.0.3200.4
7f8489d3f000-7f8489d41000 rw-p 00000000 00:00 0 
7f8489d41000-7f8489dee000 r-xp 00000000 07:00 93263                      /usr/lib/x86_64-linux-gnu/libgdk-x11-2.0.so.0.2400.10
7f8489dee000-7f8489fed000 ---p 000ad000 07:00 93263                      /usr/lib/x86_64-linux-gnu/libgdk-x11-2.0.so.0.2400.10
7f8489fed000-7f8489ff1000 r--p 000ac000 07:00 93263                      /usr/lib/x86_64-linux-gnu/libgdk-x11-2.0.so.0.2400.10
7f8489ff1000-7f8489ff3000 rw-p 000b0000 07:00 93263                      /usr/lib/x86_64-linux-gnu/libgdk-x11-2.0.so.0.2400.10
7f8489ff3000-7f848a420000 r-xp 00000000 07:00 113497                     /usr/lib/x86_64-linux-gnu/libgtk-x11-2.0.so.0.2400.10
7f848a420000-7f848a620000 ---p 0042d000 07:00 113497                     /usr/lib/x86_64-linux-gnu/libgtk-x11-2.0.so.0.2400.10
7f848a620000-7f848a627000 r--p 0042d000 07:00 113497                     /usr/lib/x86_64-linux-gnu/libgtk-x11-2.0.so.0.2400.10
7f848a627000-7f848a62b000 rw-p 00434000 07:00 113497                     /usr/lib/x86_64-linux-gnu/libgtk-x11-2.0.so.0.2400.10
7f848a62b000-7f848a62d000 rw-p 00000000 00:00 0 
7f848a62d000-7f848a63c000 r-xp 00000000 07:00 1479776                    /usr/lib/x86_64-linux-gnu/libXi.so.6.1.0
7f848a63c000-7f848a83b000 ---p 0000f000 07:00 1479776                    /usr/lib/x86_64-linux-gnu/libXi.so.6.1.0
7f848a83b000-7f848a83c000 r--p 0000e000 07:00 1479776                    /usr/lib/x86_64-linux-gnu/libXi.so.6.1.0
7f848a83c000-7f848a83d000 rw-p 0000f000 07:00 1479776                    /usr/lib/x86_64-linux-gnu/libXi.so.6.1.0
7f848a83d000-7f848a842000 r-xp 00000000 07:00 93540                      /usr/lib/x86_64-linux-gnu/libXtst.so.6.1.0
7f848a842000-7f848aa41000 ---p 00005000 07:00 93540                      /usr/lib/x86_64-linux-gnu/libXtst.so.6.1.0
7f848aa41000-7f848aa42000 r--p 00004000 07:00 93540                      /usr/lib/x86_64-linux-gnu/libXtst.so.6.1.0
7f848aa42000-7f848aa43000 rw-p 00005000 07:00 93540                      /usr/lib/x86_64-linux-gnu/libXtst.so.6.1.0
7f848aa43000-7f848aa4c000 r-xp 00000000 07:00 93266                      /usr/lib/x86_64-linux-gnu/libXrender.so.1.3.0
7f848aa4c000-7f848ac4b000 ---p 00009000 07:00 93266                      /usr/lib/x86_64-linux-gnu/libXrender.so.1.3.0
7f848ac4b000-7f848ac4c000 r--p 00008000 07:00 93266                      /usr/lib/x86_64-linux-gnu/libXrender.so.1.3.0
7f848ac4c000-7f848ac4d000 rw-p 00009000 07:00 93266                      /usr/lib/x86_64-linux-gnu/libXrender.so.1.3.0
7f848ac4d000-7f848ad7d000 r-xp 00000000 07:00 433153                     /usr/lib/x86_64-linux-gnu/libX11.so.6.3.0
7f848ad7d000-7f848af7d000 ---p 00130000 07:00 433153                     /usr/lib/x86_64-linux-gnu/libX11.so.6.3.0
7f848af7d000-7f848af7e000 r--p 00130000 07:00 433153                     /usr/lib/x86_64-linux-gnu/libX11.so.6.3.0
7f848af7e000-7f848af82000 rw-p 00131000 07:00 433153                     /usr/lib/x86_64-linux-gnu/libX11.so.6.3.0
7f848af82000-7f848af92000 r-xp 00000000 07:00 93461                      /usr/lib/x86_64-linux-gnu/libXext.so.6.4.0
7f848af92000-7f848b191000 ---p 00010000 07:00 93461                      /usr/lib/x86_64-linux-gnu/libXext.so.6.4.0
7f848b191000-7f848b192000 r--p 0000f000 07:00 93461                      /usr/lib/x86_64-linux-gnu/libXext.so.6.4.0
7f848b192000-7f848b193000 rw-p 00010000 07:00 93461                      /usr/lib/x86_64-linux-gnu/libXext.so.6.4.0
7f848b193000-7f848b1e5000 r-xp 00000000 07:00 334917                     /usr/lib/jvm/java-7-openjdk-amd64/jre/lib/amd64/xawt/libmawt.so
7f848b1e5000-7f848b3e5000 ---p 00052000 07:00 334917                     /usr/lib/jvm/java-7-openjdk-amd64/jre/lib/amd64/xawt/libmawt.so
7f848b3e5000-7f848b3e6000 r--p 00052000 07:00 334917                     /usr/lib/jvm/java-7-openjdk-amd64/jre/lib/amd64/xawt/libmawt.so
7f848b3e6000-7f848b3e9000 rw-p 00053000 07:00 334917                     /usr/lib/jvm/java-7-openjdk-amd64/jre/lib/amd64/xawt/libmawt.so
7f848b3e9000-7f848b3ea000 rw-p 00000000 00:00 0 
7f848b3ea000-7f848b48d000 r-xp 00000000 07:00 331786                     /usr/lib/jvm/java-7-openjdk-amd64/jre/lib/amd64/libawt.so
7f848b48d000-7f848b68c000 ---p 000a3000 07:00 331786                     /usr/lib/jvm/java-7-openjdk-amd64/jre/lib/amd64/libawt.so
7f848b68c000-7f848b68d000 r--p 000a2000 07:00 331786                     /usr/lib/jvm/java-7-openjdk-amd64/jre/lib/amd64/libawt.so
7f848b68d000-7f848b698000 rw-p 000a3000 07:00 331786                     /usr/lib/jvm/java-7-openjdk-amd64/jre/lib/amd64/libawt.so
7f848b698000-7f848b6bd000 rw-p 00000000 00:00 0 
7f848b6bd000-7f848b8a2000 r-xp 00000000 07:00 459092                     /home/aivanov/Downloads/opencv-2.4.8/build3/lib/libopencv_ocl.so.2.4.8
7f848b8a2000-7f848baa1000 ---p 001e5000 07:00 459092                     /home/aivanov/Downloads/opencv-2.4.8/build3/lib/libopencv_ocl.so.2.4.8
7f848baa1000-7f848baa4000 r--p 001e4000 07:00 459092                     /home/aivanov/Downloads/opencv-2.4.8/build3/lib/libopencv_ocl.so.2.4.8
7f848baa4000-7f848baa6000 rw-p 001e7000 07:00 459092                     /home/aivanov/Downloads/opencv-2.4.8/build3/lib/libopencv_ocl.so.2.4.8
7f848baa6000-7f848baa7000 rw-p 00000000 00:00 0 
7f848baa7000-7f848bb13000 r-xp 00000000 07:00 458639                     /home/aivanov/Downloads/opencv-2.4.8/build3/lib/libopencv_flann.so.2.4.8
7f848bb13000-7f848bd12000 ---p 0006c000 07:00 458639                     /home/aivanov/Downloads/opencv-2.4.8/build3/lib/libopencv_flann.so.2.4.8
7f848bd12000-7f848bd15000 r--p 0006b000 07:00 458639                     /home/aivanov/Downloads/opencv-2.4.8/build3/lib/libopencv_flann.so.2.4.8
7f848bd15000-7f848bd16000 rw-p 0006e000 07:00 458639                     /home/aivanov/Downloads/opencv-2.4.8/build3/lib/libopencv_flann.so.2.4.8
7f848bd16000-7f848bdfc000 r-xp 00000000 07:00 459135                     /home/aivanov/Downloads/opencv-2.4.8/build3/lib/libopencv_contrib.so.2.4.8
7f848bdfc000-7f848bffc000 ---p 000e6000 07:00 459135                     /home/aivanov/Downloads/opencv-2.4.8/build3/lib/libopencv_contrib.so.2.4.8
7f848bffc000-7f848bffe000 r--p 000e6000 07:00 459135                     /home/aivanov/Downloads/opencv-2.4.8/build3/lib/libopencv_contrib.so.2.4.8
7f848bffe000-7f848c000000 rw-p 000e8000 07:00 459135                     /home/aivanov/Downloads/opencv-2.4.8/build3/lib/libopencv_contrib.so.2.4.8
7f848c000000-7f848c021000 rw-p 00000000 00:00 0 
7f848c021000-7f8490000000 ---p 00000000 00:00 0 
7f8490089000-7f84900bd000 r-xp 00000000 07:00 459117                     /home/aivanov/Downloads/opencv-2.4.8/build3/lib/libopencv_nonfree.so.2.4.8
7f84900bd000-7f84902bd000 ---p 00034000 07:00 459117                     /home/aivanov/Downloads/opencv-2.4.8/build3/lib/libopencv_nonfree.so.2.4.8
7f84902bd000-7f84902be000 r--p 00034000 07:00 459117                     /home/aivanov/Downloads/opencv-2.4.8/build3/lib/libopencv_nonfree.so.2.4.8
7f84902be000-7f84902bf000 rw-p 00035000 07:00 459117                     /home/aivanov/Downloads/opencv-2.4.8/build3/lib/libopencv_nonfree.so.2.4.8
7f84902bf000-7f84902dd000 r-xp 00000000 07:00 458645                     /home/aivanov/Downloads/opencv-2.4.8/build3/lib/libopencv_photo.so.2.4.8
7f84902dd000-7f84904dc000 ---p 0001e000 07:00 458645                     /home/aivanov/Downloads/opencv-2.4.8/build3/lib/libopencv_photo.so.2.4.8
7f84904dc000-7f84904dd000 r--p 0001d000 07:00 458645                     /home/aivanov/Downloads/opencv-2.4.8/build3/lib/libopencv_photo.so.2.4.8
7f84904dd000-7f84904de000 rw-p 0001e000 07:00 458645                     /home/aivanov/Downloads/opencv-2.4.8/build3/lib/libopencv_photo.so.2.4.8
7f84904de000-7f849055c000 r-xp 00000000 07:00 458657                     /home/aivanov/Downloads/opencv-2.4.8/build3/lib/libopencv_objdetect.so.2.4.8
7f849055c000-7f849075c000 ---p 0007e000 07:00 458657                     /home/aivanov/Downloads/opencv-2.4.8/build3/lib/libopencv_objdetect.so.2.4.8
7f849075c000-7f849075d000 r--p 0007e000 07:00 458657                     /home/aivanov/Downloads/opencv-2.4.8/build3/lib/libopencv_objdetect.so.2.4.8
7f849075d000-7f849075e000 rw-p 0007f000 07:00 458657                     /home/aivanov/Downloads/opencv-2.4.8/build3/lib/libopencv_objdetect.so.2.4.8
7f849075e000-7f84907b5000 r-xp 00000000 07:00 458649                     /home/aivanov/Downloads/opencv-2.4.8/build3/lib/libopencv_video.so.2.4.8
7f84907b5000-7f84909b5000 ---p 00057000 07:00 458649                     /home/aivanov/Downloads/opencv-2.4.8/build3/lib/libopencv_video.so.2.4.8
7f84909b5000-7f84909b6000 r--p 00057000 07:00 458649                     /home/aivanov/Downloads/opencv-2.4.8/build3/lib/libopencv_video.so.2.4.8
7f84909b6000-7f84909b7000 rw-p 00058000 07:00 458649                     /home/aivanov/Downloads/opencv-2.4.8/build3/lib/libopencv_video.so.2.4.8
7f84909b7000-7f8490a33000 r-xp 00000000 07:00 458340                     /home/aivanov/Downloads/opencv-2.4.8/build3/lib/libopencv_ml.so.2.4.8
7f8490a33000-7f8490c32000 ---p 0007c000 07:00 458340                     /home/aivanov/Downloads/opencv-2.4.8/build3/lib/libopencv_ml.so.2.4.8
7f8490c32000-7f8490c34000 r--p 0007b000 07:00 458340                     /home/aivanov/Downloads/opencv-2.4.8/build3/lib/libopencv_ml.so.2.4.8
7f8490c34000-7f8490c36000 rw-p 0007d000 07:00 458340                     /home/aivanov/Downloads/opencv-2.4.8/build3/lib/libopencv_ml.so.2.4.8
7f8490c36000-7f8490cd4000 r-xp 00000000 07:00 458660                     /home/aivanov/Downloads/opencv-2.4.8/build3/lib/libopencv_calib3d.so.2.4.8
7f8490cd4000-7f8490ed3000 ---p 0009e000 07:00 458660                     /home/aivanov/Downloads/opencv-2.4.8/build3/lib/libopencv_calib3d.so.2.4.8
7f8490ed3000-7f8490ed4000 r--p 0009d000 07:00 458660                     /home/aivanov/Downloads/opencv-2.4.8/build3/lib/libopencv_calib3d.so.2.4.8
7f8490ed4000-7f8490ed5000 rw-p 0009e000 07:00 458660                     /home/aivanov/Downloads/opencv-2.4.8/build3/lib/libopencv_calib3d.so.2.4.8
7f8490ed5000-7f8490f7a000 r-xp 00000000 07:00 458654                     /home/aivanov/Downloads/opencv-2.4.8/build3/lib/libopencv_features2d.so.2.4.8
7f8490f7a000-7f8491179000 ---p 000a5000 07:00 458654                     /home/aivanov/Downloads/opencv-2.4.8/build3/lib/libopencv_features2d.so.2.4.8
7f8491179000-7f849117d000 r--p 000a4000 07:00 458654                     /home/aivanov/Downloads/opencv-2.4.8/build3/lib/libopencv_features2d.so.2.4.8
7f849117d000-7f849117f000 rw-p 000a8000 07:00 458654                     /home/aivanov/Downloads/opencv-2.4.8/build3/lib/libopencv_features2d.so.2.4.8
7f849117f000-7f8491180000 rw-p 00000000 00:00 0 
7f8491180000-7f84913b0000 r-xp 00000000 07:00 458648                     /home/aivanov/Downloads/opencv-2.4.8/build3/lib/libopencv_highgui.so.2.4.8
7f84913b0000-7f84915af000 ---p 00230000 07:00 458648                     /home/aivanov/Downloads/opencv-2.4.8/build3/lib/libopencv_highgui.so.2.4.8
7f84915af000-7f84915b7000 r--p 0022f000 07:00 458648                     /home/aivanov/Downloads/opencv-2.4.8/build3/lib/libopencv_highgui.so.2.4.8
7f84915b7000-7f84915c0000 rw-p 00237000 07:00 458648                     /home/aivanov/Downloads/opencv-2.4.8/build3/lib/libopencv_highgui.so.2.4.8
7f84915c0000-7f84915c8000 rw-p 00000000 00:00 0 
7f84915c8000-7f84917eb000 r-xp 00000000 07:00 458642                     /home/aivanov/Downloads/opencv-2.4.8/build3/lib/libopencv_imgproc.so.2.4.8
7f84917eb000-7f84919eb000 ---p 00223000 07:00 458642                     /home/aivanov/Downloads/opencv-2.4.8/build3/lib/libopencv_imgproc.so.2.4.8
7f84919eb000-7f84919f2000 r--p 00223000 07:00 458642                     /home/aivanov/Downloads/opencv-2.4.8/build3/lib/libopencv_imgproc.so.2.4.8
7f84919f2000-7f84919f4000 rw-p 0022a000 07:00 458642                     /home/aivanov/Downloads/opencv-2.4.8/build3/lib/libopencv_imgproc.so.2.4.8
7f84919f4000-7f8491a89000 rw-p 00000000 00:00 0 
7f8491a89000-7f8491cd0000 r-xp 00000000 07:00 458631                     /home/aivanov/Downloads/opencv-2.4.8/build3/lib/libopencv_core.so.2.4.8
7f8491cd0000-7f8491ecf000 ---p 00247000 07:00 458631                     /home/aivanov/Downloads/opencv-2.4.8/build3/lib/libopencv_core.so.2.4.8
7f8491ecf000-7f8491ed3000 r--p 00246000 07:00 458631                     /home/aivanov/Downloads/opencv-2.4.8/build3/lib/libopencv_core.so.2.4.8
7f8491ed3000-7f8491edc000 rw-p 0024a000 07:00 458631                     /home/aivanov/Downloads/opencv-2.4.8/build3/lib/libopencv_core.so.2.4.8
7f8491edc000-7f8491edf000 rw-p 00000000 00:00 0 
7f8491edf000-7f8491f78000 r-xp 00000000 07:00 459142                     /home/aivanov/Downloads/opencv-2.4.8/build3/lib/libopencv_java248.so
7f8491f78000-7f8492177000 ---p 00099000 07:00 459142                     /home/aivanov/Downloads/opencv-2.4.8/build3/lib/libopencv_java248.so
7f8492177000-7f8492178000 r--p 00098000 07:00 459142                     /home/aivanov/Downloads/opencv-2.4.8/build3/lib/libopencv_java248.so
7f8492178000-7f849217a000 rw-p 00099000 07:00 459142                     /home/aivanov/Downloads/opencv-2.4.8/build3/lib/libopencv_java248.so
7f849217a000-7f849217d000 ---p 00000000 00:00 0 
7f849217d000-7f849227b000 rw-p 00000000 00:00 0                          [stack:17349]
7f849227b000-7f849227e000 ---p 00000000 00:00 0 
7f849227e000-7f849237c000 rw-p 00000000 00:00 0                          [stack:17348]
7f849237c000-7f849237f000 r-xp 00000000 07:00 318615                     /home/aivanov/.jssc/linux/libjSSC-2.6_x86_64.so
7f849237f000-7f849257e000 ---p 00003000 07:00 318615                     /home/aivanov/.jssc/linux/libjSSC-2.6_x86_64.so
7f849257e000-7f849257f000 r--p 00002000 07:00 318615                     /home/aivanov/.jssc/linux/libjSSC-2.6_x86_64.so
7f849257f000-7f8492580000 rw-p 00003000 07:00 318615                     /home/aivanov/.jssc/linux/libjSSC-2.6_x86_64.so
7f8492580000-7f8492581000 ---p 00000000 00:00 0 
7f8492581000-7f8492681000 rw-p 00000000 00:00 0                          [stack:17347]
7f8492681000-7f8492684000 ---p 00000000 00:00 0 
7f8492684000-7f8492782000 rw-p 00000000 00:00 0                          [stack:17346]
7f8492782000-7f8492785000 ---p 00000000 00:00 0 
7f8492785000-7f8492883000 rw-p 00000000 00:00 0                          [stack:17345]
7f8492883000-7f8492886000 ---p 00000000 00:00 0 
7f8492886000-7f8492984000 rw-p 00000000 00:00 0                          [stack:17344]
7f8492984000-7f8492987000 ---p 00000000 00:00 0 
7f8492987000-7f8492a85000 rw-p 00000000 00:00 0                          [stack:17343]
7f8492a85000-7f8492d4e000 r--p 00000000 07:00 541697                     /usr/lib/locale/locale-archive
7f8492d4e000-7f8492d51000 ---p 00000000 00:00 0 
7f8492d51000-7f8492e4f000 rw-p 00000000 00:00 0                          [stack:17342]
7f8492e4f000-7f8492e52000 ---p 00000000 00:00 0 
7f8492e52000-7f8494000000 rw-p 00000000 00:00 0                          [stack:17341]
7f8494000000-7f8494021000 rw-p 00000000 00:00 0 
7f8494021000-7f8498000000 ---p 00000000 00:00 0 
7f8498000000-7f8498021000 rw-p 00000000 00:00 0 
7f8498021000-7f849c000000 ---p 00000000 00:00 0 
7f849c000000-7f849c021000 rw-p 00000000 00:00 0 
7f849c021000-7f84a0000000 ---p 00000000 00:00 0 
7f84a0043000-7f84a00c0000 rw-p 00000000 00:00 0 
7f84a00c0000-7f84a00c9000 r--s 000bc000 07:00 299034                     /usr/lib/jvm/java-7-openjdk-common/jre/lib/resources.jar
7f84a00c9000-7f84a00d0000 r--s 00030000 07:00 10015                      /usr/share/java/junit4-4.8.2.jar
7f84a00d0000-7f84a00d1000 ---p 00000000 00:00 0 
7f84a00d1000-7f84a1000000 rw-p 00000000 00:00 0                          [stack:17340]
7f84a1000000-7f84a1270000 rwxp 00000000 00:00 0 
7f84a1270000-7f84a43e5000 rw-p 00000000 00:00 0 
7f84a43e5000-7f84a8000000 ---p 00000000 00:00 0 
7f84a8000000-7f84a8004000 r--s 00069000 07:00 459140                     /home/aivanov/Downloads/opencv-2.4.8/build3/bin/opencv-248.jar
7f84a8004000-7f84a8e85000 rw-p 00000000 00:00 0 
7f84a8e85000-7f84a9032000 r--s 01cec000 07:00 317483                     /usr/lib/jvm/java-7-openjdk-amd64/jre/lib/rt.jar
7f84a9032000-7f84a905a000 rw-p 00000000 00:00 0 
7f84a905a000-7f84a905b000 ---p 00000000 00:00 0 
7f84a905b000-7f84a915b000 rw-p 00000000 00:00 0                          [stack:17339]
7f84a915b000-7f84a915c000 ---p 00000000 00:00 0 
7f84a915c000-7f84a925c000 rw-p 00000000 00:00 0                          [stack:17338]
7f84a925c000-7f84a925d000 ---p 00000000 00:00 0 
7f84a925d000-7f84a935d000 rw-p 00000000 00:00 0                          [stack:17337]
7f84a935d000-7f84a935e000 ---p 00000000 00:00 0 
7f84a935e000-7f84a945e000 rw-p 00000000 00:00 0                          [stack:17336]
7f84a945e000-7f84a945f000 ---p 00000000 00:00 0 
7f84a945f000-7f84a955f000 rw-p 00000000 00:00 0                          [stack:17335]
7f84a955f000-7f84a9560000 ---p 00000000 00:00 0 
7f84a9560000-7f84a9660000 rw-p 00000000 00:00 0                          [stack:17334]
7f84a9660000-7f84a9661000 ---p 00000000 00:00 0 
7f84a9661000-7f84a9761000 rw-p 00000000 00:00 0                          [stack:17333]
7f84a9761000-7f84a9762000 ---p 00000000 00:00 0 
7f84a9762000-7f84a986d000 rw-p 00000000 00:00 0                          [stack:17332]
7f84a986d000-7f84a98b5000 rw-p 00000000 00:00 0 
7f84a98b5000-7f84a98df000 rw-p 00000000 00:00 0 
7f84a98df000-7f84a9b46000 rw-p 00000000 00:00 0 
7f84a9b46000-7f84a9b51000 rw-p 00000000 00:00 0 
7f84a9b51000-7f84a9b99000 rw-p 00000000 00:00 0 
7f84a9b99000-7f84a9bc3000 rw-p 00000000 00:00 0 
7f84a9bc3000-7f84a9e29000 rw-p 00000000 00:00 0 
7f84a9e29000-7f84a9e3f000 rw-p 00000000 00:00 0 
7f84a9e3f000-7f84a9f72000 rw-p 00000000 00:00 0 
7f84a9f72000-7f84a9f73000 rw-p 00000000 00:00 0 
7f84a9f73000-7f84a9f7b000 r-xp 00000000 07:00 331788                     /usr/lib/jvm/java-7-openjdk-amd64/jre/lib/amd64/libzip.so
7f84a9f7b000-7f84aa17a000 ---p 00008000 07:00 331788                     /usr/lib/jvm/java-7-openjdk-amd64/jre/lib/amd64/libzip.so
7f84aa17a000-7f84aa17b000 r--p 00007000 07:00 331788                     /usr/lib/jvm/java-7-openjdk-amd64/jre/lib/amd64/libzip.so
7f84aa17b000-7f84aa17c000 rw-p 00008000 07:00 331788                     /usr/lib/jvm/java-7-openjdk-amd64/jre/lib/amd64/libzip.so
7f84aa17c000-7f84aa188000 r-xp 00000000 07:00 1355783                    /lib/x86_64-linux-gnu/libnss_files-2.15.so
7f84aa188000-7f84aa387000 ---p 0000c000 07:00 1355783                    /lib/x86_64-linux-gnu/libnss_files-2.15.so
7f84aa387000-7f84aa388000 r--p 0000b000 07:00 1355783                    /lib/x86_64-linux-gnu/libnss_files-2.15.so
7f84aa388000-7f84aa389000 rw-p 0000c000 07:00 1355783                    /lib/x86_64-linux-gnu/libnss_files-2.15.so
7f84aa389000-7f84aa393000 r-xp 00000000 07:00 1355787                    /lib/x86_64-linux-gnu/libnss_nis-2.15.so
7f84aa393000-7f84aa593000 ---p 0000a000 07:00 1355787                    /lib/x86_64-linux-gnu/libnss_nis-2.15.so
7f84aa593000-7f84aa594000 r--p 0000a000 07:00 1355787                    /lib/x86_64-linux-gnu/libnss_nis-2.15.so
7f84aa594000-7f84aa595000 rw-p 0000b000 07:00 1355787                    /lib/x86_64-linux-gnu/libnss_nis-2.15.so
7f84aa595000-7f84aa5ac000 r-xp 00000000 07:00 1355799                    /lib/x86_64-linux-gnu/libnsl-2.15.so
7f84aa5ac000-7f84aa7ab000 ---p 00017000 07:00 1355799                    /lib/x86_64-linux-gnu/libnsl-2.15.so
7f84aa7ab000-7f84aa7ac000 r--p 00016000 07:00 1355799                    /lib/x86_64-linux-gnu/libnsl-2.15.so
7f84aa7ac000-7f84aa7ad000 rw-p 00017000 07:00 1355799                    /lib/x86_64-linux-gnu/libnsl-2.15.so
7f84aa7ad000-7f84aa7af000 rw-p 00000000 00:00 0 
7f84aa7af000-7f84aa7b7000 r-xp 00000000 07:00 1355781                    /lib/x86_64-linux-gnu/libnss_compat-2.15.so
7f84aa7b7000-7f84aa9b6000 ---p 00008000 07:00 1355781                    /lib/x86_64-linux-gnu/libnss_compat-2.15.so
7f84aa9b6000-7f84aa9b7000 r--p 00007000 07:00 1355781                    /lib/x86_64-linux-gnu/libnss_compat-2.15.so
7f84aa9b7000-7f84aa9b8000 rw-p 00008000 07:00 1355781                    /lib/x86_64-linux-gnu/libnss_compat-2.15.so
7f84aa9b8000-7f84aa9e1000 r-xp 00000000 07:00 331783                     /usr/lib/jvm/java-7-openjdk-amd64/jre/lib/amd64/libjava.so
7f84aa9e1000-7f84aabe0000 ---p 00029000 07:00 331783                     /usr/lib/jvm/java-7-openjdk-amd64/jre/lib/amd64/libjava.so
7f84aabe0000-7f84aabe1000 r--p 00028000 07:00 331783                     /usr/lib/jvm/java-7-openjdk-amd64/jre/lib/amd64/libjava.so
7f84aabe1000-7f84aabe3000 rw-p 00029000 07:00 331783                     /usr/lib/jvm/java-7-openjdk-amd64/jre/lib/amd64/libjava.so
7f84aabe3000-7f84aabf1000 r-xp 00000000 07:00 331798                     /usr/lib/jvm/java-7-openjdk-amd64/jre/lib/amd64/libverify.so
7f84aabf1000-7f84aadf0000 ---p 0000e000 07:00 331798                     /usr/lib/jvm/java-7-openjdk-amd64/jre/lib/amd64/libverify.so
7f84aadf0000-7f84aadf2000 r--p 0000d000 07:00 331798                     /usr/lib/jvm/java-7-openjdk-amd64/jre/lib/amd64/libverify.so
7f84aadf2000-7f84aadf3000 rw-p 0000f000 07:00 331798                     /usr/lib/jvm/java-7-openjdk-amd64/jre/lib/amd64/libverify.so
7f84aadf3000-7f84aadfa000 r-xp 00000000 07:00 1355786                    /lib/x86_64-linux-gnu/librt-2.15.so
7f84aadfa000-7f84aaff9000 ---p 00007000 07:00 1355786                    /lib/x86_64-linux-gnu/librt-2.15.so
7f84aaff9000-7f84aaffa000 r--p 00006000 07:00 1355786                    /lib/x86_64-linux-gnu/librt-2.15.so
7f84aaffa000-7f84aaffb000 rw-p 00007000 07:00 1355786                    /lib/x86_64-linux-gnu/librt-2.15.so
7f84aaffb000-7f84ab010000 r-xp 00000000 07:00 234552                     /lib/x86_64-linux-gnu/libgcc_s.so.1
7f84ab010000-7f84ab20f000 ---p 00015000 07:00 234552                     /lib/x86_64-linux-gnu/libgcc_s.so.1
7f84ab20f000-7f84ab210000 r--p 00014000 07:00 234552                     /lib/x86_64-linux-gnu/libgcc_s.so.1
7f84ab210000-7f84ab211000 rw-p 00015000 07:00 234552                     /lib/x86_64-linux-gnu/libgcc_s.so.1
7f84ab211000-7f84ab30c000 r-xp 00000000 07:00 1355790                    /lib/x86_64-linux-gnu/libm-2.15.so
7f84ab30c000-7f84ab50b000 ---p 000fb000 07:00 1355790                    /lib/x86_64-linux-gnu/libm-2.15.so
7f84ab50b000-7f84ab50c000 r--p 000fa000 07:00 1355790                    /lib/x86_64-linux-gnu/libm-2.15.so
7f84ab50c000-7f84ab50d000 rw-p 000fb000 07:00 1355790                    /lib/x86_64-linux-gnu/libm-2.15.so
7f84ab50d000-7f84ab5ef000 r-xp 00000000 07:00 113565                     /usr/lib/x86_64-linux-gnu/libstdc++.so.6.0.16
7f84ab5ef000-7f84ab7ee000 ---p 000e2000 07:00 113565                     /usr/lib/x86_64-linux-gnu/libstdc++.so.6.0.16
7f84ab7ee000-7f84ab7f6000 r--p 000e1000 07:00 113565                     /usr/lib/x86_64-linux-gnu/libstdc++.so.6.0.16
7f84ab7f6000-7f84ab7f8000 rw-p 000e9000 07:00 113565                     /usr/lib/x86_64-linux-gnu/libstdc++.so.6.0.16
7f84ab7f8000-7f84ab80d000 rw-p 00000000 00:00 0 
7f84ab80d000-7f84ac1e0000 r-xp 00000000 07:00 332807                     /usr/lib/jvm/java-7-openjdk-amd64/jre/lib/amd64/server/libjvm.so
7f84ac1e0000-7f84ac3df000 ---p 009d3000 07:00 332807                     /usr/lib/jvm/java-7-openjdk-amd64/jre/lib/amd64/server/libjvm.so
7f84ac3df000-7f84ac45e000 r--p 009d2000 07:00 332807                     /usr/lib/jvm/java-7-openjdk-amd64/jre/lib/amd64/server/libjvm.so
7f84ac45e000-7f84ac481000 rw-p 00a51000 07:00 332807                     /usr/lib/jvm/java-7-openjdk-amd64/jre/lib/amd64/server/libjvm.so
7f84ac481000-7f84ac4ab000 rw-p 00000000 00:00 0 
7f84ac4ab000-7f84ac4c1000 r-xp 00000000 07:00 234620                     /lib/x86_64-linux-gnu/libz.so.1.2.3.4
7f84ac4c1000-7f84ac6c0000 ---p 00016000 07:00 234620                     /lib/x86_64-linux-gnu/libz.so.1.2.3.4
7f84ac6c0000-7f84ac6c1000 r--p 00015000 07:00 234620                     /lib/x86_64-linux-gnu/libz.so.1.2.3.4
7f84ac6c1000-7f84ac6c2000 rw-p 00016000 07:00 234620                     /lib/x86_64-linux-gnu/libz.so.1.2.3.4
7f84ac6c2000-7f84ac6da000 r-xp 00000000 07:00 1355788                    /lib/x86_64-linux-gnu/libpthread-2.15.so
7f84ac6da000-7f84ac8d9000 ---p 00018000 07:00 1355788                    /lib/x86_64-linux-gnu/libpthread-2.15.so
7f84ac8d9000-7f84ac8da000 r--p 00017000 07:00 1355788                    /lib/x86_64-linux-gnu/libpthread-2.15.so
7f84ac8da000-7f84ac8db000 rw-p 00018000 07:00 1355788                    /lib/x86_64-linux-gnu/libpthread-2.15.so
7f84ac8db000-7f84ac8df000 rw-p 00000000 00:00 0 
7f84ac8df000-7f84ac8e1000 r-xp 00000000 07:00 1355794                    /lib/x86_64-linux-gnu/libdl-2.15.so
7f84ac8e1000-7f84acae1000 ---p 00002000 07:00 1355794                    /lib/x86_64-linux-gnu/libdl-2.15.so
7f84acae1000-7f84acae2000 r--p 00002000 07:00 1355794                    /lib/x86_64-linux-gnu/libdl-2.15.so
7f84acae2000-7f84acae3000 rw-p 00003000 07:00 1355794                    /lib/x86_64-linux-gnu/libdl-2.15.so
7f84acae3000-7f84acc98000 r-xp 00000000 07:00 1355779                    /lib/x86_64-linux-gnu/libc-2.15.so
7f84acc98000-7f84ace98000 ---p 001b5000 07:00 1355779                    /lib/x86_64-linux-gnu/libc-2.15.so
7f84ace98000-7f84ace9c000 r--p 001b5000 07:00 1355779                    /lib/x86_64-linux-gnu/libc-2.15.so
7f84ace9c000-7f84ace9e000 rw-p 001b9000 07:00 1355779                    /lib/x86_64-linux-gnu/libc-2.15.so
7f84ace9e000-7f84acea3000 rw-p 00000000 00:00 0 
7f84acea3000-7f84aceb0000 r-xp 00000000 07:00 332802                     /usr/lib/jvm/java-7-openjdk-amd64/jre/lib/amd64/jli/libjli.so
7f84aceb0000-7f84ad0af000 ---p 0000d000 07:00 332802                     /usr/lib/jvm/java-7-openjdk-amd64/jre/lib/amd64/jli/libjli.so
7f84ad0af000-7f84ad0b0000 r--p 0000c000 07:00 332802                     /usr/lib/jvm/java-7-openjdk-amd64/jre/lib/amd64/jli/libjli.so
7f84ad0b0000-7f84ad0b1000 rw-p 0000d000 07:00 332802                     /usr/lib/jvm/java-7-openjdk-amd64/jre/lib/amd64/jli/libjli.so
7f84ad0b1000-7f84ad0d3000 r-xp 00000000 07:00 1355791                    /lib/x86_64-linux-gnu/ld-2.15.so
7f84ad0d4000-7f84ad0d5000 rw-p 00000000 00:00 0 
7f84ad0d5000-7f84ad0d7000 r--s 00007000 07:00 10007                      /usr/share/java/hamcrest-core-1.1.jar
7f84ad0d7000-7f84ad0d9000 r--s 00007000 07:00 10007                      /usr/share/java/hamcrest-core-1.1.jar
7f84ad0d9000-7f84ad0db000 r--s 00024000 07:00 561277                     /home/aivanov/workspace/MaslabDemo/resources/jSSC-2.6.0-Release/jssc.jar
7f84ad0db000-7f84ad0eb000 r--s 000a6000 07:00 561294                     /home/aivanov/workspace/MaslabDemo/resources/jts-1.12.jar
7f84ad0eb000-7f84ad0f0000 r--s 00054000 07:00 561261                     /home/aivanov/workspace/MaslabDemo/resources/javaGeom-0.11.1.jar
7f84ad0f0000-7f84ad0fa000 rw-p 00000000 00:00 0 
7f84ad0fa000-7f84ad1b0000 rw-p 00000000 00:00 0 
7f84ad1b0000-7f84ad1b3000 ---p 00000000 00:00 0 
7f84ad1b3000-7f84ad2b6000 rw-p 00000000 00:00 0                          [stack:17331]
7f84ad2b6000-7f84ad2b9000 r--s 0000f000 07:00 300036                     /usr/lib/jvm/java-7-openjdk-common/jre/lib/ext/pulse-java.jar
7f84ad2b9000-7f84ad2bc000 r--s 0003c000 07:00 300037                     /usr/lib/jvm/java-7-openjdk-common/jre/lib/ext/sunpkcs11.jar
7f84ad2bc000-7f84ad2bd000 r--s 00002000 07:00 300034                     /usr/lib/jvm/java-7-openjdk-common/jre/lib/ext/dnsns.jar
7f84ad2bd000-7f84ad2bf000 r--s 00012000 07:00 300039                     /usr/lib/jvm/java-7-openjdk-common/jre/lib/ext/zipfs.jar
7f84ad2bf000-7f84ad2c0000 r--s 00007000 07:00 9787                       /usr/share/java/java-atk-wrapper.jar
7f84ad2c0000-7f84ad2c4000 r--s 00085000 07:00 300038                     /usr/lib/jvm/java-7-openjdk-common/jre/lib/ext/localedata.jar
7f84ad2c4000-7f84ad2c7000 r--s 00032000 07:00 300035                     /usr/lib/jvm/java-7-openjdk-common/jre/lib/ext/sunjce_provider.jar
7f84ad2c7000-7f84ad2cf000 rw-s 00000000 07:00 291236                     /tmp/hsperfdata_aivanov/17326
7f84ad2cf000-7f84ad2d0000 rw-p 00000000 00:00 0 
7f84ad2d0000-7f84ad2d1000 ---p 00000000 00:00 0 
7f84ad2d1000-7f84ad2d3000 rw-p 00000000 00:00 0 
7f84ad2d3000-7f84ad2d4000 r--p 00022000 07:00 1355791                    /lib/x86_64-linux-gnu/ld-2.15.so
7f84ad2d4000-7f84ad2d6000 rw-p 00023000 07:00 1355791                    /lib/x86_64-linux-gnu/ld-2.15.so
7ffff0062000-7ffff0083000 rw-p 00000000 00:00 0                          [stack]
7ffff01e7000-7ffff01e9000 r-xp 00000000 00:00 0                          [vdso]
ffffffffff600000-ffffffffff601000 r-xp 00000000 00:00 0                  [vsyscall]

VM Arguments:
jvm_args: -Djava.library.path=/home/aivanov/Downloads/opencv-2.4.8/build3/lib -Dfile.encoding=ANSI_X3.4-1968 
java_command: game.StateMachine
Launcher Type: SUN_STANDARD

Environment Variables:
PATH=/usr/lib/lightdm/lightdm:/usr/local/sbin:/usr/local/bin:/usr/sbin:/usr/bin:/sbin:/bin:/usr/games:/usr/local/llvm/bin
LD_LIBRARY_PATH=/usr/lib/jvm/java-7-openjdk-amd64/jre/lib/amd64/server:/usr/lib/jvm/java-7-openjdk-amd64/jre/lib/amd64:/usr/lib/jvm/java-7-openjdk-amd64/jre/../lib/amd64:/usr/lib/jvm/java-6-openjdk-amd64/jre/lib/amd64/server:/usr/lib/jvm/java-6-openjdk-amd64/jre/lib/amd64:/usr/lib/jvm/java-6-openjdk-amd64/jre/../lib/amd64
SHELL=/bin/bash
DISPLAY=:0.0

Signal Handlers:
SIGSEGV: [libjvm.so+0x83b2a0], sa_mask[0]=0x7ffbfeff, sa_flags=0x10000004
SIGBUS: [libjvm.so+0x83b2a0], sa_mask[0]=0x7ffbfeff, sa_flags=0x10000004
SIGFPE: [libjvm.so+0x6dc040], sa_mask[0]=0x7ffbfeff, sa_flags=0x10000004
SIGPIPE: [libjvm.so+0x6dc040], sa_mask[0]=0x7ffbfeff, sa_flags=0x10000004
SIGXFSZ: [libjvm.so+0x6dc040], sa_mask[0]=0x7ffbfeff, sa_flags=0x10000004
SIGILL: [libjvm.so+0x6dc040], sa_mask[0]=0x7ffbfeff, sa_flags=0x10000004
SIGUSR1: SIG_DFL, sa_mask[0]=0x00000000, sa_flags=0x00000000
SIGUSR2: [libjvm.so+0x6dc480], sa_mask[0]=0x00000004, sa_flags=0x10000004
SIGHUP: [libjvm.so+0x6dc5c0], sa_mask[0]=0x7ffbfeff, sa_flags=0x10000004
SIGINT: [libjvm.so+0x6dc5c0], sa_mask[0]=0x7ffbfeff, sa_flags=0x10000004
SIGTERM: [libjvm.so+0x6dc5c0], sa_mask[0]=0x7ffbfeff, sa_flags=0x10000004
SIGQUIT: [libjvm.so+0x6dc5c0], sa_mask[0]=0x7ffbfeff, sa_flags=0x10000004


---------------  S Y S T E M  ---------------

OS:Ubuntu 12.04 (precise)
uname:Linux 3.8.0-29-generic #42~precise1-Ubuntu SMP Wed Aug 14 16:19:23 UTC 2013 x86_64
libc:glibc 2.15 NPTL 2.15 
rlimit: STACK 8192k, CORE 0k, NPROC 62891, NOFILE 4096, AS infinity
load average:3.44 3.60 3.45

/proc/meminfo:
MemTotal:        8068788 kB
MemFree:          161824 kB
Buffers:         1776336 kB
Cached:          2962328 kB
SwapCached:            0 kB
Active:          4491624 kB
Inactive:        2956832 kB
Active(anon):    2422876 kB
Inactive(anon):   903576 kB
Active(file):    2068748 kB
Inactive(file):  2053256 kB
Unevictable:        2676 kB
Mlocked:               0 kB
SwapTotal:        262140 kB
SwapFree:         261972 kB
Dirty:               120 kB
Writeback:             0 kB
AnonPages:       2712436 kB
Mapped:           282432 kB
Shmem:            614292 kB
Slab:             311916 kB
SReclaimable:     237780 kB
SUnreclaim:        74136 kB
KernelStack:        4800 kB
PageTables:        37352 kB
NFS_Unstable:          0 kB
Bounce:                0 kB
WritebackTmp:          0 kB
CommitLimit:     4296532 kB
Committed_AS:    5809280 kB
VmallocTotal:   34359738367 kB
VmallocUsed:      414292 kB
VmallocChunk:   34359244432 kB
HardwareCorrupted:     0 kB
AnonHugePages:         0 kB
HugePages_Total:       0
HugePages_Free:        0
HugePages_Rsvd:        0
HugePages_Surp:        0
Hugepagesize:       2048 kB
DirectMap4k:      282620 kB
DirectMap2M:     8001536 kB


CPU:total 8 (4 cores per cpu, 2 threads per core) family 6 model 42 stepping 7, cmov, cx8, fxsr, mmx, sse, sse2, sse3, ssse3, sse4.1, sse4.2, popcnt, avx, ht, tsc, tscinvbit

/proc/cpuinfo:
processor	: 0
vendor_id	: GenuineIntel
cpu family	: 6
model		: 42
model name	: Intel(R) Core(TM) i7-2670QM CPU @ 2.20GHz
stepping	: 7
microcode	: 0x23
cpu MHz		: 800.000
cache size	: 6144 KB
physical id	: 0
siblings	: 8
core id		: 0
cpu cores	: 4
apicid		: 0
initial apicid	: 0
fpu		: yes
fpu_exception	: yes
cpuid level	: 13
wp		: yes
flags		: fpu vme de pse tsc msr pae mce cx8 apic sep mtrr pge mca cmov pat pse36 clflush dts acpi mmx fxsr sse sse2 ss ht tm pbe syscall nx rdtscp lm constant_tsc arch_perfmon pebs bts nopl xtopology nonstop_tsc aperfmperf eagerfpu pni pclmulqdq dtes64 monitor ds_cpl vmx est tm2 ssse3 cx16 xtpr pdcm pcid sse4_1 sse4_2 x2apic popcnt tsc_deadline_timer aes xsave avx lahf_lm ida arat epb xsaveopt pln pts dtherm tpr_shadow vnmi flexpriority ept vpid
bogomips	: 4389.69
clflush size	: 64
cache_alignment	: 64
address sizes	: 36 bits physical, 48 bits virtual
power management:

processor	: 1
vendor_id	: GenuineIntel
cpu family	: 6
model		: 42
model name	: Intel(R) Core(TM) i7-2670QM CPU @ 2.20GHz
stepping	: 7
microcode	: 0x23
cpu MHz		: 800.000
cache size	: 6144 KB
physical id	: 0
siblings	: 8
core id		: 0
cpu cores	: 4
apicid		: 1
initial apicid	: 1
fpu		: yes
fpu_exception	: yes
cpuid level	: 13
wp		: yes
flags		: fpu vme de pse tsc msr pae mce cx8 apic sep mtrr pge mca cmov pat pse36 clflush dts acpi mmx fxsr sse sse2 ss ht tm pbe syscall nx rdtscp lm constant_tsc arch_perfmon pebs bts nopl xtopology nonstop_tsc aperfmperf eagerfpu pni pclmulqdq dtes64 monitor ds_cpl vmx est tm2 ssse3 cx16 xtpr pdcm pcid sse4_1 sse4_2 x2apic popcnt tsc_deadline_timer aes xsave avx lahf_lm ida arat epb xsaveopt pln pts dtherm tpr_shadow vnmi flexpriority ept vpid
bogomips	: 4389.69
clflush size	: 64
cache_alignment	: 64
address sizes	: 36 bits physical, 48 bits virtual
power management:

processor	: 2
vendor_id	: GenuineIntel
cpu family	: 6
model		: 42
model name	: Intel(R) Core(TM) i7-2670QM CPU @ 2.20GHz
stepping	: 7
microcode	: 0x23
cpu MHz		: 800.000
cache size	: 6144 KB
physical id	: 0
siblings	: 8
core id		: 1
cpu cores	: 4
apicid		: 2
initial apicid	: 2
fpu		: yes
fpu_exception	: yes
cpuid level	: 13
wp		: yes
flags		: fpu vme de pse tsc msr pae mce cx8 apic sep mtrr pge mca cmov pat pse36 clflush dts acpi mmx fxsr sse sse2 ss ht tm pbe syscall nx rdtscp lm constant_tsc arch_perfmon pebs bts nopl xtopology nonstop_tsc aperfmperf eagerfpu pni pclmulqdq dtes64 monitor ds_cpl vmx est tm2 ssse3 cx16 xtpr pdcm pcid sse4_1 sse4_2 x2apic popcnt tsc_deadline_timer aes xsave avx lahf_lm ida arat epb xsaveopt pln pts dtherm tpr_shadow vnmi flexpriority ept vpid
bogomips	: 4389.69
clflush size	: 64
cache_alignment	: 64
address sizes	: 36 bits physical, 48 bits virtual
power management:

processor	: 3
vendor_id	: GenuineIntel
cpu family	: 6
model		: 42
model name	: Intel(R) Core(TM) i7-2670QM CPU @ 2.20GHz
stepping	: 7
microcode	: 0x23
cpu MHz		: 800.000
cache size	: 6144 KB
physical id	: 0
siblings	: 8
core id		: 1
cpu cores	: 4
apicid		: 3
initial apicid	: 3
fpu		: yes
fpu_exception	: yes
cpuid level	: 13
wp		: yes
flags		: fpu vme de pse tsc msr pae mce cx8 apic sep mtrr pge mca cmov pat pse36 clflush dts acpi mmx fxsr sse sse2 ss ht tm pbe syscall nx rdtscp lm constant_tsc arch_perfmon pebs bts nopl xtopology nonstop_tsc aperfmperf eagerfpu pni pclmulqdq dtes64 monitor ds_cpl vmx est tm2 ssse3 cx16 xtpr pdcm pcid sse4_1 sse4_2 x2apic popcnt tsc_deadline_timer aes xsave avx lahf_lm ida arat epb xsaveopt pln pts dtherm tpr_shadow vnmi flexpriority ept vpid
bogomips	: 4389.69
clflush size	: 64
cache_alignment	: 64
address sizes	: 36 bits physical, 48 bits virtual
power management:

processor	: 4
vendor_id	: GenuineIntel
cpu family	: 6
model		: 42
model name	: Intel(R) Core(TM) i7-2670QM CPU @ 2.20GHz
stepping	: 7
microcode	: 0x23
cpu MHz		: 800.000
cache size	: 6144 KB
physical id	: 0
siblings	: 8
core id		: 2
cpu cores	: 4
apicid		: 4
initial apicid	: 4
fpu		: yes
fpu_exception	: yes
cpuid level	: 13
wp		: yes
flags		: fpu vme de pse tsc msr pae mce cx8 apic sep mtrr pge mca cmov pat pse36 clflush dts acpi mmx fxsr sse sse2 ss ht tm pbe syscall nx rdtscp lm constant_tsc arch_perfmon pebs bts nopl xtopology nonstop_tsc aperfmperf eagerfpu pni pclmulqdq dtes64 monitor ds_cpl vmx est tm2 ssse3 cx16 xtpr pdcm pcid sse4_1 sse4_2 x2apic popcnt tsc_deadline_timer aes xsave avx lahf_lm ida arat epb xsaveopt pln pts dtherm tpr_shadow vnmi flexpriority ept vpid
bogomips	: 4389.69
clflush size	: 64
cache_alignment	: 64
address sizes	: 36 bits physical, 48 bits virtual
power management:

processor	: 5
vendor_id	: GenuineIntel
cpu family	: 6
model		: 42
model name	: Intel(R) Core(TM) i7-2670QM CPU @ 2.20GHz
stepping	: 7
microcode	: 0x23
cpu MHz		: 800.000
cache size	: 6144 KB
physical id	: 0
siblings	: 8
core id		: 2
cpu cores	: 4
apicid		: 5
initial apicid	: 5
fpu		: yes
fpu_exception	: yes
cpuid level	: 13
wp		: yes
flags		: fpu vme de pse tsc msr pae mce cx8 apic sep mtrr pge mca cmov pat pse36 clflush dts acpi mmx fxsr sse sse2 ss ht tm pbe syscall nx rdtscp lm constant_tsc arch_perfmon pebs bts nopl xtopology nonstop_tsc aperfmperf eagerfpu pni pclmulqdq dtes64 monitor ds_cpl vmx est tm2 ssse3 cx16 xtpr pdcm pcid sse4_1 sse4_2 x2apic popcnt tsc_deadline_timer aes xsave avx lahf_lm ida arat epb xsaveopt pln pts dtherm tpr_shadow vnmi flexpriority ept vpid
bogomips	: 4389.69
clflush size	: 64
cache_alignment	: 64
address sizes	: 36 bits physical, 48 bits virtual
power management:

processor	: 6
vendor_id	: GenuineIntel
cpu family	: 6
model		: 42
model name	: Intel(R) Core(TM) i7-2670QM CPU @ 2.20GHz
stepping	: 7
microcode	: 0x23
cpu MHz		: 800.000
cache size	: 6144 KB
physical id	: 0
siblings	: 8
core id		: 3
cpu cores	: 4
apicid		: 6
initial apicid	: 6
fpu		: yes
fpu_exception	: yes
cpuid level	: 13
wp		: yes
flags		: fpu vme de pse tsc msr pae mce cx8 apic sep mtrr pge mca cmov pat pse36 clflush dts acpi mmx fxsr sse sse2 ss ht tm pbe syscall nx rdtscp lm constant_tsc arch_perfmon pebs bts nopl xtopology nonstop_tsc aperfmperf eagerfpu pni pclmulqdq dtes64 monitor ds_cpl vmx est tm2 ssse3 cx16 xtpr pdcm pcid sse4_1 sse4_2 x2apic popcnt tsc_deadline_timer aes xsave avx lahf_lm ida arat epb xsaveopt pln pts dtherm tpr_shadow vnmi flexpriority ept vpid
bogomips	: 4389.69
clflush size	: 64
cache_alignment	: 64
address sizes	: 36 bits physical, 48 bits virtual
power management:

processor	: 7
vendor_id	: GenuineIntel
cpu family	: 6
model		: 42
model name	: Intel(R) Core(TM) i7-2670QM CPU @ 2.20GHz
stepping	: 7
microcode	: 0x23
cpu MHz		: 800.000
cache size	: 6144 KB
physical id	: 0
siblings	: 8
core id		: 3
cpu cores	: 4
apicid		: 7
initial apicid	: 7
fpu		: yes
fpu_exception	: yes
cpuid level	: 13
wp		: yes
flags		: fpu vme de pse tsc msr pae mce cx8 apic sep mtrr pge mca cmov pat pse36 clflush dts acpi mmx fxsr sse sse2 ss ht tm pbe syscall nx rdtscp lm constant_tsc arch_perfmon pebs bts nopl xtopology nonstop_tsc aperfmperf eagerfpu pni pclmulqdq dtes64 monitor ds_cpl vmx est tm2 ssse3 cx16 xtpr pdcm pcid sse4_1 sse4_2 x2apic popcnt tsc_deadline_timer aes xsave avx lahf_lm ida arat epb xsaveopt pln pts dtherm tpr_shadow vnmi flexpriority ept vpid
bogomips	: 4389.69
clflush size	: 64
cache_alignment	: 64
address sizes	: 36 bits physical, 48 bits virtual
power management:



Memory: 4k page, physical 8068788k(161576k free), swap 262140k(261972k free)

vm_info: OpenJDK 64-Bit Server VM (23.7-b01) for linux-amd64 JRE (1.7.0_25-b30), built on Jul 15 2013 20:38:06 by "buildd" with gcc 4.6.3

time: Thu Jan 30 02:08:52 2014
elapsed time: 4966 seconds

