#
# A fatal error has been detected by the Java Runtime Environment:
#
#  SIGSEGV (0xb) at pc=0x00007fa9f846b6a4, pid=14136, tid=140368635344640
#
# JRE version: 7.0_25-b30
# Java VM: OpenJDK 64-Bit Server VM (23.7-b01 mixed mode linux-amd64 compressed oops)
# Problematic frame:
# C  [libpng12.so.0+0x146a4]  png_destroy_write_struct+0x34
#
# Failed to write core dump. Core dumps have been disabled. To enable core dumping, try "ulimit -c unlimited" before starting Java again
#
# If you would like to submit a bug report, please include
# instructions on how to reproduce the bug and visit:
#   https://bugs.launchpad.net/ubuntu/+source/openjdk-7/
# The crash happened outside the Java Virtual Machine in native code.
# See problematic frame for where to report the bug.
#

---------------  T H R E A D  ---------------

Current thread (0x00007faa18009800):  JavaThread "main" [_thread_in_native, id=14141, stack(0x00007faa1e95b000,0x00007faa1ea5c000)]

siginfo:si_signo=SIGSEGV: si_errno=0, si_code=1 (SEGV_MAPERR), si_addr=0x0000000000000478

Registers:
RAX=0x0000000000000000, RBX=0x0000000000000000, RCX=0x0000000000000000, RDX=0x00007faa1ea59390
RSP=0x00007faa1ea592f0, RBP=0x00007faa1ea5a3e0, RSI=0x00007faa1ea5a3e0, RDI=0x00007faa1ea5a3e8
R8 =0x00007faa1ea59250, R9 =0x0000000000000001, R10=0x00007faa1ea590c0, R11=0x00007fa9f846b670
R12=0x00007faa1ea5a3e8, R13=0x0000000000000000, R14=0x00007faa1ea5a730, R15=0x00007faa18009800
RIP=0x00007fa9f846b6a4, EFLAGS=0x0000000000010206, CSGSFS=0x0000000000000033, ERR=0x0000000000000004
  TRAPNO=0x000000000000000e

Top of Stack: (sp=0x00007faa1ea592f0)
0x00007faa1ea592f0:   00007faa1ea59390 0000000000000000
0x00007faa1ea59300:   0000000000000000 00007faa1ea5a750
0x00007faa1ea59310:   0000000000000000 00007faa1ea5a730
0x00007faa1ea59320:   00007faa18009800 00007faa03055b49
0x00007faa1ea59330:   00000000000003c0 0000000000000003
0x00007faa1ea59340:   0000000242ff4000 0000014000000000
0x00007faa1ea59350:   0000000000000000 00007faa1ea5a680
0x00007faa1ea59360:   42ff401000000000 00007faa18277f30
0x00007faa1ea59370:   00007faa1ea5a730 00000140000000f0
0x00007faa1ea59380:   00007faa1ea59390 0000000000000208
0x00007faa1ea59390:   0000000000000140 0000000000000001
0x00007faa1ea593a0:   0000000242ff4013 0000014000000000
0x00007faa1ea593b0:   0000000000000000 0000000000000000
0x00007faa1ea593c0:   0000000000000000 0000000000000000
0x00007faa1ea593d0:   0000000000000000 0000000000000000
0x00007faa1ea593e0:   00007faa1ea593a8 00007faa1ea593f0
0x00007faa1ea593f0:   0000000000000780 0000000000000006
0x00007faa1ea59400:   0000000242ff4013 0000014000000000
0x00007faa1ea59410:   0000000000000000 0000000000000000
0x00007faa1ea59420:   0000000000000000 0000000000000000
0x00007faa1ea59430:   0000000000000000 0000000000000000
0x00007faa1ea59440:   00007faa1ea59408 00007faa1ea59450
0x00007faa1ea59450:   0000000000000780 0000000000000006
0x00007faa1ea59460:   0000000000000000 00007faa1ea594c0
0x00007faa1ea59470:   00007faa1ea59530 00007faa145bb4f7
0x00007faa1ea59480:   0000000000000000 00007faa027b0800
0x00007faa1ea59490:   0000000000000000 00000007d7098190
0x00007faa1ea594a0:   0000000000000001 0000000000000003
0x00007faa1ea594b0:   00000007d6f65010 00000007d6f65010
0x00007faa1ea594c0:   00000007d709d930 0000000000000000
0x00007faa1ea594d0:   00007faa00001fa0 0000000000000000
0x00007faa1ea594e0:   00007faa03c1eaf0 00007faa00010000 

Instructions: (pc=0x00007fa9f846b6a4)
0x00007fa9f846b684:   6c 24 e8 49 89 fc 4c 89 74 24 f0 4c 89 7c 24 f8
0x00007fa9f846b694:   48 83 ec 38 48 85 ff 0f 84 cf 00 00 00 48 8b 1f
0x00007fa9f846b6a4:   4c 8b b3 78 04 00 00 4c 8b bb 68 04 00 00 48 85
0x00007fa9f846b6b4:   ed 74 43 4c 8b 6d 00 4d 85 ed 74 3a 48 85 db 74 

Register to memory mapping:

RAX=0x0000000000000000 is an unknown value
RBX=0x0000000000000000 is an unknown value
RCX=0x0000000000000000 is an unknown value
RDX=0x00007faa1ea59390 is pointing into the stack for thread: 0x00007faa18009800
RSP=0x00007faa1ea592f0 is pointing into the stack for thread: 0x00007faa18009800
RBP=0x00007faa1ea5a3e0 is pointing into the stack for thread: 0x00007faa18009800
RSI=0x00007faa1ea5a3e0 is pointing into the stack for thread: 0x00007faa18009800
RDI=0x00007faa1ea5a3e8 is pointing into the stack for thread: 0x00007faa18009800
R8 =0x00007faa1ea59250 is pointing into the stack for thread: 0x00007faa18009800
R9 =0x0000000000000001 is an unknown value
R10=0x00007faa1ea590c0 is pointing into the stack for thread: 0x00007faa18009800
R11=0x00007fa9f846b670: png_destroy_write_struct+0 in /lib/x86_64-linux-gnu/libpng12.so.0 at 0x00007fa9f8457000
R12=0x00007faa1ea5a3e8 is pointing into the stack for thread: 0x00007faa18009800
R13=0x0000000000000000 is an unknown value
R14=0x00007faa1ea5a730 is pointing into the stack for thread: 0x00007faa18009800
R15=0x00007faa18009800 is a thread


Stack: [0x00007faa1e95b000,0x00007faa1ea5c000],  sp=0x00007faa1ea592f0,  free space=1016k
Native frames: (J=compiled Java code, j=interpreted, Vv=VM code, C=native code)
C  [libpng12.so.0+0x146a4]  png_destroy_write_struct+0x34

Java frames: (J=compiled Java code, j=interpreted, Vv=VM code)
j  org.opencv.highgui.Highgui.imwrite_1(Ljava/lang/String;J)Z+0
j  org.opencv.highgui.Highgui.imwrite(Ljava/lang/String;Lorg/opencv/core/Mat;)Z+5
j  vision.NewImageProcessor.findWallContours(Lorg/opencv/core/Mat;Lorg/opencv/core/Mat;Ljava/awt/Color;)V+48
j  vision.NewImageProcessor.process(Lorg/opencv/core/Mat;Lvision/detector/VisionDetector;)V+77
j  vision.NewImageProcessor.main([Ljava/lang/String;)V+41
v  ~StubRoutines::call_stub

---------------  P R O C E S S  ---------------

Java Threads: ( => current thread )
  0x00007faa1811c000 JavaThread "Service Thread" daemon [_thread_blocked, id=14156, stack(0x00007faa03dfe000,0x00007faa03eff000)]
  0x00007faa18119800 JavaThread "C2 CompilerThread1" daemon [_thread_blocked, id=14155, stack(0x00007faa03eff000,0x00007faa04000000)]
  0x00007faa18116800 JavaThread "C2 CompilerThread0" daemon [_thread_blocked, id=14154, stack(0x00007faa100f3000,0x00007faa101f4000)]
  0x00007faa18114800 JavaThread "Signal Dispatcher" daemon [_thread_blocked, id=14153, stack(0x00007faa101f4000,0x00007faa102f5000)]
  0x00007faa180bb000 JavaThread "Finalizer" daemon [_thread_blocked, id=14152, stack(0x00007faa105be000,0x00007faa106bf000)]
  0x00007faa180b8800 JavaThread "Reference Handler" daemon [_thread_blocked, id=14151, stack(0x00007faa106bf000,0x00007faa107c0000)]
=>0x00007faa18009800 JavaThread "main" [_thread_in_native, id=14141, stack(0x00007faa1e95b000,0x00007faa1ea5c000)]

Other Threads:
  0x00007faa180b0000 VMThread [stack: 0x00007faa107c0000,0x00007faa108c1000] [id=14150]
  0x00007faa18126800 WatcherThread [stack: 0x00007faa03cfd000,0x00007faa03dfe000] [id=14157]

VM state:not at safepoint (normal execution)

VM Mutex/Monitor currently owned by a thread: None

Heap
 PSYoungGen      total 36736K, used 1897K [0x00000007d6f60000, 0x00000007d9860000, 0x0000000800000000)
  eden space 31488K, 6% used [0x00000007d6f60000,0x00000007d713a678,0x00000007d8e20000)
  from space 5248K, 0% used [0x00000007d9340000,0x00000007d9340000,0x00000007d9860000)
  to   space 5248K, 0% used [0x00000007d8e20000,0x00000007d8e20000,0x00000007d9340000)
 ParOldGen       total 84096K, used 0K [0x0000000784e00000, 0x000000078a020000, 0x00000007d6f60000)
  object space 84096K, 0% used [0x0000000784e00000,0x0000000784e00000,0x000000078a020000)
 PSPermGen       total 21248K, used 3545K [0x000000077a800000, 0x000000077bcc0000, 0x0000000784e00000)
  object space 21248K, 16% used [0x000000077a800000,0x000000077ab767d8,0x000000077bcc0000)

Card table byte_map: [0x00007faa1418e000,0x00007faa145bb000] byte_map_base: 0x00007faa105ba000

Polling page: 0x00007faa1ea7b000

Code Cache  [0x00007faa145bb000, 0x00007faa1482b000, 0x00007faa175bb000)
 total_blobs=396 nmethods=1 adapters=348 free_code_cache=48656Kb largest_free_block=49823744

Compilation events (2 events):
Event: 0.088 Thread 0x00007faa18116800    1             sun.nio.cs.UTF_8$Encoder::encode (361 bytes)
Event: 0.097 Thread 0x00007faa18116800 nmethod 1 0x00007faa1462bcd0 code [0x00007faa1462be40, 0x00007faa1462c368]

GC Heap History (0 events):
No events

Deoptimization events (0 events):
No events

Internal exceptions (10 events):
Event: 0.088 Thread 0x00007faa18009800 Threw 0x00000007d7035cf0 at /build/buildd/openjdk-7-7u25-2.3.10/build/openjdk/hotspot/src/share/vm/prims/jvm.cpp:1235
Event: 0.095 Thread 0x00007faa18009800 Threw 0x00000007d703c8f8 at /build/buildd/openjdk-7-7u25-2.3.10/build/openjdk/hotspot/src/share/vm/prims/jvm.cpp:1235
Event: 0.096 Thread 0x00007faa18009800 Threw 0x00000007d7046be8 at /build/buildd/openjdk-7-7u25-2.3.10/build/openjdk/hotspot/src/share/vm/prims/jvm.cpp:1235
Event: 0.111 Thread 0x00007faa18009800 Threw 0x00000007d704cb20 at /build/buildd/openjdk-7-7u25-2.3.10/build/openjdk/hotspot/src/share/vm/prims/jvm.cpp:1235
Event: 0.111 Thread 0x00007faa18009800 Threw 0x00000007d7052b30 at /build/buildd/openjdk-7-7u25-2.3.10/build/openjdk/hotspot/src/share/vm/prims/jvm.cpp:1235
Event: 0.112 Thread 0x00007faa18009800 Threw 0x00000007d70552f0 at /build/buildd/openjdk-7-7u25-2.3.10/build/openjdk/hotspot/src/share/vm/prims/jvm.cpp:1235
Event: 0.114 Thread 0x00007faa18009800 Threw 0x00000007d7082aa0 at /build/buildd/openjdk-7-7u25-2.3.10/build/openjdk/hotspot/src/share/vm/prims/jvm.cpp:1235
Event: 0.114 Thread 0x00007faa18009800 Threw 0x00000007d70874f0 at /build/buildd/openjdk-7-7u25-2.3.10/build/openjdk/hotspot/src/share/vm/prims/jvm.cpp:1235
Event: 0.115 Thread 0x00007faa18009800 Threw 0x00000007d708cb10 at /build/buildd/openjdk-7-7u25-2.3.10/build/openjdk/hotspot/src/share/vm/prims/jvm.cpp:1235
Event: 0.132 Thread 0x00007faa18009800 Threw 0x00000007d7098818 at /build/buildd/openjdk-7-7u25-2.3.10/build/openjdk/hotspot/src/share/vm/prims/jni.cpp:716

Events (10 events):
Event: 0.125 loading class 0x00007faa1824a430
Event: 0.125 loading class 0x00007faa1824a430 done
Event: 0.125 loading class 0x00007faa180c3ab0
Event: 0.126 loading class 0x00007faa180c3ab0 done
Event: 0.131 loading class 0x00007faa181f4330
Event: 0.131 loading class 0x00007faa181f4330 done
Event: 0.132 loading class 0x00007faa180e2e40
Event: 0.132 loading class 0x00007faa180e2e40 done
Event: 0.132 loading class 0x00007faa18086b00
Event: 0.132 loading class 0x00007faa18086b00 done


Dynamic libraries:
00400000-00401000 r-xp 00000000 07:00 317449                             /usr/lib/jvm/java-7-openjdk-amd64/jre/bin/java
00600000-00601000 r--p 00000000 07:00 317449                             /usr/lib/jvm/java-7-openjdk-amd64/jre/bin/java
00601000-00602000 rw-p 00001000 07:00 317449                             /usr/lib/jvm/java-7-openjdk-amd64/jre/bin/java
0201d000-0203e000 rw-p 00000000 00:00 0                                  [heap]
77a800000-77bcc0000 rw-p 00000000 00:00 0 
77bcc0000-784e00000 rw-p 00000000 00:00 0 
784e00000-78a020000 rw-p 00000000 00:00 0 
78a020000-7d6f60000 rw-p 00000000 00:00 0 
7d6f60000-7d9860000 rw-p 00000000 00:00 0 
7d9860000-800000000 rw-p 00000000 00:00 0 
7fa9bc000000-7fa9bc021000 rw-p 00000000 00:00 0 
7fa9bc021000-7fa9c0000000 ---p 00000000 00:00 0 
7fa9c4000000-7fa9c4021000 rw-p 00000000 00:00 0 
7fa9c4021000-7fa9c8000000 ---p 00000000 00:00 0 
7fa9c8000000-7fa9c8021000 rw-p 00000000 00:00 0 
7fa9c8021000-7fa9cc000000 ---p 00000000 00:00 0 
7fa9cc000000-7fa9cc021000 rw-p 00000000 00:00 0 
7fa9cc021000-7fa9d0000000 ---p 00000000 00:00 0 
7fa9d0000000-7fa9d00b4000 rw-p 00000000 00:00 0 
7fa9d00b4000-7fa9d4000000 ---p 00000000 00:00 0 
7fa9d4000000-7fa9d4021000 rw-p 00000000 00:00 0 
7fa9d4021000-7fa9d8000000 ---p 00000000 00:00 0 
7fa9d8000000-7fa9d8021000 rw-p 00000000 00:00 0 
7fa9d8021000-7fa9dc000000 ---p 00000000 00:00 0 
7fa9dc000000-7fa9dc021000 rw-p 00000000 00:00 0 
7fa9dc021000-7fa9e0000000 ---p 00000000 00:00 0 
7fa9e2751000-7fa9e2754000 r-xp 00000000 07:00 234535                     /lib/x86_64-linux-gnu/libgpg-error.so.0.8.0
7fa9e2754000-7fa9e2953000 ---p 00003000 07:00 234535                     /lib/x86_64-linux-gnu/libgpg-error.so.0.8.0
7fa9e2953000-7fa9e2954000 r--p 00002000 07:00 234535                     /lib/x86_64-linux-gnu/libgpg-error.so.0.8.0
7fa9e2954000-7fa9e2955000 rw-p 00003000 07:00 234535                     /lib/x86_64-linux-gnu/libgpg-error.so.0.8.0
7fa9e2955000-7fa9e2958000 r-xp 00000000 07:00 234587                     /lib/x86_64-linux-gnu/libkeyutils.so.1.4
7fa9e2958000-7fa9e2b57000 ---p 00003000 07:00 234587                     /lib/x86_64-linux-gnu/libkeyutils.so.1.4
7fa9e2b57000-7fa9e2b58000 r--p 00002000 07:00 234587                     /lib/x86_64-linux-gnu/libkeyutils.so.1.4
7fa9e2b58000-7fa9e2b59000 rw-p 00003000 07:00 234587                     /lib/x86_64-linux-gnu/libkeyutils.so.1.4
7fa9e2b59000-7fa9e2b9b000 r-xp 00000000 07:00 234531                     /lib/x86_64-linux-gnu/libdbus-1.so.3.5.8
7fa9e2b9b000-7fa9e2d9b000 ---p 00042000 07:00 234531                     /lib/x86_64-linux-gnu/libdbus-1.so.3.5.8
7fa9e2d9b000-7fa9e2d9c000 r--p 00042000 07:00 234531                     /lib/x86_64-linux-gnu/libdbus-1.so.3.5.8
7fa9e2d9c000-7fa9e2d9d000 rw-p 00043000 07:00 234531                     /lib/x86_64-linux-gnu/libdbus-1.so.3.5.8
7fa9e2d9d000-7fa9e2dae000 r-xp 00000000 07:00 93612                      /usr/lib/x86_64-linux-gnu/libp11-kit.so.0.0.0
7fa9e2dae000-7fa9e2fad000 ---p 00011000 07:00 93612                      /usr/lib/x86_64-linux-gnu/libp11-kit.so.0.0.0
7fa9e2fad000-7fa9e2fae000 r--p 00010000 07:00 93612                      /usr/lib/x86_64-linux-gnu/libp11-kit.so.0.0.0
7fa9e2fae000-7fa9e2faf000 rw-p 00011000 07:00 93612                      /usr/lib/x86_64-linux-gnu/libp11-kit.so.0.0.0
7fa9e2faf000-7fa9e3029000 r-xp 00000000 07:00 234507                     /lib/x86_64-linux-gnu/libgcrypt.so.11.7.0
7fa9e3029000-7fa9e3229000 ---p 0007a000 07:00 234507                     /lib/x86_64-linux-gnu/libgcrypt.so.11.7.0
7fa9e3229000-7fa9e322a000 r--p 0007a000 07:00 234507                     /lib/x86_64-linux-gnu/libgcrypt.so.11.7.0
7fa9e322a000-7fa9e322d000 rw-p 0007b000 07:00 234507                     /lib/x86_64-linux-gnu/libgcrypt.so.11.7.0
7fa9e322d000-7fa9e323d000 r-xp 00000000 07:00 113457                     /usr/lib/x86_64-linux-gnu/libtasn1.so.3.1.12
7fa9e323d000-7fa9e343c000 ---p 00010000 07:00 113457                     /usr/lib/x86_64-linux-gnu/libtasn1.so.3.1.12
7fa9e343c000-7fa9e343d000 r--p 0000f000 07:00 113457                     /usr/lib/x86_64-linux-gnu/libtasn1.so.3.1.12
7fa9e343d000-7fa9e343e000 rw-p 00010000 07:00 113457                     /usr/lib/x86_64-linux-gnu/libtasn1.so.3.1.12
7fa9e343e000-7fa9e3445000 r-xp 00000000 07:00 113515                     /usr/lib/x86_64-linux-gnu/libkrb5support.so.0.1
7fa9e3445000-7fa9e3644000 ---p 00007000 07:00 113515                     /usr/lib/x86_64-linux-gnu/libkrb5support.so.0.1
7fa9e3644000-7fa9e3645000 r--p 00006000 07:00 113515                     /usr/lib/x86_64-linux-gnu/libkrb5support.so.0.1
7fa9e3645000-7fa9e3646000 rw-p 00007000 07:00 113515                     /usr/lib/x86_64-linux-gnu/libkrb5support.so.0.1
7fa9e3646000-7fa9e3649000 r-xp 00000000 07:00 234510                     /lib/x86_64-linux-gnu/libcom_err.so.2.1
7fa9e3649000-7fa9e3848000 ---p 00003000 07:00 234510                     /lib/x86_64-linux-gnu/libcom_err.so.2.1
7fa9e3848000-7fa9e3849000 r--p 00002000 07:00 234510                     /lib/x86_64-linux-gnu/libcom_err.so.2.1
7fa9e3849000-7fa9e384a000 rw-p 00003000 07:00 234510                     /lib/x86_64-linux-gnu/libcom_err.so.2.1
7fa9e384a000-7fa9e386f000 r-xp 00000000 07:00 93453                      /usr/lib/x86_64-linux-gnu/libk5crypto.so.3.1
7fa9e386f000-7fa9e3a6f000 ---p 00025000 07:00 93453                      /usr/lib/x86_64-linux-gnu/libk5crypto.so.3.1
7fa9e3a6f000-7fa9e3a70000 r--p 00025000 07:00 93453                      /usr/lib/x86_64-linux-gnu/libk5crypto.so.3.1
7fa9e3a70000-7fa9e3a71000 rw-p 00026000 07:00 93453                      /usr/lib/x86_64-linux-gnu/libk5crypto.so.3.1
7fa9e3a71000-7fa9e3a72000 rw-p 00000000 00:00 0 
7fa9e3a72000-7fa9e3b36000 r-xp 00000000 07:00 93534                      /usr/lib/x86_64-linux-gnu/libkrb5.so.3.3
7fa9e3b36000-7fa9e3d35000 ---p 000c4000 07:00 93534                      /usr/lib/x86_64-linux-gnu/libkrb5.so.3.3
7fa9e3d35000-7fa9e3d3f000 r--p 000c3000 07:00 93534                      /usr/lib/x86_64-linux-gnu/libkrb5.so.3.3
7fa9e3d3f000-7fa9e3d40000 rw-p 000cd000 07:00 93534                      /usr/lib/x86_64-linux-gnu/libkrb5.so.3.3
7fa9e3d40000-7fa9e8000000 rw-p 00000000 00:00 0 
7fa9e8000000-7fa9e8021000 rw-p 00000000 00:00 0 
7fa9e8021000-7fa9ec000000 ---p 00000000 00:00 0 
7fa9ec000000-7fa9ec021000 rw-p 00000000 00:00 0 
7fa9ec021000-7fa9f0000000 ---p 00000000 00:00 0 
7fa9f0000000-7fa9f0021000 rw-p 00000000 00:00 0 
7fa9f0021000-7fa9f4000000 ---p 00000000 00:00 0 
7fa9f4000000-7fa9f4021000 rw-p 00000000 00:00 0 
7fa9f4021000-7fa9f8000000 ---p 00000000 00:00 0 
7fa9f804a000-7fa9f8052000 r-xp 00000000 07:00 113561                     /usr/lib/x86_64-linux-gnu/libxcb-render.so.0.0.0
7fa9f8052000-7fa9f8252000 ---p 00008000 07:00 113561                     /usr/lib/x86_64-linux-gnu/libxcb-render.so.0.0.0
7fa9f8252000-7fa9f8253000 r--p 00008000 07:00 113561                     /usr/lib/x86_64-linux-gnu/libxcb-render.so.0.0.0
7fa9f8253000-7fa9f8254000 rw-p 00009000 07:00 113561                     /usr/lib/x86_64-linux-gnu/libxcb-render.so.0.0.0
7fa9f8254000-7fa9f8256000 r-xp 00000000 07:00 93429                      /usr/lib/x86_64-linux-gnu/libxcb-shm.so.0.0.0
7fa9f8256000-7fa9f8455000 ---p 00002000 07:00 93429                      /usr/lib/x86_64-linux-gnu/libxcb-shm.so.0.0.0
7fa9f8455000-7fa9f8456000 r--p 00001000 07:00 93429                      /usr/lib/x86_64-linux-gnu/libxcb-shm.so.0.0.0
7fa9f8456000-7fa9f8457000 rw-p 00002000 07:00 93429                      /usr/lib/x86_64-linux-gnu/libxcb-shm.so.0.0.0
7fa9f8457000-7fa9f847d000 r-xp 00000000 07:00 234543                     /lib/x86_64-linux-gnu/libpng12.so.0.46.0
7fa9f847d000-7fa9f867d000 ---p 00026000 07:00 234543                     /lib/x86_64-linux-gnu/libpng12.so.0.46.0
7fa9f867d000-7fa9f867e000 r--p 00026000 07:00 234543                     /lib/x86_64-linux-gnu/libpng12.so.0.46.0
7fa9f867e000-7fa9f867f000 rw-p 00027000 07:00 234543                     /lib/x86_64-linux-gnu/libpng12.so.0.46.0
7fa9f867f000-7fa9f870f000 r-xp 00000000 07:00 1479762                    /usr/lib/x86_64-linux-gnu/libpixman-1.so.0.30.2
7fa9f870f000-7fa9f890e000 ---p 00090000 07:00 1479762                    /usr/lib/x86_64-linux-gnu/libpixman-1.so.0.30.2
7fa9f890e000-7fa9f8915000 r--p 0008f000 07:00 1479762                    /usr/lib/x86_64-linux-gnu/libpixman-1.so.0.30.2
7fa9f8915000-7fa9f8916000 rw-p 00096000 07:00 1479762                    /usr/lib/x86_64-linux-gnu/libpixman-1.so.0.30.2
7fa9f8916000-7fa9f891b000 r-xp 00000000 07:00 113447                     /usr/lib/x86_64-linux-gnu/libXdmcp.so.6.0.0
7fa9f891b000-7fa9f8b1a000 ---p 00005000 07:00 113447                     /usr/lib/x86_64-linux-gnu/libXdmcp.so.6.0.0
7fa9f8b1a000-7fa9f8b1b000 r--p 00004000 07:00 113447                     /usr/lib/x86_64-linux-gnu/libXdmcp.so.6.0.0
7fa9f8b1b000-7fa9f8b1c000 rw-p 00005000 07:00 113447                     /usr/lib/x86_64-linux-gnu/libXdmcp.so.6.0.0
7fa9f8b1c000-7fa9f8b1e000 r-xp 00000000 07:00 113586                     /usr/lib/x86_64-linux-gnu/libXau.so.6.0.0
7fa9f8b1e000-7fa9f8d1d000 ---p 00002000 07:00 113586                     /usr/lib/x86_64-linux-gnu/libXau.so.6.0.0
7fa9f8d1d000-7fa9f8d1e000 r--p 00001000 07:00 113586                     /usr/lib/x86_64-linux-gnu/libXau.so.6.0.0
7fa9f8d1e000-7fa9f8d1f000 rw-p 00002000 07:00 113586                     /usr/lib/x86_64-linux-gnu/libXau.so.6.0.0
7fa9f8d1f000-7fa9f8d2f000 r-xp 00000000 07:00 1479774                    /usr/lib/x86_64-linux-gnu/libavahi-client.so.3.2.9
7fa9f8d2f000-7fa9f8f2e000 ---p 00010000 07:00 1479774                    /usr/lib/x86_64-linux-gnu/libavahi-client.so.3.2.9
7fa9f8f2e000-7fa9f8f2f000 r--p 0000f000 07:00 1479774                    /usr/lib/x86_64-linux-gnu/libavahi-client.so.3.2.9
7fa9f8f2f000-7fa9f8f30000 rw-p 00010000 07:00 1479774                    /usr/lib/x86_64-linux-gnu/libavahi-client.so.3.2.9
7fa9f8f30000-7fa9f8f3b000 r-xp 00000000 07:00 1479772                    /usr/lib/x86_64-linux-gnu/libavahi-common.so.3.5.3
7fa9f8f3b000-7fa9f913a000 ---p 0000b000 07:00 1479772                    /usr/lib/x86_64-linux-gnu/libavahi-common.so.3.5.3
7fa9f913a000-7fa9f913b000 r--p 0000a000 07:00 1479772                    /usr/lib/x86_64-linux-gnu/libavahi-common.so.3.5.3
7fa9f913b000-7fa9f913c000 rw-p 0000b000 07:00 1479772                    /usr/lib/x86_64-linux-gnu/libavahi-common.so.3.5.3
7fa9f913c000-7fa9f91f0000 r-xp 00000000 07:00 1479742                    /usr/lib/x86_64-linux-gnu/libgnutls.so.26.21.8
7fa9f91f0000-7fa9f93f0000 ---p 000b4000 07:00 1479742                    /usr/lib/x86_64-linux-gnu/libgnutls.so.26.21.8
7fa9f93f0000-7fa9f93f6000 r--p 000b4000 07:00 1479742                    /usr/lib/x86_64-linux-gnu/libgnutls.so.26.21.8
7fa9f93f6000-7fa9f93f7000 rw-p 000ba000 07:00 1479742                    /usr/lib/x86_64-linux-gnu/libgnutls.so.26.21.8
7fa9f93f7000-7fa9f93f8000 rw-p 00000000 00:00 0 
7fa9f93f8000-7fa9f9433000 r-xp 00000000 07:00 113467                     /usr/lib/x86_64-linux-gnu/libgssapi_krb5.so.2.2
7fa9f9433000-7fa9f9633000 ---p 0003b000 07:00 113467                     /usr/lib/x86_64-linux-gnu/libgssapi_krb5.so.2.2
7fa9f9633000-7fa9f9634000 r--p 0003b000 07:00 113467                     /usr/lib/x86_64-linux-gnu/libgssapi_krb5.so.2.2
7fa9f9634000-7fa9f9636000 rw-p 0003c000 07:00 113467                     /usr/lib/x86_64-linux-gnu/libgssapi_krb5.so.2.2
7fa9f9636000-7fa9f9672000 r-xp 00000000 07:00 234583                     /lib/x86_64-linux-gnu/libpcre.so.3.12.1
7fa9f9672000-7fa9f9871000 ---p 0003c000 07:00 234583                     /lib/x86_64-linux-gnu/libpcre.so.3.12.1
7fa9f9871000-7fa9f9872000 r--p 0003b000 07:00 234583                     /lib/x86_64-linux-gnu/libpcre.so.3.12.1
7fa9f9872000-7fa9f9873000 rw-p 0003c000 07:00 234583                     /lib/x86_64-linux-gnu/libpcre.so.3.12.1
7fa9f9873000-7fa9f987a000 r-xp 00000000 07:00 93515                      /usr/lib/x86_64-linux-gnu/libffi.so.6.0.0
7fa9f987a000-7fa9f9a79000 ---p 00007000 07:00 93515                      /usr/lib/x86_64-linux-gnu/libffi.so.6.0.0
7fa9f9a79000-7fa9f9a7a000 r--p 00006000 07:00 93515                      /usr/lib/x86_64-linux-gnu/libffi.so.6.0.0
7fa9f9a7a000-7fa9f9a7b000 rw-p 00007000 07:00 93515                      /usr/lib/x86_64-linux-gnu/libffi.so.6.0.0
7fa9f9a7b000-7fa9f9aa2000 r-xp 00000000 07:00 234562                     /lib/x86_64-linux-gnu/libexpat.so.1.5.2
7fa9f9aa2000-7fa9f9ca2000 ---p 00027000 07:00 234562                     /lib/x86_64-linux-gnu/libexpat.so.1.5.2
7fa9f9ca2000-7fa9f9ca4000 r--p 00027000 07:00 234562                     /lib/x86_64-linux-gnu/libexpat.so.1.5.2
7fa9f9ca4000-7fa9f9ca5000 rw-p 00029000 07:00 234562                     /lib/x86_64-linux-gnu/libexpat.so.1.5.2
7fa9f9ca5000-7fa9f9d3b000 r-xp 00000000 07:00 113532                     /usr/lib/x86_64-linux-gnu/libfreetype.so.6.8.0
7fa9f9d3b000-7fa9f9f3a000 ---p 00096000 07:00 113532                     /usr/lib/x86_64-linux-gnu/libfreetype.so.6.8.0
7fa9f9f3a000-7fa9f9f40000 r--p 00095000 07:00 113532                     /usr/lib/x86_64-linux-gnu/libfreetype.so.6.8.0
7fa9f9f40000-7fa9f9f41000 rw-p 0009b000 07:00 113532                     /usr/lib/x86_64-linux-gnu/libfreetype.so.6.8.0
7fa9f9f41000-7fa9f9f59000 r-xp 00000000 07:00 1355784                    /lib/x86_64-linux-gnu/libresolv-2.15.so
7fa9f9f59000-7fa9fa159000 ---p 00018000 07:00 1355784                    /lib/x86_64-linux-gnu/libresolv-2.15.so
7fa9fa159000-7fa9fa15a000 r--p 00018000 07:00 1355784                    /lib/x86_64-linux-gnu/libresolv-2.15.so
7fa9fa15a000-7fa9fa15b000 rw-p 00019000 07:00 1355784                    /lib/x86_64-linux-gnu/libresolv-2.15.so
7fa9fa15b000-7fa9fa15d000 rw-p 00000000 00:00 0 
7fa9fa15d000-7fa9fa17a000 r-xp 00000000 07:00 234525                     /lib/x86_64-linux-gnu/libselinux.so.1
7fa9fa17a000-7fa9fa379000 ---p 0001d000 07:00 234525                     /lib/x86_64-linux-gnu/libselinux.so.1
7fa9fa379000-7fa9fa37a000 r--p 0001c000 07:00 234525                     /lib/x86_64-linux-gnu/libselinux.so.1
7fa9fa37a000-7fa9fa37b000 rw-p 0001d000 07:00 234525                     /lib/x86_64-linux-gnu/libselinux.so.1
7fa9fa37b000-7fa9fa37c000 rw-p 00000000 00:00 0 
7fa9fa37c000-7fa9fa37f000 r-xp 00000000 07:00 1479720                    /usr/lib/x86_64-linux-gnu/libgmodule-2.0.so.0.3200.4
7fa9fa37f000-7fa9fa57e000 ---p 00003000 07:00 1479720                    /usr/lib/x86_64-linux-gnu/libgmodule-2.0.so.0.3200.4
7fa9fa57e000-7fa9fa57f000 r--p 00002000 07:00 1479720                    /usr/lib/x86_64-linux-gnu/libgmodule-2.0.so.0.3200.4
7fa9fa57f000-7fa9fa580000 rw-p 00003000 07:00 1479720                    /usr/lib/x86_64-linux-gnu/libgmodule-2.0.so.0.3200.4
7fa9fa580000-7fa9fa582000 r-xp 00000000 07:00 113493                     /usr/lib/x86_64-linux-gnu/libXdamage.so.1.1.0
7fa9fa582000-7fa9fa781000 ---p 00002000 07:00 113493                     /usr/lib/x86_64-linux-gnu/libXdamage.so.1.1.0
7fa9fa781000-7fa9fa782000 r--p 00001000 07:00 113493                     /usr/lib/x86_64-linux-gnu/libXdamage.so.1.1.0
7fa9fa782000-7fa9fa783000 rw-p 00002000 07:00 113493                     /usr/lib/x86_64-linux-gnu/libXdamage.so.1.1.0
7fa9fa783000-7fa9fa785000 r-xp 00000000 07:00 93510                      /usr/lib/x86_64-linux-gnu/libXcomposite.so.1.0.0
7fa9fa785000-7fa9fa984000 ---p 00002000 07:00 93510                      /usr/lib/x86_64-linux-gnu/libXcomposite.so.1.0.0
7fa9fa984000-7fa9fa985000 r--p 00001000 07:00 93510                      /usr/lib/x86_64-linux-gnu/libXcomposite.so.1.0.0
7fa9fa985000-7fa9fa986000 rw-p 00002000 07:00 93510                      /usr/lib/x86_64-linux-gnu/libXcomposite.so.1.0.0
7fa9fa986000-7fa9fa98f000 r-xp 00000000 07:00 93479                      /usr/lib/x86_64-linux-gnu/libXcursor.so.1.0.2
7fa9fa98f000-7fa9fab8e000 ---p 00009000 07:00 93479                      /usr/lib/x86_64-linux-gnu/libXcursor.so.1.0.2
7fa9fab8e000-7fa9fab8f000 r--p 00008000 07:00 93479                      /usr/lib/x86_64-linux-gnu/libXcursor.so.1.0.2
7fa9fab8f000-7fa9fab90000 rw-p 00009000 07:00 93479                      /usr/lib/x86_64-linux-gnu/libXcursor.so.1.0.2
7fa9fab90000-7fa9fab97000 r-xp 00000000 07:00 93528                      /usr/lib/x86_64-linux-gnu/libXrandr.so.2.2.0
7fa9fab97000-7fa9fad96000 ---p 00007000 07:00 93528                      /usr/lib/x86_64-linux-gnu/libXrandr.so.2.2.0
7fa9fad96000-7fa9fad97000 r--p 00006000 07:00 93528                      /usr/lib/x86_64-linux-gnu/libXrandr.so.2.2.0
7fa9fad97000-7fa9fad98000 rw-p 00007000 07:00 93528                      /usr/lib/x86_64-linux-gnu/libXrandr.so.2.2.0
7fa9fad98000-7fa9fad9a000 r-xp 00000000 07:00 113624                     /usr/lib/x86_64-linux-gnu/libXinerama.so.1.0.0
7fa9fad9a000-7fa9faf99000 ---p 00002000 07:00 113624                     /usr/lib/x86_64-linux-gnu/libXinerama.so.1.0.0
7fa9faf99000-7fa9faf9a000 r--p 00001000 07:00 113624                     /usr/lib/x86_64-linux-gnu/libXinerama.so.1.0.0
7fa9faf9a000-7fa9faf9b000 rw-p 00002000 07:00 113624                     /usr/lib/x86_64-linux-gnu/libXinerama.so.1.0.0
7fa9faf9b000-7fa9fafc4000 r-xp 00000000 07:00 93391                      /usr/lib/x86_64-linux-gnu/libpangoft2-1.0.so.0.3000.0
7fa9fafc4000-7fa9fb1c3000 ---p 00029000 07:00 93391                      /usr/lib/x86_64-linux-gnu/libpangoft2-1.0.so.0.3000.0
7fa9fb1c3000-7fa9fb1c4000 r--p 00028000 07:00 93391                      /usr/lib/x86_64-linux-gnu/libpangoft2-1.0.so.0.3000.0
7fa9fb1c4000-7fa9fb1c5000 rw-p 00029000 07:00 93391                      /usr/lib/x86_64-linux-gnu/libpangoft2-1.0.so.0.3000.0
7fa9fb1c5000-7fa9fb27e000 r-xp 00000000 07:00 93452                      /usr/lib/x86_64-linux-gnu/libcairo.so.2.11000.2
7fa9fb27e000-7fa9fb47d000 ---p 000b9000 07:00 93452                      /usr/lib/x86_64-linux-gnu/libcairo.so.2.11000.2
7fa9fb47d000-7fa9fb47f000 r--p 000b8000 07:00 93452                      /usr/lib/x86_64-linux-gnu/libcairo.so.2.11000.2
7fa9fb47f000-7fa9fb480000 rw-p 000ba000 07:00 93452                      /usr/lib/x86_64-linux-gnu/libcairo.so.2.11000.2
7fa9fb480000-7fa9fb483000 rw-p 00000000 00:00 0 
7fa9fb483000-7fa9fb4a2000 r-xp 00000000 07:00 113625                     /usr/lib/x86_64-linux-gnu/libatk-1.0.so.0.20409.1
7fa9fb4a2000-7fa9fb6a2000 ---p 0001f000 07:00 113625                     /usr/lib/x86_64-linux-gnu/libatk-1.0.so.0.20409.1
7fa9fb6a2000-7fa9fb6a4000 r--p 0001f000 07:00 113625                     /usr/lib/x86_64-linux-gnu/libatk-1.0.so.0.20409.1
7fa9fb6a4000-7fa9fb6a5000 rw-p 00021000 07:00 113625                     /usr/lib/x86_64-linux-gnu/libatk-1.0.so.0.20409.1
7fa9fb6a5000-7fa9fb6aa000 r-xp 00000000 07:00 1479768                    /usr/lib/x86_64-linux-gnu/libXfixes.so.3.1.0
7fa9fb6aa000-7fa9fb8a9000 ---p 00005000 07:00 1479768                    /usr/lib/x86_64-linux-gnu/libXfixes.so.3.1.0
7fa9fb8a9000-7fa9fb8aa000 r--p 00004000 07:00 1479768                    /usr/lib/x86_64-linux-gnu/libXfixes.so.3.1.0
7fa9fb8aa000-7fa9fb8ab000 rw-p 00005000 07:00 1479768                    /usr/lib/x86_64-linux-gnu/libXfixes.so.3.1.0
7fa9fb8ab000-7fa9fb8b6000 r-xp 00000000 07:00 113531                     /usr/lib/x86_64-linux-gnu/libpangocairo-1.0.so.0.3000.0
7fa9fb8b6000-7fa9fbab5000 ---p 0000b000 07:00 113531                     /usr/lib/x86_64-linux-gnu/libpangocairo-1.0.so.0.3000.0
7fa9fbab5000-7fa9fbab6000 r--p 0000a000 07:00 113531                     /usr/lib/x86_64-linux-gnu/libpangocairo-1.0.so.0.3000.0
7fa9fbab6000-7fa9fbab7000 rw-p 0000b000 07:00 113531                     /usr/lib/x86_64-linux-gnu/libpangocairo-1.0.so.0.3000.0
7fa9fbab7000-7fa9fbb07000 r-xp 00000000 07:00 93603                      /usr/lib/x86_64-linux-gnu/libcups.so.2
7fa9fbb07000-7fa9fbd06000 ---p 00050000 07:00 93603                      /usr/lib/x86_64-linux-gnu/libcups.so.2
7fa9fbd06000-7fa9fbd0a000 r--p 0004f000 07:00 93603                      /usr/lib/x86_64-linux-gnu/libcups.so.2
7fa9fbd0a000-7fa9fbd0b000 rw-p 00053000 07:00 93603                      /usr/lib/x86_64-linux-gnu/libcups.so.2
7fa9fbd0b000-7fa9fbdfd000 r-xp 00000000 07:00 234522                     /lib/x86_64-linux-gnu/libglib-2.0.so.0.3200.4
7fa9fbdfd000-7fa9fbffd000 ---p 000f2000 07:00 234522                     /lib/x86_64-linux-gnu/libglib-2.0.so.0.3200.4
7fa9fbffd000-7fa9fbffe000 r--p 000f2000 07:00 234522                     /lib/x86_64-linux-gnu/libglib-2.0.so.0.3200.4
7fa9fbffe000-7fa9fbfff000 rw-p 000f3000 07:00 234522                     /lib/x86_64-linux-gnu/libglib-2.0.so.0.3200.4
7fa9fbfff000-7fa9fc000000 rw-p 00000000 00:00 0 
7fa9fc000000-7fa9fc021000 rw-p 00000000 00:00 0 
7fa9fc021000-7faa00000000 ---p 00000000 00:00 0 
7faa00015000-7faa00032000 r-xp 00000000 07:00 93302                      /usr/lib/x86_64-linux-gnu/libxcb.so.1.1.0
7faa00032000-7faa00231000 ---p 0001d000 07:00 93302                      /usr/lib/x86_64-linux-gnu/libxcb.so.1.1.0
7faa00231000-7faa00232000 r--p 0001c000 07:00 93302                      /usr/lib/x86_64-linux-gnu/libxcb.so.1.1.0
7faa00232000-7faa00233000 rw-p 0001d000 07:00 93302                      /usr/lib/x86_64-linux-gnu/libxcb.so.1.1.0
7faa00233000-7faa00234000 r-xp 00000000 07:00 1479722                    /usr/lib/x86_64-linux-gnu/libgthread-2.0.so.0.3200.4
7faa00234000-7faa00433000 ---p 00001000 07:00 1479722                    /usr/lib/x86_64-linux-gnu/libgthread-2.0.so.0.3200.4
7faa00433000-7faa00434000 r--p 00000000 07:00 1479722                    /usr/lib/x86_64-linux-gnu/libgthread-2.0.so.0.3200.4
7faa00434000-7faa00435000 rw-p 00001000 07:00 1479722                    /usr/lib/x86_64-linux-gnu/libgthread-2.0.so.0.3200.4
7faa00435000-7faa00482000 r-xp 00000000 07:00 1479726                    /usr/lib/x86_64-linux-gnu/libgobject-2.0.so.0.3200.4
7faa00482000-7faa00682000 ---p 0004d000 07:00 1479726                    /usr/lib/x86_64-linux-gnu/libgobject-2.0.so.0.3200.4
7faa00682000-7faa00683000 r--p 0004d000 07:00 1479726                    /usr/lib/x86_64-linux-gnu/libgobject-2.0.so.0.3200.4
7faa00683000-7faa00684000 rw-p 0004e000 07:00 1479726                    /usr/lib/x86_64-linux-gnu/libgobject-2.0.so.0.3200.4
7faa00684000-7faa006b8000 r-xp 00000000 07:00 93287                      /usr/lib/x86_64-linux-gnu/libfontconfig.so.1.4.4
7faa006b8000-7faa008b8000 ---p 00034000 07:00 93287                      /usr/lib/x86_64-linux-gnu/libfontconfig.so.1.4.4
7faa008b8000-7faa008b9000 r--p 00034000 07:00 93287                      /usr/lib/x86_64-linux-gnu/libfontconfig.so.1.4.4
7faa008b9000-7faa008ba000 rw-p 00035000 07:00 93287                      /usr/lib/x86_64-linux-gnu/libfontconfig.so.1.4.4
7faa008ba000-7faa00900000 r-xp 00000000 07:00 113642                     /usr/lib/x86_64-linux-gnu/libpango-1.0.so.0.3000.0
7faa00900000-7faa00b00000 ---p 00046000 07:00 113642                     /usr/lib/x86_64-linux-gnu/libpango-1.0.so.0.3000.0
7faa00b00000-7faa00b02000 r--p 00046000 07:00 113642                     /usr/lib/x86_64-linux-gnu/libpango-1.0.so.0.3000.0
7faa00b02000-7faa00b03000 rw-p 00048000 07:00 113642                     /usr/lib/x86_64-linux-gnu/libpango-1.0.so.0.3000.0
7faa00b03000-7faa00b21000 r-xp 00000000 07:00 93419                      /usr/lib/x86_64-linux-gnu/libgdk_pixbuf-2.0.so.0.2600.1
7faa00b21000-7faa00d21000 ---p 0001e000 07:00 93419                      /usr/lib/x86_64-linux-gnu/libgdk_pixbuf-2.0.so.0.2600.1
7faa00d21000-7faa00d22000 r--p 0001e000 07:00 93419                      /usr/lib/x86_64-linux-gnu/libgdk_pixbuf-2.0.so.0.2600.1
7faa00d22000-7faa00d23000 rw-p 0001f000 07:00 93419                      /usr/lib/x86_64-linux-gnu/libgdk_pixbuf-2.0.so.0.2600.1
7faa00d23000-7faa00e6b000 r-xp 00000000 07:00 1479724                    /usr/lib/x86_64-linux-gnu/libgio-2.0.so.0.3200.4
7faa00e6b000-7faa0106a000 ---p 00148000 07:00 1479724                    /usr/lib/x86_64-linux-gnu/libgio-2.0.so.0.3200.4
7faa0106a000-7faa0106e000 r--p 00147000 07:00 1479724                    /usr/lib/x86_64-linux-gnu/libgio-2.0.so.0.3200.4
7faa0106e000-7faa01070000 rw-p 0014b000 07:00 1479724                    /usr/lib/x86_64-linux-gnu/libgio-2.0.so.0.3200.4
7faa01070000-7faa01072000 rw-p 00000000 00:00 0 
7faa01072000-7faa0111f000 r-xp 00000000 07:00 93263                      /usr/lib/x86_64-linux-gnu/libgdk-x11-2.0.so.0.2400.10
7faa0111f000-7faa0131e000 ---p 000ad000 07:00 93263                      /usr/lib/x86_64-linux-gnu/libgdk-x11-2.0.so.0.2400.10
7faa0131e000-7faa01322000 r--p 000ac000 07:00 93263                      /usr/lib/x86_64-linux-gnu/libgdk-x11-2.0.so.0.2400.10
7faa01322000-7faa01324000 rw-p 000b0000 07:00 93263                      /usr/lib/x86_64-linux-gnu/libgdk-x11-2.0.so.0.2400.10
7faa01324000-7faa01751000 r-xp 00000000 07:00 113497                     /usr/lib/x86_64-linux-gnu/libgtk-x11-2.0.so.0.2400.10
7faa01751000-7faa01951000 ---p 0042d000 07:00 113497                     /usr/lib/x86_64-linux-gnu/libgtk-x11-2.0.so.0.2400.10
7faa01951000-7faa01958000 r--p 0042d000 07:00 113497                     /usr/lib/x86_64-linux-gnu/libgtk-x11-2.0.so.0.2400.10
7faa01958000-7faa0195c000 rw-p 00434000 07:00 113497                     /usr/lib/x86_64-linux-gnu/libgtk-x11-2.0.so.0.2400.10
7faa0195c000-7faa0195e000 rw-p 00000000 00:00 0 
7faa0195e000-7faa0196d000 r-xp 00000000 07:00 1479776                    /usr/lib/x86_64-linux-gnu/libXi.so.6.1.0
7faa0196d000-7faa01b6c000 ---p 0000f000 07:00 1479776                    /usr/lib/x86_64-linux-gnu/libXi.so.6.1.0
7faa01b6c000-7faa01b6d000 r--p 0000e000 07:00 1479776                    /usr/lib/x86_64-linux-gnu/libXi.so.6.1.0
7faa01b6d000-7faa01b6e000 rw-p 0000f000 07:00 1479776                    /usr/lib/x86_64-linux-gnu/libXi.so.6.1.0
7faa01b6e000-7faa01b73000 r-xp 00000000 07:00 93540                      /usr/lib/x86_64-linux-gnu/libXtst.so.6.1.0
7faa01b73000-7faa01d72000 ---p 00005000 07:00 93540                      /usr/lib/x86_64-linux-gnu/libXtst.so.6.1.0
7faa01d72000-7faa01d73000 r--p 00004000 07:00 93540                      /usr/lib/x86_64-linux-gnu/libXtst.so.6.1.0
7faa01d73000-7faa01d74000 rw-p 00005000 07:00 93540                      /usr/lib/x86_64-linux-gnu/libXtst.so.6.1.0
7faa01d74000-7faa01d7d000 r-xp 00000000 07:00 93266                      /usr/lib/x86_64-linux-gnu/libXrender.so.1.3.0
7faa01d7d000-7faa01f7c000 ---p 00009000 07:00 93266                      /usr/lib/x86_64-linux-gnu/libXrender.so.1.3.0
7faa01f7c000-7faa01f7d000 r--p 00008000 07:00 93266                      /usr/lib/x86_64-linux-gnu/libXrender.so.1.3.0
7faa01f7d000-7faa01f7e000 rw-p 00009000 07:00 93266                      /usr/lib/x86_64-linux-gnu/libXrender.so.1.3.0
7faa01f7e000-7faa020ae000 r-xp 00000000 07:00 433153                     /usr/lib/x86_64-linux-gnu/libX11.so.6.3.0
7faa020ae000-7faa022ae000 ---p 00130000 07:00 433153                     /usr/lib/x86_64-linux-gnu/libX11.so.6.3.0
7faa022ae000-7faa022af000 r--p 00130000 07:00 433153                     /usr/lib/x86_64-linux-gnu/libX11.so.6.3.0
7faa022af000-7faa022b3000 rw-p 00131000 07:00 433153                     /usr/lib/x86_64-linux-gnu/libX11.so.6.3.0
7faa022b3000-7faa022c3000 r-xp 00000000 07:00 93461                      /usr/lib/x86_64-linux-gnu/libXext.so.6.4.0
7faa022c3000-7faa024c2000 ---p 00010000 07:00 93461                      /usr/lib/x86_64-linux-gnu/libXext.so.6.4.0
7faa024c2000-7faa024c3000 r--p 0000f000 07:00 93461                      /usr/lib/x86_64-linux-gnu/libXext.so.6.4.0
7faa024c3000-7faa024c4000 rw-p 00010000 07:00 93461                      /usr/lib/x86_64-linux-gnu/libXext.so.6.4.0
7faa024c4000-7faa02516000 r-xp 00000000 07:00 334917                     /usr/lib/jvm/java-7-openjdk-amd64/jre/lib/amd64/xawt/libmawt.so
7faa02516000-7faa02716000 ---p 00052000 07:00 334917                     /usr/lib/jvm/java-7-openjdk-amd64/jre/lib/amd64/xawt/libmawt.so
7faa02716000-7faa02717000 r--p 00052000 07:00 334917                     /usr/lib/jvm/java-7-openjdk-amd64/jre/lib/amd64/xawt/libmawt.so
7faa02717000-7faa0271a000 rw-p 00053000 07:00 334917                     /usr/lib/jvm/java-7-openjdk-amd64/jre/lib/amd64/xawt/libmawt.so
7faa0271a000-7faa0271b000 rw-p 00000000 00:00 0 
7faa0271b000-7faa027be000 r-xp 00000000 07:00 331786                     /usr/lib/jvm/java-7-openjdk-amd64/jre/lib/amd64/libawt.so
7faa027be000-7faa029bd000 ---p 000a3000 07:00 331786                     /usr/lib/jvm/java-7-openjdk-amd64/jre/lib/amd64/libawt.so
7faa029bd000-7faa029be000 r--p 000a2000 07:00 331786                     /usr/lib/jvm/java-7-openjdk-amd64/jre/lib/amd64/libawt.so
7faa029be000-7faa029c9000 rw-p 000a3000 07:00 331786                     /usr/lib/jvm/java-7-openjdk-amd64/jre/lib/amd64/libawt.so
7faa029c9000-7faa02a60000 rw-p 00000000 00:00 0 
7faa02a60000-7faa03a1a000 r-xp 00000000 07:00 496535                     /home/aivanov/Downloads/opencv-2.4.8/build/lib/libopencv_java248.so
7faa03a1a000-7faa03c1a000 ---p 00fba000 07:00 496535                     /home/aivanov/Downloads/opencv-2.4.8/build/lib/libopencv_java248.so
7faa03c1a000-7faa03c3e000 r--p 00fba000 07:00 496535                     /home/aivanov/Downloads/opencv-2.4.8/build/lib/libopencv_java248.so
7faa03c3e000-7faa03c59000 rw-p 00fde000 07:00 496535                     /home/aivanov/Downloads/opencv-2.4.8/build/lib/libopencv_java248.so
7faa03c59000-7faa03cfd000 rw-p 00000000 00:00 0 
7faa03cfd000-7faa03cfe000 ---p 00000000 00:00 0 
7faa03cfe000-7faa03dfe000 rw-p 00000000 00:00 0                          [stack:14157]
7faa03dfe000-7faa03e01000 ---p 00000000 00:00 0 
7faa03e01000-7faa03eff000 rw-p 00000000 00:00 0                          [stack:14156]
7faa03eff000-7faa03f02000 ---p 00000000 00:00 0 
7faa03f02000-7faa04000000 rw-p 00000000 00:00 0                          [stack:14155]
7faa04000000-7faa04021000 rw-p 00000000 00:00 0 
7faa04021000-7faa08000000 ---p 00000000 00:00 0 
7faa08000000-7faa08021000 rw-p 00000000 00:00 0 
7faa08021000-7faa0c000000 ---p 00000000 00:00 0 
7faa0c000000-7faa0c021000 rw-p 00000000 00:00 0 
7faa0c021000-7faa10000000 ---p 00000000 00:00 0 
7faa100ec000-7faa100f3000 r--s 00000000 07:00 1303740                    /usr/lib/x86_64-linux-gnu/gconv/gconv-modules.cache
7faa100f3000-7faa100f6000 ---p 00000000 00:00 0 
7faa100f6000-7faa101f4000 rw-p 00000000 00:00 0                          [stack:14154]
7faa101f4000-7faa101f7000 ---p 00000000 00:00 0 
7faa101f7000-7faa102f5000 rw-p 00000000 00:00 0                          [stack:14153]
7faa102f5000-7faa105be000 r--p 00000000 07:00 541697                     /usr/lib/locale/locale-archive
7faa105be000-7faa105c1000 ---p 00000000 00:00 0 
7faa105c1000-7faa106bf000 rw-p 00000000 00:00 0                          [stack:14152]
7faa106bf000-7faa106c2000 ---p 00000000 00:00 0 
7faa106c2000-7faa107c0000 rw-p 00000000 00:00 0                          [stack:14151]
7faa107c0000-7faa107c1000 ---p 00000000 00:00 0 
7faa107c1000-7faa12571000 rw-p 00000000 00:00 0                          [stack:14150]
7faa12571000-7faa1271e000 r--s 01cec000 07:00 317483                     /usr/lib/jvm/java-7-openjdk-amd64/jre/lib/rt.jar
7faa1271e000-7faa137f6000 rw-p 00000000 00:00 0 
7faa137f6000-7faa137f7000 ---p 00000000 00:00 0 
7faa137f7000-7faa138f7000 rw-p 00000000 00:00 0                          [stack:14149]
7faa138f7000-7faa138f8000 ---p 00000000 00:00 0 
7faa138f8000-7faa139f8000 rw-p 00000000 00:00 0                          [stack:14148]
7faa139f8000-7faa139f9000 ---p 00000000 00:00 0 
7faa139f9000-7faa13af9000 rw-p 00000000 00:00 0                          [stack:14147]
7faa13af9000-7faa13afa000 ---p 00000000 00:00 0 
7faa13afa000-7faa13bfa000 rw-p 00000000 00:00 0                          [stack:14146]
7faa13bfa000-7faa13bfb000 ---p 00000000 00:00 0 
7faa13bfb000-7faa13cfb000 rw-p 00000000 00:00 0                          [stack:14145]
7faa13cfb000-7faa13cfc000 ---p 00000000 00:00 0 
7faa13cfc000-7faa13dfc000 rw-p 00000000 00:00 0                          [stack:14144]
7faa13dfc000-7faa13dfd000 ---p 00000000 00:00 0 
7faa13dfd000-7faa13f27000 rw-p 00000000 00:00 0                          [stack:14143]
7faa13f27000-7faa1418e000 rw-p 00000000 00:00 0 
7faa1418e000-7faa14199000 rw-p 00000000 00:00 0 
7faa14199000-7faa141e1000 rw-p 00000000 00:00 0 
7faa141e1000-7faa1420b000 rw-p 00000000 00:00 0 
7faa1420b000-7faa14471000 rw-p 00000000 00:00 0 
7faa14471000-7faa14487000 rw-p 00000000 00:00 0 
7faa14487000-7faa145ba000 rw-p 00000000 00:00 0 
7faa145ba000-7faa145bb000 rw-p 00000000 00:00 0 
7faa145bb000-7faa1482b000 rwxp 00000000 00:00 0 
7faa1482b000-7faa175bb000 rw-p 00000000 00:00 0 
7faa175bb000-7faa175c3000 r-xp 00000000 07:00 331788                     /usr/lib/jvm/java-7-openjdk-amd64/jre/lib/amd64/libzip.so
7faa175c3000-7faa177c2000 ---p 00008000 07:00 331788                     /usr/lib/jvm/java-7-openjdk-amd64/jre/lib/amd64/libzip.so
7faa177c2000-7faa177c3000 r--p 00007000 07:00 331788                     /usr/lib/jvm/java-7-openjdk-amd64/jre/lib/amd64/libzip.so
7faa177c3000-7faa177c4000 rw-p 00008000 07:00 331788                     /usr/lib/jvm/java-7-openjdk-amd64/jre/lib/amd64/libzip.so
7faa177c4000-7faa177d0000 r-xp 00000000 07:00 1355783                    /lib/x86_64-linux-gnu/libnss_files-2.15.so
7faa177d0000-7faa179cf000 ---p 0000c000 07:00 1355783                    /lib/x86_64-linux-gnu/libnss_files-2.15.so
7faa179cf000-7faa179d0000 r--p 0000b000 07:00 1355783                    /lib/x86_64-linux-gnu/libnss_files-2.15.so
7faa179d0000-7faa179d1000 rw-p 0000c000 07:00 1355783                    /lib/x86_64-linux-gnu/libnss_files-2.15.so
7faa179d1000-7faa179db000 r-xp 00000000 07:00 1355787                    /lib/x86_64-linux-gnu/libnss_nis-2.15.so
7faa179db000-7faa17bdb000 ---p 0000a000 07:00 1355787                    /lib/x86_64-linux-gnu/libnss_nis-2.15.so
7faa17bdb000-7faa17bdc000 r--p 0000a000 07:00 1355787                    /lib/x86_64-linux-gnu/libnss_nis-2.15.so
7faa17bdc000-7faa17bdd000 rw-p 0000b000 07:00 1355787                    /lib/x86_64-linux-gnu/libnss_nis-2.15.so
7faa17bdd000-7faa17bf4000 r-xp 00000000 07:00 1355799                    /lib/x86_64-linux-gnu/libnsl-2.15.so
7faa17bf4000-7faa17df3000 ---p 00017000 07:00 1355799                    /lib/x86_64-linux-gnu/libnsl-2.15.so
7faa17df3000-7faa17df4000 r--p 00016000 07:00 1355799                    /lib/x86_64-linux-gnu/libnsl-2.15.so
7faa17df4000-7faa17df5000 rw-p 00017000 07:00 1355799                    /lib/x86_64-linux-gnu/libnsl-2.15.so
7faa17df5000-7faa17df7000 rw-p 00000000 00:00 0 
7faa17df7000-7faa17dff000 r-xp 00000000 07:00 1355781                    /lib/x86_64-linux-gnu/libnss_compat-2.15.so
7faa17dff000-7faa17ffe000 ---p 00008000 07:00 1355781                    /lib/x86_64-linux-gnu/libnss_compat-2.15.so
7faa17ffe000-7faa17fff000 r--p 00007000 07:00 1355781                    /lib/x86_64-linux-gnu/libnss_compat-2.15.so
7faa17fff000-7faa18000000 rw-p 00008000 07:00 1355781                    /lib/x86_64-linux-gnu/libnss_compat-2.15.so
7faa18000000-7faa1837e000 rw-p 00000000 00:00 0 
7faa1837e000-7faa1c000000 ---p 00000000 00:00 0 
7faa1c004000-7faa1c008000 r--s 00069000 07:00 496533                     /home/aivanov/Downloads/opencv-2.4.8/build/bin/opencv-248.jar
7faa1c008000-7faa1c00f000 r--s 00030000 07:00 10015                      /usr/share/java/junit4-4.8.2.jar
7faa1c00f000-7faa1c010000 ---p 00000000 00:00 0 
7faa1c010000-7faa1c11b000 rw-p 00000000 00:00 0                          [stack:14142]
7faa1c11b000-7faa1c163000 rw-p 00000000 00:00 0 
7faa1c163000-7faa1c18c000 r-xp 00000000 07:00 331783                     /usr/lib/jvm/java-7-openjdk-amd64/jre/lib/amd64/libjava.so
7faa1c18c000-7faa1c38b000 ---p 00029000 07:00 331783                     /usr/lib/jvm/java-7-openjdk-amd64/jre/lib/amd64/libjava.so
7faa1c38b000-7faa1c38c000 r--p 00028000 07:00 331783                     /usr/lib/jvm/java-7-openjdk-amd64/jre/lib/amd64/libjava.so
7faa1c38c000-7faa1c38e000 rw-p 00029000 07:00 331783                     /usr/lib/jvm/java-7-openjdk-amd64/jre/lib/amd64/libjava.so
7faa1c38e000-7faa1c39c000 r-xp 00000000 07:00 331798                     /usr/lib/jvm/java-7-openjdk-amd64/jre/lib/amd64/libverify.so
7faa1c39c000-7faa1c59b000 ---p 0000e000 07:00 331798                     /usr/lib/jvm/java-7-openjdk-amd64/jre/lib/amd64/libverify.so
7faa1c59b000-7faa1c59d000 r--p 0000d000 07:00 331798                     /usr/lib/jvm/java-7-openjdk-amd64/jre/lib/amd64/libverify.so
7faa1c59d000-7faa1c59e000 rw-p 0000f000 07:00 331798                     /usr/lib/jvm/java-7-openjdk-amd64/jre/lib/amd64/libverify.so
7faa1c59e000-7faa1c5a5000 r-xp 00000000 07:00 1355786                    /lib/x86_64-linux-gnu/librt-2.15.so
7faa1c5a5000-7faa1c7a4000 ---p 00007000 07:00 1355786                    /lib/x86_64-linux-gnu/librt-2.15.so
7faa1c7a4000-7faa1c7a5000 r--p 00006000 07:00 1355786                    /lib/x86_64-linux-gnu/librt-2.15.so
7faa1c7a5000-7faa1c7a6000 rw-p 00007000 07:00 1355786                    /lib/x86_64-linux-gnu/librt-2.15.so
7faa1c7a6000-7faa1c7bb000 r-xp 00000000 07:00 234552                     /lib/x86_64-linux-gnu/libgcc_s.so.1
7faa1c7bb000-7faa1c9ba000 ---p 00015000 07:00 234552                     /lib/x86_64-linux-gnu/libgcc_s.so.1
7faa1c9ba000-7faa1c9bb000 r--p 00014000 07:00 234552                     /lib/x86_64-linux-gnu/libgcc_s.so.1
7faa1c9bb000-7faa1c9bc000 rw-p 00015000 07:00 234552                     /lib/x86_64-linux-gnu/libgcc_s.so.1
7faa1c9bc000-7faa1cab7000 r-xp 00000000 07:00 1355790                    /lib/x86_64-linux-gnu/libm-2.15.so
7faa1cab7000-7faa1ccb6000 ---p 000fb000 07:00 1355790                    /lib/x86_64-linux-gnu/libm-2.15.so
7faa1ccb6000-7faa1ccb7000 r--p 000fa000 07:00 1355790                    /lib/x86_64-linux-gnu/libm-2.15.so
7faa1ccb7000-7faa1ccb8000 rw-p 000fb000 07:00 1355790                    /lib/x86_64-linux-gnu/libm-2.15.so
7faa1ccb8000-7faa1cd9a000 r-xp 00000000 07:00 113565                     /usr/lib/x86_64-linux-gnu/libstdc++.so.6.0.16
7faa1cd9a000-7faa1cf99000 ---p 000e2000 07:00 113565                     /usr/lib/x86_64-linux-gnu/libstdc++.so.6.0.16
7faa1cf99000-7faa1cfa1000 r--p 000e1000 07:00 113565                     /usr/lib/x86_64-linux-gnu/libstdc++.so.6.0.16
7faa1cfa1000-7faa1cfa3000 rw-p 000e9000 07:00 113565                     /usr/lib/x86_64-linux-gnu/libstdc++.so.6.0.16
7faa1cfa3000-7faa1cfb8000 rw-p 00000000 00:00 0 
7faa1cfb8000-7faa1d98b000 r-xp 00000000 07:00 332807                     /usr/lib/jvm/java-7-openjdk-amd64/jre/lib/amd64/server/libjvm.so
7faa1d98b000-7faa1db8a000 ---p 009d3000 07:00 332807                     /usr/lib/jvm/java-7-openjdk-amd64/jre/lib/amd64/server/libjvm.so
7faa1db8a000-7faa1dc09000 r--p 009d2000 07:00 332807                     /usr/lib/jvm/java-7-openjdk-amd64/jre/lib/amd64/server/libjvm.so
7faa1dc09000-7faa1dc2c000 rw-p 00a51000 07:00 332807                     /usr/lib/jvm/java-7-openjdk-amd64/jre/lib/amd64/server/libjvm.so
7faa1dc2c000-7faa1dc56000 rw-p 00000000 00:00 0 
7faa1dc56000-7faa1dc6c000 r-xp 00000000 07:00 234620                     /lib/x86_64-linux-gnu/libz.so.1.2.3.4
7faa1dc6c000-7faa1de6b000 ---p 00016000 07:00 234620                     /lib/x86_64-linux-gnu/libz.so.1.2.3.4
7faa1de6b000-7faa1de6c000 r--p 00015000 07:00 234620                     /lib/x86_64-linux-gnu/libz.so.1.2.3.4
7faa1de6c000-7faa1de6d000 rw-p 00016000 07:00 234620                     /lib/x86_64-linux-gnu/libz.so.1.2.3.4
7faa1de6d000-7faa1de85000 r-xp 00000000 07:00 1355788                    /lib/x86_64-linux-gnu/libpthread-2.15.so
7faa1de85000-7faa1e084000 ---p 00018000 07:00 1355788                    /lib/x86_64-linux-gnu/libpthread-2.15.so
7faa1e084000-7faa1e085000 r--p 00017000 07:00 1355788                    /lib/x86_64-linux-gnu/libpthread-2.15.so
7faa1e085000-7faa1e086000 rw-p 00018000 07:00 1355788                    /lib/x86_64-linux-gnu/libpthread-2.15.so
7faa1e086000-7faa1e08a000 rw-p 00000000 00:00 0 
7faa1e08a000-7faa1e08c000 r-xp 00000000 07:00 1355794                    /lib/x86_64-linux-gnu/libdl-2.15.so
7faa1e08c000-7faa1e28c000 ---p 00002000 07:00 1355794                    /lib/x86_64-linux-gnu/libdl-2.15.so
7faa1e28c000-7faa1e28d000 r--p 00002000 07:00 1355794                    /lib/x86_64-linux-gnu/libdl-2.15.so
7faa1e28d000-7faa1e28e000 rw-p 00003000 07:00 1355794                    /lib/x86_64-linux-gnu/libdl-2.15.so
7faa1e28e000-7faa1e443000 r-xp 00000000 07:00 1355779                    /lib/x86_64-linux-gnu/libc-2.15.so
7faa1e443000-7faa1e643000 ---p 001b5000 07:00 1355779                    /lib/x86_64-linux-gnu/libc-2.15.so
7faa1e643000-7faa1e647000 r--p 001b5000 07:00 1355779                    /lib/x86_64-linux-gnu/libc-2.15.so
7faa1e647000-7faa1e649000 rw-p 001b9000 07:00 1355779                    /lib/x86_64-linux-gnu/libc-2.15.so
7faa1e649000-7faa1e64e000 rw-p 00000000 00:00 0 
7faa1e64e000-7faa1e65b000 r-xp 00000000 07:00 332802                     /usr/lib/jvm/java-7-openjdk-amd64/jre/lib/amd64/jli/libjli.so
7faa1e65b000-7faa1e85a000 ---p 0000d000 07:00 332802                     /usr/lib/jvm/java-7-openjdk-amd64/jre/lib/amd64/jli/libjli.so
7faa1e85a000-7faa1e85b000 r--p 0000c000 07:00 332802                     /usr/lib/jvm/java-7-openjdk-amd64/jre/lib/amd64/jli/libjli.so
7faa1e85b000-7faa1e85c000 rw-p 0000d000 07:00 332802                     /usr/lib/jvm/java-7-openjdk-amd64/jre/lib/amd64/jli/libjli.so
7faa1e85c000-7faa1e87e000 r-xp 00000000 07:00 1355791                    /lib/x86_64-linux-gnu/ld-2.15.so
7faa1e880000-7faa1e882000 r--s 00007000 07:00 10007                      /usr/share/java/hamcrest-core-1.1.jar
7faa1e882000-7faa1e884000 r--s 00007000 07:00 10007                      /usr/share/java/hamcrest-core-1.1.jar
7faa1e884000-7faa1e886000 r--s 00024000 07:00 561277                     /home/aivanov/workspace/MaslabDemo/resources/jSSC-2.6.0-Release/jssc.jar
7faa1e886000-7faa1e896000 r--s 000a6000 07:00 561294                     /home/aivanov/workspace/MaslabDemo/resources/jts-1.12.jar
7faa1e896000-7faa1e89b000 r--s 00054000 07:00 561261                     /home/aivanov/workspace/MaslabDemo/resources/javaGeom-0.11.1.jar
7faa1e89b000-7faa1e8a5000 rw-p 00000000 00:00 0 
7faa1e8a5000-7faa1e95b000 rw-p 00000000 00:00 0 
7faa1e95b000-7faa1e95e000 ---p 00000000 00:00 0 
7faa1e95e000-7faa1ea61000 rw-p 00000000 00:00 0                          [stack:14141]
7faa1ea61000-7faa1ea64000 r--s 0000f000 07:00 300036                     /usr/lib/jvm/java-7-openjdk-common/jre/lib/ext/pulse-java.jar
7faa1ea64000-7faa1ea67000 r--s 0003c000 07:00 300037                     /usr/lib/jvm/java-7-openjdk-common/jre/lib/ext/sunpkcs11.jar
7faa1ea67000-7faa1ea68000 r--s 00002000 07:00 300034                     /usr/lib/jvm/java-7-openjdk-common/jre/lib/ext/dnsns.jar
7faa1ea68000-7faa1ea6a000 r--s 00012000 07:00 300039                     /usr/lib/jvm/java-7-openjdk-common/jre/lib/ext/zipfs.jar
7faa1ea6a000-7faa1ea6b000 r--s 00007000 07:00 9787                       /usr/share/java/java-atk-wrapper.jar
7faa1ea6b000-7faa1ea6f000 r--s 00085000 07:00 300038                     /usr/lib/jvm/java-7-openjdk-common/jre/lib/ext/localedata.jar
7faa1ea6f000-7faa1ea72000 r--s 00032000 07:00 300035                     /usr/lib/jvm/java-7-openjdk-common/jre/lib/ext/sunjce_provider.jar
7faa1ea72000-7faa1ea7a000 rw-s 00000000 07:00 296108                     /tmp/hsperfdata_aivanov/14136
7faa1ea7a000-7faa1ea7b000 rw-p 00000000 00:00 0 
7faa1ea7b000-7faa1ea7c000 r--p 00000000 00:00 0 
7faa1ea7c000-7faa1ea7e000 rw-p 00000000 00:00 0 
7faa1ea7e000-7faa1ea7f000 r--p 00022000 07:00 1355791                    /lib/x86_64-linux-gnu/ld-2.15.so
7faa1ea7f000-7faa1ea81000 rw-p 00023000 07:00 1355791                    /lib/x86_64-linux-gnu/ld-2.15.so
7fff259f5000-7fff25a16000 rw-p 00000000 00:00 0                          [stack]
7fff25bce000-7fff25bd0000 r-xp 00000000 00:00 0                          [vdso]
ffffffffff600000-ffffffffff601000 r-xp 00000000 00:00 0                  [vsyscall]

VM Arguments:
jvm_args: -Djava.library.path=/home/aivanov/Downloads/opencv-2.4.8/build/lib -Dfile.encoding=UTF-8 
java_command: vision.NewImageProcessor
Launcher Type: SUN_STANDARD

Environment Variables:
PATH=/usr/lib/lightdm/lightdm:/usr/local/sbin:/usr/local/bin:/usr/sbin:/usr/bin:/sbin:/bin:/usr/games:/usr/local/llvm/bin
LD_LIBRARY_PATH=/usr/lib/jvm/java-7-openjdk-amd64/jre/lib/amd64/server:/usr/lib/jvm/java-7-openjdk-amd64/jre/lib/amd64:/usr/lib/jvm/java-7-openjdk-amd64/jre/../lib/amd64:/usr/lib/jvm/java-6-openjdk-amd64/jre/lib/amd64/server:/usr/lib/jvm/java-6-openjdk-amd64/jre/lib/amd64:/usr/lib/jvm/java-6-openjdk-amd64/jre/../lib/amd64
SHELL=/bin/bash
DISPLAY=:0

Signal Handlers:
SIGSEGV: [libjvm.so+0x83b2a0], sa_mask[0]=0x7ffbfeff, sa_flags=0x10000004
SIGBUS: [libjvm.so+0x83b2a0], sa_mask[0]=0x7ffbfeff, sa_flags=0x10000004
SIGFPE: [libjvm.so+0x6dc040], sa_mask[0]=0x7ffbfeff, sa_flags=0x10000004
SIGPIPE: [libjvm.so+0x6dc040], sa_mask[0]=0x7ffbfeff, sa_flags=0x10000004
SIGXFSZ: [libjvm.so+0x6dc040], sa_mask[0]=0x7ffbfeff, sa_flags=0x10000004
SIGILL: [libjvm.so+0x6dc040], sa_mask[0]=0x7ffbfeff, sa_flags=0x10000004
SIGUSR1: SIG_DFL, sa_mask[0]=0x00000000, sa_flags=0x00000000
SIGUSR2: [libjvm.so+0x6dc480], sa_mask[0]=0x00000004, sa_flags=0x10000004
SIGHUP: [libjvm.so+0x6dc5c0], sa_mask[0]=0x7ffbfeff, sa_flags=0x10000004
SIGINT: [libjvm.so+0x6dc5c0], sa_mask[0]=0x7ffbfeff, sa_flags=0x10000004
SIGTERM: [libjvm.so+0x6dc5c0], sa_mask[0]=0x7ffbfeff, sa_flags=0x10000004
SIGQUIT: [libjvm.so+0x6dc5c0], sa_mask[0]=0x7ffbfeff, sa_flags=0x10000004


---------------  S Y S T E M  ---------------

OS:Ubuntu 12.04 (precise)
uname:Linux 3.8.0-29-generic #42~precise1-Ubuntu SMP Wed Aug 14 16:19:23 UTC 2013 x86_64
libc:glibc 2.15 NPTL 2.15 
rlimit: STACK 8192k, CORE 0k, NPROC 62891, NOFILE 4096, AS infinity
load average:1.66 0.70 0.46

/proc/meminfo:
MemTotal:        8068788 kB
MemFree:          182160 kB
Buffers:         2723588 kB
Cached:          3197460 kB
SwapCached:            0 kB
Active:          2891512 kB
Inactive:        4534568 kB
Active(anon):    1379864 kB
Inactive(anon):   484036 kB
Active(file):    1511648 kB
Inactive(file):  4050532 kB
Unevictable:        1500 kB
Mlocked:               0 kB
SwapTotal:        262140 kB
SwapFree:         262140 kB
Dirty:              7404 kB
Writeback:             0 kB
AnonPages:       1507492 kB
Mapped:           203940 kB
Shmem:            356804 kB
Slab:             326424 kB
SReclaimable:     255980 kB
SUnreclaim:        70444 kB
KernelStack:        4128 kB
PageTables:        29636 kB
NFS_Unstable:          0 kB
Bounce:                0 kB
WritebackTmp:          0 kB
CommitLimit:     4296532 kB
Committed_AS:    4338540 kB
VmallocTotal:   34359738367 kB
VmallocUsed:      411876 kB
VmallocChunk:   34359319164 kB
HardwareCorrupted:     0 kB
AnonHugePages:         0 kB
HugePages_Total:       0
HugePages_Free:        0
HugePages_Rsvd:        0
HugePages_Surp:        0
Hugepagesize:       2048 kB
DirectMap4k:      169980 kB
DirectMap2M:     8114176 kB


CPU:total 8 (4 cores per cpu, 2 threads per core) family 6 model 42 stepping 7, cmov, cx8, fxsr, mmx, sse, sse2, sse3, ssse3, sse4.1, sse4.2, popcnt, avx, ht, tsc, tscinvbit

/proc/cpuinfo:
processor	: 0
vendor_id	: GenuineIntel
cpu family	: 6
model		: 42
model name	: Intel(R) Core(TM) i7-2670QM CPU @ 2.20GHz
stepping	: 7
microcode	: 0x23
cpu MHz		: 2201.000
cache size	: 6144 KB
physical id	: 0
siblings	: 8
core id		: 0
cpu cores	: 4
apicid		: 0
initial apicid	: 0
fpu		: yes
fpu_exception	: yes
cpuid level	: 13
wp		: yes
flags		: fpu vme de pse tsc msr pae mce cx8 apic sep mtrr pge mca cmov pat pse36 clflush dts acpi mmx fxsr sse sse2 ss ht tm pbe syscall nx rdtscp lm constant_tsc arch_perfmon pebs bts nopl xtopology nonstop_tsc aperfmperf eagerfpu pni pclmulqdq dtes64 monitor ds_cpl vmx est tm2 ssse3 cx16 xtpr pdcm pcid sse4_1 sse4_2 x2apic popcnt tsc_deadline_timer aes xsave avx lahf_lm ida arat epb xsaveopt pln pts dtherm tpr_shadow vnmi flexpriority ept vpid
bogomips	: 4390.01
clflush size	: 64
cache_alignment	: 64
address sizes	: 36 bits physical, 48 bits virtual
power management:

processor	: 1
vendor_id	: GenuineIntel
cpu family	: 6
model		: 42
model name	: Intel(R) Core(TM) i7-2670QM CPU @ 2.20GHz
stepping	: 7
microcode	: 0x23
cpu MHz		: 2201.000
cache size	: 6144 KB
physical id	: 0
siblings	: 8
core id		: 0
cpu cores	: 4
apicid		: 1
initial apicid	: 1
fpu		: yes
fpu_exception	: yes
cpuid level	: 13
wp		: yes
flags		: fpu vme de pse tsc msr pae mce cx8 apic sep mtrr pge mca cmov pat pse36 clflush dts acpi mmx fxsr sse sse2 ss ht tm pbe syscall nx rdtscp lm constant_tsc arch_perfmon pebs bts nopl xtopology nonstop_tsc aperfmperf eagerfpu pni pclmulqdq dtes64 monitor ds_cpl vmx est tm2 ssse3 cx16 xtpr pdcm pcid sse4_1 sse4_2 x2apic popcnt tsc_deadline_timer aes xsave avx lahf_lm ida arat epb xsaveopt pln pts dtherm tpr_shadow vnmi flexpriority ept vpid
bogomips	: 4390.01
clflush size	: 64
cache_alignment	: 64
address sizes	: 36 bits physical, 48 bits virtual
power management:

processor	: 2
vendor_id	: GenuineIntel
cpu family	: 6
model		: 42
model name	: Intel(R) Core(TM) i7-2670QM CPU @ 2.20GHz
stepping	: 7
microcode	: 0x23
cpu MHz		: 800.000
cache size	: 6144 KB
physical id	: 0
siblings	: 8
core id		: 1
cpu cores	: 4
apicid		: 2
initial apicid	: 2
fpu		: yes
fpu_exception	: yes
cpuid level	: 13
wp		: yes
flags		: fpu vme de pse tsc msr pae mce cx8 apic sep mtrr pge mca cmov pat pse36 clflush dts acpi mmx fxsr sse sse2 ss ht tm pbe syscall nx rdtscp lm constant_tsc arch_perfmon pebs bts nopl xtopology nonstop_tsc aperfmperf eagerfpu pni pclmulqdq dtes64 monitor ds_cpl vmx est tm2 ssse3 cx16 xtpr pdcm pcid sse4_1 sse4_2 x2apic popcnt tsc_deadline_timer aes xsave avx lahf_lm ida arat epb xsaveopt pln pts dtherm tpr_shadow vnmi flexpriority ept vpid
bogomips	: 4390.01
clflush size	: 64
cache_alignment	: 64
address sizes	: 36 bits physical, 48 bits virtual
power management:

processor	: 3
vendor_id	: GenuineIntel
cpu family	: 6
model		: 42
model name	: Intel(R) Core(TM) i7-2670QM CPU @ 2.20GHz
stepping	: 7
microcode	: 0x23
cpu MHz		: 800.000
cache size	: 6144 KB
physical id	: 0
siblings	: 8
core id		: 1
cpu cores	: 4
apicid		: 3
initial apicid	: 3
fpu		: yes
fpu_exception	: yes
cpuid level	: 13
wp		: yes
flags		: fpu vme de pse tsc msr pae mce cx8 apic sep mtrr pge mca cmov pat pse36 clflush dts acpi mmx fxsr sse sse2 ss ht tm pbe syscall nx rdtscp lm constant_tsc arch_perfmon pebs bts nopl xtopology nonstop_tsc aperfmperf eagerfpu pni pclmulqdq dtes64 monitor ds_cpl vmx est tm2 ssse3 cx16 xtpr pdcm pcid sse4_1 sse4_2 x2apic popcnt tsc_deadline_timer aes xsave avx lahf_lm ida arat epb xsaveopt pln pts dtherm tpr_shadow vnmi flexpriority ept vpid
bogomips	: 4390.01
clflush size	: 64
cache_alignment	: 64
address sizes	: 36 bits physical, 48 bits virtual
power management:

processor	: 4
vendor_id	: GenuineIntel
cpu family	: 6
model		: 42
model name	: Intel(R) Core(TM) i7-2670QM CPU @ 2.20GHz
stepping	: 7
microcode	: 0x23
cpu MHz		: 2201.000
cache size	: 6144 KB
physical id	: 0
siblings	: 8
core id		: 2
cpu cores	: 4
apicid		: 4
initial apicid	: 4
fpu		: yes
fpu_exception	: yes
cpuid level	: 13
wp		: yes
flags		: fpu vme de pse tsc msr pae mce cx8 apic sep mtrr pge mca cmov pat pse36 clflush dts acpi mmx fxsr sse sse2 ss ht tm pbe syscall nx rdtscp lm constant_tsc arch_perfmon pebs bts nopl xtopology nonstop_tsc aperfmperf eagerfpu pni pclmulqdq dtes64 monitor ds_cpl vmx est tm2 ssse3 cx16 xtpr pdcm pcid sse4_1 sse4_2 x2apic popcnt tsc_deadline_timer aes xsave avx lahf_lm ida arat epb xsaveopt pln pts dtherm tpr_shadow vnmi flexpriority ept vpid
bogomips	: 4390.01
clflush size	: 64
cache_alignment	: 64
address sizes	: 36 bits physical, 48 bits virtual
power management:

processor	: 5
vendor_id	: GenuineIntel
cpu family	: 6
model		: 42
model name	: Intel(R) Core(TM) i7-2670QM CPU @ 2.20GHz
stepping	: 7
microcode	: 0x23
cpu MHz		: 800.000
cache size	: 6144 KB
physical id	: 0
siblings	: 8
core id		: 2
cpu cores	: 4
apicid		: 5
initial apicid	: 5
fpu		: yes
fpu_exception	: yes
cpuid level	: 13
wp		: yes
flags		: fpu vme de pse tsc msr pae mce cx8 apic sep mtrr pge mca cmov pat pse36 clflush dts acpi mmx fxsr sse sse2 ss ht tm pbe syscall nx rdtscp lm constant_tsc arch_perfmon pebs bts nopl xtopology nonstop_tsc aperfmperf eagerfpu pni pclmulqdq dtes64 monitor ds_cpl vmx est tm2 ssse3 cx16 xtpr pdcm pcid sse4_1 sse4_2 x2apic popcnt tsc_deadline_timer aes xsave avx lahf_lm ida arat epb xsaveopt pln pts dtherm tpr_shadow vnmi flexpriority ept vpid
bogomips	: 4390.01
clflush size	: 64
cache_alignment	: 64
address sizes	: 36 bits physical, 48 bits virtual
power management:

processor	: 6
vendor_id	: GenuineIntel
cpu family	: 6
model		: 42
model name	: Intel(R) Core(TM) i7-2670QM CPU @ 2.20GHz
stepping	: 7
microcode	: 0x23
cpu MHz		: 800.000
cache size	: 6144 KB
physical id	: 0
siblings	: 8
core id		: 3
cpu cores	: 4
apicid		: 6
initial apicid	: 6
fpu		: yes
fpu_exception	: yes
cpuid level	: 13
wp		: yes
flags		: fpu vme de pse tsc msr pae mce cx8 apic sep mtrr pge mca cmov pat pse36 clflush dts acpi mmx fxsr sse sse2 ss ht tm pbe syscall nx rdtscp lm constant_tsc arch_perfmon pebs bts nopl xtopology nonstop_tsc aperfmperf eagerfpu pni pclmulqdq dtes64 monitor ds_cpl vmx est tm2 ssse3 cx16 xtpr pdcm pcid sse4_1 sse4_2 x2apic popcnt tsc_deadline_timer aes xsave avx lahf_lm ida arat epb xsaveopt pln pts dtherm tpr_shadow vnmi flexpriority ept vpid
bogomips	: 4390.01
clflush size	: 64
cache_alignment	: 64
address sizes	: 36 bits physical, 48 bits virtual
power management:

processor	: 7
vendor_id	: GenuineIntel
cpu family	: 6
model		: 42
model name	: Intel(R) Core(TM) i7-2670QM CPU @ 2.20GHz
stepping	: 7
microcode	: 0x23
cpu MHz		: 800.000
cache size	: 6144 KB
physical id	: 0
siblings	: 8
core id		: 3
cpu cores	: 4
apicid		: 7
initial apicid	: 7
fpu		: yes
fpu_exception	: yes
cpuid level	: 13
wp		: yes
flags		: fpu vme de pse tsc msr pae mce cx8 apic sep mtrr pge mca cmov pat pse36 clflush dts acpi mmx fxsr sse sse2 ss ht tm pbe syscall nx rdtscp lm constant_tsc arch_perfmon pebs bts nopl xtopology nonstop_tsc aperfmperf eagerfpu pni pclmulqdq dtes64 monitor ds_cpl vmx est tm2 ssse3 cx16 xtpr pdcm pcid sse4_1 sse4_2 x2apic popcnt tsc_deadline_timer aes xsave avx lahf_lm ida arat epb xsaveopt pln pts dtherm tpr_shadow vnmi flexpriority ept vpid
bogomips	: 4390.01
clflush size	: 64
cache_alignment	: 64
address sizes	: 36 bits physical, 48 bits virtual
power management:



Memory: 4k page, physical 8068788k(182160k free), swap 262140k(262140k free)

vm_info: OpenJDK 64-Bit Server VM (23.7-b01) for linux-amd64 JRE (1.7.0_25-b30), built on Jul 15 2013 20:38:06 by "buildd" with gcc 4.6.3

time: Thu Jan 23 10:53:14 2014
elapsed time: 0 seconds

