#
# A fatal error has been detected by the Java Runtime Environment:
#
#  SIGSEGV (0xb) at pc=0x00007f2269eeb6a4, pid=17733, tid=139786399004416
#
# JRE version: 7.0_25-b30
# Java VM: OpenJDK 64-Bit Server VM (23.7-b01 mixed mode linux-amd64 compressed oops)
# Problematic frame:
# C  [libpng12.so.0+0x146a4]  png_destroy_write_struct+0x34
#
# Failed to write core dump. Core dumps have been disabled. To enable core dumping, try "ulimit -c unlimited" before starting Java again
#
# If you would like to submit a bug report, please include
# instructions on how to reproduce the bug and visit:
#   https://bugs.launchpad.net/ubuntu/+source/openjdk-7/
# The crash happened outside the Java Virtual Machine in native code.
# See problematic frame for where to report the bug.
#

---------------  T H R E A D  ---------------

Current thread (0x00007f2288009800):  JavaThread "main" [_thread_in_native, id=17738, stack(0x00007f228e983000,0x00007f228ea84000)]

siginfo:si_signo=SIGSEGV: si_errno=0, si_code=1 (SEGV_MAPERR), si_addr=0x0000000000000478

Registers:
RAX=0x00007f228ea82400, RBX=0x0000000000000000, RCX=0x0000000000000000, RDX=0x00007f228ea82408
RSP=0x00007f228ea81320, RBP=0x00007f228ea82408, RSI=0x00007f228ea82408, RDI=0x00007f228ea82400
R8 =0x00007f228ea81280, R9 =0x0000000000000001, R10=0x00007f228ea810f0, R11=0x00007f2269eeb670
R12=0x00007f228ea82400, R13=0x00000000b950d928, R14=0x00007f228ea82898, R15=0x00007f2288009800
RIP=0x00007f2269eeb6a4, EFLAGS=0x0000000000010206, CSGSFS=0x0059000000000033, ERR=0x0000000000000004
  TRAPNO=0x000000000000000e

Top of Stack: (sp=0x00007f228ea81320)
0x00007f228ea81320:   00007f228ea82408 00007f2288888080
0x00007f228ea81330:   00007f227a59b048 0000000000000000
0x00007f228ea81340:   00000000b950d928 00007f228ea82898
0x00007f228ea81350:   00007f2288009800 00007f227a59b931
0x00007f228ea81360:   0000742500007769 0000764200006028
0x00007f228ea81370:   000060d8000073a1 0000737d000075fd
0x00007f228ea81380:   0000000000000000 00007f228ea827a0
0x00007f228ea81390:   00007f228ea826f0 00007f2288888080
0x00007f228ea813a0:   00007f228ea813b0 0000000000000208
0x00007f228ea813b0:   000000028ea80001 00007f228ea81d50
0x00007f228ea813c0:   0000000000000004 ffffffffffffffff
0x00007f228ea813d0:   00000068ffffffff 0000000000000000
0x00007f228ea813e0:   0000000000000000 0000000000000009
0x00007f228ea813f0:   00007f22ffffffff 0000000000000004
0x00007f228ea81400:   000000f000000140 00007f228e66afa0
0x00007f228ea81410:   0000000000000000 00007f228dc228b0
0x00007f228ea81420:   0000000000000000 00007f228dc228b0
0x00007f228ea81430:   0000000000000000 0000000000000030
0x00007f228ea81440:   00007f228ea81f90 0000000000000003
0x00007f228ea81450:   00007f228ea814a0 00007f228d2139c0
0x00007f228ea81460:   ffffffffffffffff 00007f228ea81510
0x00007f228ea81470:   0000000000000000 0000000000000000
0x00007f228ea81480:   0000000000000000 0000000000000070
0x00007f228ea81490:   0000000000000000 0000003100000005
0x00007f228ea814a0:   0000006e0000005b 0000007c00000077
0x00007f228ea814b0:   00007f228ea81508 00007f2288000020
0x00007f228ea814c0:   00007f227b0d18fa 0000000000000044
0x00007f228ea814d0:   000000038ea81d90 00007f227aa8d652
0x00007f228ea814e0:   00007f2288009800 00007f228ea81d50
0x00007f228ea814f0:   000003c000000028 00007f228894a8c0
0x00007f228ea81500:   00007f2288887fe8 00007f2288888428
0x00007f228ea81510:   42c4159642eca242 42ed63f242eea44e 

Instructions: (pc=0x00007f2269eeb6a4)
0x00007f2269eeb684:   6c 24 e8 49 89 fc 4c 89 74 24 f0 4c 89 7c 24 f8
0x00007f2269eeb694:   48 83 ec 38 48 85 ff 0f 84 cf 00 00 00 48 8b 1f
0x00007f2269eeb6a4:   4c 8b b3 78 04 00 00 4c 8b bb 68 04 00 00 48 85
0x00007f2269eeb6b4:   ed 74 43 4c 8b 6d 00 4d 85 ed 74 3a 48 85 db 74 

Register to memory mapping:

RAX=0x00007f228ea82400 is pointing into the stack for thread: 0x00007f2288009800
RBX=0x0000000000000000 is an unknown value
RCX=0x0000000000000000 is an unknown value
RDX=0x00007f228ea82408 is pointing into the stack for thread: 0x00007f2288009800
RSP=0x00007f228ea81320 is pointing into the stack for thread: 0x00007f2288009800
RBP=0x00007f228ea82408 is pointing into the stack for thread: 0x00007f2288009800
RSI=0x00007f228ea82408 is pointing into the stack for thread: 0x00007f2288009800
RDI=0x00007f228ea82400 is pointing into the stack for thread: 0x00007f2288009800
R8 =0x00007f228ea81280 is pointing into the stack for thread: 0x00007f2288009800
R9 =0x0000000000000001 is an unknown value
R10=0x00007f228ea810f0 is pointing into the stack for thread: 0x00007f2288009800
R11=0x00007f2269eeb670: png_destroy_write_struct+0 in /lib/x86_64-linux-gnu/libpng12.so.0 at 0x00007f2269ed7000
R12=0x00007f228ea82400 is pointing into the stack for thread: 0x00007f2288009800
R13=0x00000000b950d928 is an oop
{method} 
 - klass: {other class}
R14=0x00007f228ea82898 is pointing into the stack for thread: 0x00007f2288009800
R15=0x00007f2288009800 is a thread


Stack: [0x00007f228e983000,0x00007f228ea84000],  sp=0x00007f228ea81320,  free space=1016k
Native frames: (J=compiled Java code, j=interpreted, Vv=VM code, C=native code)
C  [libpng12.so.0+0x146a4]  png_destroy_write_struct+0x34

Java frames: (J=compiled Java code, j=interpreted, Vv=VM code)
j  org.opencv.highgui.Highgui.imwrite_1(Ljava/lang/String;J)Z+0
j  org.opencv.highgui.Highgui.imwrite(Ljava/lang/String;Lorg/opencv/core/Mat;)Z+5
j  vision.NewImageProcessor.process(Lorg/opencv/core/Mat;Lvision/detector/VisionDetector;)V+85
j  vision.NewImageProcessor.main([Ljava/lang/String;)V+28
v  ~StubRoutines::call_stub

---------------  P R O C E S S  ---------------

Java Threads: ( => current thread )
  0x00007f2288346800 JavaThread "process reaper" daemon [_thread_blocked, id=17754, stack(0x00007f227808b000,0x00007f22780b3000)]
  0x00007f2288316000 JavaThread "AWT-XAWT" daemon [_thread_in_native, id=17752, stack(0x00007f22682d9000,0x00007f22683da000)]
  0x00007f22882e5000 JavaThread "Java2D Disposer" daemon [_thread_blocked, id=17751, stack(0x00007f22683da000,0x00007f22684db000)]
  0x00007f2288113800 JavaThread "Service Thread" daemon [_thread_blocked, id=17749, stack(0x00007f227b871000,0x00007f227b972000)]
  0x00007f2288111800 JavaThread "C2 CompilerThread1" daemon [_thread_blocked, id=17748, stack(0x00007f227b972000,0x00007f227ba73000)]
  0x00007f228810e800 JavaThread "C2 CompilerThread0" daemon [_thread_blocked, id=17747, stack(0x00007f227ba73000,0x00007f227bb74000)]
  0x00007f228810c000 JavaThread "Signal Dispatcher" daemon [_thread_blocked, id=17746, stack(0x00007f227bb74000,0x00007f227bc75000)]
  0x00007f22880b2800 JavaThread "Finalizer" daemon [_thread_blocked, id=17745, stack(0x00007f227bdfe000,0x00007f227beff000)]
  0x00007f22880b0800 JavaThread "Reference Handler" daemon [_thread_blocked, id=17744, stack(0x00007f227beff000,0x00007f227c000000)]
=>0x00007f2288009800 JavaThread "main" [_thread_in_native, id=17738, stack(0x00007f228e983000,0x00007f228ea84000)]

Other Threads:
  0x00007f22880a8000 VMThread [stack: 0x00007f2280012000,0x00007f2280113000] [id=17743]
  0x00007f2288126800 WatcherThread [stack: 0x00007f227b770000,0x00007f227b871000] [id=17750]

VM state:not at safepoint (normal execution)

VM Mutex/Monitor currently owned by a thread: None

Heap
 PSYoungGen      total 18048K, used 6559K [0x00000000ebd60000, 0x00000000ed180000, 0x0000000100000000)
  eden space 15488K, 42% used [0x00000000ebd60000,0x00000000ec3c7da8,0x00000000ecc80000)
  from space 2560K, 0% used [0x00000000ecf00000,0x00000000ecf00000,0x00000000ed180000)
  to   space 2560K, 0% used [0x00000000ecc80000,0x00000000ecc80000,0x00000000ecf00000)
 ParOldGen       total 41280K, used 0K [0x00000000c3800000, 0x00000000c6050000, 0x00000000ebd60000)
  object space 41280K, 0% used [0x00000000c3800000,0x00000000c3800000,0x00000000c6050000)
 PSPermGen       total 21248K, used 7804K [0x00000000b9200000, 0x00000000ba6c0000, 0x00000000c3800000)
  object space 21248K, 36% used [0x00000000b9200000,0x00000000b999f350,0x00000000ba6c0000)

Card table byte_map: [0x00007f2284383000,0x00007f22845bb000] byte_map_base: 0x00007f2283dba000

Polling page: 0x00007f228eaa0000

Code Cache  [0x00007f22845bb000, 0x00007f228482b000, 0x00007f22875bb000)
 total_blobs=652 nmethods=22 adapters=583 free_code_cache=48504Kb largest_free_block=49666496

Compilation events (10 events):
Event: 1.771 Thread 0x00007f228810e800 nmethod 18 0x00007f228464ea90 code [0x00007f228464ec00, 0x00007f228464ed58]
Event: 1.771 Thread 0x00007f228810e800   19             java.nio.Buffer::nextGetIndex (31 bytes)
Event: 1.773 Thread 0x00007f228810e800 nmethod 19 0x00007f228464e850 code [0x00007f228464e980, 0x00007f228464e9f8]
Event: 1.773 Thread 0x00007f228810e800   20             org.lwjgl.MemoryUtil$CharSequenceNT::charAt (28 bytes)
Event: 1.776 Thread 0x00007f228810e800 nmethod 20 0x00007f228464c850 code [0x00007f228464c9a0, 0x00007f228464ca98]
Event: 1.776 Thread 0x00007f228810e800   21             java.nio.DirectByteBuffer::put (17 bytes)
Event: 1.778 Thread 0x00007f228810e800 nmethod 21 0x00007f228464c5d0 code [0x00007f228464c700, 0x00007f228464c798]
Event: 1.778 Thread 0x00007f228810e800   22             java.nio.Buffer::nextPutIndex (31 bytes)
Event: 1.779 Thread 0x00007f228810e800 nmethod 22 0x00007f228464e610 code [0x00007f228464e740, 0x00007f228464e7b8]
Event: 1.792 Thread 0x00007f2288111800 nmethod 17 0x00007f228464b9d0 code [0x00007f228464bba0, 0x00007f228464c0a0]

GC Heap History (0 events):
No events

Deoptimization events (0 events):
No events

Internal exceptions (10 events):
Event: 1.908 Thread 0x00007f2288009800 Threw 0x00000000ec31e5c8 at /build/buildd/openjdk-7-7u25-2.3.10/build/openjdk/hotspot/src/share/vm/prims/jvm.cpp:1235
Event: 1.909 Thread 0x00007f2288009800 Threw 0x00000000ec321d98 at /build/buildd/openjdk-7-7u25-2.3.10/build/openjdk/hotspot/src/share/vm/prims/jvm.cpp:1235
Event: 1.913 Thread 0x00007f2288009800 Threw 0x00000000ec32ecd8 at /build/buildd/openjdk-7-7u25-2.3.10/build/openjdk/hotspot/src/share/vm/prims/jvm.cpp:1235
Event: 1.915 Thread 0x00007f2288009800 Threw 0x00000000ec3327d0 at /build/buildd/openjdk-7-7u25-2.3.10/build/openjdk/hotspot/src/share/vm/prims/jvm.cpp:1235
Event: 1.921 Thread 0x00007f2288009800 Threw 0x00000000ec33e6c0 at /build/buildd/openjdk-7-7u25-2.3.10/build/openjdk/hotspot/src/share/vm/prims/jvm.cpp:1235
Event: 1.924 Thread 0x00007f2288009800 Threw 0x00000000ec347a08 at /build/buildd/openjdk-7-7u25-2.3.10/build/openjdk/hotspot/src/share/vm/prims/jvm.cpp:1235
Event: 1.926 Thread 0x00007f2288009800 Threw 0x00000000ec34a208 at /build/buildd/openjdk-7-7u25-2.3.10/build/openjdk/hotspot/src/share/vm/prims/jvm.cpp:1235
Event: 1.931 Thread 0x00007f2288009800 Threw 0x00000000ec369830 at /build/buildd/openjdk-7-7u25-2.3.10/build/openjdk/hotspot/src/share/vm/prims/jvm.cpp:1235
Event: 1.932 Thread 0x00007f2288009800 Threw 0x00000000ec37c310 at /build/buildd/openjdk-7-7u25-2.3.10/build/openjdk/hotspot/src/share/vm/prims/jvm.cpp:1235
Event: 1.933 Thread 0x00007f2288009800 Threw 0x00000000ec381638 at /build/buildd/openjdk-7-7u25-2.3.10/build/openjdk/hotspot/src/share/vm/prims/jvm.cpp:1235

Events (10 events):
Event: 1.924 loading class 0x00007f2288152580
Event: 1.924 loading class 0x00007f2288152580 done
Event: 1.926 loading class 0x00007f228814f7f0
Event: 1.926 loading class 0x00007f228814f7f0 done
Event: 1.931 loading class 0x00007f22888867a0
Event: 1.931 loading class 0x00007f22888867a0 done
Event: 1.932 loading class 0x00007f2288886920
Event: 1.932 loading class 0x00007f2288886920 done
Event: 1.933 loading class 0x00007f2288886990
Event: 1.933 loading class 0x00007f2288886990 done


Dynamic libraries:
00400000-00401000 r-xp 00000000 07:00 326910                             /usr/lib/jvm/java-7-openjdk-amd64/jre/bin/java
00600000-00601000 r--p 00000000 07:00 326910                             /usr/lib/jvm/java-7-openjdk-amd64/jre/bin/java
00601000-00602000 rw-p 00001000 07:00 326910                             /usr/lib/jvm/java-7-openjdk-amd64/jre/bin/java
00b0c000-00b2d000 rw-p 00000000 00:00 0                                  [heap]
b9200000-ba6c0000 rw-p 00000000 00:00 0 
ba6c0000-c3800000 rw-p 00000000 00:00 0 
c3800000-c6050000 rw-p 00000000 00:00 0 
c6050000-ebd60000 rw-p 00000000 00:00 0 
ebd60000-ed180000 rw-p 00000000 00:00 0 
ed180000-100000000 rw-p 00000000 00:00 0 
7f2234000000-7f2234021000 rw-p 00000000 00:00 0 
7f2234021000-7f2238000000 ---p 00000000 00:00 0 
7f2238fda000-7f2239ffc000 rw-p 00000000 00:00 0 
7f2239ffc000-7f223a02d000 r-xp 00000000 07:00 113644                     /usr/lib/x86_64-linux-gnu/libtxc_dxtn_s2tc.so.0.0.0
7f223a02d000-7f223a22c000 ---p 00031000 07:00 113644                     /usr/lib/x86_64-linux-gnu/libtxc_dxtn_s2tc.so.0.0.0
7f223a22c000-7f223a22d000 r--p 00030000 07:00 113644                     /usr/lib/x86_64-linux-gnu/libtxc_dxtn_s2tc.so.0.0.0
7f223a22d000-7f223a22e000 rw-p 00031000 07:00 113644                     /usr/lib/x86_64-linux-gnu/libtxc_dxtn_s2tc.so.0.0.0
7f223a22e000-7f223a236000 r-xp 00000000 07:00 93331                      /usr/lib/x86_64-linux-gnu/libpciaccess.so.0.11.0
7f223a236000-7f223a435000 ---p 00008000 07:00 93331                      /usr/lib/x86_64-linux-gnu/libpciaccess.so.0.11.0
7f223a435000-7f223a436000 r--p 00007000 07:00 93331                      /usr/lib/x86_64-linux-gnu/libpciaccess.so.0.11.0
7f223a436000-7f223a437000 rw-p 00008000 07:00 93331                      /usr/lib/x86_64-linux-gnu/libpciaccess.so.0.11.0
7f223a437000-7f223a457000 r-xp 00000000 07:00 2456654                    /usr/lib/x86_64-linux-gnu/libdrm_intel.so.1.0.0
7f223a457000-7f223a656000 ---p 00020000 07:00 2456654                    /usr/lib/x86_64-linux-gnu/libdrm_intel.so.1.0.0
7f223a656000-7f223a657000 r--p 0001f000 07:00 2456654                    /usr/lib/x86_64-linux-gnu/libdrm_intel.so.1.0.0
7f223a657000-7f223a658000 rw-p 00020000 07:00 2456654                    /usr/lib/x86_64-linux-gnu/libdrm_intel.so.1.0.0
7f223a658000-7f223a9ed000 r-xp 00000000 07:00 2456728                    /usr/lib/x86_64-linux-gnu/libdricore9.1.7.so.1.0.0
7f223a9ed000-7f223abec000 ---p 00395000 07:00 2456728                    /usr/lib/x86_64-linux-gnu/libdricore9.1.7.so.1.0.0
7f223abec000-7f223abfd000 r--p 00394000 07:00 2456728                    /usr/lib/x86_64-linux-gnu/libdricore9.1.7.so.1.0.0
7f223abfd000-7f223ac05000 rw-p 003a5000 07:00 2456728                    /usr/lib/x86_64-linux-gnu/libdricore9.1.7.so.1.0.0
7f223ac05000-7f223ac1b000 rw-p 00000000 00:00 0 
7f223ac1b000-7f223acda000 r-xp 00000000 07:00 1038344                    /usr/lib/x86_64-linux-gnu/dri/i965_dri.so
7f223acda000-7f223aeda000 ---p 000bf000 07:00 1038344                    /usr/lib/x86_64-linux-gnu/dri/i965_dri.so
7f223aeda000-7f223aedd000 r--p 000bf000 07:00 1038344                    /usr/lib/x86_64-linux-gnu/dri/i965_dri.so
7f223aedd000-7f223aedf000 rw-p 000c2000 07:00 1038344                    /usr/lib/x86_64-linux-gnu/dri/i965_dri.so
7f223aedf000-7f223aee0000 rw-p 00000000 00:00 0 
7f223aee0000-7f223aeea000 r-xp 00000000 07:00 2456650                    /usr/lib/x86_64-linux-gnu/libdrm.so.2.4.0
7f223aeea000-7f223b0e9000 ---p 0000a000 07:00 2456650                    /usr/lib/x86_64-linux-gnu/libdrm.so.2.4.0
7f223b0e9000-7f223b0ea000 r--p 00009000 07:00 2456650                    /usr/lib/x86_64-linux-gnu/libdrm.so.2.4.0
7f223b0ea000-7f223b0eb000 rw-p 0000a000 07:00 2456650                    /usr/lib/x86_64-linux-gnu/libdrm.so.2.4.0
7f223b0eb000-7f223b0ee000 r-xp 00000000 07:00 113483                     /usr/lib/x86_64-linux-gnu/libxcb-dri2.so.0.0.0
7f223b0ee000-7f223b2ee000 ---p 00003000 07:00 113483                     /usr/lib/x86_64-linux-gnu/libxcb-dri2.so.0.0.0
7f223b2ee000-7f223b2ef000 r--p 00003000 07:00 113483                     /usr/lib/x86_64-linux-gnu/libxcb-dri2.so.0.0.0
7f223b2ef000-7f223b2f0000 rw-p 00004000 07:00 113483                     /usr/lib/x86_64-linux-gnu/libxcb-dri2.so.0.0.0
7f223b2f0000-7f223b305000 r-xp 00000000 07:00 93489                      /usr/lib/x86_64-linux-gnu/libxcb-glx.so.0.0.0
7f223b305000-7f223b504000 ---p 00015000 07:00 93489                      /usr/lib/x86_64-linux-gnu/libxcb-glx.so.0.0.0
7f223b504000-7f223b506000 r--p 00014000 07:00 93489                      /usr/lib/x86_64-linux-gnu/libxcb-glx.so.0.0.0
7f223b506000-7f223b507000 rw-p 00016000 07:00 93489                      /usr/lib/x86_64-linux-gnu/libxcb-glx.so.0.0.0
7f223b507000-7f223b508000 r-xp 00000000 07:00 2456726                    /usr/lib/x86_64-linux-gnu/libX11-xcb.so.1.0.0
7f223b508000-7f223b707000 ---p 00001000 07:00 2456726                    /usr/lib/x86_64-linux-gnu/libX11-xcb.so.1.0.0
7f223b707000-7f223b708000 r--p 00000000 07:00 2456726                    /usr/lib/x86_64-linux-gnu/libX11-xcb.so.1.0.0
7f223b708000-7f223b709000 rw-p 00001000 07:00 2456726                    /usr/lib/x86_64-linux-gnu/libX11-xcb.so.1.0.0
7f223b709000-7f223b72a000 r-xp 00000000 07:00 2456733                    /usr/lib/x86_64-linux-gnu/libglapi.so.0.0.0
7f223b72a000-7f223b929000 ---p 00021000 07:00 2456733                    /usr/lib/x86_64-linux-gnu/libglapi.so.0.0.0
7f223b929000-7f223b92c000 r--p 00020000 07:00 2456733                    /usr/lib/x86_64-linux-gnu/libglapi.so.0.0.0
7f223b92c000-7f223b92d000 rw-p 00023000 07:00 2456733                    /usr/lib/x86_64-linux-gnu/libglapi.so.0.0.0
7f223b92d000-7f223b92e000 rw-p 00000000 00:00 0 
7f223b92e000-7f223b98a000 r-xp 00000000 07:00 1050626                    /usr/lib/x86_64-linux-gnu/mesa/libGL.so.1.2.0
7f223b98a000-7f223bb8a000 ---p 0005c000 07:00 1050626                    /usr/lib/x86_64-linux-gnu/mesa/libGL.so.1.2.0
7f223bb8a000-7f223bb8c000 r--p 0005c000 07:00 1050626                    /usr/lib/x86_64-linux-gnu/mesa/libGL.so.1.2.0
7f223bb8c000-7f223bb8d000 rw-p 0005e000 07:00 1050626                    /usr/lib/x86_64-linux-gnu/mesa/libGL.so.1.2.0
7f223bb8d000-7f223bb8e000 rw-p 00000000 00:00 0 
7f223bb8e000-7f223bb92000 r-xp 00000000 07:00 113442                     /usr/lib/x86_64-linux-gnu/libXxf86vm.so.1.0.0
7f223bb92000-7f223bd91000 ---p 00004000 07:00 113442                     /usr/lib/x86_64-linux-gnu/libXxf86vm.so.1.0.0
7f223bd91000-7f223bd92000 r--p 00003000 07:00 113442                     /usr/lib/x86_64-linux-gnu/libXxf86vm.so.1.0.0
7f223bd92000-7f223bd93000 rw-p 00004000 07:00 113442                     /usr/lib/x86_64-linux-gnu/libXxf86vm.so.1.0.0
7f223bd93000-7f223bdfd000 r-xp 00000000 07:00 879650                     /home/andrei/workspace/maslab2014/resources/lwjgl-2.9.0/native/linux/liblwjgl64.so
7f223bdfd000-7f223bffd000 ---p 0006a000 07:00 879650                     /home/andrei/workspace/maslab2014/resources/lwjgl-2.9.0/native/linux/liblwjgl64.so
7f223bffd000-7f223bfff000 r--p 0006a000 07:00 879650                     /home/andrei/workspace/maslab2014/resources/lwjgl-2.9.0/native/linux/liblwjgl64.so
7f223bfff000-7f223c000000 rw-p 0006c000 07:00 879650                     /home/andrei/workspace/maslab2014/resources/lwjgl-2.9.0/native/linux/liblwjgl64.so
7f223c000000-7f223c021000 rw-p 00000000 00:00 0 
7f223c021000-7f2240000000 ---p 00000000 00:00 0 
7f2240000000-7f2240021000 rw-p 00000000 00:00 0 
7f2240021000-7f2244000000 ---p 00000000 00:00 0 
7f2244000000-7f2244021000 rw-p 00000000 00:00 0 
7f2244021000-7f2248000000 ---p 00000000 00:00 0 
7f2248000000-7f2248021000 rw-p 00000000 00:00 0 
7f2248021000-7f224c000000 ---p 00000000 00:00 0 
7f224c000000-7f224c0c3000 rw-p 00000000 00:00 0 
7f224c0c3000-7f2250000000 ---p 00000000 00:00 0 
7f2250000000-7f225011c000 rw-p 00000000 00:00 0 
7f225011c000-7f2254000000 ---p 00000000 00:00 0 
7f2254000000-7f2254021000 rw-p 00000000 00:00 0 
7f2254021000-7f2258000000 ---p 00000000 00:00 0 
7f2258000000-7f2258021000 rw-p 00000000 00:00 0 
7f2258021000-7f225c000000 ---p 00000000 00:00 0 
7f225c000000-7f225c021000 rw-p 00000000 00:00 0 
7f225c021000-7f2260000000 ---p 00000000 00:00 0 
7f2260000000-7f2260021000 rw-p 00000000 00:00 0 
7f2260021000-7f2264000000 ---p 00000000 00:00 0 
7f2264000000-7f2264021000 rw-p 00000000 00:00 0 
7f2264021000-7f2268000000 ---p 00000000 00:00 0 
7f22680d7000-7f22680d8000 r-xp 00000000 07:00 331790                     /usr/lib/jvm/java-7-openjdk-amd64/jre/lib/amd64/libjawt.so
7f22680d8000-7f22682d7000 ---p 00001000 07:00 331790                     /usr/lib/jvm/java-7-openjdk-amd64/jre/lib/amd64/libjawt.so
7f22682d7000-7f22682d8000 r--p 00000000 07:00 331790                     /usr/lib/jvm/java-7-openjdk-amd64/jre/lib/amd64/libjawt.so
7f22682d8000-7f22682d9000 rw-p 00001000 07:00 331790                     /usr/lib/jvm/java-7-openjdk-amd64/jre/lib/amd64/libjawt.so
7f22682d9000-7f22682dc000 ---p 00000000 00:00 0 
7f22682dc000-7f22683da000 rw-p 00000000 00:00 0                          [stack:17752]
7f22683da000-7f22683dd000 ---p 00000000 00:00 0 
7f22683dd000-7f22684db000 rw-p 00000000 00:00 0                          [stack:17751]
7f22684db000-7f22684de000 r-xp 00000000 07:00 234535                     /lib/x86_64-linux-gnu/libgpg-error.so.0.8.0
7f22684de000-7f22686dd000 ---p 00003000 07:00 234535                     /lib/x86_64-linux-gnu/libgpg-error.so.0.8.0
7f22686dd000-7f22686de000 r--p 00002000 07:00 234535                     /lib/x86_64-linux-gnu/libgpg-error.so.0.8.0
7f22686de000-7f22686df000 rw-p 00003000 07:00 234535                     /lib/x86_64-linux-gnu/libgpg-error.so.0.8.0
7f22686df000-7f22686e2000 r-xp 00000000 07:00 234587                     /lib/x86_64-linux-gnu/libkeyutils.so.1.4
7f22686e2000-7f22688e1000 ---p 00003000 07:00 234587                     /lib/x86_64-linux-gnu/libkeyutils.so.1.4
7f22688e1000-7f22688e2000 r--p 00002000 07:00 234587                     /lib/x86_64-linux-gnu/libkeyutils.so.1.4
7f22688e2000-7f22688e3000 rw-p 00003000 07:00 234587                     /lib/x86_64-linux-gnu/libkeyutils.so.1.4
7f22688e3000-7f2268925000 r-xp 00000000 07:00 234531                     /lib/x86_64-linux-gnu/libdbus-1.so.3.5.8
7f2268925000-7f2268b25000 ---p 00042000 07:00 234531                     /lib/x86_64-linux-gnu/libdbus-1.so.3.5.8
7f2268b25000-7f2268b26000 r--p 00042000 07:00 234531                     /lib/x86_64-linux-gnu/libdbus-1.so.3.5.8
7f2268b26000-7f2268b27000 rw-p 00043000 07:00 234531                     /lib/x86_64-linux-gnu/libdbus-1.so.3.5.8
7f2268b27000-7f2268b38000 r-xp 00000000 07:00 93612                      /usr/lib/x86_64-linux-gnu/libp11-kit.so.0.0.0
7f2268b38000-7f2268d37000 ---p 00011000 07:00 93612                      /usr/lib/x86_64-linux-gnu/libp11-kit.so.0.0.0
7f2268d37000-7f2268d38000 r--p 00010000 07:00 93612                      /usr/lib/x86_64-linux-gnu/libp11-kit.so.0.0.0
7f2268d38000-7f2268d39000 rw-p 00011000 07:00 93612                      /usr/lib/x86_64-linux-gnu/libp11-kit.so.0.0.0
7f2268d39000-7f2268db3000 r-xp 00000000 07:00 234507                     /lib/x86_64-linux-gnu/libgcrypt.so.11.7.0
7f2268db3000-7f2268fb3000 ---p 0007a000 07:00 234507                     /lib/x86_64-linux-gnu/libgcrypt.so.11.7.0
7f2268fb3000-7f2268fb4000 r--p 0007a000 07:00 234507                     /lib/x86_64-linux-gnu/libgcrypt.so.11.7.0
7f2268fb4000-7f2268fb7000 rw-p 0007b000 07:00 234507                     /lib/x86_64-linux-gnu/libgcrypt.so.11.7.0
7f2268fb7000-7f2268fc7000 r-xp 00000000 07:00 113457                     /usr/lib/x86_64-linux-gnu/libtasn1.so.3.1.12
7f2268fc7000-7f22691c6000 ---p 00010000 07:00 113457                     /usr/lib/x86_64-linux-gnu/libtasn1.so.3.1.12
7f22691c6000-7f22691c7000 r--p 0000f000 07:00 113457                     /usr/lib/x86_64-linux-gnu/libtasn1.so.3.1.12
7f22691c7000-7f22691c8000 rw-p 00010000 07:00 113457                     /usr/lib/x86_64-linux-gnu/libtasn1.so.3.1.12
7f22691c8000-7f22691cf000 r-xp 00000000 07:00 113515                     /usr/lib/x86_64-linux-gnu/libkrb5support.so.0.1
7f22691cf000-7f22693ce000 ---p 00007000 07:00 113515                     /usr/lib/x86_64-linux-gnu/libkrb5support.so.0.1
7f22693ce000-7f22693cf000 r--p 00006000 07:00 113515                     /usr/lib/x86_64-linux-gnu/libkrb5support.so.0.1
7f22693cf000-7f22693d0000 rw-p 00007000 07:00 113515                     /usr/lib/x86_64-linux-gnu/libkrb5support.so.0.1
7f22693d0000-7f22693d3000 r-xp 00000000 07:00 234510                     /lib/x86_64-linux-gnu/libcom_err.so.2.1
7f22693d3000-7f22695d2000 ---p 00003000 07:00 234510                     /lib/x86_64-linux-gnu/libcom_err.so.2.1
7f22695d2000-7f22695d3000 r--p 00002000 07:00 234510                     /lib/x86_64-linux-gnu/libcom_err.so.2.1
7f22695d3000-7f22695d4000 rw-p 00003000 07:00 234510                     /lib/x86_64-linux-gnu/libcom_err.so.2.1
7f22695d4000-7f22695f9000 r-xp 00000000 07:00 93453                      /usr/lib/x86_64-linux-gnu/libk5crypto.so.3.1
7f22695f9000-7f22697f9000 ---p 00025000 07:00 93453                      /usr/lib/x86_64-linux-gnu/libk5crypto.so.3.1
7f22697f9000-7f22697fa000 r--p 00025000 07:00 93453                      /usr/lib/x86_64-linux-gnu/libk5crypto.so.3.1
7f22697fa000-7f22697fb000 rw-p 00026000 07:00 93453                      /usr/lib/x86_64-linux-gnu/libk5crypto.so.3.1
7f22697fb000-7f22697fc000 rw-p 00000000 00:00 0 
7f22697fc000-7f22698c0000 r-xp 00000000 07:00 93534                      /usr/lib/x86_64-linux-gnu/libkrb5.so.3.3
7f22698c0000-7f2269abf000 ---p 000c4000 07:00 93534                      /usr/lib/x86_64-linux-gnu/libkrb5.so.3.3
7f2269abf000-7f2269ac9000 r--p 000c3000 07:00 93534                      /usr/lib/x86_64-linux-gnu/libkrb5.so.3.3
7f2269ac9000-7f2269aca000 rw-p 000cd000 07:00 93534                      /usr/lib/x86_64-linux-gnu/libkrb5.so.3.3
7f2269aca000-7f2269ad2000 r-xp 00000000 07:00 113561                     /usr/lib/x86_64-linux-gnu/libxcb-render.so.0.0.0
7f2269ad2000-7f2269cd2000 ---p 00008000 07:00 113561                     /usr/lib/x86_64-linux-gnu/libxcb-render.so.0.0.0
7f2269cd2000-7f2269cd3000 r--p 00008000 07:00 113561                     /usr/lib/x86_64-linux-gnu/libxcb-render.so.0.0.0
7f2269cd3000-7f2269cd4000 rw-p 00009000 07:00 113561                     /usr/lib/x86_64-linux-gnu/libxcb-render.so.0.0.0
7f2269cd4000-7f2269cd6000 r-xp 00000000 07:00 93429                      /usr/lib/x86_64-linux-gnu/libxcb-shm.so.0.0.0
7f2269cd6000-7f2269ed5000 ---p 00002000 07:00 93429                      /usr/lib/x86_64-linux-gnu/libxcb-shm.so.0.0.0
7f2269ed5000-7f2269ed6000 r--p 00001000 07:00 93429                      /usr/lib/x86_64-linux-gnu/libxcb-shm.so.0.0.0
7f2269ed6000-7f2269ed7000 rw-p 00002000 07:00 93429                      /usr/lib/x86_64-linux-gnu/libxcb-shm.so.0.0.0
7f2269ed7000-7f2269efd000 r-xp 00000000 07:00 234543                     /lib/x86_64-linux-gnu/libpng12.so.0.46.0
7f2269efd000-7f226a0fd000 ---p 00026000 07:00 234543                     /lib/x86_64-linux-gnu/libpng12.so.0.46.0
7f226a0fd000-7f226a0fe000 r--p 00026000 07:00 234543                     /lib/x86_64-linux-gnu/libpng12.so.0.46.0
7f226a0fe000-7f226a0ff000 rw-p 00027000 07:00 234543                     /lib/x86_64-linux-gnu/libpng12.so.0.46.0
7f226a0ff000-7f226a18f000 r-xp 00000000 07:00 2456705                    /usr/lib/x86_64-linux-gnu/libpixman-1.so.0.30.2
7f226a18f000-7f226a38e000 ---p 00090000 07:00 2456705                    /usr/lib/x86_64-linux-gnu/libpixman-1.so.0.30.2
7f226a38e000-7f226a395000 r--p 0008f000 07:00 2456705                    /usr/lib/x86_64-linux-gnu/libpixman-1.so.0.30.2
7f226a395000-7f226a396000 rw-p 00096000 07:00 2456705                    /usr/lib/x86_64-linux-gnu/libpixman-1.so.0.30.2
7f226a396000-7f226a39b000 r-xp 00000000 07:00 113447                     /usr/lib/x86_64-linux-gnu/libXdmcp.so.6.0.0
7f226a39b000-7f226a59a000 ---p 00005000 07:00 113447                     /usr/lib/x86_64-linux-gnu/libXdmcp.so.6.0.0
7f226a59a000-7f226a59b000 r--p 00004000 07:00 113447                     /usr/lib/x86_64-linux-gnu/libXdmcp.so.6.0.0
7f226a59b000-7f226a59c000 rw-p 00005000 07:00 113447                     /usr/lib/x86_64-linux-gnu/libXdmcp.so.6.0.0
7f226a59c000-7f226a59e000 r-xp 00000000 07:00 113586                     /usr/lib/x86_64-linux-gnu/libXau.so.6.0.0
7f226a59e000-7f226a79d000 ---p 00002000 07:00 113586                     /usr/lib/x86_64-linux-gnu/libXau.so.6.0.0
7f226a79d000-7f226a79e000 r--p 00001000 07:00 113586                     /usr/lib/x86_64-linux-gnu/libXau.so.6.0.0
7f226a79e000-7f226a79f000 rw-p 00002000 07:00 113586                     /usr/lib/x86_64-linux-gnu/libXau.so.6.0.0
7f226a79f000-7f226a7af000 r-xp 00000000 07:00 2456717                    /usr/lib/x86_64-linux-gnu/libavahi-client.so.3.2.9
7f226a7af000-7f226a9ae000 ---p 00010000 07:00 2456717                    /usr/lib/x86_64-linux-gnu/libavahi-client.so.3.2.9
7f226a9ae000-7f226a9af000 r--p 0000f000 07:00 2456717                    /usr/lib/x86_64-linux-gnu/libavahi-client.so.3.2.9
7f226a9af000-7f226a9b0000 rw-p 00010000 07:00 2456717                    /usr/lib/x86_64-linux-gnu/libavahi-client.so.3.2.9
7f226a9b0000-7f226a9bb000 r-xp 00000000 07:00 2456715                    /usr/lib/x86_64-linux-gnu/libavahi-common.so.3.5.3
7f226a9bb000-7f226abba000 ---p 0000b000 07:00 2456715                    /usr/lib/x86_64-linux-gnu/libavahi-common.so.3.5.3
7f226abba000-7f226abbb000 r--p 0000a000 07:00 2456715                    /usr/lib/x86_64-linux-gnu/libavahi-common.so.3.5.3
7f226abbb000-7f226abbc000 rw-p 0000b000 07:00 2456715                    /usr/lib/x86_64-linux-gnu/libavahi-common.so.3.5.3
7f226abbc000-7f226ac70000 r-xp 00000000 07:00 2456685                    /usr/lib/x86_64-linux-gnu/libgnutls.so.26.21.8
7f226ac70000-7f226ae70000 ---p 000b4000 07:00 2456685                    /usr/lib/x86_64-linux-gnu/libgnutls.so.26.21.8
7f226ae70000-7f226ae76000 r--p 000b4000 07:00 2456685                    /usr/lib/x86_64-linux-gnu/libgnutls.so.26.21.8
7f226ae76000-7f226ae77000 rw-p 000ba000 07:00 2456685                    /usr/lib/x86_64-linux-gnu/libgnutls.so.26.21.8
7f226ae77000-7f226ae78000 rw-p 00000000 00:00 0 
7f226ae78000-7f226aeb3000 r-xp 00000000 07:00 113467                     /usr/lib/x86_64-linux-gnu/libgssapi_krb5.so.2.2
7f226aeb3000-7f226b0b3000 ---p 0003b000 07:00 113467                     /usr/lib/x86_64-linux-gnu/libgssapi_krb5.so.2.2
7f226b0b3000-7f226b0b4000 r--p 0003b000 07:00 113467                     /usr/lib/x86_64-linux-gnu/libgssapi_krb5.so.2.2
7f226b0b4000-7f226b0b6000 rw-p 0003c000 07:00 113467                     /usr/lib/x86_64-linux-gnu/libgssapi_krb5.so.2.2
7f226b0b6000-7f226b0f2000 r-xp 00000000 07:00 234583                     /lib/x86_64-linux-gnu/libpcre.so.3.12.1
7f226b0f2000-7f226b2f1000 ---p 0003c000 07:00 234583                     /lib/x86_64-linux-gnu/libpcre.so.3.12.1
7f226b2f1000-7f226b2f2000 r--p 0003b000 07:00 234583                     /lib/x86_64-linux-gnu/libpcre.so.3.12.1
7f226b2f2000-7f226b2f3000 rw-p 0003c000 07:00 234583                     /lib/x86_64-linux-gnu/libpcre.so.3.12.1
7f226b2f3000-7f226b2fa000 r-xp 00000000 07:00 93515                      /usr/lib/x86_64-linux-gnu/libffi.so.6.0.0
7f226b2fa000-7f226b4f9000 ---p 00007000 07:00 93515                      /usr/lib/x86_64-linux-gnu/libffi.so.6.0.0
7f226b4f9000-7f226b4fa000 r--p 00006000 07:00 93515                      /usr/lib/x86_64-linux-gnu/libffi.so.6.0.0
7f226b4fa000-7f226b4fb000 rw-p 00007000 07:00 93515                      /usr/lib/x86_64-linux-gnu/libffi.so.6.0.0
7f226b4fb000-7f226b522000 r-xp 00000000 07:00 234562                     /lib/x86_64-linux-gnu/libexpat.so.1.5.2
7f226b522000-7f226b722000 ---p 00027000 07:00 234562                     /lib/x86_64-linux-gnu/libexpat.so.1.5.2
7f226b722000-7f226b724000 r--p 00027000 07:00 234562                     /lib/x86_64-linux-gnu/libexpat.so.1.5.2
7f226b724000-7f226b725000 rw-p 00029000 07:00 234562                     /lib/x86_64-linux-gnu/libexpat.so.1.5.2
7f226b725000-7f226b7bb000 r-xp 00000000 07:00 113532                     /usr/lib/x86_64-linux-gnu/libfreetype.so.6.8.0
7f226b7bb000-7f226b9ba000 ---p 00096000 07:00 113532                     /usr/lib/x86_64-linux-gnu/libfreetype.so.6.8.0
7f226b9ba000-7f226b9c0000 r--p 00095000 07:00 113532                     /usr/lib/x86_64-linux-gnu/libfreetype.so.6.8.0
7f226b9c0000-7f226b9c1000 rw-p 0009b000 07:00 113532                     /usr/lib/x86_64-linux-gnu/libfreetype.so.6.8.0
7f226b9c1000-7f226b9d9000 r-xp 00000000 07:00 288829                     /lib/x86_64-linux-gnu/libresolv-2.15.so
7f226b9d9000-7f226bbd9000 ---p 00018000 07:00 288829                     /lib/x86_64-linux-gnu/libresolv-2.15.so
7f226bbd9000-7f226bbda000 r--p 00018000 07:00 288829                     /lib/x86_64-linux-gnu/libresolv-2.15.so
7f226bbda000-7f226bbdb000 rw-p 00019000 07:00 288829                     /lib/x86_64-linux-gnu/libresolv-2.15.so
7f226bbdb000-7f226bbdd000 rw-p 00000000 00:00 0 
7f226bbdd000-7f226bbfa000 r-xp 00000000 07:00 234525                     /lib/x86_64-linux-gnu/libselinux.so.1
7f226bbfa000-7f226bdf9000 ---p 0001d000 07:00 234525                     /lib/x86_64-linux-gnu/libselinux.so.1
7f226bdf9000-7f226bdfa000 r--p 0001c000 07:00 234525                     /lib/x86_64-linux-gnu/libselinux.so.1
7f226bdfa000-7f226bdfb000 rw-p 0001d000 07:00 234525                     /lib/x86_64-linux-gnu/libselinux.so.1
7f226bdfb000-7f226bdfc000 rw-p 00000000 00:00 0 
7f226bdfc000-7f226bdff000 r-xp 00000000 07:00 2456662                    /usr/lib/x86_64-linux-gnu/libgmodule-2.0.so.0.3200.4
7f226bdff000-7f226bffe000 ---p 00003000 07:00 2456662                    /usr/lib/x86_64-linux-gnu/libgmodule-2.0.so.0.3200.4
7f226bffe000-7f226bfff000 r--p 00002000 07:00 2456662                    /usr/lib/x86_64-linux-gnu/libgmodule-2.0.so.0.3200.4
7f226bfff000-7f226c000000 rw-p 00003000 07:00 2456662                    /usr/lib/x86_64-linux-gnu/libgmodule-2.0.so.0.3200.4
7f226c000000-7f226c021000 rw-p 00000000 00:00 0 
7f226c021000-7f2270000000 ---p 00000000 00:00 0 
7f227007a000-7f22700c7000 rw-p 00000000 00:00 0 
7f22700d1000-7f22700d3000 r-xp 00000000 07:00 113493                     /usr/lib/x86_64-linux-gnu/libXdamage.so.1.1.0
7f22700d3000-7f22702d2000 ---p 00002000 07:00 113493                     /usr/lib/x86_64-linux-gnu/libXdamage.so.1.1.0
7f22702d2000-7f22702d3000 r--p 00001000 07:00 113493                     /usr/lib/x86_64-linux-gnu/libXdamage.so.1.1.0
7f22702d3000-7f22702d4000 rw-p 00002000 07:00 113493                     /usr/lib/x86_64-linux-gnu/libXdamage.so.1.1.0
7f22702d4000-7f22702d6000 r-xp 00000000 07:00 93510                      /usr/lib/x86_64-linux-gnu/libXcomposite.so.1.0.0
7f22702d6000-7f22704d5000 ---p 00002000 07:00 93510                      /usr/lib/x86_64-linux-gnu/libXcomposite.so.1.0.0
7f22704d5000-7f22704d6000 r--p 00001000 07:00 93510                      /usr/lib/x86_64-linux-gnu/libXcomposite.so.1.0.0
7f22704d6000-7f22704d7000 rw-p 00002000 07:00 93510                      /usr/lib/x86_64-linux-gnu/libXcomposite.so.1.0.0
7f22704d7000-7f22704e0000 r-xp 00000000 07:00 93479                      /usr/lib/x86_64-linux-gnu/libXcursor.so.1.0.2
7f22704e0000-7f22706df000 ---p 00009000 07:00 93479                      /usr/lib/x86_64-linux-gnu/libXcursor.so.1.0.2
7f22706df000-7f22706e0000 r--p 00008000 07:00 93479                      /usr/lib/x86_64-linux-gnu/libXcursor.so.1.0.2
7f22706e0000-7f22706e1000 rw-p 00009000 07:00 93479                      /usr/lib/x86_64-linux-gnu/libXcursor.so.1.0.2
7f22706e1000-7f22706e8000 r-xp 00000000 07:00 93528                      /usr/lib/x86_64-linux-gnu/libXrandr.so.2.2.0
7f22706e8000-7f22708e7000 ---p 00007000 07:00 93528                      /usr/lib/x86_64-linux-gnu/libXrandr.so.2.2.0
7f22708e7000-7f22708e8000 r--p 00006000 07:00 93528                      /usr/lib/x86_64-linux-gnu/libXrandr.so.2.2.0
7f22708e8000-7f22708e9000 rw-p 00007000 07:00 93528                      /usr/lib/x86_64-linux-gnu/libXrandr.so.2.2.0
7f22708e9000-7f22708eb000 r-xp 00000000 07:00 113624                     /usr/lib/x86_64-linux-gnu/libXinerama.so.1.0.0
7f22708eb000-7f2270aea000 ---p 00002000 07:00 113624                     /usr/lib/x86_64-linux-gnu/libXinerama.so.1.0.0
7f2270aea000-7f2270aeb000 r--p 00001000 07:00 113624                     /usr/lib/x86_64-linux-gnu/libXinerama.so.1.0.0
7f2270aeb000-7f2270aec000 rw-p 00002000 07:00 113624                     /usr/lib/x86_64-linux-gnu/libXinerama.so.1.0.0
7f2270aec000-7f2270b15000 r-xp 00000000 07:00 93391                      /usr/lib/x86_64-linux-gnu/libpangoft2-1.0.so.0.3000.0
7f2270b15000-7f2270d14000 ---p 00029000 07:00 93391                      /usr/lib/x86_64-linux-gnu/libpangoft2-1.0.so.0.3000.0
7f2270d14000-7f2270d15000 r--p 00028000 07:00 93391                      /usr/lib/x86_64-linux-gnu/libpangoft2-1.0.so.0.3000.0
7f2270d15000-7f2270d16000 rw-p 00029000 07:00 93391                      /usr/lib/x86_64-linux-gnu/libpangoft2-1.0.so.0.3000.0
7f2270d16000-7f2270dcf000 r-xp 00000000 07:00 93452                      /usr/lib/x86_64-linux-gnu/libcairo.so.2.11000.2
7f2270dcf000-7f2270fce000 ---p 000b9000 07:00 93452                      /usr/lib/x86_64-linux-gnu/libcairo.so.2.11000.2
7f2270fce000-7f2270fd0000 r--p 000b8000 07:00 93452                      /usr/lib/x86_64-linux-gnu/libcairo.so.2.11000.2
7f2270fd0000-7f2270fd1000 rw-p 000ba000 07:00 93452                      /usr/lib/x86_64-linux-gnu/libcairo.so.2.11000.2
7f2270fd1000-7f2270fd4000 rw-p 00000000 00:00 0 
7f2270fd4000-7f2270ff3000 r-xp 00000000 07:00 113625                     /usr/lib/x86_64-linux-gnu/libatk-1.0.so.0.20409.1
7f2270ff3000-7f22711f3000 ---p 0001f000 07:00 113625                     /usr/lib/x86_64-linux-gnu/libatk-1.0.so.0.20409.1
7f22711f3000-7f22711f5000 r--p 0001f000 07:00 113625                     /usr/lib/x86_64-linux-gnu/libatk-1.0.so.0.20409.1
7f22711f5000-7f22711f6000 rw-p 00021000 07:00 113625                     /usr/lib/x86_64-linux-gnu/libatk-1.0.so.0.20409.1
7f22711f6000-7f22711fb000 r-xp 00000000 07:00 2456711                    /usr/lib/x86_64-linux-gnu/libXfixes.so.3.1.0
7f22711fb000-7f22713fa000 ---p 00005000 07:00 2456711                    /usr/lib/x86_64-linux-gnu/libXfixes.so.3.1.0
7f22713fa000-7f22713fb000 r--p 00004000 07:00 2456711                    /usr/lib/x86_64-linux-gnu/libXfixes.so.3.1.0
7f22713fb000-7f22713fc000 rw-p 00005000 07:00 2456711                    /usr/lib/x86_64-linux-gnu/libXfixes.so.3.1.0
7f22713fc000-7f2271407000 r-xp 00000000 07:00 113531                     /usr/lib/x86_64-linux-gnu/libpangocairo-1.0.so.0.3000.0
7f2271407000-7f2271606000 ---p 0000b000 07:00 113531                     /usr/lib/x86_64-linux-gnu/libpangocairo-1.0.so.0.3000.0
7f2271606000-7f2271607000 r--p 0000a000 07:00 113531                     /usr/lib/x86_64-linux-gnu/libpangocairo-1.0.so.0.3000.0
7f2271607000-7f2271608000 rw-p 0000b000 07:00 113531                     /usr/lib/x86_64-linux-gnu/libpangocairo-1.0.so.0.3000.0
7f2271608000-7f2271625000 r-xp 00000000 07:00 93302                      /usr/lib/x86_64-linux-gnu/libxcb.so.1.1.0
7f2271625000-7f2271824000 ---p 0001d000 07:00 93302                      /usr/lib/x86_64-linux-gnu/libxcb.so.1.1.0
7f2271824000-7f2271825000 r--p 0001c000 07:00 93302                      /usr/lib/x86_64-linux-gnu/libxcb.so.1.1.0
7f2271825000-7f2271826000 rw-p 0001d000 07:00 93302                      /usr/lib/x86_64-linux-gnu/libxcb.so.1.1.0
7f2271826000-7f2271876000 r-xp 00000000 07:00 93603                      /usr/lib/x86_64-linux-gnu/libcups.so.2
7f2271876000-7f2271a75000 ---p 00050000 07:00 93603                      /usr/lib/x86_64-linux-gnu/libcups.so.2
7f2271a75000-7f2271a79000 r--p 0004f000 07:00 93603                      /usr/lib/x86_64-linux-gnu/libcups.so.2
7f2271a79000-7f2271a7a000 rw-p 00053000 07:00 93603                      /usr/lib/x86_64-linux-gnu/libcups.so.2
7f2271a7a000-7f2271b6c000 r-xp 00000000 07:00 234519                     /lib/x86_64-linux-gnu/libglib-2.0.so.0.3200.4
7f2271b6c000-7f2271d6c000 ---p 000f2000 07:00 234519                     /lib/x86_64-linux-gnu/libglib-2.0.so.0.3200.4
7f2271d6c000-7f2271d6d000 r--p 000f2000 07:00 234519                     /lib/x86_64-linux-gnu/libglib-2.0.so.0.3200.4
7f2271d6d000-7f2271d6e000 rw-p 000f3000 07:00 234519                     /lib/x86_64-linux-gnu/libglib-2.0.so.0.3200.4
7f2271d6e000-7f2271d6f000 rw-p 00000000 00:00 0 
7f2271d6f000-7f2271d70000 r-xp 00000000 07:00 2456664                    /usr/lib/x86_64-linux-gnu/libgthread-2.0.so.0.3200.4
7f2271d70000-7f2271f6f000 ---p 00001000 07:00 2456664                    /usr/lib/x86_64-linux-gnu/libgthread-2.0.so.0.3200.4
7f2271f6f000-7f2271f70000 r--p 00000000 07:00 2456664                    /usr/lib/x86_64-linux-gnu/libgthread-2.0.so.0.3200.4
7f2271f70000-7f2271f71000 rw-p 00001000 07:00 2456664                    /usr/lib/x86_64-linux-gnu/libgthread-2.0.so.0.3200.4
7f2271f71000-7f2271fbe000 r-xp 00000000 07:00 2456668                    /usr/lib/x86_64-linux-gnu/libgobject-2.0.so.0.3200.4
7f2271fbe000-7f22721be000 ---p 0004d000 07:00 2456668                    /usr/lib/x86_64-linux-gnu/libgobject-2.0.so.0.3200.4
7f22721be000-7f22721bf000 r--p 0004d000 07:00 2456668                    /usr/lib/x86_64-linux-gnu/libgobject-2.0.so.0.3200.4
7f22721bf000-7f22721c0000 rw-p 0004e000 07:00 2456668                    /usr/lib/x86_64-linux-gnu/libgobject-2.0.so.0.3200.4
7f22721c0000-7f22721f4000 r-xp 00000000 07:00 93287                      /usr/lib/x86_64-linux-gnu/libfontconfig.so.1.4.4
7f22721f4000-7f22723f4000 ---p 00034000 07:00 93287                      /usr/lib/x86_64-linux-gnu/libfontconfig.so.1.4.4
7f22723f4000-7f22723f5000 r--p 00034000 07:00 93287                      /usr/lib/x86_64-linux-gnu/libfontconfig.so.1.4.4
7f22723f5000-7f22723f6000 rw-p 00035000 07:00 93287                      /usr/lib/x86_64-linux-gnu/libfontconfig.so.1.4.4
7f22723f6000-7f227243c000 r-xp 00000000 07:00 113642                     /usr/lib/x86_64-linux-gnu/libpango-1.0.so.0.3000.0
7f227243c000-7f227263c000 ---p 00046000 07:00 113642                     /usr/lib/x86_64-linux-gnu/libpango-1.0.so.0.3000.0
7f227263c000-7f227263e000 r--p 00046000 07:00 113642                     /usr/lib/x86_64-linux-gnu/libpango-1.0.so.0.3000.0
7f227263e000-7f227263f000 rw-p 00048000 07:00 113642                     /usr/lib/x86_64-linux-gnu/libpango-1.0.so.0.3000.0
7f227263f000-7f227265d000 r-xp 00000000 07:00 93419                      /usr/lib/x86_64-linux-gnu/libgdk_pixbuf-2.0.so.0.2600.1
7f227265d000-7f227285d000 ---p 0001e000 07:00 93419                      /usr/lib/x86_64-linux-gnu/libgdk_pixbuf-2.0.so.0.2600.1
7f227285d000-7f227285e000 r--p 0001e000 07:00 93419                      /usr/lib/x86_64-linux-gnu/libgdk_pixbuf-2.0.so.0.2600.1
7f227285e000-7f227285f000 rw-p 0001f000 07:00 93419                      /usr/lib/x86_64-linux-gnu/libgdk_pixbuf-2.0.so.0.2600.1
7f227285f000-7f22729a7000 r-xp 00000000 07:00 2456666                    /usr/lib/x86_64-linux-gnu/libgio-2.0.so.0.3200.4
7f22729a7000-7f2272ba6000 ---p 00148000 07:00 2456666                    /usr/lib/x86_64-linux-gnu/libgio-2.0.so.0.3200.4
7f2272ba6000-7f2272baa000 r--p 00147000 07:00 2456666                    /usr/lib/x86_64-linux-gnu/libgio-2.0.so.0.3200.4
7f2272baa000-7f2272bac000 rw-p 0014b000 07:00 2456666                    /usr/lib/x86_64-linux-gnu/libgio-2.0.so.0.3200.4
7f2272bac000-7f2272bae000 rw-p 00000000 00:00 0 
7f2272bae000-7f2272c5b000 r-xp 00000000 07:00 93263                      /usr/lib/x86_64-linux-gnu/libgdk-x11-2.0.so.0.2400.10
7f2272c5b000-7f2272e5a000 ---p 000ad000 07:00 93263                      /usr/lib/x86_64-linux-gnu/libgdk-x11-2.0.so.0.2400.10
7f2272e5a000-7f2272e5e000 r--p 000ac000 07:00 93263                      /usr/lib/x86_64-linux-gnu/libgdk-x11-2.0.so.0.2400.10
7f2272e5e000-7f2272e60000 rw-p 000b0000 07:00 93263                      /usr/lib/x86_64-linux-gnu/libgdk-x11-2.0.so.0.2400.10
7f2272e60000-7f227328d000 r-xp 00000000 07:00 113497                     /usr/lib/x86_64-linux-gnu/libgtk-x11-2.0.so.0.2400.10
7f227328d000-7f227348d000 ---p 0042d000 07:00 113497                     /usr/lib/x86_64-linux-gnu/libgtk-x11-2.0.so.0.2400.10
7f227348d000-7f2273494000 r--p 0042d000 07:00 113497                     /usr/lib/x86_64-linux-gnu/libgtk-x11-2.0.so.0.2400.10
7f2273494000-7f2273498000 rw-p 00434000 07:00 113497                     /usr/lib/x86_64-linux-gnu/libgtk-x11-2.0.so.0.2400.10
7f2273498000-7f227349a000 rw-p 00000000 00:00 0 
7f227349a000-7f22734a9000 r-xp 00000000 07:00 2456719                    /usr/lib/x86_64-linux-gnu/libXi.so.6.1.0
7f22734a9000-7f22736a8000 ---p 0000f000 07:00 2456719                    /usr/lib/x86_64-linux-gnu/libXi.so.6.1.0
7f22736a8000-7f22736a9000 r--p 0000e000 07:00 2456719                    /usr/lib/x86_64-linux-gnu/libXi.so.6.1.0
7f22736a9000-7f22736aa000 rw-p 0000f000 07:00 2456719                    /usr/lib/x86_64-linux-gnu/libXi.so.6.1.0
7f22736aa000-7f22736af000 r-xp 00000000 07:00 93540                      /usr/lib/x86_64-linux-gnu/libXtst.so.6.1.0
7f22736af000-7f22738ae000 ---p 00005000 07:00 93540                      /usr/lib/x86_64-linux-gnu/libXtst.so.6.1.0
7f22738ae000-7f22738af000 r--p 00004000 07:00 93540                      /usr/lib/x86_64-linux-gnu/libXtst.so.6.1.0
7f22738af000-7f22738b0000 rw-p 00005000 07:00 93540                      /usr/lib/x86_64-linux-gnu/libXtst.so.6.1.0
7f22738b0000-7f22738b9000 r-xp 00000000 07:00 93266                      /usr/lib/x86_64-linux-gnu/libXrender.so.1.3.0
7f22738b9000-7f2273ab8000 ---p 00009000 07:00 93266                      /usr/lib/x86_64-linux-gnu/libXrender.so.1.3.0
7f2273ab8000-7f2273ab9000 r--p 00008000 07:00 93266                      /usr/lib/x86_64-linux-gnu/libXrender.so.1.3.0
7f2273ab9000-7f2273aba000 rw-p 00009000 07:00 93266                      /usr/lib/x86_64-linux-gnu/libXrender.so.1.3.0
7f2273aba000-7f2273bea000 r-xp 00000000 07:00 2456577                    /usr/lib/x86_64-linux-gnu/libX11.so.6.3.0
7f2273bea000-7f2273dea000 ---p 00130000 07:00 2456577                    /usr/lib/x86_64-linux-gnu/libX11.so.6.3.0
7f2273dea000-7f2273deb000 r--p 00130000 07:00 2456577                    /usr/lib/x86_64-linux-gnu/libX11.so.6.3.0
7f2273deb000-7f2273def000 rw-p 00131000 07:00 2456577                    /usr/lib/x86_64-linux-gnu/libX11.so.6.3.0
7f2273def000-7f2273dff000 r-xp 00000000 07:00 93461                      /usr/lib/x86_64-linux-gnu/libXext.so.6.4.0
7f2273dff000-7f2273ffe000 ---p 00010000 07:00 93461                      /usr/lib/x86_64-linux-gnu/libXext.so.6.4.0
7f2273ffe000-7f2273fff000 r--p 0000f000 07:00 93461                      /usr/lib/x86_64-linux-gnu/libXext.so.6.4.0
7f2273fff000-7f2274000000 rw-p 00010000 07:00 93461                      /usr/lib/x86_64-linux-gnu/libXext.so.6.4.0
7f2274000000-7f2274021000 rw-p 00000000 00:00 0 
7f2274021000-7f2278000000 ---p 00000000 00:00 0 
7f227808b000-7f227808e000 ---p 00000000 00:00 0 
7f227808e000-7f22780b3000 rw-p 00000000 00:00 0                          [stack:17754]
7f22780b3000-7f2278105000 r-xp 00000000 07:00 334917                     /usr/lib/jvm/java-7-openjdk-amd64/jre/lib/amd64/xawt/libmawt.so
7f2278105000-7f2278305000 ---p 00052000 07:00 334917                     /usr/lib/jvm/java-7-openjdk-amd64/jre/lib/amd64/xawt/libmawt.so
7f2278305000-7f2278306000 r--p 00052000 07:00 334917                     /usr/lib/jvm/java-7-openjdk-amd64/jre/lib/amd64/xawt/libmawt.so
7f2278306000-7f2278309000 rw-p 00053000 07:00 334917                     /usr/lib/jvm/java-7-openjdk-amd64/jre/lib/amd64/xawt/libmawt.so
7f2278309000-7f227830a000 rw-p 00000000 00:00 0 
7f227830a000-7f22783ad000 r-xp 00000000 07:00 331786                     /usr/lib/jvm/java-7-openjdk-amd64/jre/lib/amd64/libawt.so
7f22783ad000-7f22785ac000 ---p 000a3000 07:00 331786                     /usr/lib/jvm/java-7-openjdk-amd64/jre/lib/amd64/libawt.so
7f22785ac000-7f22785ad000 r--p 000a2000 07:00 331786                     /usr/lib/jvm/java-7-openjdk-amd64/jre/lib/amd64/libawt.so
7f22785ad000-7f22785b8000 rw-p 000a3000 07:00 331786                     /usr/lib/jvm/java-7-openjdk-amd64/jre/lib/amd64/libawt.so
7f22785b8000-7f2278616000 rw-p 00000000 00:00 0 
7f22786f8000-7f227895e000 r-xp 00000000 07:00 1634305                    /home/andrei/Downloads/opencv-2.4.8/build/lib/libopencv_ocl.so.2.4.8
7f227895e000-7f2278b5e000 ---p 00266000 07:00 1634305                    /home/andrei/Downloads/opencv-2.4.8/build/lib/libopencv_ocl.so.2.4.8
7f2278b5e000-7f2278b61000 r--p 00266000 07:00 1634305                    /home/andrei/Downloads/opencv-2.4.8/build/lib/libopencv_ocl.so.2.4.8
7f2278b61000-7f2278b67000 rw-p 00269000 07:00 1634305                    /home/andrei/Downloads/opencv-2.4.8/build/lib/libopencv_ocl.so.2.4.8
7f2278b67000-7f2278b69000 rw-p 00000000 00:00 0 
7f2278b69000-7f2278c59000 r-xp 00000000 07:00 453169                     /home/andrei/Downloads/opencv-2.4.8/build/lib/libopencv_flann.so.2.4.8
7f2278c59000-7f2278e59000 ---p 000f0000 07:00 453169                     /home/andrei/Downloads/opencv-2.4.8/build/lib/libopencv_flann.so.2.4.8
7f2278e59000-7f2278e5c000 r--p 000f0000 07:00 453169                     /home/andrei/Downloads/opencv-2.4.8/build/lib/libopencv_flann.so.2.4.8
7f2278e5c000-7f2278e61000 rw-p 000f3000 07:00 453169                     /home/andrei/Downloads/opencv-2.4.8/build/lib/libopencv_flann.so.2.4.8
7f2278e61000-7f2278fed000 r-xp 00000000 07:00 1634327                    /home/andrei/Downloads/opencv-2.4.8/build/lib/libopencv_contrib.so.2.4.8
7f2278fed000-7f22791ec000 ---p 0018c000 07:00 1634327                    /home/andrei/Downloads/opencv-2.4.8/build/lib/libopencv_contrib.so.2.4.8
7f22791ec000-7f22791ee000 r--p 0018b000 07:00 1634327                    /home/andrei/Downloads/opencv-2.4.8/build/lib/libopencv_contrib.so.2.4.8
7f22791ee000-7f22791f6000 rw-p 0018d000 07:00 1634327                    /home/andrei/Downloads/opencv-2.4.8/build/lib/libopencv_contrib.so.2.4.8
7f22791f6000-7f22791f7000 rw-p 00000000 00:00 0 
7f22791f7000-7f2279244000 r-xp 00000000 07:00 1634321                    /home/andrei/Downloads/opencv-2.4.8/build/lib/libopencv_nonfree.so.2.4.8
7f2279244000-7f2279444000 ---p 0004d000 07:00 1634321                    /home/andrei/Downloads/opencv-2.4.8/build/lib/libopencv_nonfree.so.2.4.8
7f2279444000-7f2279445000 r--p 0004d000 07:00 1634321                    /home/andrei/Downloads/opencv-2.4.8/build/lib/libopencv_nonfree.so.2.4.8
7f2279445000-7f2279447000 rw-p 0004e000 07:00 1634321                    /home/andrei/Downloads/opencv-2.4.8/build/lib/libopencv_nonfree.so.2.4.8
7f2279447000-7f2279470000 r-xp 00000000 07:00 453178                     /home/andrei/Downloads/opencv-2.4.8/build/lib/libopencv_photo.so.2.4.8
7f2279470000-7f2279670000 ---p 00029000 07:00 453178                     /home/andrei/Downloads/opencv-2.4.8/build/lib/libopencv_photo.so.2.4.8
7f2279670000-7f2279671000 r--p 00029000 07:00 453178                     /home/andrei/Downloads/opencv-2.4.8/build/lib/libopencv_photo.so.2.4.8
7f2279671000-7f2279672000 rw-p 0002a000 07:00 453178                     /home/andrei/Downloads/opencv-2.4.8/build/lib/libopencv_photo.so.2.4.8
7f2279672000-7f2279799000 r-xp 00000000 07:00 453187                     /home/andrei/Downloads/opencv-2.4.8/build/lib/libopencv_objdetect.so.2.4.8
7f2279799000-7f2279999000 ---p 00127000 07:00 453187                     /home/andrei/Downloads/opencv-2.4.8/build/lib/libopencv_objdetect.so.2.4.8
7f2279999000-7f227999a000 r--p 00127000 07:00 453187                     /home/andrei/Downloads/opencv-2.4.8/build/lib/libopencv_objdetect.so.2.4.8
7f227999a000-7f22799a1000 rw-p 00128000 07:00 453187                     /home/andrei/Downloads/opencv-2.4.8/build/lib/libopencv_objdetect.so.2.4.8
7f22799a1000-7f22799fd000 r-xp 00000000 07:00 453175                     /home/andrei/Downloads/opencv-2.4.8/build/lib/libopencv_video.so.2.4.8
7f22799fd000-7f2279bfc000 ---p 0005c000 07:00 453175                     /home/andrei/Downloads/opencv-2.4.8/build/lib/libopencv_video.so.2.4.8
7f2279bfc000-7f2279bfd000 r--p 0005b000 07:00 453175                     /home/andrei/Downloads/opencv-2.4.8/build/lib/libopencv_video.so.2.4.8
7f2279bfd000-7f2279bff000 rw-p 0005c000 07:00 453175                     /home/andrei/Downloads/opencv-2.4.8/build/lib/libopencv_video.so.2.4.8
7f2279bff000-7f2279ca1000 r-xp 00000000 07:00 452858                     /home/andrei/Downloads/opencv-2.4.8/build/lib/libopencv_ml.so.2.4.8
7f2279ca1000-7f2279ea1000 ---p 000a2000 07:00 452858                     /home/andrei/Downloads/opencv-2.4.8/build/lib/libopencv_ml.so.2.4.8
7f2279ea1000-7f2279ea3000 r--p 000a2000 07:00 452858                     /home/andrei/Downloads/opencv-2.4.8/build/lib/libopencv_ml.so.2.4.8
7f2279ea3000-7f2279ea5000 rw-p 000a4000 07:00 452858                     /home/andrei/Downloads/opencv-2.4.8/build/lib/libopencv_ml.so.2.4.8
7f2279ea5000-7f2279fa9000 r-xp 00000000 07:00 452813                     /home/andrei/Downloads/opencv-2.4.8/build/lib/libopencv_calib3d.so.2.4.8
7f2279fa9000-7f227a1a8000 ---p 00104000 07:00 452813                     /home/andrei/Downloads/opencv-2.4.8/build/lib/libopencv_calib3d.so.2.4.8
7f227a1a8000-7f227a1a9000 r--p 00103000 07:00 452813                     /home/andrei/Downloads/opencv-2.4.8/build/lib/libopencv_calib3d.so.2.4.8
7f227a1a9000-7f227a1ae000 rw-p 00104000 07:00 452813                     /home/andrei/Downloads/opencv-2.4.8/build/lib/libopencv_calib3d.so.2.4.8
7f227a1ae000-7f227a2d0000 r-xp 00000000 07:00 453184                     /home/andrei/Downloads/opencv-2.4.8/build/lib/libopencv_features2d.so.2.4.8
7f227a2d0000-7f227a4cf000 ---p 00122000 07:00 453184                     /home/andrei/Downloads/opencv-2.4.8/build/lib/libopencv_features2d.so.2.4.8
7f227a4cf000-7f227a4d3000 r--p 00121000 07:00 453184                     /home/andrei/Downloads/opencv-2.4.8/build/lib/libopencv_features2d.so.2.4.8
7f227a4d3000-7f227a4db000 rw-p 00125000 07:00 453184                     /home/andrei/Downloads/opencv-2.4.8/build/lib/libopencv_features2d.so.2.4.8
7f227a4db000-7f227a77b000 r-xp 00000000 07:00 453181                     /home/andrei/Downloads/opencv-2.4.8/build/lib/libopencv_highgui.so.2.4.8
7f227a77b000-7f227a97a000 ---p 002a0000 07:00 453181                     /home/andrei/Downloads/opencv-2.4.8/build/lib/libopencv_highgui.so.2.4.8
7f227a97a000-7f227a982000 r--p 0029f000 07:00 453181                     /home/andrei/Downloads/opencv-2.4.8/build/lib/libopencv_highgui.so.2.4.8
7f227a982000-7f227a98e000 rw-p 002a7000 07:00 453181                     /home/andrei/Downloads/opencv-2.4.8/build/lib/libopencv_highgui.so.2.4.8
7f227a98e000-7f227a996000 rw-p 00000000 00:00 0 
7f227a996000-7f227ac8c000 r-xp 00000000 07:00 453172                     /home/andrei/Downloads/opencv-2.4.8/build/lib/libopencv_imgproc.so.2.4.8
7f227ac8c000-7f227ae8c000 ---p 002f6000 07:00 453172                     /home/andrei/Downloads/opencv-2.4.8/build/lib/libopencv_imgproc.so.2.4.8
7f227ae8c000-7f227ae93000 r--p 002f6000 07:00 453172                     /home/andrei/Downloads/opencv-2.4.8/build/lib/libopencv_imgproc.so.2.4.8
7f227ae93000-7f227ae9a000 rw-p 002fd000 07:00 453172                     /home/andrei/Downloads/opencv-2.4.8/build/lib/libopencv_imgproc.so.2.4.8
7f227ae9a000-7f227af2f000 rw-p 00000000 00:00 0 
7f227af2f000-7f227b24c000 r-xp 00000000 07:00 453159                     /home/andrei/Downloads/opencv-2.4.8/build/lib/libopencv_core.so.2.4.8
7f227b24c000-7f227b44b000 ---p 0031d000 07:00 453159                     /home/andrei/Downloads/opencv-2.4.8/build/lib/libopencv_core.so.2.4.8
7f227b44b000-7f227b44e000 r--p 0031c000 07:00 453159                     /home/andrei/Downloads/opencv-2.4.8/build/lib/libopencv_core.so.2.4.8
7f227b44e000-7f227b45d000 rw-p 0031f000 07:00 453159                     /home/andrei/Downloads/opencv-2.4.8/build/lib/libopencv_core.so.2.4.8
7f227b45d000-7f227b45f000 rw-p 00000000 00:00 0 
7f227b45f000-7f227b56b000 r-xp 00000000 07:00 1636432                    /home/andrei/Downloads/opencv-2.4.8/build/lib/libopencv_java248.so
7f227b56b000-7f227b76a000 ---p 0010c000 07:00 1636432                    /home/andrei/Downloads/opencv-2.4.8/build/lib/libopencv_java248.so
7f227b76a000-7f227b76b000 r--p 0010b000 07:00 1636432                    /home/andrei/Downloads/opencv-2.4.8/build/lib/libopencv_java248.so
7f227b76b000-7f227b770000 rw-p 0010c000 07:00 1636432                    /home/andrei/Downloads/opencv-2.4.8/build/lib/libopencv_java248.so
7f227b770000-7f227b771000 ---p 00000000 00:00 0 
7f227b771000-7f227b871000 rw-p 00000000 00:00 0                          [stack:17750]
7f227b871000-7f227b874000 ---p 00000000 00:00 0 
7f227b874000-7f227b972000 rw-p 00000000 00:00 0                          [stack:17749]
7f227b972000-7f227b975000 ---p 00000000 00:00 0 
7f227b975000-7f227ba73000 rw-p 00000000 00:00 0                          [stack:17748]
7f227ba73000-7f227ba76000 ---p 00000000 00:00 0 
7f227ba76000-7f227bb74000 rw-p 00000000 00:00 0                          [stack:17747]
7f227bb74000-7f227bb77000 ---p 00000000 00:00 0 
7f227bb77000-7f227bc75000 rw-p 00000000 00:00 0                          [stack:17746]
7f227bc75000-7f227bdfe000 r--p 00000000 07:00 2282497                    /usr/lib/locale/locale-archive
7f227bdfe000-7f227be01000 ---p 00000000 00:00 0 
7f227be01000-7f227beff000 rw-p 00000000 00:00 0                          [stack:17745]
7f227beff000-7f227bf02000 ---p 00000000 00:00 0 
7f227bf02000-7f227c000000 rw-p 00000000 00:00 0                          [stack:17744]
7f227c000000-7f227c021000 rw-p 00000000 00:00 0 
7f227c021000-7f2280000000 ---p 00000000 00:00 0 
7f2280000000-7f2280001000 rw-s 00000000 00:04 117101                     /drm mm object (deleted)
7f2280001000-7f2280002000 rw-s 00000000 00:04 117961                     /drm mm object (deleted)
7f2280002000-7f2280009000 r--s 00000000 07:00 906428                     /usr/lib/x86_64-linux-gnu/gconv/gconv-modules.cache
7f2280009000-7f2280012000 r--s 000bc000 07:00 324649                     /usr/lib/jvm/java-7-openjdk-common/jre/lib/resources.jar
7f2280012000-7f2280013000 ---p 00000000 00:00 0 
7f2280013000-7f2281133000 rw-p 00000000 00:00 0                          [stack:17743]
7f2281133000-7f22812e0000 r--s 01cec000 07:00 326944                     /usr/lib/jvm/java-7-openjdk-amd64/jre/lib/rt.jar
7f22812e0000-7f2283f2c000 rw-p 00000000 00:00 0 
7f2283f2c000-7f2283f2d000 ---p 00000000 00:00 0 
7f2283f2d000-7f228402d000 rw-p 00000000 00:00 0                          [stack:17742]
7f228402d000-7f228402e000 ---p 00000000 00:00 0 
7f228402e000-7f228412e000 rw-p 00000000 00:00 0                          [stack:17741]
7f228412e000-7f228412f000 ---p 00000000 00:00 0 
7f228412f000-7f228422f000 rw-p 00000000 00:00 0                          [stack:17740]
7f228422f000-7f2284230000 ---p 00000000 00:00 0 
7f2284230000-7f228433b000 rw-p 00000000 00:00 0                          [stack:17739]
7f228433b000-7f2284383000 rw-p 00000000 00:00 0 
7f2284383000-7f228438e000 rw-p 00000000 00:00 0 
7f228438e000-7f22843d6000 rw-p 00000000 00:00 0 
7f22843d6000-7f22843eb000 rw-p 00000000 00:00 0 
7f22843eb000-7f2284518000 rw-p 00000000 00:00 0 
7f2284518000-7f2284523000 rw-p 00000000 00:00 0 
7f2284523000-7f22845ba000 rw-p 00000000 00:00 0 
7f22845ba000-7f22845bb000 rw-p 00000000 00:00 0 
7f22845bb000-7f228482b000 rwxp 00000000 00:00 0 
7f228482b000-7f22875bb000 rw-p 00000000 00:00 0 
7f22875bb000-7f22875c3000 r-xp 00000000 07:00 331788                     /usr/lib/jvm/java-7-openjdk-amd64/jre/lib/amd64/libzip.so
7f22875c3000-7f22877c2000 ---p 00008000 07:00 331788                     /usr/lib/jvm/java-7-openjdk-amd64/jre/lib/amd64/libzip.so
7f22877c2000-7f22877c3000 r--p 00007000 07:00 331788                     /usr/lib/jvm/java-7-openjdk-amd64/jre/lib/amd64/libzip.so
7f22877c3000-7f22877c4000 rw-p 00008000 07:00 331788                     /usr/lib/jvm/java-7-openjdk-amd64/jre/lib/amd64/libzip.so
7f22877c4000-7f22877d0000 r-xp 00000000 07:00 288828                     /lib/x86_64-linux-gnu/libnss_files-2.15.so
7f22877d0000-7f22879cf000 ---p 0000c000 07:00 288828                     /lib/x86_64-linux-gnu/libnss_files-2.15.so
7f22879cf000-7f22879d0000 r--p 0000b000 07:00 288828                     /lib/x86_64-linux-gnu/libnss_files-2.15.so
7f22879d0000-7f22879d1000 rw-p 0000c000 07:00 288828                     /lib/x86_64-linux-gnu/libnss_files-2.15.so
7f22879d1000-7f22879db000 r-xp 00000000 07:00 288832                     /lib/x86_64-linux-gnu/libnss_nis-2.15.so
7f22879db000-7f2287bdb000 ---p 0000a000 07:00 288832                     /lib/x86_64-linux-gnu/libnss_nis-2.15.so
7f2287bdb000-7f2287bdc000 r--p 0000a000 07:00 288832                     /lib/x86_64-linux-gnu/libnss_nis-2.15.so
7f2287bdc000-7f2287bdd000 rw-p 0000b000 07:00 288832                     /lib/x86_64-linux-gnu/libnss_nis-2.15.so
7f2287bdd000-7f2287bf4000 r-xp 00000000 07:00 288844                     /lib/x86_64-linux-gnu/libnsl-2.15.so
7f2287bf4000-7f2287df3000 ---p 00017000 07:00 288844                     /lib/x86_64-linux-gnu/libnsl-2.15.so
7f2287df3000-7f2287df4000 r--p 00016000 07:00 288844                     /lib/x86_64-linux-gnu/libnsl-2.15.so
7f2287df4000-7f2287df5000 rw-p 00017000 07:00 288844                     /lib/x86_64-linux-gnu/libnsl-2.15.so
7f2287df5000-7f2287df7000 rw-p 00000000 00:00 0 
7f2287df7000-7f2287dff000 r-xp 00000000 07:00 288826                     /lib/x86_64-linux-gnu/libnss_compat-2.15.so
7f2287dff000-7f2287ffe000 ---p 00008000 07:00 288826                     /lib/x86_64-linux-gnu/libnss_compat-2.15.so
7f2287ffe000-7f2287fff000 r--p 00007000 07:00 288826                     /lib/x86_64-linux-gnu/libnss_compat-2.15.so
7f2287fff000-7f2288000000 rw-p 00008000 07:00 288826                     /lib/x86_64-linux-gnu/libnss_compat-2.15.so
7f2288000000-7f2288966000 rw-p 00000000 00:00 0 
7f2288966000-7f228c000000 ---p 00000000 00:00 0 
7f228c000000-7f228c001000 rwxp 00000000 00:00 0 
7f228c001000-7f228c005000 r--s 00027000 07:00 876756                     /home/andrei/workspace/maslab2014/resources/lwjgl-2.9.0/jar/lwjgl_util.jar
7f228c005000-7f228c012000 r--s 000e6000 07:00 876754                     /home/andrei/workspace/maslab2014/resources/lwjgl-2.9.0/jar/lwjgl.jar
7f228c012000-7f228c014000 r--s 00003000 07:00 875564                     /home/andrei/workspace/maslab2014/resources/ShaderCL.jar
7f228c014000-7f228c016000 r--s 00007000 07:00 9944                       /usr/share/java/hamcrest-core-1.1.jar
7f228c016000-7f228c01d000 r--s 00030000 07:00 9952                       /usr/share/java/junit4-4.8.2.jar
7f228c01d000-7f228c05a000 rw-p 00000000 00:00 0 
7f228c05a000-7f228c188000 rw-p 00000000 00:00 0 
7f228c188000-7f228c1b1000 r-xp 00000000 07:00 331783                     /usr/lib/jvm/java-7-openjdk-amd64/jre/lib/amd64/libjava.so
7f228c1b1000-7f228c3b0000 ---p 00029000 07:00 331783                     /usr/lib/jvm/java-7-openjdk-amd64/jre/lib/amd64/libjava.so
7f228c3b0000-7f228c3b1000 r--p 00028000 07:00 331783                     /usr/lib/jvm/java-7-openjdk-amd64/jre/lib/amd64/libjava.so
7f228c3b1000-7f228c3b3000 rw-p 00029000 07:00 331783                     /usr/lib/jvm/java-7-openjdk-amd64/jre/lib/amd64/libjava.so
7f228c3b3000-7f228c3c1000 r-xp 00000000 07:00 331805                     /usr/lib/jvm/java-7-openjdk-amd64/jre/lib/amd64/libverify.so
7f228c3c1000-7f228c5c0000 ---p 0000e000 07:00 331805                     /usr/lib/jvm/java-7-openjdk-amd64/jre/lib/amd64/libverify.so
7f228c5c0000-7f228c5c2000 r--p 0000d000 07:00 331805                     /usr/lib/jvm/java-7-openjdk-amd64/jre/lib/amd64/libverify.so
7f228c5c2000-7f228c5c3000 rw-p 0000f000 07:00 331805                     /usr/lib/jvm/java-7-openjdk-amd64/jre/lib/amd64/libverify.so
7f228c5c3000-7f228c5ca000 r-xp 00000000 07:00 288831                     /lib/x86_64-linux-gnu/librt-2.15.so
7f228c5ca000-7f228c7c9000 ---p 00007000 07:00 288831                     /lib/x86_64-linux-gnu/librt-2.15.so
7f228c7c9000-7f228c7ca000 r--p 00006000 07:00 288831                     /lib/x86_64-linux-gnu/librt-2.15.so
7f228c7ca000-7f228c7cb000 rw-p 00007000 07:00 288831                     /lib/x86_64-linux-gnu/librt-2.15.so
7f228c7cb000-7f228c7e0000 r-xp 00000000 07:00 234552                     /lib/x86_64-linux-gnu/libgcc_s.so.1
7f228c7e0000-7f228c9df000 ---p 00015000 07:00 234552                     /lib/x86_64-linux-gnu/libgcc_s.so.1
7f228c9df000-7f228c9e0000 r--p 00014000 07:00 234552                     /lib/x86_64-linux-gnu/libgcc_s.so.1
7f228c9e0000-7f228c9e1000 rw-p 00015000 07:00 234552                     /lib/x86_64-linux-gnu/libgcc_s.so.1
7f228c9e1000-7f228cadc000 r-xp 00000000 07:00 288835                     /lib/x86_64-linux-gnu/libm-2.15.so
7f228cadc000-7f228ccdb000 ---p 000fb000 07:00 288835                     /lib/x86_64-linux-gnu/libm-2.15.so
7f228ccdb000-7f228ccdc000 r--p 000fa000 07:00 288835                     /lib/x86_64-linux-gnu/libm-2.15.so
7f228ccdc000-7f228ccdd000 rw-p 000fb000 07:00 288835                     /lib/x86_64-linux-gnu/libm-2.15.so
7f228ccdd000-7f228cdbf000 r-xp 00000000 07:00 113565                     /usr/lib/x86_64-linux-gnu/libstdc++.so.6.0.16
7f228cdbf000-7f228cfbe000 ---p 000e2000 07:00 113565                     /usr/lib/x86_64-linux-gnu/libstdc++.so.6.0.16
7f228cfbe000-7f228cfc6000 r--p 000e1000 07:00 113565                     /usr/lib/x86_64-linux-gnu/libstdc++.so.6.0.16
7f228cfc6000-7f228cfc8000 rw-p 000e9000 07:00 113565                     /usr/lib/x86_64-linux-gnu/libstdc++.so.6.0.16
7f228cfc8000-7f228cfdd000 rw-p 00000000 00:00 0 
7f228cfdd000-7f228d9b0000 r-xp 00000000 07:00 331799                     /usr/lib/jvm/java-7-openjdk-amd64/jre/lib/amd64/server/libjvm.so
7f228d9b0000-7f228dbaf000 ---p 009d3000 07:00 331799                     /usr/lib/jvm/java-7-openjdk-amd64/jre/lib/amd64/server/libjvm.so
7f228dbaf000-7f228dc2e000 r--p 009d2000 07:00 331799                     /usr/lib/jvm/java-7-openjdk-amd64/jre/lib/amd64/server/libjvm.so
7f228dc2e000-7f228dc51000 rw-p 00a51000 07:00 331799                     /usr/lib/jvm/java-7-openjdk-amd64/jre/lib/amd64/server/libjvm.so
7f228dc51000-7f228dc7b000 rw-p 00000000 00:00 0 
7f228dc7b000-7f228dc91000 r-xp 00000000 07:00 234620                     /lib/x86_64-linux-gnu/libz.so.1.2.3.4
7f228dc91000-7f228de90000 ---p 00016000 07:00 234620                     /lib/x86_64-linux-gnu/libz.so.1.2.3.4
7f228de90000-7f228de91000 r--p 00015000 07:00 234620                     /lib/x86_64-linux-gnu/libz.so.1.2.3.4
7f228de91000-7f228de92000 rw-p 00016000 07:00 234620                     /lib/x86_64-linux-gnu/libz.so.1.2.3.4
7f228de92000-7f228deaa000 r-xp 00000000 07:00 288833                     /lib/x86_64-linux-gnu/libpthread-2.15.so
7f228deaa000-7f228e0a9000 ---p 00018000 07:00 288833                     /lib/x86_64-linux-gnu/libpthread-2.15.so
7f228e0a9000-7f228e0aa000 r--p 00017000 07:00 288833                     /lib/x86_64-linux-gnu/libpthread-2.15.so
7f228e0aa000-7f228e0ab000 rw-p 00018000 07:00 288833                     /lib/x86_64-linux-gnu/libpthread-2.15.so
7f228e0ab000-7f228e0af000 rw-p 00000000 00:00 0 
7f228e0af000-7f228e0b1000 r-xp 00000000 07:00 288839                     /lib/x86_64-linux-gnu/libdl-2.15.so
7f228e0b1000-7f228e2b1000 ---p 00002000 07:00 288839                     /lib/x86_64-linux-gnu/libdl-2.15.so
7f228e2b1000-7f228e2b2000 r--p 00002000 07:00 288839                     /lib/x86_64-linux-gnu/libdl-2.15.so
7f228e2b2000-7f228e2b3000 rw-p 00003000 07:00 288839                     /lib/x86_64-linux-gnu/libdl-2.15.so
7f228e2b3000-7f228e468000 r-xp 00000000 07:00 288813                     /lib/x86_64-linux-gnu/libc-2.15.so
7f228e468000-7f228e668000 ---p 001b5000 07:00 288813                     /lib/x86_64-linux-gnu/libc-2.15.so
7f228e668000-7f228e66c000 r--p 001b5000 07:00 288813                     /lib/x86_64-linux-gnu/libc-2.15.so
7f228e66c000-7f228e66e000 rw-p 001b9000 07:00 288813                     /lib/x86_64-linux-gnu/libc-2.15.so
7f228e66e000-7f228e673000 rw-p 00000000 00:00 0 
7f228e673000-7f228e680000 r-xp 00000000 07:00 331792                     /usr/lib/jvm/java-7-openjdk-amd64/jre/lib/amd64/jli/libjli.so
7f228e680000-7f228e87f000 ---p 0000d000 07:00 331792                     /usr/lib/jvm/java-7-openjdk-amd64/jre/lib/amd64/jli/libjli.so
7f228e87f000-7f228e880000 r--p 0000c000 07:00 331792                     /usr/lib/jvm/java-7-openjdk-amd64/jre/lib/amd64/jli/libjli.so
7f228e880000-7f228e881000 rw-p 0000d000 07:00 331792                     /usr/lib/jvm/java-7-openjdk-amd64/jre/lib/amd64/jli/libjli.so
7f228e881000-7f228e8a3000 r-xp 00000000 07:00 288836                     /lib/x86_64-linux-gnu/ld-2.15.so
7f228e8a3000-7f228e8a5000 r--s 00007000 07:00 9944                       /usr/share/java/hamcrest-core-1.1.jar
7f228e8a5000-7f228e8a9000 r--s 00069000 07:00 1659924                    /home/andrei/Downloads/opencv-2.4.8/build/bin/opencv-248.jar
7f228e8a9000-7f228e8ab000 r--s 00024000 07:00 875686                     /home/andrei/workspace/maslab2014/resources/jSSC-2.6.0-Release/jssc.jar
7f228e8ab000-7f228e8bb000 r--s 000a6000 07:00 875688                     /home/andrei/workspace/maslab2014/resources/jts-1.12.jar
7f228e8bb000-7f228e8c0000 r--s 00054000 07:00 875687                     /home/andrei/workspace/maslab2014/resources/javaGeom-0.11.1.jar
7f228e8c0000-7f228e8c3000 r--s 0000f000 07:00 324631                     /usr/lib/jvm/java-7-openjdk-common/jre/lib/ext/pulse-java.jar
7f228e8c3000-7f228e8cd000 rw-p 00000000 00:00 0 
7f228e8cd000-7f228e983000 rw-p 00000000 00:00 0 
7f228e983000-7f228e986000 ---p 00000000 00:00 0 
7f228e986000-7f228ea89000 rw-p 00000000 00:00 0                          [stack:17738]
7f228ea89000-7f228ea8c000 r--s 0003c000 07:00 324632                     /usr/lib/jvm/java-7-openjdk-common/jre/lib/ext/sunpkcs11.jar
7f228ea8c000-7f228ea8d000 r--s 00002000 07:00 324629                     /usr/lib/jvm/java-7-openjdk-common/jre/lib/ext/dnsns.jar
7f228ea8d000-7f228ea8f000 r--s 00012000 07:00 324634                     /usr/lib/jvm/java-7-openjdk-common/jre/lib/ext/zipfs.jar
7f228ea8f000-7f228ea90000 r--s 00007000 07:00 9754                       /usr/share/java/java-atk-wrapper.jar
7f228ea90000-7f228ea94000 r--s 00085000 07:00 324633                     /usr/lib/jvm/java-7-openjdk-common/jre/lib/ext/localedata.jar
7f228ea94000-7f228ea97000 r--s 00032000 07:00 324630                     /usr/lib/jvm/java-7-openjdk-common/jre/lib/ext/sunjce_provider.jar
7f228ea97000-7f228ea9f000 rw-s 00000000 07:00 1564673                    /tmp/hsperfdata_andrei/17733
7f228ea9f000-7f228eaa0000 rw-p 00000000 00:00 0 
7f228eaa0000-7f228eaa1000 r--p 00000000 00:00 0 
7f228eaa1000-7f228eaa3000 rw-p 00000000 00:00 0 
7f228eaa3000-7f228eaa4000 r--p 00022000 07:00 288836                     /lib/x86_64-linux-gnu/ld-2.15.so
7f228eaa4000-7f228eaa6000 rw-p 00023000 07:00 288836                     /lib/x86_64-linux-gnu/ld-2.15.so
7fffe45e9000-7fffe460a000 rw-p 00000000 00:00 0                          [stack]
7fffe47c2000-7fffe47c4000 r-xp 00000000 00:00 0                          [vdso]
ffffffffff600000-ffffffffff601000 r-xp 00000000 00:00 0                  [vsyscall]

VM Arguments:
jvm_args: -Djava.library.path=/home/andrei/Downloads/opencv-2.4.8/build/lib:/home/andrei/workspace/maslab2014/resources/lwjgl-2.9.0/native/linux:/home/andrei/workspace/maslab2014/resources/lwjgl-2.9.0/native/linux -Dfile.encoding=UTF-8 
java_command: vision.NewImageProcessor
Launcher Type: SUN_STANDARD

Environment Variables:
PATH=/usr/lib/lightdm/lightdm:/usr/local/sbin:/usr/local/bin:/usr/sbin:/usr/bin:/sbin:/bin:/usr/games
LD_LIBRARY_PATH=/usr/lib/jvm/java-7-openjdk-amd64/jre/lib/amd64/server:/usr/lib/jvm/java-7-openjdk-amd64/jre/lib/amd64:/usr/lib/jvm/java-7-openjdk-amd64/jre/../lib/amd64:/usr/lib/jvm/java-6-openjdk-amd64/jre/lib/amd64/server:/usr/lib/jvm/java-6-openjdk-amd64/jre/lib/amd64:/usr/lib/jvm/java-6-openjdk-amd64/jre/../lib/amd64
SHELL=/bin/bash
DISPLAY=:0

Signal Handlers:
SIGSEGV: [libjvm.so+0x83b2a0], sa_mask[0]=0x7ffbfeff, sa_flags=0x10000004
SIGBUS: [libjvm.so+0x83b2a0], sa_mask[0]=0x7ffbfeff, sa_flags=0x10000004
SIGFPE: [libjvm.so+0x6dc040], sa_mask[0]=0x7ffbfeff, sa_flags=0x10000004
SIGPIPE: [libjvm.so+0x6dc040], sa_mask[0]=0x7ffbfeff, sa_flags=0x10000004
SIGXFSZ: [libjvm.so+0x6dc040], sa_mask[0]=0x7ffbfeff, sa_flags=0x10000004
SIGILL: [libjvm.so+0x6dc040], sa_mask[0]=0x7ffbfeff, sa_flags=0x10000004
SIGUSR1: SIG_DFL, sa_mask[0]=0x00000000, sa_flags=0x00000000
SIGUSR2: [libjvm.so+0x6dc480], sa_mask[0]=0x00000004, sa_flags=0x10000004
SIGHUP: [libjvm.so+0x6dc5c0], sa_mask[0]=0x7ffbfeff, sa_flags=0x10000004
SIGINT: [libjvm.so+0x6dc5c0], sa_mask[0]=0x7ffbfeff, sa_flags=0x10000004
SIGTERM: [libjvm.so+0x6dc5c0], sa_mask[0]=0x7ffbfeff, sa_flags=0x10000004
SIGQUIT: [libjvm.so+0x6dc5c0], sa_mask[0]=0x7ffbfeff, sa_flags=0x10000004


---------------  S Y S T E M  ---------------

OS:Ubuntu 12.04 (precise)
uname:Linux 3.8.0-29-generic #42~precise1-Ubuntu SMP Wed Aug 14 16:19:23 UTC 2013 x86_64
libc:glibc 2.15 NPTL 2.15 
rlimit: STACK 8192k, CORE 0k, NPROC 30774, NOFILE 4096, AS infinity
load average:1.42 1.24 1.22

/proc/meminfo:
MemTotal:        3957808 kB
MemFree:          274656 kB
Buffers:          641224 kB
Cached:          1326496 kB
SwapCached:         8036 kB
Active:          1959556 kB
Inactive:        1508820 kB
Active(anon):    1185852 kB
Inactive(anon):   619880 kB
Active(file):     773704 kB
Inactive(file):   888940 kB
Unevictable:        2676 kB
Mlocked:               0 kB
SwapTotal:        262140 kB
SwapFree:         227924 kB
Dirty:               260 kB
Writeback:             0 kB
AnonPages:       1498236 kB
Mapped:           176040 kB
Shmem:            302196 kB
Slab:             120964 kB
SReclaimable:      89740 kB
SUnreclaim:        31224 kB
KernelStack:        3968 kB
PageTables:        29144 kB
NFS_Unstable:          0 kB
Bounce:                0 kB
WritebackTmp:          0 kB
CommitLimit:     2241044 kB
Committed_AS:    4199448 kB
VmallocTotal:   34359738367 kB
VmallocUsed:      347428 kB
VmallocChunk:   34359384028 kB
HardwareCorrupted:     0 kB
AnonHugePages:         0 kB
HugePages_Total:       0
HugePages_Free:        0
HugePages_Rsvd:        0
HugePages_Surp:        0
Hugepagesize:       2048 kB
DirectMap4k:      145396 kB
DirectMap2M:     3964928 kB


CPU:total 4 (2 cores per cpu, 2 threads per core) family 6 model 42 stepping 7, cmov, cx8, fxsr, mmx, sse, sse2, sse3, ssse3, sse4.1, sse4.2, popcnt, avx, ht, tsc, tscinvbit

/proc/cpuinfo:
processor	: 0
vendor_id	: GenuineIntel
cpu family	: 6
model		: 42
model name	: Intel(R) Core(TM) i5-2467M CPU @ 1.60GHz
stepping	: 7
microcode	: 0x25
cpu MHz		: 800.000
cache size	: 3072 KB
physical id	: 0
siblings	: 4
core id		: 0
cpu cores	: 2
apicid		: 0
initial apicid	: 0
fpu		: yes
fpu_exception	: yes
cpuid level	: 13
wp		: yes
flags		: fpu vme de pse tsc msr pae mce cx8 apic sep mtrr pge mca cmov pat pse36 clflush dts acpi mmx fxsr sse sse2 ss ht tm pbe syscall nx rdtscp lm constant_tsc arch_perfmon pebs bts rep_good nopl xtopology nonstop_tsc aperfmperf eagerfpu pni pclmulqdq dtes64 monitor ds_cpl vmx est tm2 ssse3 cx16 xtpr pdcm pcid sse4_1 sse4_2 x2apic popcnt tsc_deadline_timer aes xsave avx lahf_lm ida arat epb xsaveopt pln pts dtherm tpr_shadow vnmi flexpriority ept vpid
bogomips	: 3192.89
clflush size	: 64
cache_alignment	: 64
address sizes	: 36 bits physical, 48 bits virtual
power management:

processor	: 1
vendor_id	: GenuineIntel
cpu family	: 6
model		: 42
model name	: Intel(R) Core(TM) i5-2467M CPU @ 1.60GHz
stepping	: 7
microcode	: 0x25
cpu MHz		: 1000.000
cache size	: 3072 KB
physical id	: 0
siblings	: 4
core id		: 1
cpu cores	: 2
apicid		: 2
initial apicid	: 2
fpu		: yes
fpu_exception	: yes
cpuid level	: 13
wp		: yes
flags		: fpu vme de pse tsc msr pae mce cx8 apic sep mtrr pge mca cmov pat pse36 clflush dts acpi mmx fxsr sse sse2 ss ht tm pbe syscall nx rdtscp lm constant_tsc arch_perfmon pebs bts rep_good nopl xtopology nonstop_tsc aperfmperf eagerfpu pni pclmulqdq dtes64 monitor ds_cpl vmx est tm2 ssse3 cx16 xtpr pdcm pcid sse4_1 sse4_2 x2apic popcnt tsc_deadline_timer aes xsave avx lahf_lm ida arat epb xsaveopt pln pts dtherm tpr_shadow vnmi flexpriority ept vpid
bogomips	: 3192.89
clflush size	: 64
cache_alignment	: 64
address sizes	: 36 bits physical, 48 bits virtual
power management:

processor	: 2
vendor_id	: GenuineIntel
cpu family	: 6
model		: 42
model name	: Intel(R) Core(TM) i5-2467M CPU @ 1.60GHz
stepping	: 7
microcode	: 0x25
cpu MHz		: 1000.000
cache size	: 3072 KB
physical id	: 0
siblings	: 4
core id		: 0
cpu cores	: 2
apicid		: 1
initial apicid	: 1
fpu		: yes
fpu_exception	: yes
cpuid level	: 13
wp		: yes
flags		: fpu vme de pse tsc msr pae mce cx8 apic sep mtrr pge mca cmov pat pse36 clflush dts acpi mmx fxsr sse sse2 ss ht tm pbe syscall nx rdtscp lm constant_tsc arch_perfmon pebs bts rep_good nopl xtopology nonstop_tsc aperfmperf eagerfpu pni pclmulqdq dtes64 monitor ds_cpl vmx est tm2 ssse3 cx16 xtpr pdcm pcid sse4_1 sse4_2 x2apic popcnt tsc_deadline_timer aes xsave avx lahf_lm ida arat epb xsaveopt pln pts dtherm tpr_shadow vnmi flexpriority ept vpid
bogomips	: 3192.89
clflush size	: 64
cache_alignment	: 64
address sizes	: 36 bits physical, 48 bits virtual
power management:

processor	: 3
vendor_id	: GenuineIntel
cpu family	: 6
model		: 42
model name	: Intel(R) Core(TM) i5-2467M CPU @ 1.60GHz
stepping	: 7
microcode	: 0x25
cpu MHz		: 800.000
cache size	: 3072 KB
physical id	: 0
siblings	: 4
core id		: 1
cpu cores	: 2
apicid		: 3
initial apicid	: 3
fpu		: yes
fpu_exception	: yes
cpuid level	: 13
wp		: yes
flags		: fpu vme de pse tsc msr pae mce cx8 apic sep mtrr pge mca cmov pat pse36 clflush dts acpi mmx fxsr sse sse2 ss ht tm pbe syscall nx rdtscp lm constant_tsc arch_perfmon pebs bts rep_good nopl xtopology nonstop_tsc aperfmperf eagerfpu pni pclmulqdq dtes64 monitor ds_cpl vmx est tm2 ssse3 cx16 xtpr pdcm pcid sse4_1 sse4_2 x2apic popcnt tsc_deadline_timer aes xsave avx lahf_lm ida arat epb xsaveopt pln pts dtherm tpr_shadow vnmi flexpriority ept vpid
bogomips	: 3192.89
clflush size	: 64
cache_alignment	: 64
address sizes	: 36 bits physical, 48 bits virtual
power management:



Memory: 4k page, physical 3957808k(274656k free), swap 262140k(227924k free)

vm_info: OpenJDK 64-Bit Server VM (23.7-b01) for linux-amd64 JRE (1.7.0_25-b30), built on Jul 15 2013 20:38:06 by "buildd" with gcc 4.6.3

time: Wed Jan 22 21:05:51 2014
elapsed time: 2 seconds

