#
# A fatal error has been detected by the Java Runtime Environment:
#
#  SIGSEGV (0xb) at pc=0x00007f49f18db6a4, pid=20147, tid=139956781471488
#
# JRE version: 7.0_25-b30
# Java VM: OpenJDK 64-Bit Server VM (23.7-b01 mixed mode linux-amd64 compressed oops)
# Problematic frame:
# C  [libpng12.so.0+0x146a4]  png_destroy_write_struct+0x34
#
# Failed to write core dump. Core dumps have been disabled. To enable core dumping, try "ulimit -c unlimited" before starting Java again
#
# If you would like to submit a bug report, please include
# instructions on how to reproduce the bug and visit:
#   https://bugs.launchpad.net/ubuntu/+source/openjdk-7/
# The crash happened outside the Java Virtual Machine in native code.
# See problematic frame for where to report the bug.
#

---------------  T H R E A D  ---------------

Current thread (0x00007f4a34009800):  JavaThread "main" [_thread_in_native, id=20153, stack(0x00007f4a3a2e5000,0x00007f4a3a3e6000)]

siginfo:si_signo=SIGSEGV: si_errno=0, si_code=1 (SEGV_MAPERR), si_addr=0x0000000000000478

Registers:
RAX=0x00007f4a3a3e4400, RBX=0x0000000000000000, RCX=0x0000000000000000, RDX=0x00007f4a3a3e4408
RSP=0x00007f4a3a3e3320, RBP=0x00007f4a3a3e4408, RSI=0x00007f4a3a3e4408, RDI=0x00007f4a3a3e4400
R8 =0x00007f4a3a3e3280, R9 =0x0000000000000001, R10=0x00007f4a3a3e30f0, R11=0x00007f49f18db670
R12=0x00007f4a3a3e4400, R13=0x00000000b950d928, R14=0x00007f4a3a3e4898, R15=0x00007f4a34009800
RIP=0x00007f49f18db6a4, EFLAGS=0x0000000000010206, CSGSFS=0x0059000000000033, ERR=0x0000000000000004
  TRAPNO=0x000000000000000e

Top of Stack: (sp=0x00007f4a3a3e3320)
0x00007f4a3a3e3320:   00007f4a3a3e4408 00007f4a348acdd0
0x00007f4a3a3e3330:   00007f4a1de94048 0000000000000000
0x00007f4a3a3e3340:   00000000b950d928 00007f4a3a3e4898
0x00007f4a3a3e3350:   00007f4a34009800 00007f4a1de94931
0x00007f4a3a3e3360:   0000742500007769 0000764200006028
0x00007f4a3a3e3370:   000060d8000073a1 0000737d000075fd
0x00007f4a3a3e3380:   0000000000000000 00007f4a3a3e47a0
0x00007f4a3a3e3390:   00007f4a3a3e46f0 00007f4a348acdd0
0x00007f4a3a3e33a0:   00007f4a3a3e33b0 0000000000000208
0x00007f4a3a3e33b0:   000000023a3e0001 00007f4a3a3e3d50
0x00007f4a3a3e33c0:   0000000000000004 ffffffffffffffff
0x00007f4a3a3e33d0:   00000068ffffffff 0000000000000000
0x00007f4a3a3e33e0:   0000000000000000 0000000000000009
0x00007f4a3a3e33f0:   00007f4affffffff 0000000000000004
0x00007f4a3a3e3400:   000000f000000140 00007f4a39fccfa0
0x00007f4a3a3e3410:   0000000000000000 00007f4a395848b0
0x00007f4a3a3e3420:   0000000000000000 00007f4a395848b0
0x00007f4a3a3e3430:   0000000000000000 0000000000000030
0x00007f4a3a3e3440:   00007f4a3a3e3f90 0000000000000003
0x00007f4a3a3e3450:   00007f4a3a3e34a0 00007f4a38b759c0
0x00007f4a3a3e3460:   ffffffffffffffff 00007f4a3a3e3510
0x00007f4a3a3e3470:   00007f4a3a3e34e0 00007f4a391cfdfc
0x00007f4a3a3e3480:   00007f4a3a3e3b70 0000000000000000
0x00007f4a3a3e3490:   00007f4a3a3e3b70 00007f4a39d89d80
0x00007f4a3a3e34a0:   0000000000000027 00007f4a39c85558
0x00007f4a3a3e34b0:   00007f4a3a3e3508 00007f4a34000020
0x00007f4a3a3e34c0:   00007f4a1e9ca8fa 0000000000000044
0x00007f4a3a3e34d0:   000000033a3e3d90 00007f4a1e386652
0x00007f4a3a3e34e0:   00007f4a34009800 00007f4a3a3e3d50
0x00007f4a3a3e34f0:   000003c000000028 00007f4a3493c4b0
0x00007f4a3a3e3500:   00007f4a348a90e8 00007f4a3489a2e8
0x00007f4a3a3e3510:   42c4159642eca242 42ed63f242eea44e 

Instructions: (pc=0x00007f49f18db6a4)
0x00007f49f18db684:   6c 24 e8 49 89 fc 4c 89 74 24 f0 4c 89 7c 24 f8
0x00007f49f18db694:   48 83 ec 38 48 85 ff 0f 84 cf 00 00 00 48 8b 1f
0x00007f49f18db6a4:   4c 8b b3 78 04 00 00 4c 8b bb 68 04 00 00 48 85
0x00007f49f18db6b4:   ed 74 43 4c 8b 6d 00 4d 85 ed 74 3a 48 85 db 74 

Register to memory mapping:

RAX=0x00007f4a3a3e4400 is pointing into the stack for thread: 0x00007f4a34009800
RBX=0x0000000000000000 is an unknown value
RCX=0x0000000000000000 is an unknown value
RDX=0x00007f4a3a3e4408 is pointing into the stack for thread: 0x00007f4a34009800
RSP=0x00007f4a3a3e3320 is pointing into the stack for thread: 0x00007f4a34009800
RBP=0x00007f4a3a3e4408 is pointing into the stack for thread: 0x00007f4a34009800
RSI=0x00007f4a3a3e4408 is pointing into the stack for thread: 0x00007f4a34009800
RDI=0x00007f4a3a3e4400 is pointing into the stack for thread: 0x00007f4a34009800
R8 =0x00007f4a3a3e3280 is pointing into the stack for thread: 0x00007f4a34009800
R9 =0x0000000000000001 is an unknown value
R10=0x00007f4a3a3e30f0 is pointing into the stack for thread: 0x00007f4a34009800
R11=0x00007f49f18db670: png_destroy_write_struct+0 in /lib/x86_64-linux-gnu/libpng12.so.0 at 0x00007f49f18c7000
R12=0x00007f4a3a3e4400 is pointing into the stack for thread: 0x00007f4a34009800
R13=0x00000000b950d928 is an oop
{method} 
 - klass: {other class}
R14=0x00007f4a3a3e4898 is pointing into the stack for thread: 0x00007f4a34009800
R15=0x00007f4a34009800 is a thread


Stack: [0x00007f4a3a2e5000,0x00007f4a3a3e6000],  sp=0x00007f4a3a3e3320,  free space=1016k
Native frames: (J=compiled Java code, j=interpreted, Vv=VM code, C=native code)
C  [libpng12.so.0+0x146a4]  png_destroy_write_struct+0x34

Java frames: (J=compiled Java code, j=interpreted, Vv=VM code)
j  org.opencv.highgui.Highgui.imwrite_1(Ljava/lang/String;J)Z+0
j  org.opencv.highgui.Highgui.imwrite(Ljava/lang/String;Lorg/opencv/core/Mat;)Z+5
j  vision.NewImageProcessor.process(Lorg/opencv/core/Mat;Lvision/detector/VisionDetector;)V+85
j  vision.NewImageProcessor.main([Ljava/lang/String;)V+28
v  ~StubRoutines::call_stub

---------------  P R O C E S S  ---------------

Java Threads: ( => current thread )
  0x00007f4a3431d800 JavaThread "process reaper" daemon [_thread_blocked, id=20172, stack(0x00007f4a2c016000,0x00007f4a2c03e000)]
  0x00007f4a34306000 JavaThread "AWT-XAWT" daemon [_thread_in_native, id=20170, stack(0x00007f49efcc9000,0x00007f49efdca000)]
  0x00007f4a342d5000 JavaThread "Java2D Disposer" daemon [_thread_blocked, id=20169, stack(0x00007f49efdca000,0x00007f49efecb000)]
  0x00007f4a34113800 JavaThread "Service Thread" daemon [_thread_blocked, id=20167, stack(0x00007f4a1f16a000,0x00007f4a1f26b000)]
  0x00007f4a34111800 JavaThread "C2 CompilerThread1" daemon [_thread_blocked, id=20166, stack(0x00007f4a1f26b000,0x00007f4a1f36c000)]
  0x00007f4a3410e800 JavaThread "C2 CompilerThread0" daemon [_thread_blocked, id=20165, stack(0x00007f4a1f36c000,0x00007f4a1f46d000)]
  0x00007f4a3410c000 JavaThread "Signal Dispatcher" daemon [_thread_blocked, id=20164, stack(0x00007f4a1f46d000,0x00007f4a1f56e000)]
  0x00007f4a340b2800 JavaThread "Finalizer" daemon [_thread_blocked, id=20163, stack(0x00007f4a1f6f7000,0x00007f4a1f7f8000)]
  0x00007f4a340b0800 JavaThread "Reference Handler" daemon [_thread_blocked, id=20162, stack(0x00007f4a1f7f8000,0x00007f4a1f8f9000)]
=>0x00007f4a34009800 JavaThread "main" [_thread_in_native, id=20153, stack(0x00007f4a3a2e5000,0x00007f4a3a3e6000)]

Other Threads:
  0x00007f4a340a8000 VMThread [stack: 0x00007f4a1f8f9000,0x00007f4a1f9fa000] [id=20161]
  0x00007f4a3411e000 WatcherThread [stack: 0x00007f4a1f069000,0x00007f4a1f16a000] [id=20168]

VM state:not at safepoint (normal execution)

VM Mutex/Monitor currently owned by a thread: None

Heap
 PSYoungGen      total 18048K, used 6559K [0x00000000ebd60000, 0x00000000ed180000, 0x0000000100000000)
  eden space 15488K, 42% used [0x00000000ebd60000,0x00000000ec3c7dc0,0x00000000ecc80000)
  from space 2560K, 0% used [0x00000000ecf00000,0x00000000ecf00000,0x00000000ed180000)
  to   space 2560K, 0% used [0x00000000ecc80000,0x00000000ecc80000,0x00000000ecf00000)
 ParOldGen       total 41280K, used 0K [0x00000000c3800000, 0x00000000c6050000, 0x00000000ebd60000)
  object space 41280K, 0% used [0x00000000c3800000,0x00000000c3800000,0x00000000c6050000)
 PSPermGen       total 21248K, used 7804K [0x00000000b9200000, 0x00000000ba6c0000, 0x00000000c3800000)
  object space 21248K, 36% used [0x00000000b9200000,0x00000000b999f350,0x00000000ba6c0000)

Card table byte_map: [0x00007f4a2fd40000,0x00007f4a2ff78000] byte_map_base: 0x00007f4a2f777000

Polling page: 0x00007f4a3a402000

Code Cache  [0x00007f4a2ff78000, 0x00007f4a301e8000, 0x00007f4a32f78000)
 total_blobs=652 nmethods=22 adapters=583 free_code_cache=48505Kb largest_free_block=49666816

Compilation events (10 events):
Event: 1.686 Thread 0x00007f4a34111800 nmethod 18 0x00007f4a3000ba10 code [0x00007f4a3000bb80, 0x00007f4a3000bcd8]
Event: 1.686 Thread 0x00007f4a34111800   19             java.nio.Buffer::nextGetIndex (31 bytes)
Event: 1.687 Thread 0x00007f4a34111800 nmethod 19 0x00007f4a3000b7d0 code [0x00007f4a3000b900, 0x00007f4a3000b978]
Event: 1.687 Thread 0x00007f4a34111800   20             org.lwjgl.MemoryUtil$CharSequenceNT::charAt (28 bytes)
Event: 1.690 Thread 0x00007f4a34111800 nmethod 20 0x00007f4a300097d0 code [0x00007f4a30009920, 0x00007f4a30009a18]
Event: 1.690 Thread 0x00007f4a34111800   21             java.nio.DirectByteBuffer::put (17 bytes)
Event: 1.692 Thread 0x00007f4a34111800 nmethod 21 0x00007f4a30009550 code [0x00007f4a30009680, 0x00007f4a30009718]
Event: 1.692 Thread 0x00007f4a34111800   22             java.nio.Buffer::nextPutIndex (31 bytes)
Event: 1.693 Thread 0x00007f4a34111800 nmethod 22 0x00007f4a3000b590 code [0x00007f4a3000b6c0, 0x00007f4a3000b738]
Event: 1.714 Thread 0x00007f4a3410e800 nmethod 17 0x00007f4a30008950 code [0x00007f4a30008b20, 0x00007f4a30009020]

GC Heap History (0 events):
No events

Deoptimization events (0 events):
No events

Internal exceptions (10 events):
Event: 1.822 Thread 0x00007f4a34009800 Threw 0x00000000ec31e5e0 at /build/buildd/openjdk-7-7u25-2.3.10/build/openjdk/hotspot/src/share/vm/prims/jvm.cpp:1235
Event: 1.823 Thread 0x00007f4a34009800 Threw 0x00000000ec321db0 at /build/buildd/openjdk-7-7u25-2.3.10/build/openjdk/hotspot/src/share/vm/prims/jvm.cpp:1235
Event: 1.827 Thread 0x00007f4a34009800 Threw 0x00000000ec32ecf0 at /build/buildd/openjdk-7-7u25-2.3.10/build/openjdk/hotspot/src/share/vm/prims/jvm.cpp:1235
Event: 1.828 Thread 0x00007f4a34009800 Threw 0x00000000ec3327e8 at /build/buildd/openjdk-7-7u25-2.3.10/build/openjdk/hotspot/src/share/vm/prims/jvm.cpp:1235
Event: 1.833 Thread 0x00007f4a34009800 Threw 0x00000000ec33e6d8 at /build/buildd/openjdk-7-7u25-2.3.10/build/openjdk/hotspot/src/share/vm/prims/jvm.cpp:1235
Event: 1.836 Thread 0x00007f4a34009800 Threw 0x00000000ec347a20 at /build/buildd/openjdk-7-7u25-2.3.10/build/openjdk/hotspot/src/share/vm/prims/jvm.cpp:1235
Event: 1.838 Thread 0x00007f4a34009800 Threw 0x00000000ec34a220 at /build/buildd/openjdk-7-7u25-2.3.10/build/openjdk/hotspot/src/share/vm/prims/jvm.cpp:1235
Event: 1.844 Thread 0x00007f4a34009800 Threw 0x00000000ec369848 at /build/buildd/openjdk-7-7u25-2.3.10/build/openjdk/hotspot/src/share/vm/prims/jvm.cpp:1235
Event: 1.846 Thread 0x00007f4a34009800 Threw 0x00000000ec37c328 at /build/buildd/openjdk-7-7u25-2.3.10/build/openjdk/hotspot/src/share/vm/prims/jvm.cpp:1235
Event: 1.848 Thread 0x00007f4a34009800 Threw 0x00000000ec381650 at /build/buildd/openjdk-7-7u25-2.3.10/build/openjdk/hotspot/src/share/vm/prims/jvm.cpp:1235

Events (10 events):
Event: 1.836 loading class 0x00007f4a34152580
Event: 1.836 loading class 0x00007f4a34152580 done
Event: 1.838 loading class 0x00007f4a3414f7f0
Event: 1.838 loading class 0x00007f4a3414f7f0 done
Event: 1.844 loading class 0x00007f4a34854ef0
Event: 1.844 loading class 0x00007f4a34854ef0 done
Event: 1.846 loading class 0x00007f4a34854e50
Event: 1.846 loading class 0x00007f4a34854e50 done
Event: 1.847 loading class 0x00007f4a34854cf0
Event: 1.847 loading class 0x00007f4a34854cf0 done


Dynamic libraries:
00400000-00401000 r-xp 00000000 07:00 326910                             /usr/lib/jvm/java-7-openjdk-amd64/jre/bin/java
00600000-00601000 r--p 00000000 07:00 326910                             /usr/lib/jvm/java-7-openjdk-amd64/jre/bin/java
00601000-00602000 rw-p 00001000 07:00 326910                             /usr/lib/jvm/java-7-openjdk-amd64/jre/bin/java
01639000-0165a000 rw-p 00000000 00:00 0                                  [heap]
b9200000-ba6c0000 rw-p 00000000 00:00 0 
ba6c0000-c3800000 rw-p 00000000 00:00 0 
c3800000-c6050000 rw-p 00000000 00:00 0 
c6050000-ebd60000 rw-p 00000000 00:00 0 
ebd60000-ed180000 rw-p 00000000 00:00 0 
ed180000-100000000 rw-p 00000000 00:00 0 
7f49e0000000-7f49e0021000 rw-p 00000000 00:00 0 
7f49e0021000-7f49e4000000 ---p 00000000 00:00 0 
7f49e4000000-7f49e4021000 rw-p 00000000 00:00 0 
7f49e4021000-7f49e8000000 ---p 00000000 00:00 0 
7f49e8000000-7f49e8021000 rw-p 00000000 00:00 0 
7f49e8021000-7f49ec000000 ---p 00000000 00:00 0 
7f49eca20000-7f49eda42000 rw-p 00000000 00:00 0 
7f49eda42000-7f49eda73000 r-xp 00000000 07:00 113644                     /usr/lib/x86_64-linux-gnu/libtxc_dxtn_s2tc.so.0.0.0
7f49eda73000-7f49edc72000 ---p 00031000 07:00 113644                     /usr/lib/x86_64-linux-gnu/libtxc_dxtn_s2tc.so.0.0.0
7f49edc72000-7f49edc73000 r--p 00030000 07:00 113644                     /usr/lib/x86_64-linux-gnu/libtxc_dxtn_s2tc.so.0.0.0
7f49edc73000-7f49edc74000 rw-p 00031000 07:00 113644                     /usr/lib/x86_64-linux-gnu/libtxc_dxtn_s2tc.so.0.0.0
7f49edc74000-7f49edcc1000 rw-p 00000000 00:00 0 
7f49edcf5000-7f49edcfd000 r-xp 00000000 07:00 93331                      /usr/lib/x86_64-linux-gnu/libpciaccess.so.0.11.0
7f49edcfd000-7f49edefc000 ---p 00008000 07:00 93331                      /usr/lib/x86_64-linux-gnu/libpciaccess.so.0.11.0
7f49edefc000-7f49edefd000 r--p 00007000 07:00 93331                      /usr/lib/x86_64-linux-gnu/libpciaccess.so.0.11.0
7f49edefd000-7f49edefe000 rw-p 00008000 07:00 93331                      /usr/lib/x86_64-linux-gnu/libpciaccess.so.0.11.0
7f49edefe000-7f49edf1e000 r-xp 00000000 07:00 2456654                    /usr/lib/x86_64-linux-gnu/libdrm_intel.so.1.0.0
7f49edf1e000-7f49ee11d000 ---p 00020000 07:00 2456654                    /usr/lib/x86_64-linux-gnu/libdrm_intel.so.1.0.0
7f49ee11d000-7f49ee11e000 r--p 0001f000 07:00 2456654                    /usr/lib/x86_64-linux-gnu/libdrm_intel.so.1.0.0
7f49ee11e000-7f49ee11f000 rw-p 00020000 07:00 2456654                    /usr/lib/x86_64-linux-gnu/libdrm_intel.so.1.0.0
7f49ee11f000-7f49ee4b4000 r-xp 00000000 07:00 2456728                    /usr/lib/x86_64-linux-gnu/libdricore9.1.7.so.1.0.0
7f49ee4b4000-7f49ee6b3000 ---p 00395000 07:00 2456728                    /usr/lib/x86_64-linux-gnu/libdricore9.1.7.so.1.0.0
7f49ee6b3000-7f49ee6c4000 r--p 00394000 07:00 2456728                    /usr/lib/x86_64-linux-gnu/libdricore9.1.7.so.1.0.0
7f49ee6c4000-7f49ee6cc000 rw-p 003a5000 07:00 2456728                    /usr/lib/x86_64-linux-gnu/libdricore9.1.7.so.1.0.0
7f49ee6cc000-7f49ee6e2000 rw-p 00000000 00:00 0 
7f49ee6e2000-7f49ee7a1000 r-xp 00000000 07:00 1038344                    /usr/lib/x86_64-linux-gnu/dri/i965_dri.so
7f49ee7a1000-7f49ee9a1000 ---p 000bf000 07:00 1038344                    /usr/lib/x86_64-linux-gnu/dri/i965_dri.so
7f49ee9a1000-7f49ee9a4000 r--p 000bf000 07:00 1038344                    /usr/lib/x86_64-linux-gnu/dri/i965_dri.so
7f49ee9a4000-7f49ee9a6000 rw-p 000c2000 07:00 1038344                    /usr/lib/x86_64-linux-gnu/dri/i965_dri.so
7f49ee9a6000-7f49ee9a7000 rw-p 00000000 00:00 0 
7f49ee9a7000-7f49ee9b1000 r-xp 00000000 07:00 2456650                    /usr/lib/x86_64-linux-gnu/libdrm.so.2.4.0
7f49ee9b1000-7f49eebb0000 ---p 0000a000 07:00 2456650                    /usr/lib/x86_64-linux-gnu/libdrm.so.2.4.0
7f49eebb0000-7f49eebb1000 r--p 00009000 07:00 2456650                    /usr/lib/x86_64-linux-gnu/libdrm.so.2.4.0
7f49eebb1000-7f49eebb2000 rw-p 0000a000 07:00 2456650                    /usr/lib/x86_64-linux-gnu/libdrm.so.2.4.0
7f49eebb2000-7f49eebb5000 r-xp 00000000 07:00 113483                     /usr/lib/x86_64-linux-gnu/libxcb-dri2.so.0.0.0
7f49eebb5000-7f49eedb5000 ---p 00003000 07:00 113483                     /usr/lib/x86_64-linux-gnu/libxcb-dri2.so.0.0.0
7f49eedb5000-7f49eedb6000 r--p 00003000 07:00 113483                     /usr/lib/x86_64-linux-gnu/libxcb-dri2.so.0.0.0
7f49eedb6000-7f49eedb7000 rw-p 00004000 07:00 113483                     /usr/lib/x86_64-linux-gnu/libxcb-dri2.so.0.0.0
7f49eedb7000-7f49eedcc000 r-xp 00000000 07:00 93489                      /usr/lib/x86_64-linux-gnu/libxcb-glx.so.0.0.0
7f49eedcc000-7f49eefcb000 ---p 00015000 07:00 93489                      /usr/lib/x86_64-linux-gnu/libxcb-glx.so.0.0.0
7f49eefcb000-7f49eefcd000 r--p 00014000 07:00 93489                      /usr/lib/x86_64-linux-gnu/libxcb-glx.so.0.0.0
7f49eefcd000-7f49eefce000 rw-p 00016000 07:00 93489                      /usr/lib/x86_64-linux-gnu/libxcb-glx.so.0.0.0
7f49eefce000-7f49eefcf000 r-xp 00000000 07:00 2456726                    /usr/lib/x86_64-linux-gnu/libX11-xcb.so.1.0.0
7f49eefcf000-7f49ef1ce000 ---p 00001000 07:00 2456726                    /usr/lib/x86_64-linux-gnu/libX11-xcb.so.1.0.0
7f49ef1ce000-7f49ef1cf000 r--p 00000000 07:00 2456726                    /usr/lib/x86_64-linux-gnu/libX11-xcb.so.1.0.0
7f49ef1cf000-7f49ef1d0000 rw-p 00001000 07:00 2456726                    /usr/lib/x86_64-linux-gnu/libX11-xcb.so.1.0.0
7f49ef1d0000-7f49ef1f1000 r-xp 00000000 07:00 2456733                    /usr/lib/x86_64-linux-gnu/libglapi.so.0.0.0
7f49ef1f1000-7f49ef3f0000 ---p 00021000 07:00 2456733                    /usr/lib/x86_64-linux-gnu/libglapi.so.0.0.0
7f49ef3f0000-7f49ef3f3000 r--p 00020000 07:00 2456733                    /usr/lib/x86_64-linux-gnu/libglapi.so.0.0.0
7f49ef3f3000-7f49ef3f4000 rw-p 00023000 07:00 2456733                    /usr/lib/x86_64-linux-gnu/libglapi.so.0.0.0
7f49ef3f4000-7f49ef3f5000 rw-p 00000000 00:00 0 
7f49ef3f5000-7f49ef451000 r-xp 00000000 07:00 1050626                    /usr/lib/x86_64-linux-gnu/mesa/libGL.so.1.2.0
7f49ef451000-7f49ef651000 ---p 0005c000 07:00 1050626                    /usr/lib/x86_64-linux-gnu/mesa/libGL.so.1.2.0
7f49ef651000-7f49ef653000 r--p 0005c000 07:00 1050626                    /usr/lib/x86_64-linux-gnu/mesa/libGL.so.1.2.0
7f49ef653000-7f49ef654000 rw-p 0005e000 07:00 1050626                    /usr/lib/x86_64-linux-gnu/mesa/libGL.so.1.2.0
7f49ef654000-7f49ef655000 rw-p 00000000 00:00 0 
7f49ef655000-7f49ef659000 r-xp 00000000 07:00 113442                     /usr/lib/x86_64-linux-gnu/libXxf86vm.so.1.0.0
7f49ef659000-7f49ef858000 ---p 00004000 07:00 113442                     /usr/lib/x86_64-linux-gnu/libXxf86vm.so.1.0.0
7f49ef858000-7f49ef859000 r--p 00003000 07:00 113442                     /usr/lib/x86_64-linux-gnu/libXxf86vm.so.1.0.0
7f49ef859000-7f49ef85a000 rw-p 00004000 07:00 113442                     /usr/lib/x86_64-linux-gnu/libXxf86vm.so.1.0.0
7f49ef85a000-7f49ef8c4000 r-xp 00000000 07:00 879650                     /home/andrei/workspace/maslab2014/resources/lwjgl-2.9.0/native/linux/liblwjgl64.so
7f49ef8c4000-7f49efac4000 ---p 0006a000 07:00 879650                     /home/andrei/workspace/maslab2014/resources/lwjgl-2.9.0/native/linux/liblwjgl64.so
7f49efac4000-7f49efac6000 r--p 0006a000 07:00 879650                     /home/andrei/workspace/maslab2014/resources/lwjgl-2.9.0/native/linux/liblwjgl64.so
7f49efac6000-7f49efac7000 rw-p 0006c000 07:00 879650                     /home/andrei/workspace/maslab2014/resources/lwjgl-2.9.0/native/linux/liblwjgl64.so
7f49efac7000-7f49efac8000 r-xp 00000000 07:00 331790                     /usr/lib/jvm/java-7-openjdk-amd64/jre/lib/amd64/libjawt.so
7f49efac8000-7f49efcc7000 ---p 00001000 07:00 331790                     /usr/lib/jvm/java-7-openjdk-amd64/jre/lib/amd64/libjawt.so
7f49efcc7000-7f49efcc8000 r--p 00000000 07:00 331790                     /usr/lib/jvm/java-7-openjdk-amd64/jre/lib/amd64/libjawt.so
7f49efcc8000-7f49efcc9000 rw-p 00001000 07:00 331790                     /usr/lib/jvm/java-7-openjdk-amd64/jre/lib/amd64/libjawt.so
7f49efcc9000-7f49efccc000 ---p 00000000 00:00 0 
7f49efccc000-7f49efdca000 rw-p 00000000 00:00 0                          [stack:20170]
7f49efdca000-7f49efdcd000 ---p 00000000 00:00 0 
7f49efdcd000-7f49efecb000 rw-p 00000000 00:00 0                          [stack:20169]
7f49efecb000-7f49efece000 r-xp 00000000 07:00 234535                     /lib/x86_64-linux-gnu/libgpg-error.so.0.8.0
7f49efece000-7f49f00cd000 ---p 00003000 07:00 234535                     /lib/x86_64-linux-gnu/libgpg-error.so.0.8.0
7f49f00cd000-7f49f00ce000 r--p 00002000 07:00 234535                     /lib/x86_64-linux-gnu/libgpg-error.so.0.8.0
7f49f00ce000-7f49f00cf000 rw-p 00003000 07:00 234535                     /lib/x86_64-linux-gnu/libgpg-error.so.0.8.0
7f49f00cf000-7f49f00d2000 r-xp 00000000 07:00 234587                     /lib/x86_64-linux-gnu/libkeyutils.so.1.4
7f49f00d2000-7f49f02d1000 ---p 00003000 07:00 234587                     /lib/x86_64-linux-gnu/libkeyutils.so.1.4
7f49f02d1000-7f49f02d2000 r--p 00002000 07:00 234587                     /lib/x86_64-linux-gnu/libkeyutils.so.1.4
7f49f02d2000-7f49f02d3000 rw-p 00003000 07:00 234587                     /lib/x86_64-linux-gnu/libkeyutils.so.1.4
7f49f02d3000-7f49f0315000 r-xp 00000000 07:00 234531                     /lib/x86_64-linux-gnu/libdbus-1.so.3.5.8
7f49f0315000-7f49f0515000 ---p 00042000 07:00 234531                     /lib/x86_64-linux-gnu/libdbus-1.so.3.5.8
7f49f0515000-7f49f0516000 r--p 00042000 07:00 234531                     /lib/x86_64-linux-gnu/libdbus-1.so.3.5.8
7f49f0516000-7f49f0517000 rw-p 00043000 07:00 234531                     /lib/x86_64-linux-gnu/libdbus-1.so.3.5.8
7f49f0517000-7f49f0528000 r-xp 00000000 07:00 93612                      /usr/lib/x86_64-linux-gnu/libp11-kit.so.0.0.0
7f49f0528000-7f49f0727000 ---p 00011000 07:00 93612                      /usr/lib/x86_64-linux-gnu/libp11-kit.so.0.0.0
7f49f0727000-7f49f0728000 r--p 00010000 07:00 93612                      /usr/lib/x86_64-linux-gnu/libp11-kit.so.0.0.0
7f49f0728000-7f49f0729000 rw-p 00011000 07:00 93612                      /usr/lib/x86_64-linux-gnu/libp11-kit.so.0.0.0
7f49f0729000-7f49f07a3000 r-xp 00000000 07:00 234507                     /lib/x86_64-linux-gnu/libgcrypt.so.11.7.0
7f49f07a3000-7f49f09a3000 ---p 0007a000 07:00 234507                     /lib/x86_64-linux-gnu/libgcrypt.so.11.7.0
7f49f09a3000-7f49f09a4000 r--p 0007a000 07:00 234507                     /lib/x86_64-linux-gnu/libgcrypt.so.11.7.0
7f49f09a4000-7f49f09a7000 rw-p 0007b000 07:00 234507                     /lib/x86_64-linux-gnu/libgcrypt.so.11.7.0
7f49f09a7000-7f49f09b7000 r-xp 00000000 07:00 113457                     /usr/lib/x86_64-linux-gnu/libtasn1.so.3.1.12
7f49f09b7000-7f49f0bb6000 ---p 00010000 07:00 113457                     /usr/lib/x86_64-linux-gnu/libtasn1.so.3.1.12
7f49f0bb6000-7f49f0bb7000 r--p 0000f000 07:00 113457                     /usr/lib/x86_64-linux-gnu/libtasn1.so.3.1.12
7f49f0bb7000-7f49f0bb8000 rw-p 00010000 07:00 113457                     /usr/lib/x86_64-linux-gnu/libtasn1.so.3.1.12
7f49f0bb8000-7f49f0bbf000 r-xp 00000000 07:00 113515                     /usr/lib/x86_64-linux-gnu/libkrb5support.so.0.1
7f49f0bbf000-7f49f0dbe000 ---p 00007000 07:00 113515                     /usr/lib/x86_64-linux-gnu/libkrb5support.so.0.1
7f49f0dbe000-7f49f0dbf000 r--p 00006000 07:00 113515                     /usr/lib/x86_64-linux-gnu/libkrb5support.so.0.1
7f49f0dbf000-7f49f0dc0000 rw-p 00007000 07:00 113515                     /usr/lib/x86_64-linux-gnu/libkrb5support.so.0.1
7f49f0dc0000-7f49f0dc3000 r-xp 00000000 07:00 234510                     /lib/x86_64-linux-gnu/libcom_err.so.2.1
7f49f0dc3000-7f49f0fc2000 ---p 00003000 07:00 234510                     /lib/x86_64-linux-gnu/libcom_err.so.2.1
7f49f0fc2000-7f49f0fc3000 r--p 00002000 07:00 234510                     /lib/x86_64-linux-gnu/libcom_err.so.2.1
7f49f0fc3000-7f49f0fc4000 rw-p 00003000 07:00 234510                     /lib/x86_64-linux-gnu/libcom_err.so.2.1
7f49f0fc4000-7f49f0fe9000 r-xp 00000000 07:00 93453                      /usr/lib/x86_64-linux-gnu/libk5crypto.so.3.1
7f49f0fe9000-7f49f11e9000 ---p 00025000 07:00 93453                      /usr/lib/x86_64-linux-gnu/libk5crypto.so.3.1
7f49f11e9000-7f49f11ea000 r--p 00025000 07:00 93453                      /usr/lib/x86_64-linux-gnu/libk5crypto.so.3.1
7f49f11ea000-7f49f11eb000 rw-p 00026000 07:00 93453                      /usr/lib/x86_64-linux-gnu/libk5crypto.so.3.1
7f49f11eb000-7f49f11ec000 rw-p 00000000 00:00 0 
7f49f11ec000-7f49f12b0000 r-xp 00000000 07:00 93534                      /usr/lib/x86_64-linux-gnu/libkrb5.so.3.3
7f49f12b0000-7f49f14af000 ---p 000c4000 07:00 93534                      /usr/lib/x86_64-linux-gnu/libkrb5.so.3.3
7f49f14af000-7f49f14b9000 r--p 000c3000 07:00 93534                      /usr/lib/x86_64-linux-gnu/libkrb5.so.3.3
7f49f14b9000-7f49f14ba000 rw-p 000cd000 07:00 93534                      /usr/lib/x86_64-linux-gnu/libkrb5.so.3.3
7f49f14ba000-7f49f14c2000 r-xp 00000000 07:00 113561                     /usr/lib/x86_64-linux-gnu/libxcb-render.so.0.0.0
7f49f14c2000-7f49f16c2000 ---p 00008000 07:00 113561                     /usr/lib/x86_64-linux-gnu/libxcb-render.so.0.0.0
7f49f16c2000-7f49f16c3000 r--p 00008000 07:00 113561                     /usr/lib/x86_64-linux-gnu/libxcb-render.so.0.0.0
7f49f16c3000-7f49f16c4000 rw-p 00009000 07:00 113561                     /usr/lib/x86_64-linux-gnu/libxcb-render.so.0.0.0
7f49f16c4000-7f49f16c6000 r-xp 00000000 07:00 93429                      /usr/lib/x86_64-linux-gnu/libxcb-shm.so.0.0.0
7f49f16c6000-7f49f18c5000 ---p 00002000 07:00 93429                      /usr/lib/x86_64-linux-gnu/libxcb-shm.so.0.0.0
7f49f18c5000-7f49f18c6000 r--p 00001000 07:00 93429                      /usr/lib/x86_64-linux-gnu/libxcb-shm.so.0.0.0
7f49f18c6000-7f49f18c7000 rw-p 00002000 07:00 93429                      /usr/lib/x86_64-linux-gnu/libxcb-shm.so.0.0.0
7f49f18c7000-7f49f18ed000 r-xp 00000000 07:00 234543                     /lib/x86_64-linux-gnu/libpng12.so.0.46.0
7f49f18ed000-7f49f1aed000 ---p 00026000 07:00 234543                     /lib/x86_64-linux-gnu/libpng12.so.0.46.0
7f49f1aed000-7f49f1aee000 r--p 00026000 07:00 234543                     /lib/x86_64-linux-gnu/libpng12.so.0.46.0
7f49f1aee000-7f49f1aef000 rw-p 00027000 07:00 234543                     /lib/x86_64-linux-gnu/libpng12.so.0.46.0
7f49f1aef000-7f49f1b7f000 r-xp 00000000 07:00 2456705                    /usr/lib/x86_64-linux-gnu/libpixman-1.so.0.30.2
7f49f1b7f000-7f49f1d7e000 ---p 00090000 07:00 2456705                    /usr/lib/x86_64-linux-gnu/libpixman-1.so.0.30.2
7f49f1d7e000-7f49f1d85000 r--p 0008f000 07:00 2456705                    /usr/lib/x86_64-linux-gnu/libpixman-1.so.0.30.2
7f49f1d85000-7f49f1d86000 rw-p 00096000 07:00 2456705                    /usr/lib/x86_64-linux-gnu/libpixman-1.so.0.30.2
7f49f1d86000-7f49f1d8b000 r-xp 00000000 07:00 113447                     /usr/lib/x86_64-linux-gnu/libXdmcp.so.6.0.0
7f49f1d8b000-7f49f1f8a000 ---p 00005000 07:00 113447                     /usr/lib/x86_64-linux-gnu/libXdmcp.so.6.0.0
7f49f1f8a000-7f49f1f8b000 r--p 00004000 07:00 113447                     /usr/lib/x86_64-linux-gnu/libXdmcp.so.6.0.0
7f49f1f8b000-7f49f1f8c000 rw-p 00005000 07:00 113447                     /usr/lib/x86_64-linux-gnu/libXdmcp.so.6.0.0
7f49f1f8c000-7f49f1f8e000 r-xp 00000000 07:00 113586                     /usr/lib/x86_64-linux-gnu/libXau.so.6.0.0
7f49f1f8e000-7f49f218d000 ---p 00002000 07:00 113586                     /usr/lib/x86_64-linux-gnu/libXau.so.6.0.0
7f49f218d000-7f49f218e000 r--p 00001000 07:00 113586                     /usr/lib/x86_64-linux-gnu/libXau.so.6.0.0
7f49f218e000-7f49f218f000 rw-p 00002000 07:00 113586                     /usr/lib/x86_64-linux-gnu/libXau.so.6.0.0
7f49f218f000-7f49f219f000 r-xp 00000000 07:00 2456717                    /usr/lib/x86_64-linux-gnu/libavahi-client.so.3.2.9
7f49f219f000-7f49f239e000 ---p 00010000 07:00 2456717                    /usr/lib/x86_64-linux-gnu/libavahi-client.so.3.2.9
7f49f239e000-7f49f239f000 r--p 0000f000 07:00 2456717                    /usr/lib/x86_64-linux-gnu/libavahi-client.so.3.2.9
7f49f239f000-7f49f23a0000 rw-p 00010000 07:00 2456717                    /usr/lib/x86_64-linux-gnu/libavahi-client.so.3.2.9
7f49f23a0000-7f49f23ab000 r-xp 00000000 07:00 2456715                    /usr/lib/x86_64-linux-gnu/libavahi-common.so.3.5.3
7f49f23ab000-7f49f25aa000 ---p 0000b000 07:00 2456715                    /usr/lib/x86_64-linux-gnu/libavahi-common.so.3.5.3
7f49f25aa000-7f49f25ab000 r--p 0000a000 07:00 2456715                    /usr/lib/x86_64-linux-gnu/libavahi-common.so.3.5.3
7f49f25ab000-7f49f25ac000 rw-p 0000b000 07:00 2456715                    /usr/lib/x86_64-linux-gnu/libavahi-common.so.3.5.3
7f49f25ac000-7f49f2660000 r-xp 00000000 07:00 2456685                    /usr/lib/x86_64-linux-gnu/libgnutls.so.26.21.8
7f49f2660000-7f49f2860000 ---p 000b4000 07:00 2456685                    /usr/lib/x86_64-linux-gnu/libgnutls.so.26.21.8
7f49f2860000-7f49f2866000 r--p 000b4000 07:00 2456685                    /usr/lib/x86_64-linux-gnu/libgnutls.so.26.21.8
7f49f2866000-7f49f2867000 rw-p 000ba000 07:00 2456685                    /usr/lib/x86_64-linux-gnu/libgnutls.so.26.21.8
7f49f2867000-7f49f2868000 rw-p 00000000 00:00 0 
7f49f2868000-7f49f28a3000 r-xp 00000000 07:00 113467                     /usr/lib/x86_64-linux-gnu/libgssapi_krb5.so.2.2
7f49f28a3000-7f49f2aa3000 ---p 0003b000 07:00 113467                     /usr/lib/x86_64-linux-gnu/libgssapi_krb5.so.2.2
7f49f2aa3000-7f49f2aa4000 r--p 0003b000 07:00 113467                     /usr/lib/x86_64-linux-gnu/libgssapi_krb5.so.2.2
7f49f2aa4000-7f49f2aa6000 rw-p 0003c000 07:00 113467                     /usr/lib/x86_64-linux-gnu/libgssapi_krb5.so.2.2
7f49f2aa6000-7f49f2ae2000 r-xp 00000000 07:00 234583                     /lib/x86_64-linux-gnu/libpcre.so.3.12.1
7f49f2ae2000-7f49f2ce1000 ---p 0003c000 07:00 234583                     /lib/x86_64-linux-gnu/libpcre.so.3.12.1
7f49f2ce1000-7f49f2ce2000 r--p 0003b000 07:00 234583                     /lib/x86_64-linux-gnu/libpcre.so.3.12.1
7f49f2ce2000-7f49f2ce3000 rw-p 0003c000 07:00 234583                     /lib/x86_64-linux-gnu/libpcre.so.3.12.1
7f49f2ce3000-7f49f2cea000 r-xp 00000000 07:00 93515                      /usr/lib/x86_64-linux-gnu/libffi.so.6.0.0
7f49f2cea000-7f49f2ee9000 ---p 00007000 07:00 93515                      /usr/lib/x86_64-linux-gnu/libffi.so.6.0.0
7f49f2ee9000-7f49f2eea000 r--p 00006000 07:00 93515                      /usr/lib/x86_64-linux-gnu/libffi.so.6.0.0
7f49f2eea000-7f49f2eeb000 rw-p 00007000 07:00 93515                      /usr/lib/x86_64-linux-gnu/libffi.so.6.0.0
7f49f2eeb000-7f49f2f12000 r-xp 00000000 07:00 234562                     /lib/x86_64-linux-gnu/libexpat.so.1.5.2
7f49f2f12000-7f49f3112000 ---p 00027000 07:00 234562                     /lib/x86_64-linux-gnu/libexpat.so.1.5.2
7f49f3112000-7f49f3114000 r--p 00027000 07:00 234562                     /lib/x86_64-linux-gnu/libexpat.so.1.5.2
7f49f3114000-7f49f3115000 rw-p 00029000 07:00 234562                     /lib/x86_64-linux-gnu/libexpat.so.1.5.2
7f49f3115000-7f49f31ab000 r-xp 00000000 07:00 113532                     /usr/lib/x86_64-linux-gnu/libfreetype.so.6.8.0
7f49f31ab000-7f49f33aa000 ---p 00096000 07:00 113532                     /usr/lib/x86_64-linux-gnu/libfreetype.so.6.8.0
7f49f33aa000-7f49f33b0000 r--p 00095000 07:00 113532                     /usr/lib/x86_64-linux-gnu/libfreetype.so.6.8.0
7f49f33b0000-7f49f33b1000 rw-p 0009b000 07:00 113532                     /usr/lib/x86_64-linux-gnu/libfreetype.so.6.8.0
7f49f33b1000-7f49f33c9000 r-xp 00000000 07:00 288829                     /lib/x86_64-linux-gnu/libresolv-2.15.so
7f49f33c9000-7f49f35c9000 ---p 00018000 07:00 288829                     /lib/x86_64-linux-gnu/libresolv-2.15.so
7f49f35c9000-7f49f35ca000 r--p 00018000 07:00 288829                     /lib/x86_64-linux-gnu/libresolv-2.15.so
7f49f35ca000-7f49f35cb000 rw-p 00019000 07:00 288829                     /lib/x86_64-linux-gnu/libresolv-2.15.so
7f49f35cb000-7f49f35cd000 rw-p 00000000 00:00 0 
7f49f35cd000-7f49f35ea000 r-xp 00000000 07:00 234525                     /lib/x86_64-linux-gnu/libselinux.so.1
7f49f35ea000-7f49f37e9000 ---p 0001d000 07:00 234525                     /lib/x86_64-linux-gnu/libselinux.so.1
7f49f37e9000-7f49f37ea000 r--p 0001c000 07:00 234525                     /lib/x86_64-linux-gnu/libselinux.so.1
7f49f37ea000-7f49f37eb000 rw-p 0001d000 07:00 234525                     /lib/x86_64-linux-gnu/libselinux.so.1
7f49f37eb000-7f49f37ec000 rw-p 00000000 00:00 0 
7f49f37ec000-7f49f37ef000 r-xp 00000000 07:00 2456662                    /usr/lib/x86_64-linux-gnu/libgmodule-2.0.so.0.3200.4
7f49f37ef000-7f49f39ee000 ---p 00003000 07:00 2456662                    /usr/lib/x86_64-linux-gnu/libgmodule-2.0.so.0.3200.4
7f49f39ee000-7f49f39ef000 r--p 00002000 07:00 2456662                    /usr/lib/x86_64-linux-gnu/libgmodule-2.0.so.0.3200.4
7f49f39ef000-7f49f39f0000 rw-p 00003000 07:00 2456662                    /usr/lib/x86_64-linux-gnu/libgmodule-2.0.so.0.3200.4
7f49f39f0000-7f49f39f2000 r-xp 00000000 07:00 113493                     /usr/lib/x86_64-linux-gnu/libXdamage.so.1.1.0
7f49f39f2000-7f49f3bf1000 ---p 00002000 07:00 113493                     /usr/lib/x86_64-linux-gnu/libXdamage.so.1.1.0
7f49f3bf1000-7f49f3bf2000 r--p 00001000 07:00 113493                     /usr/lib/x86_64-linux-gnu/libXdamage.so.1.1.0
7f49f3bf2000-7f49f3bf3000 rw-p 00002000 07:00 113493                     /usr/lib/x86_64-linux-gnu/libXdamage.so.1.1.0
7f49f3bf3000-7f49f3bf5000 r-xp 00000000 07:00 93510                      /usr/lib/x86_64-linux-gnu/libXcomposite.so.1.0.0
7f49f3bf5000-7f49f3df4000 ---p 00002000 07:00 93510                      /usr/lib/x86_64-linux-gnu/libXcomposite.so.1.0.0
7f49f3df4000-7f49f3df5000 r--p 00001000 07:00 93510                      /usr/lib/x86_64-linux-gnu/libXcomposite.so.1.0.0
7f49f3df5000-7f49f3df6000 rw-p 00002000 07:00 93510                      /usr/lib/x86_64-linux-gnu/libXcomposite.so.1.0.0
7f49f3df6000-7f49f3dff000 r-xp 00000000 07:00 93479                      /usr/lib/x86_64-linux-gnu/libXcursor.so.1.0.2
7f49f3dff000-7f49f3ffe000 ---p 00009000 07:00 93479                      /usr/lib/x86_64-linux-gnu/libXcursor.so.1.0.2
7f49f3ffe000-7f49f3fff000 r--p 00008000 07:00 93479                      /usr/lib/x86_64-linux-gnu/libXcursor.so.1.0.2
7f49f3fff000-7f49f4000000 rw-p 00009000 07:00 93479                      /usr/lib/x86_64-linux-gnu/libXcursor.so.1.0.2
7f49f4000000-7f49f4021000 rw-p 00000000 00:00 0 
7f49f4021000-7f49f8000000 ---p 00000000 00:00 0 
7f49f8019000-7f49f8020000 r-xp 00000000 07:00 93528                      /usr/lib/x86_64-linux-gnu/libXrandr.so.2.2.0
7f49f8020000-7f49f821f000 ---p 00007000 07:00 93528                      /usr/lib/x86_64-linux-gnu/libXrandr.so.2.2.0
7f49f821f000-7f49f8220000 r--p 00006000 07:00 93528                      /usr/lib/x86_64-linux-gnu/libXrandr.so.2.2.0
7f49f8220000-7f49f8221000 rw-p 00007000 07:00 93528                      /usr/lib/x86_64-linux-gnu/libXrandr.so.2.2.0
7f49f8221000-7f49f8223000 r-xp 00000000 07:00 113624                     /usr/lib/x86_64-linux-gnu/libXinerama.so.1.0.0
7f49f8223000-7f49f8422000 ---p 00002000 07:00 113624                     /usr/lib/x86_64-linux-gnu/libXinerama.so.1.0.0
7f49f8422000-7f49f8423000 r--p 00001000 07:00 113624                     /usr/lib/x86_64-linux-gnu/libXinerama.so.1.0.0
7f49f8423000-7f49f8424000 rw-p 00002000 07:00 113624                     /usr/lib/x86_64-linux-gnu/libXinerama.so.1.0.0
7f49f8424000-7f49f844d000 r-xp 00000000 07:00 93391                      /usr/lib/x86_64-linux-gnu/libpangoft2-1.0.so.0.3000.0
7f49f844d000-7f49f864c000 ---p 00029000 07:00 93391                      /usr/lib/x86_64-linux-gnu/libpangoft2-1.0.so.0.3000.0
7f49f864c000-7f49f864d000 r--p 00028000 07:00 93391                      /usr/lib/x86_64-linux-gnu/libpangoft2-1.0.so.0.3000.0
7f49f864d000-7f49f864e000 rw-p 00029000 07:00 93391                      /usr/lib/x86_64-linux-gnu/libpangoft2-1.0.so.0.3000.0
7f49f864e000-7f49f8707000 r-xp 00000000 07:00 93452                      /usr/lib/x86_64-linux-gnu/libcairo.so.2.11000.2
7f49f8707000-7f49f8906000 ---p 000b9000 07:00 93452                      /usr/lib/x86_64-linux-gnu/libcairo.so.2.11000.2
7f49f8906000-7f49f8908000 r--p 000b8000 07:00 93452                      /usr/lib/x86_64-linux-gnu/libcairo.so.2.11000.2
7f49f8908000-7f49f8909000 rw-p 000ba000 07:00 93452                      /usr/lib/x86_64-linux-gnu/libcairo.so.2.11000.2
7f49f8909000-7f49f890c000 rw-p 00000000 00:00 0 
7f49f890c000-7f49f892b000 r-xp 00000000 07:00 113625                     /usr/lib/x86_64-linux-gnu/libatk-1.0.so.0.20409.1
7f49f892b000-7f49f8b2b000 ---p 0001f000 07:00 113625                     /usr/lib/x86_64-linux-gnu/libatk-1.0.so.0.20409.1
7f49f8b2b000-7f49f8b2d000 r--p 0001f000 07:00 113625                     /usr/lib/x86_64-linux-gnu/libatk-1.0.so.0.20409.1
7f49f8b2d000-7f49f8b2e000 rw-p 00021000 07:00 113625                     /usr/lib/x86_64-linux-gnu/libatk-1.0.so.0.20409.1
7f49f8b2e000-7f49f8b33000 r-xp 00000000 07:00 2456711                    /usr/lib/x86_64-linux-gnu/libXfixes.so.3.1.0
7f49f8b33000-7f49f8d32000 ---p 00005000 07:00 2456711                    /usr/lib/x86_64-linux-gnu/libXfixes.so.3.1.0
7f49f8d32000-7f49f8d33000 r--p 00004000 07:00 2456711                    /usr/lib/x86_64-linux-gnu/libXfixes.so.3.1.0
7f49f8d33000-7f49f8d34000 rw-p 00005000 07:00 2456711                    /usr/lib/x86_64-linux-gnu/libXfixes.so.3.1.0
7f49f8d34000-7f49f8d3f000 r-xp 00000000 07:00 113531                     /usr/lib/x86_64-linux-gnu/libpangocairo-1.0.so.0.3000.0
7f49f8d3f000-7f49f8f3e000 ---p 0000b000 07:00 113531                     /usr/lib/x86_64-linux-gnu/libpangocairo-1.0.so.0.3000.0
7f49f8f3e000-7f49f8f3f000 r--p 0000a000 07:00 113531                     /usr/lib/x86_64-linux-gnu/libpangocairo-1.0.so.0.3000.0
7f49f8f3f000-7f49f8f40000 rw-p 0000b000 07:00 113531                     /usr/lib/x86_64-linux-gnu/libpangocairo-1.0.so.0.3000.0
7f49f8f40000-7f49f8f5d000 r-xp 00000000 07:00 93302                      /usr/lib/x86_64-linux-gnu/libxcb.so.1.1.0
7f49f8f5d000-7f49f915c000 ---p 0001d000 07:00 93302                      /usr/lib/x86_64-linux-gnu/libxcb.so.1.1.0
7f49f915c000-7f49f915d000 r--p 0001c000 07:00 93302                      /usr/lib/x86_64-linux-gnu/libxcb.so.1.1.0
7f49f915d000-7f49f915e000 rw-p 0001d000 07:00 93302                      /usr/lib/x86_64-linux-gnu/libxcb.so.1.1.0
7f49f915e000-7f49f91ae000 r-xp 00000000 07:00 93603                      /usr/lib/x86_64-linux-gnu/libcups.so.2
7f49f91ae000-7f49f93ad000 ---p 00050000 07:00 93603                      /usr/lib/x86_64-linux-gnu/libcups.so.2
7f49f93ad000-7f49f93b1000 r--p 0004f000 07:00 93603                      /usr/lib/x86_64-linux-gnu/libcups.so.2
7f49f93b1000-7f49f93b2000 rw-p 00053000 07:00 93603                      /usr/lib/x86_64-linux-gnu/libcups.so.2
7f49f93b2000-7f49f94a4000 r-xp 00000000 07:00 234519                     /lib/x86_64-linux-gnu/libglib-2.0.so.0.3200.4
7f49f94a4000-7f49f96a4000 ---p 000f2000 07:00 234519                     /lib/x86_64-linux-gnu/libglib-2.0.so.0.3200.4
7f49f96a4000-7f49f96a5000 r--p 000f2000 07:00 234519                     /lib/x86_64-linux-gnu/libglib-2.0.so.0.3200.4
7f49f96a5000-7f49f96a6000 rw-p 000f3000 07:00 234519                     /lib/x86_64-linux-gnu/libglib-2.0.so.0.3200.4
7f49f96a6000-7f49f96a7000 rw-p 00000000 00:00 0 
7f49f96a7000-7f49f96a8000 r-xp 00000000 07:00 2456664                    /usr/lib/x86_64-linux-gnu/libgthread-2.0.so.0.3200.4
7f49f96a8000-7f49f98a7000 ---p 00001000 07:00 2456664                    /usr/lib/x86_64-linux-gnu/libgthread-2.0.so.0.3200.4
7f49f98a7000-7f49f98a8000 r--p 00000000 07:00 2456664                    /usr/lib/x86_64-linux-gnu/libgthread-2.0.so.0.3200.4
7f49f98a8000-7f49f98a9000 rw-p 00001000 07:00 2456664                    /usr/lib/x86_64-linux-gnu/libgthread-2.0.so.0.3200.4
7f49f98a9000-7f49f98f6000 r-xp 00000000 07:00 2456668                    /usr/lib/x86_64-linux-gnu/libgobject-2.0.so.0.3200.4
7f49f98f6000-7f49f9af6000 ---p 0004d000 07:00 2456668                    /usr/lib/x86_64-linux-gnu/libgobject-2.0.so.0.3200.4
7f49f9af6000-7f49f9af7000 r--p 0004d000 07:00 2456668                    /usr/lib/x86_64-linux-gnu/libgobject-2.0.so.0.3200.4
7f49f9af7000-7f49f9af8000 rw-p 0004e000 07:00 2456668                    /usr/lib/x86_64-linux-gnu/libgobject-2.0.so.0.3200.4
7f49f9af8000-7f49f9b2c000 r-xp 00000000 07:00 93287                      /usr/lib/x86_64-linux-gnu/libfontconfig.so.1.4.4
7f49f9b2c000-7f49f9d2c000 ---p 00034000 07:00 93287                      /usr/lib/x86_64-linux-gnu/libfontconfig.so.1.4.4
7f49f9d2c000-7f49f9d2d000 r--p 00034000 07:00 93287                      /usr/lib/x86_64-linux-gnu/libfontconfig.so.1.4.4
7f49f9d2d000-7f49f9d2e000 rw-p 00035000 07:00 93287                      /usr/lib/x86_64-linux-gnu/libfontconfig.so.1.4.4
7f49f9d2e000-7f49f9d74000 r-xp 00000000 07:00 113642                     /usr/lib/x86_64-linux-gnu/libpango-1.0.so.0.3000.0
7f49f9d74000-7f49f9f74000 ---p 00046000 07:00 113642                     /usr/lib/x86_64-linux-gnu/libpango-1.0.so.0.3000.0
7f49f9f74000-7f49f9f76000 r--p 00046000 07:00 113642                     /usr/lib/x86_64-linux-gnu/libpango-1.0.so.0.3000.0
7f49f9f76000-7f49f9f77000 rw-p 00048000 07:00 113642                     /usr/lib/x86_64-linux-gnu/libpango-1.0.so.0.3000.0
7f49f9f77000-7f49f9f95000 r-xp 00000000 07:00 93419                      /usr/lib/x86_64-linux-gnu/libgdk_pixbuf-2.0.so.0.2600.1
7f49f9f95000-7f49fa195000 ---p 0001e000 07:00 93419                      /usr/lib/x86_64-linux-gnu/libgdk_pixbuf-2.0.so.0.2600.1
7f49fa195000-7f49fa196000 r--p 0001e000 07:00 93419                      /usr/lib/x86_64-linux-gnu/libgdk_pixbuf-2.0.so.0.2600.1
7f49fa196000-7f49fa197000 rw-p 0001f000 07:00 93419                      /usr/lib/x86_64-linux-gnu/libgdk_pixbuf-2.0.so.0.2600.1
7f49fa197000-7f49fa2df000 r-xp 00000000 07:00 2456666                    /usr/lib/x86_64-linux-gnu/libgio-2.0.so.0.3200.4
7f49fa2df000-7f49fa4de000 ---p 00148000 07:00 2456666                    /usr/lib/x86_64-linux-gnu/libgio-2.0.so.0.3200.4
7f49fa4de000-7f49fa4e2000 r--p 00147000 07:00 2456666                    /usr/lib/x86_64-linux-gnu/libgio-2.0.so.0.3200.4
7f49fa4e2000-7f49fa4e4000 rw-p 0014b000 07:00 2456666                    /usr/lib/x86_64-linux-gnu/libgio-2.0.so.0.3200.4
7f49fa4e4000-7f49fa4e6000 rw-p 00000000 00:00 0 
7f49fa4e6000-7f49fa593000 r-xp 00000000 07:00 93263                      /usr/lib/x86_64-linux-gnu/libgdk-x11-2.0.so.0.2400.10
7f49fa593000-7f49fa792000 ---p 000ad000 07:00 93263                      /usr/lib/x86_64-linux-gnu/libgdk-x11-2.0.so.0.2400.10
7f49fa792000-7f49fa796000 r--p 000ac000 07:00 93263                      /usr/lib/x86_64-linux-gnu/libgdk-x11-2.0.so.0.2400.10
7f49fa796000-7f49fa798000 rw-p 000b0000 07:00 93263                      /usr/lib/x86_64-linux-gnu/libgdk-x11-2.0.so.0.2400.10
7f49fa798000-7f49fabc5000 r-xp 00000000 07:00 113497                     /usr/lib/x86_64-linux-gnu/libgtk-x11-2.0.so.0.2400.10
7f49fabc5000-7f49fadc5000 ---p 0042d000 07:00 113497                     /usr/lib/x86_64-linux-gnu/libgtk-x11-2.0.so.0.2400.10
7f49fadc5000-7f49fadcc000 r--p 0042d000 07:00 113497                     /usr/lib/x86_64-linux-gnu/libgtk-x11-2.0.so.0.2400.10
7f49fadcc000-7f49fadd0000 rw-p 00434000 07:00 113497                     /usr/lib/x86_64-linux-gnu/libgtk-x11-2.0.so.0.2400.10
7f49fadd0000-7f49fadd2000 rw-p 00000000 00:00 0 
7f49fadd2000-7f49fade1000 r-xp 00000000 07:00 2456719                    /usr/lib/x86_64-linux-gnu/libXi.so.6.1.0
7f49fade1000-7f49fafe0000 ---p 0000f000 07:00 2456719                    /usr/lib/x86_64-linux-gnu/libXi.so.6.1.0
7f49fafe0000-7f49fafe1000 r--p 0000e000 07:00 2456719                    /usr/lib/x86_64-linux-gnu/libXi.so.6.1.0
7f49fafe1000-7f49fafe2000 rw-p 0000f000 07:00 2456719                    /usr/lib/x86_64-linux-gnu/libXi.so.6.1.0
7f49fafe2000-7f49fafe7000 r-xp 00000000 07:00 93540                      /usr/lib/x86_64-linux-gnu/libXtst.so.6.1.0
7f49fafe7000-7f49fb1e6000 ---p 00005000 07:00 93540                      /usr/lib/x86_64-linux-gnu/libXtst.so.6.1.0
7f49fb1e6000-7f49fb1e7000 r--p 00004000 07:00 93540                      /usr/lib/x86_64-linux-gnu/libXtst.so.6.1.0
7f49fb1e7000-7f49fb1e8000 rw-p 00005000 07:00 93540                      /usr/lib/x86_64-linux-gnu/libXtst.so.6.1.0
7f49fb1e8000-7f49fb1f1000 r-xp 00000000 07:00 93266                      /usr/lib/x86_64-linux-gnu/libXrender.so.1.3.0
7f49fb1f1000-7f49fb3f0000 ---p 00009000 07:00 93266                      /usr/lib/x86_64-linux-gnu/libXrender.so.1.3.0
7f49fb3f0000-7f49fb3f1000 r--p 00008000 07:00 93266                      /usr/lib/x86_64-linux-gnu/libXrender.so.1.3.0
7f49fb3f1000-7f49fb3f2000 rw-p 00009000 07:00 93266                      /usr/lib/x86_64-linux-gnu/libXrender.so.1.3.0
7f49fb3f2000-7f49fb522000 r-xp 00000000 07:00 2456577                    /usr/lib/x86_64-linux-gnu/libX11.so.6.3.0
7f49fb522000-7f49fb722000 ---p 00130000 07:00 2456577                    /usr/lib/x86_64-linux-gnu/libX11.so.6.3.0
7f49fb722000-7f49fb723000 r--p 00130000 07:00 2456577                    /usr/lib/x86_64-linux-gnu/libX11.so.6.3.0
7f49fb723000-7f49fb727000 rw-p 00131000 07:00 2456577                    /usr/lib/x86_64-linux-gnu/libX11.so.6.3.0
7f49fb727000-7f49fb737000 r-xp 00000000 07:00 93461                      /usr/lib/x86_64-linux-gnu/libXext.so.6.4.0
7f49fb737000-7f49fb936000 ---p 00010000 07:00 93461                      /usr/lib/x86_64-linux-gnu/libXext.so.6.4.0
7f49fb936000-7f49fb937000 r--p 0000f000 07:00 93461                      /usr/lib/x86_64-linux-gnu/libXext.so.6.4.0
7f49fb937000-7f49fb938000 rw-p 00010000 07:00 93461                      /usr/lib/x86_64-linux-gnu/libXext.so.6.4.0
7f49fb938000-7f49fb98a000 r-xp 00000000 07:00 334917                     /usr/lib/jvm/java-7-openjdk-amd64/jre/lib/amd64/xawt/libmawt.so
7f49fb98a000-7f49fbb8a000 ---p 00052000 07:00 334917                     /usr/lib/jvm/java-7-openjdk-amd64/jre/lib/amd64/xawt/libmawt.so
7f49fbb8a000-7f49fbb8b000 r--p 00052000 07:00 334917                     /usr/lib/jvm/java-7-openjdk-amd64/jre/lib/amd64/xawt/libmawt.so
7f49fbb8b000-7f49fbb8e000 rw-p 00053000 07:00 334917                     /usr/lib/jvm/java-7-openjdk-amd64/jre/lib/amd64/xawt/libmawt.so
7f49fbb8e000-7f49fbb8f000 rw-p 00000000 00:00 0 
7f49fbb8f000-7f49fbdf5000 r-xp 00000000 07:00 1634305                    /home/andrei/Downloads/opencv-2.4.8/build/lib/libopencv_ocl.so.2.4.8
7f49fbdf5000-7f49fbff5000 ---p 00266000 07:00 1634305                    /home/andrei/Downloads/opencv-2.4.8/build/lib/libopencv_ocl.so.2.4.8
7f49fbff5000-7f49fbff8000 r--p 00266000 07:00 1634305                    /home/andrei/Downloads/opencv-2.4.8/build/lib/libopencv_ocl.so.2.4.8
7f49fbff8000-7f49fbffe000 rw-p 00269000 07:00 1634305                    /home/andrei/Downloads/opencv-2.4.8/build/lib/libopencv_ocl.so.2.4.8
7f49fbffe000-7f49fc000000 rw-p 00000000 00:00 0 
7f49fc000000-7f49fc10c000 rw-p 00000000 00:00 0 
7f49fc10c000-7f4a00000000 ---p 00000000 00:00 0 
7f4a00000000-7f4a00021000 rw-p 00000000 00:00 0 
7f4a00021000-7f4a04000000 ---p 00000000 00:00 0 
7f4a04000000-7f4a04021000 rw-p 00000000 00:00 0 
7f4a04021000-7f4a08000000 ---p 00000000 00:00 0 
7f4a08000000-7f4a08124000 rw-p 00000000 00:00 0 
7f4a08124000-7f4a0c000000 ---p 00000000 00:00 0 
7f4a0c000000-7f4a0c021000 rw-p 00000000 00:00 0 
7f4a0c021000-7f4a10000000 ---p 00000000 00:00 0 
7f4a10000000-7f4a10021000 rw-p 00000000 00:00 0 
7f4a10021000-7f4a14000000 ---p 00000000 00:00 0 
7f4a14000000-7f4a14021000 rw-p 00000000 00:00 0 
7f4a14021000-7f4a18000000 ---p 00000000 00:00 0 
7f4a18000000-7f4a18021000 rw-p 00000000 00:00 0 
7f4a18021000-7f4a1c000000 ---p 00000000 00:00 0 
7f4a1c0ad000-7f4a1c150000 r-xp 00000000 07:00 331786                     /usr/lib/jvm/java-7-openjdk-amd64/jre/lib/amd64/libawt.so
7f4a1c150000-7f4a1c34f000 ---p 000a3000 07:00 331786                     /usr/lib/jvm/java-7-openjdk-amd64/jre/lib/amd64/libawt.so
7f4a1c34f000-7f4a1c350000 r--p 000a2000 07:00 331786                     /usr/lib/jvm/java-7-openjdk-amd64/jre/lib/amd64/libawt.so
7f4a1c350000-7f4a1c35b000 rw-p 000a3000 07:00 331786                     /usr/lib/jvm/java-7-openjdk-amd64/jre/lib/amd64/libawt.so
7f4a1c35b000-7f4a1c380000 rw-p 00000000 00:00 0 
7f4a1c462000-7f4a1c552000 r-xp 00000000 07:00 453169                     /home/andrei/Downloads/opencv-2.4.8/build/lib/libopencv_flann.so.2.4.8
7f4a1c552000-7f4a1c752000 ---p 000f0000 07:00 453169                     /home/andrei/Downloads/opencv-2.4.8/build/lib/libopencv_flann.so.2.4.8
7f4a1c752000-7f4a1c755000 r--p 000f0000 07:00 453169                     /home/andrei/Downloads/opencv-2.4.8/build/lib/libopencv_flann.so.2.4.8
7f4a1c755000-7f4a1c75a000 rw-p 000f3000 07:00 453169                     /home/andrei/Downloads/opencv-2.4.8/build/lib/libopencv_flann.so.2.4.8
7f4a1c75a000-7f4a1c8e6000 r-xp 00000000 07:00 1634327                    /home/andrei/Downloads/opencv-2.4.8/build/lib/libopencv_contrib.so.2.4.8
7f4a1c8e6000-7f4a1cae5000 ---p 0018c000 07:00 1634327                    /home/andrei/Downloads/opencv-2.4.8/build/lib/libopencv_contrib.so.2.4.8
7f4a1cae5000-7f4a1cae7000 r--p 0018b000 07:00 1634327                    /home/andrei/Downloads/opencv-2.4.8/build/lib/libopencv_contrib.so.2.4.8
7f4a1cae7000-7f4a1caef000 rw-p 0018d000 07:00 1634327                    /home/andrei/Downloads/opencv-2.4.8/build/lib/libopencv_contrib.so.2.4.8
7f4a1caef000-7f4a1caf0000 rw-p 00000000 00:00 0 
7f4a1caf0000-7f4a1cb3d000 r-xp 00000000 07:00 1634321                    /home/andrei/Downloads/opencv-2.4.8/build/lib/libopencv_nonfree.so.2.4.8
7f4a1cb3d000-7f4a1cd3d000 ---p 0004d000 07:00 1634321                    /home/andrei/Downloads/opencv-2.4.8/build/lib/libopencv_nonfree.so.2.4.8
7f4a1cd3d000-7f4a1cd3e000 r--p 0004d000 07:00 1634321                    /home/andrei/Downloads/opencv-2.4.8/build/lib/libopencv_nonfree.so.2.4.8
7f4a1cd3e000-7f4a1cd40000 rw-p 0004e000 07:00 1634321                    /home/andrei/Downloads/opencv-2.4.8/build/lib/libopencv_nonfree.so.2.4.8
7f4a1cd40000-7f4a1cd69000 r-xp 00000000 07:00 453178                     /home/andrei/Downloads/opencv-2.4.8/build/lib/libopencv_photo.so.2.4.8
7f4a1cd69000-7f4a1cf69000 ---p 00029000 07:00 453178                     /home/andrei/Downloads/opencv-2.4.8/build/lib/libopencv_photo.so.2.4.8
7f4a1cf69000-7f4a1cf6a000 r--p 00029000 07:00 453178                     /home/andrei/Downloads/opencv-2.4.8/build/lib/libopencv_photo.so.2.4.8
7f4a1cf6a000-7f4a1cf6b000 rw-p 0002a000 07:00 453178                     /home/andrei/Downloads/opencv-2.4.8/build/lib/libopencv_photo.so.2.4.8
7f4a1cf6b000-7f4a1d092000 r-xp 00000000 07:00 453187                     /home/andrei/Downloads/opencv-2.4.8/build/lib/libopencv_objdetect.so.2.4.8
7f4a1d092000-7f4a1d292000 ---p 00127000 07:00 453187                     /home/andrei/Downloads/opencv-2.4.8/build/lib/libopencv_objdetect.so.2.4.8
7f4a1d292000-7f4a1d293000 r--p 00127000 07:00 453187                     /home/andrei/Downloads/opencv-2.4.8/build/lib/libopencv_objdetect.so.2.4.8
7f4a1d293000-7f4a1d29a000 rw-p 00128000 07:00 453187                     /home/andrei/Downloads/opencv-2.4.8/build/lib/libopencv_objdetect.so.2.4.8
7f4a1d29a000-7f4a1d2f6000 r-xp 00000000 07:00 453175                     /home/andrei/Downloads/opencv-2.4.8/build/lib/libopencv_video.so.2.4.8
7f4a1d2f6000-7f4a1d4f5000 ---p 0005c000 07:00 453175                     /home/andrei/Downloads/opencv-2.4.8/build/lib/libopencv_video.so.2.4.8
7f4a1d4f5000-7f4a1d4f6000 r--p 0005b000 07:00 453175                     /home/andrei/Downloads/opencv-2.4.8/build/lib/libopencv_video.so.2.4.8
7f4a1d4f6000-7f4a1d4f8000 rw-p 0005c000 07:00 453175                     /home/andrei/Downloads/opencv-2.4.8/build/lib/libopencv_video.so.2.4.8
7f4a1d4f8000-7f4a1d59a000 r-xp 00000000 07:00 452858                     /home/andrei/Downloads/opencv-2.4.8/build/lib/libopencv_ml.so.2.4.8
7f4a1d59a000-7f4a1d79a000 ---p 000a2000 07:00 452858                     /home/andrei/Downloads/opencv-2.4.8/build/lib/libopencv_ml.so.2.4.8
7f4a1d79a000-7f4a1d79c000 r--p 000a2000 07:00 452858                     /home/andrei/Downloads/opencv-2.4.8/build/lib/libopencv_ml.so.2.4.8
7f4a1d79c000-7f4a1d79e000 rw-p 000a4000 07:00 452858                     /home/andrei/Downloads/opencv-2.4.8/build/lib/libopencv_ml.so.2.4.8
7f4a1d79e000-7f4a1d8a2000 r-xp 00000000 07:00 452813                     /home/andrei/Downloads/opencv-2.4.8/build/lib/libopencv_calib3d.so.2.4.8
7f4a1d8a2000-7f4a1daa1000 ---p 00104000 07:00 452813                     /home/andrei/Downloads/opencv-2.4.8/build/lib/libopencv_calib3d.so.2.4.8
7f4a1daa1000-7f4a1daa2000 r--p 00103000 07:00 452813                     /home/andrei/Downloads/opencv-2.4.8/build/lib/libopencv_calib3d.so.2.4.8
7f4a1daa2000-7f4a1daa7000 rw-p 00104000 07:00 452813                     /home/andrei/Downloads/opencv-2.4.8/build/lib/libopencv_calib3d.so.2.4.8
7f4a1daa7000-7f4a1dbc9000 r-xp 00000000 07:00 453184                     /home/andrei/Downloads/opencv-2.4.8/build/lib/libopencv_features2d.so.2.4.8
7f4a1dbc9000-7f4a1ddc8000 ---p 00122000 07:00 453184                     /home/andrei/Downloads/opencv-2.4.8/build/lib/libopencv_features2d.so.2.4.8
7f4a1ddc8000-7f4a1ddcc000 r--p 00121000 07:00 453184                     /home/andrei/Downloads/opencv-2.4.8/build/lib/libopencv_features2d.so.2.4.8
7f4a1ddcc000-7f4a1ddd4000 rw-p 00125000 07:00 453184                     /home/andrei/Downloads/opencv-2.4.8/build/lib/libopencv_features2d.so.2.4.8
7f4a1ddd4000-7f4a1e074000 r-xp 00000000 07:00 453181                     /home/andrei/Downloads/opencv-2.4.8/build/lib/libopencv_highgui.so.2.4.8
7f4a1e074000-7f4a1e273000 ---p 002a0000 07:00 453181                     /home/andrei/Downloads/opencv-2.4.8/build/lib/libopencv_highgui.so.2.4.8
7f4a1e273000-7f4a1e27b000 r--p 0029f000 07:00 453181                     /home/andrei/Downloads/opencv-2.4.8/build/lib/libopencv_highgui.so.2.4.8
7f4a1e27b000-7f4a1e287000 rw-p 002a7000 07:00 453181                     /home/andrei/Downloads/opencv-2.4.8/build/lib/libopencv_highgui.so.2.4.8
7f4a1e287000-7f4a1e28f000 rw-p 00000000 00:00 0 
7f4a1e28f000-7f4a1e585000 r-xp 00000000 07:00 453172                     /home/andrei/Downloads/opencv-2.4.8/build/lib/libopencv_imgproc.so.2.4.8
7f4a1e585000-7f4a1e785000 ---p 002f6000 07:00 453172                     /home/andrei/Downloads/opencv-2.4.8/build/lib/libopencv_imgproc.so.2.4.8
7f4a1e785000-7f4a1e78c000 r--p 002f6000 07:00 453172                     /home/andrei/Downloads/opencv-2.4.8/build/lib/libopencv_imgproc.so.2.4.8
7f4a1e78c000-7f4a1e793000 rw-p 002fd000 07:00 453172                     /home/andrei/Downloads/opencv-2.4.8/build/lib/libopencv_imgproc.so.2.4.8
7f4a1e793000-7f4a1e828000 rw-p 00000000 00:00 0 
7f4a1e828000-7f4a1eb45000 r-xp 00000000 07:00 453159                     /home/andrei/Downloads/opencv-2.4.8/build/lib/libopencv_core.so.2.4.8
7f4a1eb45000-7f4a1ed44000 ---p 0031d000 07:00 453159                     /home/andrei/Downloads/opencv-2.4.8/build/lib/libopencv_core.so.2.4.8
7f4a1ed44000-7f4a1ed47000 r--p 0031c000 07:00 453159                     /home/andrei/Downloads/opencv-2.4.8/build/lib/libopencv_core.so.2.4.8
7f4a1ed47000-7f4a1ed56000 rw-p 0031f000 07:00 453159                     /home/andrei/Downloads/opencv-2.4.8/build/lib/libopencv_core.so.2.4.8
7f4a1ed56000-7f4a1ed58000 rw-p 00000000 00:00 0 
7f4a1ed58000-7f4a1ee64000 r-xp 00000000 07:00 1636432                    /home/andrei/Downloads/opencv-2.4.8/build/lib/libopencv_java248.so
7f4a1ee64000-7f4a1f063000 ---p 0010c000 07:00 1636432                    /home/andrei/Downloads/opencv-2.4.8/build/lib/libopencv_java248.so
7f4a1f063000-7f4a1f064000 r--p 0010b000 07:00 1636432                    /home/andrei/Downloads/opencv-2.4.8/build/lib/libopencv_java248.so
7f4a1f064000-7f4a1f069000 rw-p 0010c000 07:00 1636432                    /home/andrei/Downloads/opencv-2.4.8/build/lib/libopencv_java248.so
7f4a1f069000-7f4a1f06a000 ---p 00000000 00:00 0 
7f4a1f06a000-7f4a1f16a000 rw-p 00000000 00:00 0                          [stack:20168]
7f4a1f16a000-7f4a1f16d000 ---p 00000000 00:00 0 
7f4a1f16d000-7f4a1f26b000 rw-p 00000000 00:00 0                          [stack:20167]
7f4a1f26b000-7f4a1f26e000 ---p 00000000 00:00 0 
7f4a1f26e000-7f4a1f36c000 rw-p 00000000 00:00 0                          [stack:20166]
7f4a1f36c000-7f4a1f36f000 ---p 00000000 00:00 0 
7f4a1f36f000-7f4a1f46d000 rw-p 00000000 00:00 0                          [stack:20165]
7f4a1f46d000-7f4a1f470000 ---p 00000000 00:00 0 
7f4a1f470000-7f4a1f56e000 rw-p 00000000 00:00 0                          [stack:20164]
7f4a1f56e000-7f4a1f6f7000 r--p 00000000 07:00 2282497                    /usr/lib/locale/locale-archive
7f4a1f6f7000-7f4a1f6fa000 ---p 00000000 00:00 0 
7f4a1f6fa000-7f4a1f7f8000 rw-p 00000000 00:00 0                          [stack:20163]
7f4a1f7f8000-7f4a1f7fb000 ---p 00000000 00:00 0 
7f4a1f7fb000-7f4a1f8f9000 rw-p 00000000 00:00 0                          [stack:20162]
7f4a1f8f9000-7f4a1f8fa000 ---p 00000000 00:00 0 
7f4a1f8fa000-7f4a20000000 rw-p 00000000 00:00 0                          [stack:20161]
7f4a20000000-7f4a20021000 rw-p 00000000 00:00 0 
7f4a20021000-7f4a24000000 ---p 00000000 00:00 0 
7f4a24000000-7f4a24021000 rw-p 00000000 00:00 0 
7f4a24021000-7f4a28000000 ---p 00000000 00:00 0 
7f4a28000000-7f4a28021000 rw-p 00000000 00:00 0 
7f4a28021000-7f4a2c000000 ---p 00000000 00:00 0 
7f4a2c008000-7f4a2c009000 rw-s 00000000 00:04 116477                     /drm mm object (deleted)
7f4a2c009000-7f4a2c00a000 rw-s 00000000 00:04 121209                     /drm mm object (deleted)
7f4a2c00a000-7f4a2c00b000 rwxp 00000000 00:00 0 
7f4a2c00b000-7f4a2c012000 r--s 00000000 07:00 906428                     /usr/lib/x86_64-linux-gnu/gconv/gconv-modules.cache
7f4a2c012000-7f4a2c016000 r--s 00027000 07:00 876756                     /home/andrei/workspace/maslab2014/resources/lwjgl-2.9.0/jar/lwjgl_util.jar
7f4a2c016000-7f4a2c019000 ---p 00000000 00:00 0 
7f4a2c019000-7f4a2c03e000 rw-p 00000000 00:00 0                          [stack:20172]
7f4a2c03e000-7f4a2c047000 r--s 000bc000 07:00 324649                     /usr/lib/jvm/java-7-openjdk-common/jre/lib/resources.jar
7f4a2c047000-7f4a2c054000 r--s 000e6000 07:00 876754                     /home/andrei/workspace/maslab2014/resources/lwjgl-2.9.0/jar/lwjgl.jar
7f4a2c054000-7f4a2c05b000 r--s 00030000 07:00 9952                       /usr/share/java/junit4-4.8.2.jar
7f4a2c05b000-7f4a2ca00000 rw-p 00000000 00:00 0 
7f4a2ca00000-7f4a2cbad000 r--s 01cec000 07:00 326944                     /usr/lib/jvm/java-7-openjdk-amd64/jre/lib/rt.jar
7f4a2cbad000-7f4a2f7f9000 rw-p 00000000 00:00 0 
7f4a2f7f9000-7f4a2f7fa000 ---p 00000000 00:00 0 
7f4a2f7fa000-7f4a2f8fa000 rw-p 00000000 00:00 0                          [stack:20157]
7f4a2f8fa000-7f4a2f8fb000 ---p 00000000 00:00 0 
7f4a2f8fb000-7f4a2f9fb000 rw-p 00000000 00:00 0                          [stack:20156]
7f4a2f9fb000-7f4a2f9fc000 ---p 00000000 00:00 0 
7f4a2f9fc000-7f4a2fafc000 rw-p 00000000 00:00 0                          [stack:20155]
7f4a2fafc000-7f4a2fafd000 ---p 00000000 00:00 0 
7f4a2fafd000-7f4a2fc12000 rw-p 00000000 00:00 0                          [stack:20154]
7f4a2fc12000-7f4a2fd40000 rw-p 00000000 00:00 0 
7f4a2fd40000-7f4a2fd4b000 rw-p 00000000 00:00 0 
7f4a2fd4b000-7f4a2fd93000 rw-p 00000000 00:00 0 
7f4a2fd93000-7f4a2fda8000 rw-p 00000000 00:00 0 
7f4a2fda8000-7f4a2fed5000 rw-p 00000000 00:00 0 
7f4a2fed5000-7f4a2fee0000 rw-p 00000000 00:00 0 
7f4a2fee0000-7f4a2ff77000 rw-p 00000000 00:00 0 
7f4a2ff77000-7f4a2ff78000 rw-p 00000000 00:00 0 
7f4a2ff78000-7f4a301e8000 rwxp 00000000 00:00 0 
7f4a301e8000-7f4a32f78000 rw-p 00000000 00:00 0 
7f4a32f78000-7f4a32f80000 r-xp 00000000 07:00 331788                     /usr/lib/jvm/java-7-openjdk-amd64/jre/lib/amd64/libzip.so
7f4a32f80000-7f4a3317f000 ---p 00008000 07:00 331788                     /usr/lib/jvm/java-7-openjdk-amd64/jre/lib/amd64/libzip.so
7f4a3317f000-7f4a33180000 r--p 00007000 07:00 331788                     /usr/lib/jvm/java-7-openjdk-amd64/jre/lib/amd64/libzip.so
7f4a33180000-7f4a33181000 rw-p 00008000 07:00 331788                     /usr/lib/jvm/java-7-openjdk-amd64/jre/lib/amd64/libzip.so
7f4a33181000-7f4a3318d000 r-xp 00000000 07:00 288828                     /lib/x86_64-linux-gnu/libnss_files-2.15.so
7f4a3318d000-7f4a3338c000 ---p 0000c000 07:00 288828                     /lib/x86_64-linux-gnu/libnss_files-2.15.so
7f4a3338c000-7f4a3338d000 r--p 0000b000 07:00 288828                     /lib/x86_64-linux-gnu/libnss_files-2.15.so
7f4a3338d000-7f4a3338e000 rw-p 0000c000 07:00 288828                     /lib/x86_64-linux-gnu/libnss_files-2.15.so
7f4a3338e000-7f4a33398000 r-xp 00000000 07:00 288832                     /lib/x86_64-linux-gnu/libnss_nis-2.15.so
7f4a33398000-7f4a33598000 ---p 0000a000 07:00 288832                     /lib/x86_64-linux-gnu/libnss_nis-2.15.so
7f4a33598000-7f4a33599000 r--p 0000a000 07:00 288832                     /lib/x86_64-linux-gnu/libnss_nis-2.15.so
7f4a33599000-7f4a3359a000 rw-p 0000b000 07:00 288832                     /lib/x86_64-linux-gnu/libnss_nis-2.15.so
7f4a3359a000-7f4a335b1000 r-xp 00000000 07:00 288844                     /lib/x86_64-linux-gnu/libnsl-2.15.so
7f4a335b1000-7f4a337b0000 ---p 00017000 07:00 288844                     /lib/x86_64-linux-gnu/libnsl-2.15.so
7f4a337b0000-7f4a337b1000 r--p 00016000 07:00 288844                     /lib/x86_64-linux-gnu/libnsl-2.15.so
7f4a337b1000-7f4a337b2000 rw-p 00017000 07:00 288844                     /lib/x86_64-linux-gnu/libnsl-2.15.so
7f4a337b2000-7f4a337b4000 rw-p 00000000 00:00 0 
7f4a337b4000-7f4a337bc000 r-xp 00000000 07:00 288826                     /lib/x86_64-linux-gnu/libnss_compat-2.15.so
7f4a337bc000-7f4a339bb000 ---p 00008000 07:00 288826                     /lib/x86_64-linux-gnu/libnss_compat-2.15.so
7f4a339bb000-7f4a339bc000 r--p 00007000 07:00 288826                     /lib/x86_64-linux-gnu/libnss_compat-2.15.so
7f4a339bc000-7f4a339bd000 rw-p 00008000 07:00 288826                     /lib/x86_64-linux-gnu/libnss_compat-2.15.so
7f4a339bd000-7f4a339e6000 r-xp 00000000 07:00 331783                     /usr/lib/jvm/java-7-openjdk-amd64/jre/lib/amd64/libjava.so
7f4a339e6000-7f4a33be5000 ---p 00029000 07:00 331783                     /usr/lib/jvm/java-7-openjdk-amd64/jre/lib/amd64/libjava.so
7f4a33be5000-7f4a33be6000 r--p 00028000 07:00 331783                     /usr/lib/jvm/java-7-openjdk-amd64/jre/lib/amd64/libjava.so
7f4a33be6000-7f4a33be8000 rw-p 00029000 07:00 331783                     /usr/lib/jvm/java-7-openjdk-amd64/jre/lib/amd64/libjava.so
7f4a33be8000-7f4a33bf6000 r-xp 00000000 07:00 331805                     /usr/lib/jvm/java-7-openjdk-amd64/jre/lib/amd64/libverify.so
7f4a33bf6000-7f4a33df5000 ---p 0000e000 07:00 331805                     /usr/lib/jvm/java-7-openjdk-amd64/jre/lib/amd64/libverify.so
7f4a33df5000-7f4a33df7000 r--p 0000d000 07:00 331805                     /usr/lib/jvm/java-7-openjdk-amd64/jre/lib/amd64/libverify.so
7f4a33df7000-7f4a33df8000 rw-p 0000f000 07:00 331805                     /usr/lib/jvm/java-7-openjdk-amd64/jre/lib/amd64/libverify.so
7f4a33df8000-7f4a33dff000 r-xp 00000000 07:00 288831                     /lib/x86_64-linux-gnu/librt-2.15.so
7f4a33dff000-7f4a33ffe000 ---p 00007000 07:00 288831                     /lib/x86_64-linux-gnu/librt-2.15.so
7f4a33ffe000-7f4a33fff000 r--p 00006000 07:00 288831                     /lib/x86_64-linux-gnu/librt-2.15.so
7f4a33fff000-7f4a34000000 rw-p 00007000 07:00 288831                     /lib/x86_64-linux-gnu/librt-2.15.so
7f4a34000000-7f4a3493e000 rw-p 00000000 00:00 0 
7f4a3493e000-7f4a38000000 ---p 00000000 00:00 0 
7f4a38000000-7f4a38002000 r--s 00003000 07:00 875564                     /home/andrei/workspace/maslab2014/resources/ShaderCL.jar
7f4a38002000-7f4a38004000 r--s 00007000 07:00 9944                       /usr/share/java/hamcrest-core-1.1.jar
7f4a38004000-7f4a380e5000 rw-p 00000000 00:00 0 
7f4a380e5000-7f4a3812d000 rw-p 00000000 00:00 0 
7f4a3812d000-7f4a38142000 r-xp 00000000 07:00 234552                     /lib/x86_64-linux-gnu/libgcc_s.so.1
7f4a38142000-7f4a38341000 ---p 00015000 07:00 234552                     /lib/x86_64-linux-gnu/libgcc_s.so.1
7f4a38341000-7f4a38342000 r--p 00014000 07:00 234552                     /lib/x86_64-linux-gnu/libgcc_s.so.1
7f4a38342000-7f4a38343000 rw-p 00015000 07:00 234552                     /lib/x86_64-linux-gnu/libgcc_s.so.1
7f4a38343000-7f4a3843e000 r-xp 00000000 07:00 288835                     /lib/x86_64-linux-gnu/libm-2.15.so
7f4a3843e000-7f4a3863d000 ---p 000fb000 07:00 288835                     /lib/x86_64-linux-gnu/libm-2.15.so
7f4a3863d000-7f4a3863e000 r--p 000fa000 07:00 288835                     /lib/x86_64-linux-gnu/libm-2.15.so
7f4a3863e000-7f4a3863f000 rw-p 000fb000 07:00 288835                     /lib/x86_64-linux-gnu/libm-2.15.so
7f4a3863f000-7f4a38721000 r-xp 00000000 07:00 113565                     /usr/lib/x86_64-linux-gnu/libstdc++.so.6.0.16
7f4a38721000-7f4a38920000 ---p 000e2000 07:00 113565                     /usr/lib/x86_64-linux-gnu/libstdc++.so.6.0.16
7f4a38920000-7f4a38928000 r--p 000e1000 07:00 113565                     /usr/lib/x86_64-linux-gnu/libstdc++.so.6.0.16
7f4a38928000-7f4a3892a000 rw-p 000e9000 07:00 113565                     /usr/lib/x86_64-linux-gnu/libstdc++.so.6.0.16
7f4a3892a000-7f4a3893f000 rw-p 00000000 00:00 0 
7f4a3893f000-7f4a39312000 r-xp 00000000 07:00 331799                     /usr/lib/jvm/java-7-openjdk-amd64/jre/lib/amd64/server/libjvm.so
7f4a39312000-7f4a39511000 ---p 009d3000 07:00 331799                     /usr/lib/jvm/java-7-openjdk-amd64/jre/lib/amd64/server/libjvm.so
7f4a39511000-7f4a39590000 r--p 009d2000 07:00 331799                     /usr/lib/jvm/java-7-openjdk-amd64/jre/lib/amd64/server/libjvm.so
7f4a39590000-7f4a395b3000 rw-p 00a51000 07:00 331799                     /usr/lib/jvm/java-7-openjdk-amd64/jre/lib/amd64/server/libjvm.so
7f4a395b3000-7f4a395dd000 rw-p 00000000 00:00 0 
7f4a395dd000-7f4a395f3000 r-xp 00000000 07:00 234620                     /lib/x86_64-linux-gnu/libz.so.1.2.3.4
7f4a395f3000-7f4a397f2000 ---p 00016000 07:00 234620                     /lib/x86_64-linux-gnu/libz.so.1.2.3.4
7f4a397f2000-7f4a397f3000 r--p 00015000 07:00 234620                     /lib/x86_64-linux-gnu/libz.so.1.2.3.4
7f4a397f3000-7f4a397f4000 rw-p 00016000 07:00 234620                     /lib/x86_64-linux-gnu/libz.so.1.2.3.4
7f4a397f4000-7f4a3980c000 r-xp 00000000 07:00 288833                     /lib/x86_64-linux-gnu/libpthread-2.15.so
7f4a3980c000-7f4a39a0b000 ---p 00018000 07:00 288833                     /lib/x86_64-linux-gnu/libpthread-2.15.so
7f4a39a0b000-7f4a39a0c000 r--p 00017000 07:00 288833                     /lib/x86_64-linux-gnu/libpthread-2.15.so
7f4a39a0c000-7f4a39a0d000 rw-p 00018000 07:00 288833                     /lib/x86_64-linux-gnu/libpthread-2.15.so
7f4a39a0d000-7f4a39a11000 rw-p 00000000 00:00 0 
7f4a39a11000-7f4a39a13000 r-xp 00000000 07:00 288839                     /lib/x86_64-linux-gnu/libdl-2.15.so
7f4a39a13000-7f4a39c13000 ---p 00002000 07:00 288839                     /lib/x86_64-linux-gnu/libdl-2.15.so
7f4a39c13000-7f4a39c14000 r--p 00002000 07:00 288839                     /lib/x86_64-linux-gnu/libdl-2.15.so
7f4a39c14000-7f4a39c15000 rw-p 00003000 07:00 288839                     /lib/x86_64-linux-gnu/libdl-2.15.so
7f4a39c15000-7f4a39dca000 r-xp 00000000 07:00 288813                     /lib/x86_64-linux-gnu/libc-2.15.so
7f4a39dca000-7f4a39fca000 ---p 001b5000 07:00 288813                     /lib/x86_64-linux-gnu/libc-2.15.so
7f4a39fca000-7f4a39fce000 r--p 001b5000 07:00 288813                     /lib/x86_64-linux-gnu/libc-2.15.so
7f4a39fce000-7f4a39fd0000 rw-p 001b9000 07:00 288813                     /lib/x86_64-linux-gnu/libc-2.15.so
7f4a39fd0000-7f4a39fd5000 rw-p 00000000 00:00 0 
7f4a39fd5000-7f4a39fe2000 r-xp 00000000 07:00 331792                     /usr/lib/jvm/java-7-openjdk-amd64/jre/lib/amd64/jli/libjli.so
7f4a39fe2000-7f4a3a1e1000 ---p 0000d000 07:00 331792                     /usr/lib/jvm/java-7-openjdk-amd64/jre/lib/amd64/jli/libjli.so
7f4a3a1e1000-7f4a3a1e2000 r--p 0000c000 07:00 331792                     /usr/lib/jvm/java-7-openjdk-amd64/jre/lib/amd64/jli/libjli.so
7f4a3a1e2000-7f4a3a1e3000 rw-p 0000d000 07:00 331792                     /usr/lib/jvm/java-7-openjdk-amd64/jre/lib/amd64/jli/libjli.so
7f4a3a1e3000-7f4a3a205000 r-xp 00000000 07:00 288836                     /lib/x86_64-linux-gnu/ld-2.15.so
7f4a3a205000-7f4a3a207000 r--s 00007000 07:00 9944                       /usr/share/java/hamcrest-core-1.1.jar
7f4a3a207000-7f4a3a20b000 r--s 00069000 07:00 1659924                    /home/andrei/Downloads/opencv-2.4.8/build/bin/opencv-248.jar
7f4a3a20b000-7f4a3a20d000 r--s 00024000 07:00 875686                     /home/andrei/workspace/maslab2014/resources/jSSC-2.6.0-Release/jssc.jar
7f4a3a20d000-7f4a3a21d000 r--s 000a6000 07:00 875688                     /home/andrei/workspace/maslab2014/resources/jts-1.12.jar
7f4a3a21d000-7f4a3a222000 r--s 00054000 07:00 875687                     /home/andrei/workspace/maslab2014/resources/javaGeom-0.11.1.jar
7f4a3a222000-7f4a3a225000 r--s 0000f000 07:00 324631                     /usr/lib/jvm/java-7-openjdk-common/jre/lib/ext/pulse-java.jar
7f4a3a225000-7f4a3a22f000 rw-p 00000000 00:00 0 
7f4a3a22f000-7f4a3a2e5000 rw-p 00000000 00:00 0 
7f4a3a2e5000-7f4a3a2e8000 ---p 00000000 00:00 0 
7f4a3a2e8000-7f4a3a3eb000 rw-p 00000000 00:00 0                          [stack:20153]
7f4a3a3eb000-7f4a3a3ee000 r--s 0003c000 07:00 324632                     /usr/lib/jvm/java-7-openjdk-common/jre/lib/ext/sunpkcs11.jar
7f4a3a3ee000-7f4a3a3ef000 r--s 00002000 07:00 324629                     /usr/lib/jvm/java-7-openjdk-common/jre/lib/ext/dnsns.jar
7f4a3a3ef000-7f4a3a3f1000 r--s 00012000 07:00 324634                     /usr/lib/jvm/java-7-openjdk-common/jre/lib/ext/zipfs.jar
7f4a3a3f1000-7f4a3a3f2000 r--s 00007000 07:00 9754                       /usr/share/java/java-atk-wrapper.jar
7f4a3a3f2000-7f4a3a3f6000 r--s 00085000 07:00 324633                     /usr/lib/jvm/java-7-openjdk-common/jre/lib/ext/localedata.jar
7f4a3a3f6000-7f4a3a3f9000 r--s 00032000 07:00 324630                     /usr/lib/jvm/java-7-openjdk-common/jre/lib/ext/sunjce_provider.jar
7f4a3a3f9000-7f4a3a401000 rw-s 00000000 07:00 1564673                    /tmp/hsperfdata_andrei/20147
7f4a3a401000-7f4a3a402000 rw-p 00000000 00:00 0 
7f4a3a402000-7f4a3a403000 r--p 00000000 00:00 0 
7f4a3a403000-7f4a3a405000 rw-p 00000000 00:00 0 
7f4a3a405000-7f4a3a406000 r--p 00022000 07:00 288836                     /lib/x86_64-linux-gnu/ld-2.15.so
7f4a3a406000-7f4a3a408000 rw-p 00023000 07:00 288836                     /lib/x86_64-linux-gnu/ld-2.15.so
7fffcbb2b000-7fffcbb4c000 rw-p 00000000 00:00 0                          [stack]
7fffcbb6e000-7fffcbb70000 r-xp 00000000 00:00 0                          [vdso]
ffffffffff600000-ffffffffff601000 r-xp 00000000 00:00 0                  [vsyscall]

VM Arguments:
jvm_args: -Djava.library.path=/home/andrei/Downloads/opencv-2.4.8/build/lib:/home/andrei/workspace/maslab2014/resources/lwjgl-2.9.0/native/linux:/home/andrei/workspace/maslab2014/resources/lwjgl-2.9.0/native/linux -Dfile.encoding=UTF-8 
java_command: vision.NewImageProcessor
Launcher Type: SUN_STANDARD

Environment Variables:
PATH=/usr/lib/lightdm/lightdm:/usr/local/sbin:/usr/local/bin:/usr/sbin:/usr/bin:/sbin:/bin:/usr/games
LD_LIBRARY_PATH=/usr/lib/jvm/java-7-openjdk-amd64/jre/lib/amd64/server:/usr/lib/jvm/java-7-openjdk-amd64/jre/lib/amd64:/usr/lib/jvm/java-7-openjdk-amd64/jre/../lib/amd64:/usr/lib/jvm/java-6-openjdk-amd64/jre/lib/amd64/server:/usr/lib/jvm/java-6-openjdk-amd64/jre/lib/amd64:/usr/lib/jvm/java-6-openjdk-amd64/jre/../lib/amd64
SHELL=/bin/bash
DISPLAY=:0

Signal Handlers:
SIGSEGV: [libjvm.so+0x83b2a0], sa_mask[0]=0x7ffbfeff, sa_flags=0x10000004
SIGBUS: [libjvm.so+0x83b2a0], sa_mask[0]=0x7ffbfeff, sa_flags=0x10000004
SIGFPE: [libjvm.so+0x6dc040], sa_mask[0]=0x7ffbfeff, sa_flags=0x10000004
SIGPIPE: [libjvm.so+0x6dc040], sa_mask[0]=0x7ffbfeff, sa_flags=0x10000004
SIGXFSZ: [libjvm.so+0x6dc040], sa_mask[0]=0x7ffbfeff, sa_flags=0x10000004
SIGILL: [libjvm.so+0x6dc040], sa_mask[0]=0x7ffbfeff, sa_flags=0x10000004
SIGUSR1: SIG_DFL, sa_mask[0]=0x00000000, sa_flags=0x00000000
SIGUSR2: [libjvm.so+0x6dc480], sa_mask[0]=0x00000004, sa_flags=0x10000004
SIGHUP: [libjvm.so+0x6dc5c0], sa_mask[0]=0x7ffbfeff, sa_flags=0x10000004
SIGINT: [libjvm.so+0x6dc5c0], sa_mask[0]=0x7ffbfeff, sa_flags=0x10000004
SIGTERM: [libjvm.so+0x6dc5c0], sa_mask[0]=0x7ffbfeff, sa_flags=0x10000004
SIGQUIT: [libjvm.so+0x6dc5c0], sa_mask[0]=0x7ffbfeff, sa_flags=0x10000004


---------------  S Y S T E M  ---------------

OS:Ubuntu 12.04 (precise)
uname:Linux 3.8.0-29-generic #42~precise1-Ubuntu SMP Wed Aug 14 16:19:23 UTC 2013 x86_64
libc:glibc 2.15 NPTL 2.15 
rlimit: STACK 8192k, CORE 0k, NPROC 30774, NOFILE 4096, AS infinity
load average:1.72 1.36 1.26

/proc/meminfo:
MemTotal:        3957808 kB
MemFree:          148684 kB
Buffers:          621524 kB
Cached:          1360992 kB
SwapCached:         8016 kB
Active:          2042504 kB
Inactive:        1544548 kB
Active(anon):    1284188 kB
Inactive(anon):   652556 kB
Active(file):     758316 kB
Inactive(file):   891992 kB
Unevictable:        2676 kB
Mlocked:               0 kB
SwapTotal:        262140 kB
SwapFree:         227944 kB
Dirty:              1968 kB
Writeback:             0 kB
AnonPages:       1601764 kB
Mapped:           214700 kB
Shmem:            329312 kB
Slab:             127972 kB
SReclaimable:      96792 kB
SUnreclaim:        31180 kB
KernelStack:        4056 kB
PageTables:        30476 kB
NFS_Unstable:          0 kB
Bounce:                0 kB
WritebackTmp:          0 kB
CommitLimit:     2241044 kB
Committed_AS:    4457660 kB
VmallocTotal:   34359738367 kB
VmallocUsed:      347428 kB
VmallocChunk:   34359384028 kB
HardwareCorrupted:     0 kB
AnonHugePages:         0 kB
HugePages_Total:       0
HugePages_Free:        0
HugePages_Rsvd:        0
HugePages_Surp:        0
Hugepagesize:       2048 kB
DirectMap4k:      145396 kB
DirectMap2M:     3964928 kB


CPU:total 4 (2 cores per cpu, 2 threads per core) family 6 model 42 stepping 7, cmov, cx8, fxsr, mmx, sse, sse2, sse3, ssse3, sse4.1, sse4.2, popcnt, avx, ht, tsc, tscinvbit

/proc/cpuinfo:
processor	: 0
vendor_id	: GenuineIntel
cpu family	: 6
model		: 42
model name	: Intel(R) Core(TM) i5-2467M CPU @ 1.60GHz
stepping	: 7
microcode	: 0x25
cpu MHz		: 1200.000
cache size	: 3072 KB
physical id	: 0
siblings	: 4
core id		: 0
cpu cores	: 2
apicid		: 0
initial apicid	: 0
fpu		: yes
fpu_exception	: yes
cpuid level	: 13
wp		: yes
flags		: fpu vme de pse tsc msr pae mce cx8 apic sep mtrr pge mca cmov pat pse36 clflush dts acpi mmx fxsr sse sse2 ss ht tm pbe syscall nx rdtscp lm constant_tsc arch_perfmon pebs bts rep_good nopl xtopology nonstop_tsc aperfmperf eagerfpu pni pclmulqdq dtes64 monitor ds_cpl vmx est tm2 ssse3 cx16 xtpr pdcm pcid sse4_1 sse4_2 x2apic popcnt tsc_deadline_timer aes xsave avx lahf_lm ida arat epb xsaveopt pln pts dtherm tpr_shadow vnmi flexpriority ept vpid
bogomips	: 3192.89
clflush size	: 64
cache_alignment	: 64
address sizes	: 36 bits physical, 48 bits virtual
power management:

processor	: 1
vendor_id	: GenuineIntel
cpu family	: 6
model		: 42
model name	: Intel(R) Core(TM) i5-2467M CPU @ 1.60GHz
stepping	: 7
microcode	: 0x25
cpu MHz		: 800.000
cache size	: 3072 KB
physical id	: 0
siblings	: 4
core id		: 1
cpu cores	: 2
apicid		: 2
initial apicid	: 2
fpu		: yes
fpu_exception	: yes
cpuid level	: 13
wp		: yes
flags		: fpu vme de pse tsc msr pae mce cx8 apic sep mtrr pge mca cmov pat pse36 clflush dts acpi mmx fxsr sse sse2 ss ht tm pbe syscall nx rdtscp lm constant_tsc arch_perfmon pebs bts rep_good nopl xtopology nonstop_tsc aperfmperf eagerfpu pni pclmulqdq dtes64 monitor ds_cpl vmx est tm2 ssse3 cx16 xtpr pdcm pcid sse4_1 sse4_2 x2apic popcnt tsc_deadline_timer aes xsave avx lahf_lm ida arat epb xsaveopt pln pts dtherm tpr_shadow vnmi flexpriority ept vpid
bogomips	: 3192.89
clflush size	: 64
cache_alignment	: 64
address sizes	: 36 bits physical, 48 bits virtual
power management:

processor	: 2
vendor_id	: GenuineIntel
cpu family	: 6
model		: 42
model name	: Intel(R) Core(TM) i5-2467M CPU @ 1.60GHz
stepping	: 7
microcode	: 0x25
cpu MHz		: 1600.000
cache size	: 3072 KB
physical id	: 0
siblings	: 4
core id		: 0
cpu cores	: 2
apicid		: 1
initial apicid	: 1
fpu		: yes
fpu_exception	: yes
cpuid level	: 13
wp		: yes
flags		: fpu vme de pse tsc msr pae mce cx8 apic sep mtrr pge mca cmov pat pse36 clflush dts acpi mmx fxsr sse sse2 ss ht tm pbe syscall nx rdtscp lm constant_tsc arch_perfmon pebs bts rep_good nopl xtopology nonstop_tsc aperfmperf eagerfpu pni pclmulqdq dtes64 monitor ds_cpl vmx est tm2 ssse3 cx16 xtpr pdcm pcid sse4_1 sse4_2 x2apic popcnt tsc_deadline_timer aes xsave avx lahf_lm ida arat epb xsaveopt pln pts dtherm tpr_shadow vnmi flexpriority ept vpid
bogomips	: 3192.89
clflush size	: 64
cache_alignment	: 64
address sizes	: 36 bits physical, 48 bits virtual
power management:

processor	: 3
vendor_id	: GenuineIntel
cpu family	: 6
model		: 42
model name	: Intel(R) Core(TM) i5-2467M CPU @ 1.60GHz
stepping	: 7
microcode	: 0x25
cpu MHz		: 800.000
cache size	: 3072 KB
physical id	: 0
siblings	: 4
core id		: 1
cpu cores	: 2
apicid		: 3
initial apicid	: 3
fpu		: yes
fpu_exception	: yes
cpuid level	: 13
wp		: yes
flags		: fpu vme de pse tsc msr pae mce cx8 apic sep mtrr pge mca cmov pat pse36 clflush dts acpi mmx fxsr sse sse2 ss ht tm pbe syscall nx rdtscp lm constant_tsc arch_perfmon pebs bts rep_good nopl xtopology nonstop_tsc aperfmperf eagerfpu pni pclmulqdq dtes64 monitor ds_cpl vmx est tm2 ssse3 cx16 xtpr pdcm pcid sse4_1 sse4_2 x2apic popcnt tsc_deadline_timer aes xsave avx lahf_lm ida arat epb xsaveopt pln pts dtherm tpr_shadow vnmi flexpriority ept vpid
bogomips	: 3192.89
clflush size	: 64
cache_alignment	: 64
address sizes	: 36 bits physical, 48 bits virtual
power management:



Memory: 4k page, physical 3957808k(148684k free), swap 262140k(227944k free)

vm_info: OpenJDK 64-Bit Server VM (23.7-b01) for linux-amd64 JRE (1.7.0_25-b30), built on Jul 15 2013 20:38:06 by "buildd" with gcc 4.6.3

time: Wed Jan 22 21:07:21 2014
elapsed time: 1 seconds

